Building DAG of jobs...
Using shell: /usr/bin/bash
Provided cores: 6
Rules claiming more threads will be scaled down.
Job counts:
	count	jobs
	1	add_readgroup
	1

[Tue Sep 20 12:39:58 2022]
rule add_readgroup:
    input: /scratch/eknodel/SCC_samples/cell_lines/Progeny/RNAseq/sorted_bam/483_sc_01_B6-2_354_223_S59_L003_RNA_HISAT2_genome_aligned_sortedbycoord.bam
    output: /scratch/eknodel/SCC_samples/cell_lines/Progeny/RNAseq/sorted_bam/483_sc_01_B6-2_354_223_S59_L003_RNA_HISAT2_genome_aligned_sortedbycoord_RG.bam
    jobid: 0
    wildcards: subject=483_sc_01_B6-2_354_223_S59_L003

INFO	2022-09-20 12:39:59	AddOrReplaceReadGroups	

********** NOTE: Picard's command line syntax is changing.
**********
********** For more information, please see:
********** https://github.com/broadinstitute/picard/wiki/Command-Line-Syntax-Transition-For-Users-(Pre-Transition)
**********
********** The command line looks like this in the new syntax:
**********
**********    AddOrReplaceReadGroups -I /scratch/eknodel/SCC_samples/cell_lines/Progeny/RNAseq/sorted_bam/483_sc_01_B6-2_354_223_S59_L003_RNA_HISAT2_genome_aligned_sortedbycoord.bam -O /scratch/eknodel/SCC_samples/cell_lines/Progeny/RNAseq/sorted_bam/483_sc_01_B6-2_354_223_S59_L003_RNA_HISAT2_genome_aligned_sortedbycoord_RG.bam -RGID 1 -RGLB lib2 -RGPL illumina -RGPU unit1 -RGSM 1
**********


12:40:00.065 INFO  NativeLibraryLoader - Loading libgkl_compression.so from jar:file:/home/eknodel/miniconda3/envs/cancergenomics/share/picard-2.26.10-0/picard.jar!/com/intel/gkl/native/libgkl_compression.so
[Tue Sep 20 12:40:00 MST 2022] AddOrReplaceReadGroups INPUT=/scratch/eknodel/SCC_samples/cell_lines/Progeny/RNAseq/sorted_bam/483_sc_01_B6-2_354_223_S59_L003_RNA_HISAT2_genome_aligned_sortedbycoord.bam OUTPUT=/scratch/eknodel/SCC_samples/cell_lines/Progeny/RNAseq/sorted_bam/483_sc_01_B6-2_354_223_S59_L003_RNA_HISAT2_genome_aligned_sortedbycoord_RG.bam RGID=1 RGLB=lib2 RGPL=illumina RGPU=unit1 RGSM=1    VERBOSITY=INFO QUIET=false VALIDATION_STRINGENCY=STRICT COMPRESSION_LEVEL=5 MAX_RECORDS_IN_RAM=500000 CREATE_INDEX=false CREATE_MD5_FILE=false GA4GH_CLIENT_SECRETS=client_secrets.json USE_JDK_DEFLATER=false USE_JDK_INFLATER=false
[Tue Sep 20 12:40:00 MST 2022] Executing as eknodel@cg8-12.agave.rc.asu.edu on Linux 3.10.0-1160.21.1.el7.x86_64 amd64; OpenJDK 64-Bit Server VM 11.0.1-internal+0-adhoc..src; Deflater: Intel; Inflater: Intel; Provider GCS is not available; Picard version: 2.26.10
INFO	2022-09-20 12:40:00	AddOrReplaceReadGroups	Created read-group ID=1 PL=illumina LB=lib2 SM=1

INFO	2022-09-20 12:40:09	AddOrReplaceReadGroups	Processed     1,000,000 records.  Elapsed time: 00:00:08s.  Time for last 1,000,000:    8s.  Last read position: 1:63,178,503
INFO	2022-09-20 12:40:18	AddOrReplaceReadGroups	Processed     2,000,000 records.  Elapsed time: 00:00:18s.  Time for last 1,000,000:    9s.  Last read position: 1:171,129,773
INFO	2022-09-20 12:40:27	AddOrReplaceReadGroups	Processed     3,000,000 records.  Elapsed time: 00:00:27s.  Time for last 1,000,000:    8s.  Last read position: 10:81,180,009
INFO	2022-09-20 12:40:35	AddOrReplaceReadGroups	Processed     4,000,000 records.  Elapsed time: 00:00:35s.  Time for last 1,000,000:    7s.  Last read position: 11:29,741,710
INFO	2022-09-20 12:40:43	AddOrReplaceReadGroups	Processed     5,000,000 records.  Elapsed time: 00:00:42s.  Time for last 1,000,000:    7s.  Last read position: 11:75,733,036
INFO	2022-09-20 12:40:51	AddOrReplaceReadGroups	Processed     6,000,000 records.  Elapsed time: 00:00:50s.  Time for last 1,000,000:    7s.  Last read position: 11:106,852,455
INFO	2022-09-20 12:40:59	AddOrReplaceReadGroups	Processed     7,000,000 records.  Elapsed time: 00:00:59s.  Time for last 1,000,000:    8s.  Last read position: 12:85,474,954
INFO	2022-09-20 12:41:07	AddOrReplaceReadGroups	Processed     8,000,000 records.  Elapsed time: 00:01:07s.  Time for last 1,000,000:    8s.  Last read position: 13:73,809,981
INFO	2022-09-20 12:41:15	AddOrReplaceReadGroups	Processed     9,000,000 records.  Elapsed time: 00:01:15s.  Time for last 1,000,000:    8s.  Last read position: 14:63,142,667
INFO	2022-09-20 12:41:23	AddOrReplaceReadGroups	Processed    10,000,000 records.  Elapsed time: 00:01:22s.  Time for last 1,000,000:    7s.  Last read position: 15:51,797,650
INFO	2022-09-20 12:41:31	AddOrReplaceReadGroups	Processed    11,000,000 records.  Elapsed time: 00:01:31s.  Time for last 1,000,000:    8s.  Last read position: 15:99,174,427
INFO	2022-09-20 12:41:39	AddOrReplaceReadGroups	Processed    12,000,000 records.  Elapsed time: 00:01:39s.  Time for last 1,000,000:    8s.  Last read position: 16:96,121,835
INFO	2022-09-20 12:41:47	AddOrReplaceReadGroups	Processed    13,000,000 records.  Elapsed time: 00:01:47s.  Time for last 1,000,000:    8s.  Last read position: 17:56,615,013
INFO	2022-09-20 12:41:55	AddOrReplaceReadGroups	Processed    14,000,000 records.  Elapsed time: 00:01:55s.  Time for last 1,000,000:    8s.  Last read position: 18:61,588,243
INFO	2022-09-20 12:42:04	AddOrReplaceReadGroups	Processed    15,000,000 records.  Elapsed time: 00:02:03s.  Time for last 1,000,000:    8s.  Last read position: 19:41,923,664
INFO	2022-09-20 12:42:11	AddOrReplaceReadGroups	Processed    16,000,000 records.  Elapsed time: 00:02:11s.  Time for last 1,000,000:    7s.  Last read position: 2:52,075,991
INFO	2022-09-20 12:42:20	AddOrReplaceReadGroups	Processed    17,000,000 records.  Elapsed time: 00:02:20s.  Time for last 1,000,000:    8s.  Last read position: 2:130,173,152
INFO	2022-09-20 12:42:28	AddOrReplaceReadGroups	Processed    18,000,000 records.  Elapsed time: 00:02:28s.  Time for last 1,000,000:    8s.  Last read position: 3:41,068,067
INFO	2022-09-20 12:42:36	AddOrReplaceReadGroups	Processed    19,000,000 records.  Elapsed time: 00:02:36s.  Time for last 1,000,000:    8s.  Last read position: 3:105,967,563
INFO	2022-09-20 12:42:45	AddOrReplaceReadGroups	Processed    20,000,000 records.  Elapsed time: 00:02:44s.  Time for last 1,000,000:    8s.  Last read position: 4:81,363,053
INFO	2022-09-20 12:42:52	AddOrReplaceReadGroups	Processed    21,000,000 records.  Elapsed time: 00:02:52s.  Time for last 1,000,000:    7s.  Last read position: 4:137,320,421
INFO	2022-09-20 12:43:00	AddOrReplaceReadGroups	Processed    22,000,000 records.  Elapsed time: 00:03:00s.  Time for last 1,000,000:    8s.  Last read position: 5:90,229,101
INFO	2022-09-20 12:43:09	AddOrReplaceReadGroups	Processed    23,000,000 records.  Elapsed time: 00:03:09s.  Time for last 1,000,000:    8s.  Last read position: 5:135,735,198
INFO	2022-09-20 12:43:17	AddOrReplaceReadGroups	Processed    24,000,000 records.  Elapsed time: 00:03:17s.  Time for last 1,000,000:    8s.  Last read position: 6:56,878,289
INFO	2022-09-20 12:43:26	AddOrReplaceReadGroups	Processed    25,000,000 records.  Elapsed time: 00:03:25s.  Time for last 1,000,000:    8s.  Last read position: 6:131,368,430
INFO	2022-09-20 12:43:34	AddOrReplaceReadGroups	Processed    26,000,000 records.  Elapsed time: 00:03:34s.  Time for last 1,000,000:    8s.  Last read position: 7:102,457,220
INFO	2022-09-20 12:43:42	AddOrReplaceReadGroups	Processed    27,000,000 records.  Elapsed time: 00:03:42s.  Time for last 1,000,000:    7s.  Last read position: 8:27,123,339
INFO	2022-09-20 12:43:50	AddOrReplaceReadGroups	Processed    28,000,000 records.  Elapsed time: 00:03:50s.  Time for last 1,000,000:    8s.  Last read position: 8:124,027,987
INFO	2022-09-20 12:43:59	AddOrReplaceReadGroups	Processed    29,000,000 records.  Elapsed time: 00:03:59s.  Time for last 1,000,000:    8s.  Last read position: 9:72,721,508
INFO	2022-09-20 12:44:07	AddOrReplaceReadGroups	Processed    30,000,000 records.  Elapsed time: 00:04:07s.  Time for last 1,000,000:    8s.  Last read position: MT:1,813
INFO	2022-09-20 12:44:15	AddOrReplaceReadGroups	Processed    31,000,000 records.  Elapsed time: 00:04:14s.  Time for last 1,000,000:    7s.  Last read position: MT:14,253
INFO	2022-09-20 12:44:23	AddOrReplaceReadGroups	Processed    32,000,000 records.  Elapsed time: 00:04:23s.  Time for last 1,000,000:    8s.  Last read position: X:134,587,467
[Tue Sep 20 12:44:26 MST 2022] picard.sam.AddOrReplaceReadGroups done. Elapsed time: 4.44 minutes.
Runtime.totalMemory()=536870912
[Tue Sep 20 12:44:26 2022]
Finished job 0.
1 of 1 steps (100%) done
