Building DAG of jobs...
Using shell: /usr/bin/bash
Provided cores: 6
Rules claiming more threads will be scaled down.
Job counts:
	count	jobs
	1	add_readgroup
	1

[Tue Sep 20 12:40:24 2022]
rule add_readgroup:
    input: /scratch/eknodel/SCC_samples/cell_lines/Progeny/RNAseq/sorted_bam/483_sc_01_B6-1_366_211_S58_L003_RNA_HISAT2_genome_aligned_sortedbycoord.bam
    output: /scratch/eknodel/SCC_samples/cell_lines/Progeny/RNAseq/sorted_bam/483_sc_01_B6-1_366_211_S58_L003_RNA_HISAT2_genome_aligned_sortedbycoord_RG.bam
    jobid: 0
    wildcards: subject=483_sc_01_B6-1_366_211_S58_L003

INFO	2022-09-20 12:40:25	AddOrReplaceReadGroups	

********** NOTE: Picard's command line syntax is changing.
**********
********** For more information, please see:
********** https://github.com/broadinstitute/picard/wiki/Command-Line-Syntax-Transition-For-Users-(Pre-Transition)
**********
********** The command line looks like this in the new syntax:
**********
**********    AddOrReplaceReadGroups -I /scratch/eknodel/SCC_samples/cell_lines/Progeny/RNAseq/sorted_bam/483_sc_01_B6-1_366_211_S58_L003_RNA_HISAT2_genome_aligned_sortedbycoord.bam -O /scratch/eknodel/SCC_samples/cell_lines/Progeny/RNAseq/sorted_bam/483_sc_01_B6-1_366_211_S58_L003_RNA_HISAT2_genome_aligned_sortedbycoord_RG.bam -RGID 1 -RGLB lib2 -RGPL illumina -RGPU unit1 -RGSM 1
**********


12:40:26.751 INFO  NativeLibraryLoader - Loading libgkl_compression.so from jar:file:/home/eknodel/miniconda3/envs/cancergenomics/share/picard-2.26.10-0/picard.jar!/com/intel/gkl/native/libgkl_compression.so
[Tue Sep 20 12:40:26 MST 2022] AddOrReplaceReadGroups INPUT=/scratch/eknodel/SCC_samples/cell_lines/Progeny/RNAseq/sorted_bam/483_sc_01_B6-1_366_211_S58_L003_RNA_HISAT2_genome_aligned_sortedbycoord.bam OUTPUT=/scratch/eknodel/SCC_samples/cell_lines/Progeny/RNAseq/sorted_bam/483_sc_01_B6-1_366_211_S58_L003_RNA_HISAT2_genome_aligned_sortedbycoord_RG.bam RGID=1 RGLB=lib2 RGPL=illumina RGPU=unit1 RGSM=1    VERBOSITY=INFO QUIET=false VALIDATION_STRINGENCY=STRICT COMPRESSION_LEVEL=5 MAX_RECORDS_IN_RAM=500000 CREATE_INDEX=false CREATE_MD5_FILE=false GA4GH_CLIENT_SECRETS=client_secrets.json USE_JDK_DEFLATER=false USE_JDK_INFLATER=false
[Tue Sep 20 12:40:26 MST 2022] Executing as eknodel@cg18-10.agave.rc.asu.edu on Linux 3.10.0-1160.25.1.el7.x86_64 amd64; OpenJDK 64-Bit Server VM 11.0.1-internal+0-adhoc..src; Deflater: Intel; Inflater: Intel; Provider GCS is not available; Picard version: 2.26.10
INFO	2022-09-20 12:40:26	AddOrReplaceReadGroups	Created read-group ID=1 PL=illumina LB=lib2 SM=1

INFO	2022-09-20 12:40:36	AddOrReplaceReadGroups	Processed     1,000,000 records.  Elapsed time: 00:00:09s.  Time for last 1,000,000:    9s.  Last read position: 1:59,983,070
INFO	2022-09-20 12:40:44	AddOrReplaceReadGroups	Processed     2,000,000 records.  Elapsed time: 00:00:18s.  Time for last 1,000,000:    8s.  Last read position: 1:164,438,252
INFO	2022-09-20 12:40:53	AddOrReplaceReadGroups	Processed     3,000,000 records.  Elapsed time: 00:00:26s.  Time for last 1,000,000:    8s.  Last read position: 10:79,710,783
INFO	2022-09-20 12:41:01	AddOrReplaceReadGroups	Processed     4,000,000 records.  Elapsed time: 00:00:34s.  Time for last 1,000,000:    8s.  Last read position: 11:23,490,236
INFO	2022-09-20 12:41:10	AddOrReplaceReadGroups	Processed     5,000,000 records.  Elapsed time: 00:00:43s.  Time for last 1,000,000:    8s.  Last read position: 11:72,757,367
INFO	2022-09-20 12:41:19	AddOrReplaceReadGroups	Processed     6,000,000 records.  Elapsed time: 00:00:52s.  Time for last 1,000,000:    8s.  Last read position: 11:102,801,192
INFO	2022-09-20 12:41:27	AddOrReplaceReadGroups	Processed     7,000,000 records.  Elapsed time: 00:01:00s.  Time for last 1,000,000:    8s.  Last read position: 12:76,225,238
INFO	2022-09-20 12:41:35	AddOrReplaceReadGroups	Processed     8,000,000 records.  Elapsed time: 00:01:08s.  Time for last 1,000,000:    8s.  Last read position: 13:58,391,817
INFO	2022-09-20 12:41:44	AddOrReplaceReadGroups	Processed     9,000,000 records.  Elapsed time: 00:01:17s.  Time for last 1,000,000:    9s.  Last read position: 14:40,006,565
INFO	2022-09-20 12:41:52	AddOrReplaceReadGroups	Processed    10,000,000 records.  Elapsed time: 00:01:26s.  Time for last 1,000,000:    8s.  Last read position: 15:36,600,681
INFO	2022-09-20 12:42:01	AddOrReplaceReadGroups	Processed    11,000,000 records.  Elapsed time: 00:01:34s.  Time for last 1,000,000:    8s.  Last read position: 15:89,158,664
INFO	2022-09-20 12:42:09	AddOrReplaceReadGroups	Processed    12,000,000 records.  Elapsed time: 00:01:42s.  Time for last 1,000,000:    8s.  Last read position: 16:37,649,077
INFO	2022-09-20 12:42:17	AddOrReplaceReadGroups	Processed    13,000,000 records.  Elapsed time: 00:01:50s.  Time for last 1,000,000:    7s.  Last read position: 17:33,747,663
INFO	2022-09-20 12:42:25	AddOrReplaceReadGroups	Processed    14,000,000 records.  Elapsed time: 00:01:58s.  Time for last 1,000,000:    7s.  Last read position: 17:75,390,990
INFO	2022-09-20 12:42:33	AddOrReplaceReadGroups	Processed    15,000,000 records.  Elapsed time: 00:02:06s.  Time for last 1,000,000:    8s.  Last read position: 18:76,288,121
INFO	2022-09-20 12:42:41	AddOrReplaceReadGroups	Processed    16,000,000 records.  Elapsed time: 00:02:14s.  Time for last 1,000,000:    8s.  Last read position: 19:45,571,907
INFO	2022-09-20 12:42:49	AddOrReplaceReadGroups	Processed    17,000,000 records.  Elapsed time: 00:02:23s.  Time for last 1,000,000:    8s.  Last read position: 2:52,111,288
INFO	2022-09-20 12:42:57	AddOrReplaceReadGroups	Processed    18,000,000 records.  Elapsed time: 00:02:31s.  Time for last 1,000,000:    8s.  Last read position: 2:128,619,900
INFO	2022-09-20 12:43:06	AddOrReplaceReadGroups	Processed    19,000,000 records.  Elapsed time: 00:02:39s.  Time for last 1,000,000:    8s.  Last read position: 3:31,050,303
INFO	2022-09-20 12:43:14	AddOrReplaceReadGroups	Processed    20,000,000 records.  Elapsed time: 00:02:47s.  Time for last 1,000,000:    8s.  Last read position: 3:98,148,971
INFO	2022-09-20 12:43:22	AddOrReplaceReadGroups	Processed    21,000,000 records.  Elapsed time: 00:02:55s.  Time for last 1,000,000:    8s.  Last read position: 4:48,468,798
INFO	2022-09-20 12:43:31	AddOrReplaceReadGroups	Processed    22,000,000 records.  Elapsed time: 00:03:04s.  Time for last 1,000,000:    8s.  Last read position: 4:132,373,780
INFO	2022-09-20 12:43:40	AddOrReplaceReadGroups	Processed    23,000,000 records.  Elapsed time: 00:03:13s.  Time for last 1,000,000:    8s.  Last read position: 5:75,173,431
INFO	2022-09-20 12:43:48	AddOrReplaceReadGroups	Processed    24,000,000 records.  Elapsed time: 00:03:21s.  Time for last 1,000,000:    8s.  Last read position: 5:129,022,959
INFO	2022-09-20 12:43:56	AddOrReplaceReadGroups	Processed    25,000,000 records.  Elapsed time: 00:03:29s.  Time for last 1,000,000:    8s.  Last read position: 6:39,603,688
INFO	2022-09-20 12:44:05	AddOrReplaceReadGroups	Processed    26,000,000 records.  Elapsed time: 00:03:38s.  Time for last 1,000,000:    8s.  Last read position: 6:117,924,196
INFO	2022-09-20 12:44:13	AddOrReplaceReadGroups	Processed    27,000,000 records.  Elapsed time: 00:03:46s.  Time for last 1,000,000:    8s.  Last read position: 7:54,024,888
INFO	2022-09-20 12:44:22	AddOrReplaceReadGroups	Processed    28,000,000 records.  Elapsed time: 00:03:55s.  Time for last 1,000,000:    8s.  Last read position: 7:143,557,710
INFO	2022-09-20 12:44:30	AddOrReplaceReadGroups	Processed    29,000,000 records.  Elapsed time: 00:04:04s.  Time for last 1,000,000:    8s.  Last read position: 8:93,972,129
INFO	2022-09-20 12:44:39	AddOrReplaceReadGroups	Processed    30,000,000 records.  Elapsed time: 00:04:12s.  Time for last 1,000,000:    8s.  Last read position: 9:44,711,253
INFO	2022-09-20 12:44:47	AddOrReplaceReadGroups	Processed    31,000,000 records.  Elapsed time: 00:04:20s.  Time for last 1,000,000:    8s.  Last read position: 9:98,588,067
INFO	2022-09-20 12:44:55	AddOrReplaceReadGroups	Processed    32,000,000 records.  Elapsed time: 00:04:28s.  Time for last 1,000,000:    7s.  Last read position: MT:6,546
INFO	2022-09-20 12:45:02	AddOrReplaceReadGroups	Processed    33,000,000 records.  Elapsed time: 00:04:35s.  Time for last 1,000,000:    7s.  Last read position: X:38,537,228
INFO	2022-09-20 12:45:11	AddOrReplaceReadGroups	Processed    34,000,000 records.  Elapsed time: 00:04:44s.  Time for last 1,000,000:    8s.  Last read position: Y:90,792,860
[Tue Sep 20 12:45:11 MST 2022] picard.sam.AddOrReplaceReadGroups done. Elapsed time: 4.74 minutes.
Runtime.totalMemory()=536870912
[Tue Sep 20 12:45:11 2022]
Finished job 0.
1 of 1 steps (100%) done
