Building DAG of jobs...
Using shell: /usr/bin/bash
Provided cores: 6
Rules claiming more threads will be scaled down.
Job counts:
	count	jobs
	1	tumor_only
	1

[Tue Sep 20 13:42:33 2022]
rule tumor_only:
    input: /data/CEM/shared/public_data/references/ensemble_GRCm38.68/GRCm38_68.fa, /scratch/eknodel/SCC_samples/cell_lines/Progeny/RNAseq/sorted_bam/483_sc_01_B6-1_366_211_S58_L003_RNA_HISAT2_genome_aligned_sortedbycoord_RG-splitreads.bam
    output: /scratch/eknodel/SCC_samples/cell_lines/Progeny/RNAseq/gatk_mutect2/483_sc_01_B6-1_366_211_S58_L003.somatic.vcf.gz
    jobid: 0
    wildcards: subject=483_sc_01_B6-1_366_211_S58_L003

13:42:35.686 INFO  NativeLibraryLoader - Loading libgkl_compression.so from jar:file:/home/eknodel/gatk-4.1.7.0/gatk-package-4.1.7.0-local.jar!/com/intel/gkl/native/libgkl_compression.so
Sep 20, 2022 1:42:35 PM shaded.cloud_nio.com.google.auth.oauth2.ComputeEngineCredentials runningOnComputeEngine
INFO: Failed to detect whether we are running on Google Compute Engine.
13:42:35.912 INFO  Mutect2 - ------------------------------------------------------------
13:42:35.912 INFO  Mutect2 - The Genome Analysis Toolkit (GATK) v4.1.7.0
13:42:35.912 INFO  Mutect2 - For support and documentation go to https://software.broadinstitute.org/gatk/
13:42:35.912 INFO  Mutect2 - Executing as eknodel@cg18-10.agave.rc.asu.edu on Linux v3.10.0-1160.25.1.el7.x86_64 amd64
13:42:35.912 INFO  Mutect2 - Java runtime: OpenJDK 64-Bit Server VM v11.0.1-internal+0-adhoc..src
13:42:35.912 INFO  Mutect2 - Start Date/Time: September 20, 2022 at 1:42:35 PM MST
13:42:35.912 INFO  Mutect2 - ------------------------------------------------------------
13:42:35.912 INFO  Mutect2 - ------------------------------------------------------------
13:42:35.913 INFO  Mutect2 - HTSJDK Version: 2.21.2
13:42:35.913 INFO  Mutect2 - Picard Version: 2.21.9
13:42:35.913 INFO  Mutect2 - HTSJDK Defaults.COMPRESSION_LEVEL : 2
13:42:35.913 INFO  Mutect2 - HTSJDK Defaults.USE_ASYNC_IO_READ_FOR_SAMTOOLS : false
13:42:35.913 INFO  Mutect2 - HTSJDK Defaults.USE_ASYNC_IO_WRITE_FOR_SAMTOOLS : true
13:42:35.913 INFO  Mutect2 - HTSJDK Defaults.USE_ASYNC_IO_WRITE_FOR_TRIBBLE : false
13:42:35.913 INFO  Mutect2 - Deflater: IntelDeflater
13:42:35.913 INFO  Mutect2 - Inflater: IntelInflater
13:42:35.914 INFO  Mutect2 - GCS max retries/reopens: 20
13:42:35.914 INFO  Mutect2 - Requester pays: disabled
13:42:35.914 INFO  Mutect2 - Initializing engine
WARNING: BAM index file /scratch/eknodel/SCC_samples/cell_lines/Progeny/RNAseq/sorted_bam/483_sc_01_B6-1_366_211_S58_L003_RNA_HISAT2_genome_aligned_sortedbycoord_RG-splitreads.bai is older than BAM /scratch/eknodel/SCC_samples/cell_lines/Progeny/RNAseq/sorted_bam/483_sc_01_B6-1_366_211_S58_L003_RNA_HISAT2_genome_aligned_sortedbycoord_RG-splitreads.bam
13:42:36.068 INFO  Mutect2 - Done initializing engine
13:42:36.083 INFO  NativeLibraryLoader - Loading libgkl_utils.so from jar:file:/home/eknodel/gatk-4.1.7.0/gatk-package-4.1.7.0-local.jar!/com/intel/gkl/native/libgkl_utils.so
13:42:36.105 INFO  NativeLibraryLoader - Loading libgkl_pairhmm_omp.so from jar:file:/home/eknodel/gatk-4.1.7.0/gatk-package-4.1.7.0-local.jar!/com/intel/gkl/native/libgkl_pairhmm_omp.so
13:42:36.183 INFO  IntelPairHmm - Flush-to-zero (FTZ) is enabled when running PairHMM
13:42:36.211 INFO  IntelPairHmm - Available threads: 6
13:42:36.212 INFO  IntelPairHmm - Requested threads: 4
13:42:36.212 INFO  PairHMM - Using the OpenMP multi-threaded AVX-accelerated native PairHMM implementation
13:42:36.265 INFO  ProgressMeter - Starting traversal
13:42:36.266 INFO  ProgressMeter -        Current Locus  Elapsed Minutes     Regions Processed   Regions/Minute
13:42:46.296 INFO  ProgressMeter -            1:6255680              0.2                 21440         128268.0
13:42:56.306 INFO  ProgressMeter -           1:10338107              0.3                 36110         108119.2
13:43:06.360 INFO  ProgressMeter -           1:16715646              0.5                 58730         117093.1
13:43:16.360 INFO  ProgressMeter -           1:29878519              0.7                103500         154886.0
13:43:26.444 INFO  ProgressMeter -           1:34814877              0.8                121260         144995.8
13:43:36.487 INFO  ProgressMeter -           1:38046147              1.0                133460         132970.2
13:43:46.487 INFO  ProgressMeter -           1:41729244              1.2                146680         125330.0
13:43:56.487 INFO  ProgressMeter -           1:46688396              1.3                164570         123087.5
13:44:06.529 INFO  ProgressMeter -           1:53267266              1.5                187510         124642.4
13:44:18.339 INFO  ProgressMeter -           1:55080058              1.7                194250         114183.0
13:44:28.485 INFO  ProgressMeter -           1:58406292              1.9                206150         110223.0
13:44:38.493 INFO  ProgressMeter -           1:60077931              2.0                213170         104643.0
13:44:56.133 INFO  ProgressMeter -           1:63179553              2.3                225010          96524.6
13:45:06.153 INFO  ProgressMeter -           1:71614673              2.5                254610         101920.8
13:45:16.166 INFO  ProgressMeter -           1:75187773              2.7                268110         100604.1
13:45:26.176 INFO  ProgressMeter -           1:82741574              2.8                295060         104194.0
13:45:43.736 INFO  ProgressMeter -           1:86352092              3.1                308150          98624.3
13:46:18.601 INFO  ProgressMeter -           1:86357032              3.7                308180          83166.4
13:46:36.959 INFO  ProgressMeter -           1:86530744              4.0                308850          76990.2
13:46:47.291 INFO  ProgressMeter -           1:88265608              4.2                315720          75463.4
13:46:57.291 INFO  ProgressMeter -           1:90999231              4.4                325510          74822.7
13:47:07.631 INFO  ProgressMeter -           1:93431589              4.5                335150          74103.1
13:47:17.645 INFO  ProgressMeter -           1:99791915              4.7                357550          76242.4
13:47:27.647 INFO  ProgressMeter -          1:111658136              4.9                398140          81983.4
13:47:37.654 INFO  ProgressMeter -          1:121560417              5.0                432400          86081.7
13:47:47.912 INFO  ProgressMeter -          1:128355375              5.2                456190          87828.5
13:47:58.375 INFO  ProgressMeter -          1:131932368              5.4                469100          87380.4
13:48:08.377 INFO  ProgressMeter -          1:134409194              5.5                478640          86472.3
13:48:18.379 INFO  ProgressMeter -          1:136496608              5.7                487280          85459.5
13:48:28.379 INFO  ProgressMeter -          1:144915536              5.9                516450          88003.0
13:48:38.409 INFO  ProgressMeter -          1:151718209              6.0                540230          89505.5
13:48:48.423 INFO  ProgressMeter -          1:155130106              6.2                552680          89104.3
13:48:58.693 INFO  ProgressMeter -          1:156069053              6.4                556800          87357.8
13:49:08.749 INFO  ProgressMeter -          1:156683780              6.5                559330          85506.4
13:49:18.758 INFO  ProgressMeter -          1:160215920              6.7                572180          85295.6
13:49:29.839 INFO  ProgressMeter -          1:161037394              6.9                575560          83500.6
13:49:39.927 INFO  ProgressMeter -          1:162693228              7.1                581950          82417.5
13:49:49.933 INFO  ProgressMeter -          1:165800176              7.2                593720          82144.1
13:49:59.935 INFO  ProgressMeter -          1:170667140              7.4                611340          82675.1
13:50:10.130 INFO  ProgressMeter -          1:172097637              7.6                617100          81579.5
13:50:20.446 INFO  ProgressMeter -          1:173850783              7.7                623670          80615.7
13:50:30.499 INFO  ProgressMeter -          1:176735232              7.9                633930          80204.9
13:50:43.965 INFO  ProgressMeter -          1:178330550              8.1                639990          78735.9
13:51:00.305 INFO  ProgressMeter -          1:178332051              8.4                640000          76184.6
13:51:12.089 INFO  ProgressMeter -          1:178333508              8.6                640010          74445.3
13:51:24.833 INFO  ProgressMeter -          1:180803470              8.8                649430          73719.7
13:51:35.129 INFO  ProgressMeter -          1:182469376              9.0                656150          73059.4
13:51:45.436 INFO  ProgressMeter -          1:185267578              9.2                666510          72820.1
13:51:55.438 INFO  ProgressMeter -          1:189804193              9.3                682620          73246.2
13:52:05.449 INFO  ProgressMeter -          1:191830133              9.5                690710          72810.7
13:52:15.675 INFO  ProgressMeter -           10:4412069              9.7                718910          74445.9
13:52:25.753 INFO  ProgressMeter -           10:8723707              9.8                734840          74794.5
13:52:35.814 INFO  ProgressMeter -          10:14130155             10.0                754440          75500.9
13:52:45.885 INFO  ProgressMeter -          10:20341649             10.2                776270          76402.1
13:52:55.960 INFO  ProgressMeter -          10:24597361             10.3                791440          76628.8
13:53:05.977 INFO  ProgressMeter -          10:33935930             10.5                824110          78522.7
13:53:15.992 INFO  ProgressMeter -          10:41085242             10.7                849440          79671.0
13:53:25.979 INFO  ProgressMeter -          10:45711839             10.8                866300          80001.5
13:53:35.983 INFO  ProgressMeter -          10:57530149             11.0                906710          82463.7
13:53:45.989 INFO  ProgressMeter -          10:60372980             11.2                917600          82207.1
13:53:56.032 INFO  ProgressMeter -          10:62593704             11.3                926140          81746.4
13:54:06.038 INFO  ProgressMeter -          10:67593859             11.5                944040          82117.6
13:54:16.133 INFO  ProgressMeter -          10:72674696             11.7                962140          82484.8
13:54:26.144 INFO  ProgressMeter -          10:76797949             11.8                977430          82613.9
13:54:36.153 INFO  ProgressMeter -          10:79529110             12.0                987780          82327.9
13:54:46.164 INFO  ProgressMeter -          10:80150651             12.2                990890          81454.4
13:54:56.485 INFO  ProgressMeter -          10:80394108             12.3                992100          80416.7
13:55:18.051 INFO  ProgressMeter -          10:81180018             12.7                995800          78431.6
13:55:28.056 INFO  ProgressMeter -          10:82365384             12.9               1000720          77797.3
13:55:38.064 INFO  ProgressMeter -          10:84713770             13.0               1009850          77502.1
13:55:51.281 INFO  ProgressMeter -          10:86703099             13.3               1017190          76767.6
13:56:01.300 INFO  ProgressMeter -          10:91103936             13.4               1033280          77011.4
13:56:11.307 INFO  ProgressMeter -          10:93236884             13.6               1040810          76620.2
13:56:21.319 INFO  ProgressMeter -          10:94689949             13.8               1046560          76108.6
13:56:31.326 INFO  ProgressMeter -         10:100544679             13.9               1067270          76684.5
13:56:42.580 INFO  ProgressMeter -         10:111492798             14.1               1105060          78344.0
13:56:53.095 INFO  ProgressMeter -         10:117062215             14.3               1124800          78764.8
13:57:03.097 INFO  ProgressMeter -         10:120157244             14.4               1136180          78643.7
13:57:13.280 INFO  ProgressMeter -         10:123132182             14.6               1147460          78502.3
13:57:23.287 INFO  ProgressMeter -         10:127524817             14.8               1163150          78678.0
13:57:35.474 INFO  ProgressMeter -         10:128086458             15.0               1165760          77785.8
13:57:46.179 INFO  ProgressMeter -         10:128493329             15.2               1168120          77026.3
13:58:02.760 INFO  ProgressMeter -         10:128548718             15.4               1168450          75669.1
13:58:13.731 INFO  ProgressMeter -         10:128912399             15.6               1170260          74899.4
13:58:23.754 INFO  ProgressMeter -           11:3899475             15.8               1190450          75385.7
13:58:33.765 INFO  ProgressMeter -           11:5203567             16.0               1196160          74955.3
13:58:43.788 INFO  ProgressMeter -           11:6298652             16.1               1200740          74462.8
13:58:53.886 INFO  ProgressMeter -           11:8434162             16.3               1208570          74174.2
13:59:03.886 INFO  ProgressMeter -          11:16956113             16.5               1238000          75211.1
13:59:13.889 INFO  ProgressMeter -          11:20139205             16.6               1249360          75140.2
13:59:23.929 INFO  ProgressMeter -          11:22957630             16.8               1260140          75033.4
13:59:33.937 INFO  ProgressMeter -          11:23573940             17.0               1262950          74461.2
13:59:43.937 INFO  ProgressMeter -          11:29248934             17.1               1282960          74904.9
13:59:56.534 INFO  ProgressMeter -          11:29742960             17.3               1285150          74124.2
14:00:06.534 INFO  ProgressMeter -          11:31417160             17.5               1291960          73807.4
14:00:25.206 INFO  ProgressMeter -          11:33152438             17.8               1298630          72892.6
14:00:37.473 INFO  ProgressMeter -          11:33160975             18.0               1298700          72069.5
14:00:47.473 INFO  ProgressMeter -          11:39320459             18.2               1320240          72593.4
14:00:57.545 INFO  ProgressMeter -          11:45910173             18.4               1343290          73185.3
14:01:07.545 INFO  ProgressMeter -          11:50061697             18.5               1358500          73347.9
14:01:17.757 INFO  ProgressMeter -          11:50380916             18.7               1360110          72766.2
14:01:29.379 INFO  ProgressMeter -          11:50388366             18.9               1360170          72023.0
14:01:39.387 INFO  ProgressMeter -          11:51989816             19.1               1366530          71726.3
14:01:49.462 INFO  ProgressMeter -          11:53408592             19.2               1371960          71382.1
14:01:59.495 INFO  ProgressMeter -          11:54995617             19.4               1378670          71112.6
14:02:09.495 INFO  ProgressMeter -          11:57851129             19.6               1388910          71030.1
14:02:19.514 INFO  ProgressMeter -          11:58316433             19.7               1391100          70539.7
14:02:29.559 INFO  ProgressMeter -          11:59818573             19.9               1397210          70253.2
14:02:39.569 INFO  ProgressMeter -          11:61493685             20.1               1404270          70020.8
14:02:49.657 INFO  ProgressMeter -          11:63158985             20.2               1411470          69794.6
14:02:59.687 INFO  ProgressMeter -          11:68988011             20.4               1432060          70232.2
14:03:12.162 INFO  ProgressMeter -          11:69667985             20.6               1435370          69684.0
14:03:33.940 INFO  ProgressMeter -          11:69669521             21.0               1435380          68477.8
14:03:44.106 INFO  ProgressMeter -          11:69916987             21.1               1436750          67993.6
14:03:58.565 INFO  ProgressMeter -          11:70652259             21.4               1439940          67376.2
14:04:08.597 INFO  ProgressMeter -          11:72211602             21.5               1446150          67141.5
14:04:18.904 INFO  ProgressMeter -          11:74676242             21.7               1455520          67041.8
14:04:29.963 INFO  ProgressMeter -          11:75490290             21.9               1459470          66657.8
14:04:43.234 INFO  ProgressMeter -          11:75752119             22.1               1460980          66059.5
14:04:53.271 INFO  ProgressMeter -          11:76452766             22.3               1463930          65695.9
14:05:03.484 INFO  ProgressMeter -          11:77710710             22.5               1469370          65440.2
14:05:13.488 INFO  ProgressMeter -          11:78216168             22.6               1471780          65064.4
14:05:23.490 INFO  ProgressMeter -          11:79733581             22.8               1478300          64874.5
14:05:33.934 INFO  ProgressMeter -          11:82037771             23.0               1487190          64769.9
14:05:43.955 INFO  ProgressMeter -          11:84346898             23.1               1496370          64699.1
14:05:53.989 INFO  ProgressMeter -          11:86321695             23.3               1504570          64586.6
14:06:04.005 INFO  ProgressMeter -          11:86737160             23.5               1506610          64214.0
14:06:15.469 INFO  ProgressMeter -          11:88050703             23.7               1512030          63924.5
14:06:25.605 INFO  ProgressMeter -          11:88848086             23.8               1515270          63607.2
14:06:35.688 INFO  ProgressMeter -          11:93958856             24.0               1533360          63915.7
14:06:46.643 INFO  ProgressMeter -          11:94938542             24.2               1537590          63607.9
14:06:57.475 INFO  ProgressMeter -          11:95493221             24.4               1540280          63246.8
14:07:07.475 INFO  ProgressMeter -          11:97044291             24.5               1546780          63082.0
14:07:17.500 INFO  ProgressMeter -          11:97486738             24.7               1548970          62743.8
14:07:35.822 INFO  ProgressMeter -          11:97781692             25.0               1550440          62036.0
14:07:45.853 INFO  ProgressMeter -          11:98803005             25.2               1554990          61804.6
14:07:56.507 INFO  ProgressMeter -          11:99052936             25.3               1556300          61423.2
14:08:06.509 INFO  ProgressMeter -         11:100815473             25.5               1563230          61293.4
14:08:16.572 INFO  ProgressMeter -         11:101581685             25.7               1567080          61042.9
14:08:27.012 INFO  ProgressMeter -         11:102686787             25.8               1571910          60818.9
14:08:37.023 INFO  ProgressMeter -         11:104543112             26.0               1579730          60729.4
14:08:47.242 INFO  ProgressMeter -         11:106252822             26.2               1586750          60602.5
14:08:58.069 INFO  ProgressMeter -         11:106787158             26.4               1588960          60271.5
14:09:08.077 INFO  ProgressMeter -         11:107944527             26.5               1593800          60075.0
14:09:18.078 INFO  ProgressMeter -         11:109964591             26.7               1601360          59983.1
14:09:28.182 INFO  ProgressMeter -         11:115524499             26.9               1621280          60348.6
14:09:45.438 INFO  ProgressMeter -         11:116023727             27.2               1623810          59802.6
14:10:03.439 INFO  ProgressMeter -         11:116851372             27.5               1627700          59290.7
14:10:14.300 INFO  ProgressMeter -         11:118304790             27.6               1633610          59116.2
14:10:24.318 INFO  ProgressMeter -         11:119982369             27.8               1640470          59007.9
14:10:34.448 INFO  ProgressMeter -         11:120349663             28.0               1642180          58712.8
14:10:44.629 INFO  ProgressMeter -         11:120581028             28.1               1643400          58402.1
14:10:54.629 INFO  ProgressMeter -         11:121426886             28.3               1647280          58195.3
14:11:04.632 INFO  ProgressMeter -           12:8285620             28.5               1679030          58969.7
14:11:14.807 INFO  ProgressMeter -          12:11302981             28.6               1689960          59002.1
14:11:24.863 INFO  ProgressMeter -          12:17281308             28.8               1710940          59387.2
14:11:34.913 INFO  ProgressMeter -          12:21328951             29.0               1725210          59536.3
14:11:45.000 INFO  ProgressMeter -          12:25094632             29.1               1738640          59653.7
14:11:55.015 INFO  ProgressMeter -          12:30903260             29.3               1758730          59999.4
14:12:05.014 INFO  ProgressMeter -          12:33916879             29.5               1770080          60045.2
14:12:15.022 INFO  ProgressMeter -          12:46700032             29.6               1813870          61184.4
14:12:25.079 INFO  ProgressMeter -          12:52568007             29.8               1834700          61539.1
14:12:35.084 INFO  ProgressMeter -          12:55783535             30.0               1846630          61594.8
14:12:45.127 INFO  ProgressMeter -          12:65054041             30.1               1878630          62314.2
14:12:55.127 INFO  ProgressMeter -          12:69399466             30.3               1893940          62476.7
14:13:05.143 INFO  ProgressMeter -          12:71132952             30.5               1901130          62370.4
14:13:15.153 INFO  ProgressMeter -          12:76107112             30.6               1919470          62629.3
14:13:25.155 INFO  ProgressMeter -          12:79155757             30.8               1930910          62661.7
14:13:35.166 INFO  ProgressMeter -          12:81994831             31.0               1941790          62675.5
14:13:45.191 INFO  ProgressMeter -          12:84935086             31.1               1953260          62707.5
14:13:55.191 INFO  ProgressMeter -          12:89357981             31.3               1969760          62900.6
14:14:05.258 INFO  ProgressMeter -         12:100203538             31.5               2007320          63758.4
14:14:15.259 INFO  ProgressMeter -         12:102446668             31.6               2015740          63688.7
14:14:25.261 INFO  ProgressMeter -         12:108207797             31.8               2036460          64006.2
14:14:36.272 INFO  ProgressMeter -         12:110693359             32.0               2045850          63932.6
14:14:48.925 INFO  ProgressMeter -         12:110694261             32.2               2045860          63514.4
14:14:58.933 INFO  ProgressMeter -         12:111111217             32.4               2047670          63243.1
14:15:09.075 INFO  ProgressMeter -         12:112784866             32.5               2054570          63126.6
14:15:19.173 INFO  ProgressMeter -         12:116462616             32.7               2067870          63208.4
14:15:29.212 INFO  ProgressMeter -           13:4089498             32.9               2094420          63694.2
14:15:39.226 INFO  ProgressMeter -          13:12194096             33.0               2122550          64223.7
14:15:49.315 INFO  ProgressMeter -          13:15729297             33.2               2135770          64296.6
14:15:59.316 INFO  ProgressMeter -          13:23463305             33.4               2163030          64792.1
14:16:09.316 INFO  ProgressMeter -          13:31476486             33.6               2191010          65304.2
14:16:19.317 INFO  ProgressMeter -          13:36414863             33.7               2208830          65509.9
14:16:29.317 INFO  ProgressMeter -          13:41902373             33.9               2228240          65760.5
14:16:39.317 INFO  ProgressMeter -          13:46621069             34.1               2245140          65934.9
14:16:49.331 INFO  ProgressMeter -          13:48821656             34.2               2253430          65855.6
14:16:59.333 INFO  ProgressMeter -          13:51418241             34.4               2263150          65819.0
14:17:09.343 INFO  ProgressMeter -          13:55119885             34.6               2276950          65900.6
14:17:19.343 INFO  ProgressMeter -          13:56365057             34.7               2282320          65738.9
14:17:30.026 INFO  ProgressMeter -          13:58395775             34.9               2289610          65612.4
14:17:40.029 INFO  ProgressMeter -          13:63244381             35.1               2307390          65807.5
14:17:50.964 INFO  ProgressMeter -          13:64367583             35.2               2312030          65598.9
14:18:00.991 INFO  ProgressMeter -          13:67443035             35.4               2323240          65605.9
14:18:11.032 INFO  ProgressMeter -          13:69615728             35.6               2331350          65525.2
14:18:21.253 INFO  ProgressMeter -          13:74338062             35.7               2348180          65683.8
14:18:31.259 INFO  ProgressMeter -          13:75928788             35.9               2354450          65553.3
14:18:41.259 INFO  ProgressMeter -          13:82114138             36.1               2376320          65856.7
14:18:52.193 INFO  ProgressMeter -          13:90924660             36.3               2406630          66361.5
14:19:02.194 INFO  ProgressMeter -          13:95011033             36.4               2421900          66477.0
14:19:12.380 INFO  ProgressMeter -          13:97252370             36.6               2430330          66399.0
14:19:22.419 INFO  ProgressMeter -          13:99423665             36.8               2438500          66319.1
14:19:32.435 INFO  ProgressMeter -         13:100815404             36.9               2444180          66173.1
14:19:42.436 INFO  ProgressMeter -         13:104229773             37.1               2456880          66218.1
14:19:52.542 INFO  ProgressMeter -         13:111438462             37.3               2482200          66598.2
14:20:02.569 INFO  ProgressMeter -         13:112966970             37.4               2488160          66460.1
14:20:12.569 INFO  ProgressMeter -         13:119755733             37.6               2512150          66803.5
14:20:22.580 INFO  ProgressMeter -          14:12227692             37.8               2556130          67672.8
14:20:32.655 INFO  ProgressMeter -          14:19823860             37.9               2582710          68073.9
14:20:42.708 INFO  ProgressMeter -          14:21795504             38.1               2590980          67991.6
14:20:53.244 INFO  ProgressMeter -          14:25713052             38.3               2604820          68041.2
14:21:03.294 INFO  ProgressMeter -          14:30568695             38.5               2622390          68201.8
14:21:13.296 INFO  ProgressMeter -          14:31493517             38.6               2626670          68018.2
14:21:23.299 INFO  ProgressMeter -          14:34723907             38.8               2638910          68041.4
14:21:33.494 INFO  ProgressMeter -          14:46809002             39.0               2680260          68806.1
14:21:43.553 INFO  ProgressMeter -          14:47736975             39.1               2684440          68618.1
14:21:53.559 INFO  ProgressMeter -          14:52013654             39.3               2699890          68720.1
14:22:03.610 INFO  ProgressMeter -          14:54469539             39.5               2708990          68659.0
14:22:13.618 INFO  ProgressMeter -          14:55509523             39.6               2713190          68475.9
14:22:23.673 INFO  ProgressMeter -          14:57691374             39.8               2722070          68410.7
14:22:33.674 INFO  ProgressMeter -          14:62699170             40.0               2740260          68580.6
14:22:43.701 INFO  ProgressMeter -          14:67024978             40.1               2756350          68695.9
14:22:53.704 INFO  ProgressMeter -          14:73164592             40.3               2778520          68961.9
14:23:03.704 INFO  ProgressMeter -          14:76580414             40.5               2790890          68983.6
14:23:13.704 INFO  ProgressMeter -          14:87656813             40.6               2829300          69646.1
14:23:23.704 INFO  ProgressMeter -         14:103429351             40.8               2883100          70680.4
14:23:33.881 INFO  ProgressMeter -         14:118980172             41.0               2935870          71676.1
14:23:44.566 INFO  ProgressMeter -         14:122119992             41.1               2947460          71647.5
14:23:54.570 INFO  ProgressMeter -           15:5851650             41.3               2977410          72083.4
14:24:04.596 INFO  ProgressMeter -           15:8218562             41.5               2986670          72016.3
14:24:14.693 INFO  ProgressMeter -          15:10447659             41.6               2995050          71926.5
14:24:24.862 INFO  ProgressMeter -          15:11984182             41.8               3000990          71777.0
14:24:34.862 INFO  ProgressMeter -          15:12950284             42.0               3005130          71590.6
14:24:45.319 INFO  ProgressMeter -          15:25366156             42.2               3046700          72280.8
14:24:55.359 INFO  ProgressMeter -          15:27731783             42.3               3055620          72205.8
14:25:14.474 INFO  ProgressMeter -          15:31594279             42.6               3069120          71982.9
14:25:24.895 INFO  ProgressMeter -          15:34441603             42.8               3079870          71942.0
14:25:34.957 INFO  ProgressMeter -          15:36242103             43.0               3086810          71822.7
14:26:02.387 INFO  ProgressMeter -          15:36596693             43.4               3088150          71097.6
14:26:21.633 INFO  ProgressMeter -          15:36600498             43.8               3088180          70577.1
14:26:46.092 INFO  ProgressMeter -          15:36606397             44.2               3088230          69926.8
14:26:57.177 INFO  ProgressMeter -          15:36608457             44.3               3088250          69635.9
14:27:08.302 INFO  ProgressMeter -          15:36609911             44.5               3088260          69346.2
14:27:18.339 INFO  ProgressMeter -          15:38002083             44.7               3093330          69200.1
14:27:28.361 INFO  ProgressMeter -          15:41823731             44.9               3107500          69258.3
14:27:39.601 INFO  ProgressMeter -          15:51963806             45.1               3142330          69743.4
14:27:49.608 INFO  ProgressMeter -          15:58096743             45.2               3164170          69969.1
14:27:59.702 INFO  ProgressMeter -          15:59365991             45.4               3169490          69827.0
14:28:09.821 INFO  ProgressMeter -          15:64159067             45.6               3186720          69946.7
14:28:19.821 INFO  ProgressMeter -          15:71548925             45.7               3212670          70259.3
14:28:29.968 INFO  ProgressMeter -          15:75896678             45.9               3228760          70351.0
14:28:39.994 INFO  ProgressMeter -          15:76353222             46.1               3231090          70146.3
14:28:50.357 INFO  ProgressMeter -          15:76904492             46.2               3234100          69949.4
14:29:00.845 INFO  ProgressMeter -          15:77814169             46.4               3237870          69767.2
14:29:15.722 INFO  ProgressMeter -          15:78930243             46.7               3242240          69490.1
14:29:26.102 INFO  ProgressMeter -          15:79530165             46.8               3245190          69296.4
14:29:36.109 INFO  ProgressMeter -          15:79913833             47.0               3247170          69092.6
14:29:48.128 INFO  ProgressMeter -          15:80257406             47.2               3248730          68832.4
14:29:58.174 INFO  ProgressMeter -          15:81651880             47.4               3254580          68712.6
14:30:08.270 INFO  ProgressMeter -          15:82809503             47.5               3259700          68577.0
14:30:18.270 INFO  ProgressMeter -          15:85016704             47.7               3268400          68519.8
14:30:28.295 INFO  ProgressMeter -          15:89123520             47.9               3283690          68600.1
14:30:38.483 INFO  ProgressMeter -          15:90232591             48.0               3288370          68455.0
14:30:48.484 INFO  ProgressMeter -          15:95299618             48.2               3306780          68600.2
14:31:01.488 INFO  ProgressMeter -          15:96689405             48.4               3312350          68408.2
14:31:11.490 INFO  ProgressMeter -          15:98544448             48.6               3319630          68323.3
14:31:23.144 INFO  ProgressMeter -          15:98932365             48.8               3321770          68095.2
14:31:33.151 INFO  ProgressMeter -          15:99038281             48.9               3322230          67872.5
14:31:43.206 INFO  ProgressMeter -          15:99778876             49.1               3325910          67715.9
14:31:53.209 INFO  ProgressMeter -         15:100522352             49.3               3329300          67555.6
14:32:03.345 INFO  ProgressMeter -         15:102235805             49.5               3336260          67465.5
14:32:13.349 INFO  ProgressMeter -         15:102537755             49.6               3337990          67273.7
14:32:31.048 INFO  ProgressMeter -         15:103242777             49.9               3341200          66940.4
14:32:41.060 INFO  ProgressMeter -           16:4637249             50.1               3360550          67103.8
14:32:51.066 INFO  ProgressMeter -          16:10529907             50.2               3381630          67300.6
14:33:01.085 INFO  ProgressMeter -          16:13607644             50.4               3392860          67300.4
14:33:11.087 INFO  ProgressMeter -          16:16135665             50.6               3402640          67272.0
14:33:21.100 INFO  ProgressMeter -          16:17802479             50.7               3409850          67192.8
14:33:31.125 INFO  ProgressMeter -          16:20123048             50.9               3418690          67145.9
14:33:41.812 INFO  ProgressMeter -          16:20683374             51.1               3421380          66964.5
14:33:51.815 INFO  ProgressMeter -          16:24624874             51.3               3435750          67027.1
14:34:01.833 INFO  ProgressMeter -          16:31094388             51.4               3458600          67253.8
14:34:12.101 INFO  ProgressMeter -          16:32631600             51.6               3465050          67155.7
14:34:22.104 INFO  ProgressMeter -          16:35318767             51.8               3475550          67142.3
14:34:32.128 INFO  ProgressMeter -          16:37649123             51.9               3484450          67097.6
14:34:42.207 INFO  ProgressMeter -          16:43619218             52.1               3505510          67285.5
14:34:52.297 INFO  ProgressMeter -          16:45736472             52.3               3513690          67225.5
14:35:02.297 INFO  ProgressMeter -          16:54670919             52.4               3544700          67603.3
14:35:22.520 INFO  ProgressMeter -          16:57392618             52.8               3554770          67362.3
14:35:32.520 INFO  ProgressMeter -          16:65297943             52.9               3582220          67668.8
14:35:42.520 INFO  ProgressMeter -          16:84170935             53.1               3645910          68655.7
14:35:52.521 INFO  ProgressMeter -          16:87916217             53.3               3659300          68692.3
14:36:02.542 INFO  ProgressMeter -          16:91854693             53.4               3674000          68752.7
14:36:12.632 INFO  ProgressMeter -          16:94693875             53.6               3684910          68740.5
14:36:22.632 INFO  ProgressMeter -          16:98120170             53.8               3697330          68758.4
14:36:32.647 INFO  ProgressMeter -           17:6056795             53.9               3719370          68954.2
14:36:42.654 INFO  ProgressMeter -           17:8289267             54.1               3728210          68905.1
14:36:53.121 INFO  ProgressMeter -          17:12922544             54.3               3744710          68987.6
14:37:03.123 INFO  ProgressMeter -          17:15434361             54.4               3754250          68951.6
14:37:13.133 INFO  ProgressMeter -          17:17624766             54.6               3762770          68897.0
14:37:23.136 INFO  ProgressMeter -          17:22400070             54.8               3780120          69004.0
14:37:33.460 INFO  ProgressMeter -          17:23818350             55.0               3785600          68887.7
14:37:43.514 INFO  ProgressMeter -          17:24446026             55.1               3788600          68732.7
14:37:53.561 INFO  ProgressMeter -          17:24892666             55.3               3790940          68566.8
14:38:03.657 INFO  ProgressMeter -          17:25262853             55.5               3793060          68397.0
14:38:14.631 INFO  ProgressMeter -          17:26271665             55.6               3797790          68257.2
14:38:24.631 INFO  ProgressMeter -          17:27722493             55.8               3803920          68163.2
14:38:35.066 INFO  ProgressMeter -          17:29041426             56.0               3809790          68056.3
14:38:45.746 INFO  ProgressMeter -          17:32197015             56.2               3821810          68054.6
14:38:58.330 INFO  ProgressMeter -          17:33646796             56.4               3827990          67911.0
14:39:12.166 INFO  ProgressMeter -          17:33952729             56.6               3829760          67665.6
14:39:22.253 INFO  ProgressMeter -          17:34116652             56.8               3830590          67479.8
14:39:32.504 INFO  ProgressMeter -          17:35011366             56.9               3834790          67351.1
14:39:42.879 INFO  ProgressMeter -          17:35162162             57.1               3835710          67163.3
14:39:58.407 INFO  ProgressMeter -          17:35835585             57.4               3838710          66912.6
14:40:08.413 INFO  ProgressMeter -          17:36837918             57.5               3842870          66791.0
14:40:27.544 INFO  ProgressMeter -          17:39846471             57.9               3853450          66605.7
14:42:45.362 INFO  ProgressMeter -          17:39848277             60.2               3853460          64062.5
14:43:16.786 INFO  ProgressMeter -          17:45568660             60.7               3873790          63844.6
14:43:47.576 INFO  ProgressMeter -          17:45571534             61.2               3873810          63309.4
14:43:57.578 INFO  ProgressMeter -          17:46678319             61.4               3878690          63217.0
14:44:07.593 INFO  ProgressMeter -          17:50676986             61.5               3893730          63289.9
14:44:17.594 INFO  ProgressMeter -          17:56283918             61.7               3913740          63443.3
14:44:27.594 INFO  ProgressMeter -          17:60438728             61.9               3928740          63514.8
14:44:37.613 INFO  ProgressMeter -          17:65825364             62.0               3947820          63651.5
14:44:47.615 INFO  ProgressMeter -          17:70657417             62.2               3965410          63763.7
14:44:57.639 INFO  ProgressMeter -          17:71370097             62.4               3968380          63640.5
14:45:07.640 INFO  ProgressMeter -          17:74317883             62.5               3979540          63649.3
14:45:17.790 INFO  ProgressMeter -          17:78493590             62.7               3994820          63721.3
14:45:27.853 INFO  ProgressMeter -          17:79012587             62.9               3997270          63590.3
14:45:37.895 INFO  ProgressMeter -          17:83480075             63.0               4013460          63678.3
14:45:47.941 INFO  ProgressMeter -          17:87258052             63.2               4027610          63733.5
14:45:57.960 INFO  ProgressMeter -          17:88559750             63.4               4032640          63644.9
14:46:07.968 INFO  ProgressMeter -           18:5097119             63.5               4072010          64097.5
14:46:17.989 INFO  ProgressMeter -           18:9722215             63.7               4088740          64192.1
14:46:27.990 INFO  ProgressMeter -          18:12276044             63.9               4098630          64179.4
14:46:38.018 INFO  ProgressMeter -          18:23892579             64.0               4138800          64639.3
14:46:48.018 INFO  ProgressMeter -          18:31645960             64.2               4166030          64895.6
14:46:58.062 INFO  ProgressMeter -          18:33438798             64.4               4173450          64842.1
14:47:08.102 INFO  ProgressMeter -          18:34602814             64.5               4178360          64750.1
14:47:18.120 INFO  ProgressMeter -          18:34838919             64.7               4179640          64602.7
14:47:29.751 INFO  ProgressMeter -          18:34938535             64.9               4180140          64417.5
14:47:39.787 INFO  ProgressMeter -          18:35223613             65.1               4181330          64270.1
14:47:49.854 INFO  ProgressMeter -          18:35800178             65.2               4183950          64145.0
14:48:00.089 INFO  ProgressMeter -          18:37320750             65.4               4190170          64072.8
14:48:10.148 INFO  ProgressMeter -          18:39414742             65.6               4198550          64036.7
14:48:20.180 INFO  ProgressMeter -          18:44418109             65.7               4216250          64143.1
14:48:30.234 INFO  ProgressMeter -          18:46734046             65.9               4224900          64111.3
14:48:40.238 INFO  ProgressMeter -          18:53222955             66.1               4247670          64294.1
14:48:50.767 INFO  ProgressMeter -          18:57945979             66.2               4264610          64379.6
14:49:00.796 INFO  ProgressMeter -          18:61556095             66.4               4277860          64417.0
14:49:10.798 INFO  ProgressMeter -          18:63850825             66.6               4286380          64383.7
14:49:20.810 INFO  ProgressMeter -          18:67392984             66.7               4299220          64415.1
14:49:31.343 INFO  ProgressMeter -          18:68692016             66.9               4304570          64326.1
14:49:41.343 INFO  ProgressMeter -          18:73470083             67.1               4321050          64411.9
14:49:51.375 INFO  ProgressMeter -          18:75365756             67.3               4328160          64357.5
14:50:01.673 INFO  ProgressMeter -          18:80211269             67.4               4345730          64454.3
14:50:11.673 INFO  ProgressMeter -          18:90321856             67.6               4380790          64814.1
14:50:21.699 INFO  ProgressMeter -           19:4153125             67.8               4397390          64899.2
14:50:31.719 INFO  ProgressMeter -           19:5143389             67.9               4402210          64810.6
14:50:47.570 INFO  ProgressMeter -           19:5494200             68.2               4403880          64584.0
14:51:00.279 INFO  ProgressMeter -           19:5802016             68.4               4405550          64408.4
14:51:10.300 INFO  ProgressMeter -           19:6910636             68.6               4410510          64323.9
14:51:20.431 INFO  ProgressMeter -           19:7534967             68.7               4413600          64210.8
14:51:30.556 INFO  ProgressMeter -           19:8917445             68.9               4418970          64131.5
14:51:40.872 INFO  ProgressMeter -           19:9006889             69.1               4419660          63981.9
14:51:50.878 INFO  ProgressMeter -           19:9876435             69.2               4422720          63872.0
14:52:01.294 INFO  ProgressMeter -          19:10623135             69.4               4426030          63759.9
14:52:11.864 INFO  ProgressMeter -          19:12588544             69.6               4433400          63704.4
14:52:21.866 INFO  ProgressMeter -          19:17114380             69.8               4449490          63782.8
14:52:37.324 INFO  ProgressMeter -          19:20373808             70.0               4460920          63711.4
14:52:47.325 INFO  ProgressMeter -          19:24121541             70.2               4474430          63752.6
14:52:57.337 INFO  ProgressMeter -          19:29348781             70.4               4493330          63870.0
14:53:07.342 INFO  ProgressMeter -          19:32823859             70.5               4506350          63903.6
14:53:17.421 INFO  ProgressMeter -          19:36892251             70.7               4521120          63960.7
14:53:27.525 INFO  ProgressMeter -          19:38041614             70.9               4526010          63877.7
14:53:38.012 INFO  ProgressMeter -          19:41215723             71.0               4537910          63888.0
14:53:48.044 INFO  ProgressMeter -          19:42605473             71.2               4543730          63819.7
14:53:58.058 INFO  ProgressMeter -          19:44396834             71.4               4550810          63769.7
14:54:08.182 INFO  ProgressMeter -          19:46083454             71.5               4557690          63715.5
14:54:18.183 INFO  ProgressMeter -          19:47246201             71.7               4563060          63642.2
14:54:28.183 INFO  ProgressMeter -          19:48871206             71.9               4569210          63580.2
14:54:38.183 INFO  ProgressMeter -          19:55719814             72.0               4593280          63767.3
14:54:48.197 INFO  ProgressMeter -          19:58806150             72.2               4604910          63780.9
14:54:58.281 INFO  ProgressMeter -          19:60782067             72.4               4612270          63734.5
14:55:08.294 INFO  ProgressMeter -            2:4891961             72.5               4632220          63862.9
14:55:18.297 INFO  ProgressMeter -            2:6607282             72.7               4639180          63812.2
14:55:28.574 INFO  ProgressMeter -           2:13579191             72.9               4663610          63997.5
14:55:46.960 INFO  ProgressMeter -           2:13580170             73.2               4663620          63729.6
14:55:59.472 INFO  ProgressMeter -           2:13583635             73.4               4663650          63548.9
14:56:10.558 INFO  ProgressMeter -           2:20900254             73.6               4689400          63739.3
14:56:20.583 INFO  ProgressMeter -           2:24953320             73.7               4704370          63797.9
14:56:30.700 INFO  ProgressMeter -           2:26396232             73.9               4710780          63739.1
14:56:40.711 INFO  ProgressMeter -           2:28018511             74.1               4717410          63685.0
14:56:50.711 INFO  ProgressMeter -           2:29538052             74.2               4723390          63622.6
14:57:02.184 INFO  ProgressMeter -           2:30069882             74.4               4726000          63494.2
14:57:12.198 INFO  ProgressMeter -           2:31040886             74.6               4730590          63413.7
14:57:22.200 INFO  ProgressMeter -           2:32596977             74.8               4737540          63365.3
14:57:32.209 INFO  ProgressMeter -           2:33800501             74.9               4742740          63293.6
14:57:42.295 INFO  ProgressMeter -           2:35191112             75.1               4748430          63227.7
14:57:52.301 INFO  ProgressMeter -           2:38738516             75.3               4761780          63265.0
14:58:02.301 INFO  ProgressMeter -           2:49413326             75.4               4798690          63614.5
14:58:12.352 INFO  ProgressMeter -           2:53152918             75.6               4812360          63654.3
14:58:22.352 INFO  ProgressMeter -           2:60277996             75.8               4837510          63846.3
14:58:32.353 INFO  ProgressMeter -           2:65118100             75.9               4854810          63933.9
14:58:42.556 INFO  ProgressMeter -           2:69863575             76.1               4871940          64016.2
14:58:52.584 INFO  ProgressMeter -           2:71838616             76.3               4879820          63979.2
14:59:02.598 INFO  ProgressMeter -           2:74860117             76.4               4891290          63989.6
14:59:13.208 INFO  ProgressMeter -           2:75662192             76.6               4894090          63878.4
14:59:31.334 INFO  ProgressMeter -           2:75665361             76.9               4894120          63627.9
14:59:41.336 INFO  ProgressMeter -           2:80356485             77.1               4911150          63711.3
14:59:52.170 INFO  ProgressMeter -           2:83883209             77.3               4923690          63724.7
15:00:03.069 INFO  ProgressMeter -           2:85043730             77.4               4928350          63635.4
15:00:13.287 INFO  ProgressMeter -           2:91020492             77.6               4949310          63765.8
15:00:23.296 INFO  ProgressMeter -           2:92216653             77.8               4954860          63700.4
15:00:33.300 INFO  ProgressMeter -           2:99632042             78.0               4980900          63898.2
15:00:49.145 INFO  ProgressMeter -          2:103766977             78.2               4995760          63872.4
15:00:59.155 INFO  ProgressMeter -          2:104830160             78.4               5000250          63793.8
15:01:09.348 INFO  ProgressMeter -          2:110033775             78.6               5018640          63889.9
15:01:19.348 INFO  ProgressMeter -          2:117118633             78.7               5043610          64071.8
15:01:29.433 INFO  ProgressMeter -          2:118819241             78.9               5049990          64016.2
15:01:39.435 INFO  ProgressMeter -          2:119467116             79.1               5053230          63922.2
15:01:49.447 INFO  ProgressMeter -          2:119950463             79.2               5055790          63819.9
15:01:59.587 INFO  ProgressMeter -          2:120737141             79.4               5059640          63732.5
15:02:09.640 INFO  ProgressMeter -          2:121432549             79.6               5063140          63642.3
15:02:19.654 INFO  ProgressMeter -          2:121492057             79.7               5063470          63513.2
15:02:30.563 INFO  ProgressMeter -          2:122151886             79.9               5066470          63406.2
15:02:40.563 INFO  ProgressMeter -          2:124660382             80.1               5075490          63386.9
15:02:50.577 INFO  ProgressMeter -          2:126737979             80.2               5083660          63356.9
15:03:00.596 INFO  ProgressMeter -          2:127830075             80.4               5088500          63285.5
15:03:10.622 INFO  ProgressMeter -          2:129283243             80.6               5094650          63230.6
15:03:20.635 INFO  ProgressMeter -          2:130396294             80.7               5098790          63151.1
15:03:30.639 INFO  ProgressMeter -          2:131019576             80.9               5102040          63061.2
15:03:40.639 INFO  ProgressMeter -          2:135921382             81.1               5119720          63149.6
15:03:50.784 INFO  ProgressMeter -          2:143989876             81.2               5147750          63363.2
15:04:00.789 INFO  ProgressMeter -          2:146902151             81.4               5158640          63367.2
15:04:10.789 INFO  ProgressMeter -          2:151553752             81.6               5175510          63444.5
15:04:20.795 INFO  ProgressMeter -          2:153299308             81.7               5182570          63401.4
15:04:31.159 INFO  ProgressMeter -          2:154878827             81.9               5189100          63347.5
15:04:41.168 INFO  ProgressMeter -          2:155875590             82.1               5193600          63273.5
15:04:51.178 INFO  ProgressMeter -          2:156156065             82.2               5195170          63164.3
15:05:01.185 INFO  ProgressMeter -          2:156548277             82.4               5197180          63060.9
15:05:11.200 INFO  ProgressMeter -          2:158458283             82.6               5205060          63028.8
15:05:21.202 INFO  ProgressMeter -          2:163418641             82.7               5222700          63115.0
15:05:31.205 INFO  ProgressMeter -          2:165029023             82.9               5229390          63068.8
15:05:41.224 INFO  ProgressMeter -          2:167056155             83.1               5237450          63039.0
15:05:51.257 INFO  ProgressMeter -          2:172466696             83.2               5256860          63145.6
15:06:05.490 INFO  ProgressMeter -          2:174347999             83.5               5263970          63051.3
15:06:15.931 INFO  ProgressMeter -          2:180258095             83.7               5285130          63173.1
15:06:25.931 INFO  ProgressMeter -          2:181665853             83.8               5291300          63121.1
15:06:54.923 INFO  ProgressMeter -            3:5862316             84.3               5312740          63013.6
15:07:04.923 INFO  ProgressMeter -           3:15033118             84.5               5344550          63265.9
15:07:14.923 INFO  ProgressMeter -           3:23339483             84.6               5373220          63480.0
15:07:24.952 INFO  ProgressMeter -           3:31047859             84.8               5400170          63672.7
15:07:34.959 INFO  ProgressMeter -           3:35916988             85.0               5417510          63751.7
15:07:44.959 INFO  ProgressMeter -           3:40240283             85.1               5433090          63809.9
15:07:54.985 INFO  ProgressMeter -           3:49743856             85.3               5465720          64067.4
15:08:04.994 INFO  ProgressMeter -           3:51486431             85.5               5472300          64019.4
15:08:15.224 INFO  ProgressMeter -           3:54729157             85.6               5484310          64032.2
15:08:25.231 INFO  ProgressMeter -           3:57508011             85.8               5494650          64028.2
15:08:43.526 INFO  ProgressMeter -           3:58523952             86.1               5498870          63850.5
15:09:06.735 INFO  ProgressMeter -           3:58592523             86.5               5499310          63570.1
15:09:16.751 INFO  ProgressMeter -           3:63948024             86.7               5518130          63664.8
15:09:26.757 INFO  ProgressMeter -           3:66980391             86.8               5528880          63666.3
15:09:36.876 INFO  ProgressMeter -           3:69036905             87.0               5536560          63631.2
15:09:46.889 INFO  ProgressMeter -           3:79466944             87.2               5572280          63919.1
15:09:56.895 INFO  ProgressMeter -           3:84862304             87.3               5591700          64019.4
15:10:06.906 INFO  ProgressMeter -           3:87089552             87.5               5599960          63991.7
15:10:16.909 INFO  ProgressMeter -           3:87965601             87.7               5603660          63912.3
15:10:26.941 INFO  ProgressMeter -           3:88565176             87.8               5606650          63824.7
15:10:36.955 INFO  ProgressMeter -           3:89168961             88.0               5609830          63739.8
15:10:46.962 INFO  ProgressMeter -           3:90047052             88.2               5613910          63665.5
15:10:56.962 INFO  ProgressMeter -           3:90565575             88.3               5616630          63576.1
15:11:06.962 INFO  ProgressMeter -           3:92821487             88.5               5624350          63543.6
15:11:16.971 INFO  ProgressMeter -           3:95013993             88.7               5632760          63519.0
15:11:27.018 INFO  ProgressMeter -           3:95736306             88.8               5636510          63441.4
15:11:37.019 INFO  ProgressMeter -           3:96665518             89.0               5640890          63371.9
15:11:47.214 INFO  ProgressMeter -           3:99354921             89.2               5651480          63369.9
15:11:57.663 INFO  ProgressMeter -          3:103040113             89.4               5664930          63396.9
15:12:07.695 INFO  ProgressMeter -          3:104013821             89.5               5669220          63326.4
15:12:17.698 INFO  ProgressMeter -          3:106605448             89.7               5679180          63319.7
15:12:27.723 INFO  ProgressMeter -          3:108108935             89.9               5685080          63267.6
15:12:37.730 INFO  ProgressMeter -          3:109522165             90.0               5690860          63214.6
15:12:47.731 INFO  ProgressMeter -          3:116749844             90.2               5716090          63377.6
15:12:57.804 INFO  ProgressMeter -          3:122015571             90.4               5734720          63466.0
15:13:07.871 INFO  ProgressMeter -          3:126364080             90.5               5750380          63521.3
15:13:17.879 INFO  ProgressMeter -          3:127586870             90.7               5755660          63462.7
15:13:27.882 INFO  ProgressMeter -          3:131112616             90.9               5768400          63486.5
15:13:37.883 INFO  ProgressMeter -          3:135482558             91.0               5784200          63543.8
15:13:47.898 INFO  ProgressMeter -          3:138459991             91.2               5795230          63548.5
15:13:57.911 INFO  ProgressMeter -          3:142797292             91.4               5810790          63602.7
15:14:07.998 INFO  ProgressMeter -          3:145647480             91.5               5821110          63598.6
15:14:18.019 INFO  ProgressMeter -          3:152227870             91.7               5844150          63734.0
15:14:28.066 INFO  ProgressMeter -          3:157548706             91.9               5863010          63823.2
15:14:38.110 INFO  ProgressMeter -            4:3834392             92.0               5885010          63946.1
15:14:48.114 INFO  ProgressMeter -           4:11169517             92.2               5910680          64108.9
15:14:58.114 INFO  ProgressMeter -           4:17559102             92.4               5933550          64240.8
15:15:08.114 INFO  ProgressMeter -           4:27305308             92.5               5967350          64490.4
15:15:18.116 INFO  ProgressMeter -           4:34717543             92.7               5993590          64657.5
15:15:28.128 INFO  ProgressMeter -           4:41217821             92.9               6016530          64788.4
15:15:38.140 INFO  ProgressMeter -           4:43549567             93.0               6025730          64771.1
15:15:48.142 INFO  ProgressMeter -           4:46457789             93.2               6037150          64777.7
15:15:58.181 INFO  ProgressMeter -           4:52475453             93.4               6058430          64889.6
15:16:08.192 INFO  ProgressMeter -           4:56776833             93.5               6073830          64938.5
15:16:18.217 INFO  ProgressMeter -           4:58816151             93.7               6081500          64904.5
15:16:28.234 INFO  ProgressMeter -           4:63319088             93.9               6097850          64963.3
15:16:38.289 INFO  ProgressMeter -           4:80954573             94.0               6157720          65484.2
15:16:48.357 INFO  ProgressMeter -           4:85068818             94.2               6172650          65526.0
15:17:00.096 INFO  ProgressMeter -           4:86856394             94.4               6179090          65458.4
15:17:10.108 INFO  ProgressMeter -           4:94653105             94.6               6206320          65630.9
15:17:21.960 INFO  ProgressMeter -           4:94966285             94.8               6207840          65510.1
15:17:32.014 INFO  ProgressMeter -           4:95051914             94.9               6208270          65399.0
15:17:42.028 INFO  ProgressMeter -           4:99006054             95.1               6222730          65436.3
15:17:52.044 INFO  ProgressMeter -           4:99931070             95.3               6226620          65362.4
15:18:02.049 INFO  ProgressMeter -          4:106386458             95.4               6249570          65488.7
15:18:12.091 INFO  ProgressMeter -          4:108718717             95.6               6259160          65474.4
15:18:22.100 INFO  ProgressMeter -          4:111454336             95.8               6269350          65466.7
15:18:32.259 INFO  ProgressMeter -          4:115764724             95.9               6284460          65508.7
15:18:43.540 INFO  ProgressMeter -          4:115774978             96.1               6284540          65381.4
15:18:53.555 INFO  ProgressMeter -          4:115916917             96.3               6285450          65277.5
15:19:04.225 INFO  ProgressMeter -          4:116699560             96.5               6289040          65194.4
15:19:14.236 INFO  ProgressMeter -          4:118099799             96.6               6294840          65141.8
15:19:25.723 INFO  ProgressMeter -          4:119279299             96.8               6299600          65062.2
15:19:35.730 INFO  ProgressMeter -          4:123134898             97.0               6313690          65095.6
15:19:45.730 INFO  ProgressMeter -          4:125538531             97.2               6323170          65081.5
15:19:55.777 INFO  ProgressMeter -          4:127029645             97.3               6329420          65033.7
15:20:05.780 INFO  ProgressMeter -          4:129375841             97.5               6338280          65013.4
15:20:15.830 INFO  ProgressMeter -          4:129720788             97.7               6340010          64919.6
15:20:25.856 INFO  ProgressMeter -          4:130824312             97.8               6344620          64855.8
15:20:35.877 INFO  ProgressMeter -          4:133189116             98.0               6354070          64841.7
15:20:45.937 INFO  ProgressMeter -          4:134427707             98.2               6359460          64785.9
15:20:57.298 INFO  ProgressMeter -          4:135321059             98.4               6363110          64698.3
15:21:07.308 INFO  ProgressMeter -          4:136579307             98.5               6368420          64642.6
15:21:17.352 INFO  ProgressMeter -          4:137566073             98.7               6372460          64573.9
15:21:27.375 INFO  ProgressMeter -          4:138242334             98.9               6375500          64495.5
15:21:37.414 INFO  ProgressMeter -          4:139648966             99.0               6381300          64445.1
15:21:47.428 INFO  ProgressMeter -          4:141583602             99.2               6388980          64414.1
15:21:57.431 INFO  ProgressMeter -          4:146613940             99.4               6407180          64489.2
15:22:07.845 INFO  ProgressMeter -          4:148618360             99.5               6415160          64456.9
15:22:17.931 INFO  ProgressMeter -          4:150245206             99.7               6421920          64416.0
15:22:27.952 INFO  ProgressMeter -          4:152405215             99.9               6430590          64395.1
15:22:37.967 INFO  ProgressMeter -          4:155747201            100.0               6442970          64411.4
15:22:47.977 INFO  ProgressMeter -          4:156114267            100.2               6444890          64323.4
15:22:58.503 INFO  ProgressMeter -            5:3237879            100.4               6457370          64335.3
15:23:09.348 INFO  ProgressMeter -            5:5782835            100.6               6467330          64318.7
15:23:22.296 INFO  ProgressMeter -            5:5784864            100.8               6467340          64181.0
15:23:32.296 INFO  ProgressMeter -           5:19350676            100.9               6513860          64535.9
15:23:42.300 INFO  ProgressMeter -           5:23631615            101.1               6529540          64584.6
15:23:52.310 INFO  ProgressMeter -           5:24159893            101.3               6531950          64502.0
15:24:02.310 INFO  ProgressMeter -           5:29123489            101.4               6549930          64573.3
15:24:12.324 INFO  ProgressMeter -           5:31189264            101.6               6558360          64550.2
15:24:22.324 INFO  ProgressMeter -           5:33182350            101.8               6566440          64523.9
15:24:32.324 INFO  ProgressMeter -           5:34708336            101.9               6572920          64481.9
15:24:42.334 INFO  ProgressMeter -           5:38267935            102.1               6586310          64507.7
15:24:52.344 INFO  ProgressMeter -           5:45522799            102.3               6611600          64649.8
15:25:02.358 INFO  ProgressMeter -           5:52842706            102.4               6637200          64794.3
15:25:12.384 INFO  ProgressMeter -           5:64336150            102.6               6676650          65073.3
15:25:23.198 INFO  ProgressMeter -           5:65417281            102.8               6681000          65001.5
15:25:33.534 INFO  ProgressMeter -           5:67395354            103.0               6689030          64970.8
15:25:43.540 INFO  ProgressMeter -           5:74517932            103.1               6714090          65108.7
15:25:57.039 INFO  ProgressMeter -           5:76968067            103.3               6723550          65058.5
15:26:07.201 INFO  ProgressMeter -           5:86816830            103.5               6757290          65278.0
15:26:17.210 INFO  ProgressMeter -           5:91054129            103.7               6772770          65322.3
15:26:27.229 INFO  ProgressMeter -           5:92442832            103.8               6778310          65270.6
15:26:39.902 INFO  ProgressMeter -           5:93183603            104.1               6781130          65165.2
15:26:54.099 INFO  ProgressMeter -           5:99966521            104.3               6804800          65244.3
15:27:04.102 INFO  ProgressMeter -          5:102552657            104.5               6814710          65235.1
15:27:14.128 INFO  ProgressMeter -          5:104520981            104.6               6822060          65201.1
15:27:24.129 INFO  ProgressMeter -          5:107153704            104.8               6832030          65192.5
15:27:34.199 INFO  ProgressMeter -          5:108107481            105.0               6836050          65126.6
15:27:44.221 INFO  ProgressMeter -          5:110140666            105.1               6844250          65101.1
15:27:54.806 INFO  ProgressMeter -          5:111388697            105.3               6850010          65046.8
15:28:04.812 INFO  ProgressMeter -          5:114635454            105.5               6862370          65061.1
15:28:14.998 INFO  ProgressMeter -          5:115555721            105.6               6866720          64997.7
15:28:25.005 INFO  ProgressMeter -          5:118728917            105.8               6878670          65008.2
15:28:35.059 INFO  ProgressMeter -          5:121445413            106.0               6889090          65003.8
15:28:45.175 INFO  ProgressMeter -          5:122457989            106.1               6893530          64942.3
15:28:55.230 INFO  ProgressMeter -          5:123709031            106.3               6899250          64893.8
15:29:05.909 INFO  ProgressMeter -          5:124461336            106.5               6902880          64819.4
15:29:15.914 INFO  ProgressMeter -          5:125316082            106.7               6906670          64753.6
15:29:36.103 INFO  ProgressMeter -          5:129023204            107.0               6919470          64669.6
15:29:49.075 INFO  ProgressMeter -          5:129792546            107.2               6922500          64567.4
15:29:59.075 INFO  ProgressMeter -          5:132701151            107.4               6933040          64565.4
15:30:09.079 INFO  ProgressMeter -          5:135437150            107.5               6943560          64563.1
15:30:19.081 INFO  ProgressMeter -          5:136995674            107.7               6950130          64524.2
15:30:29.086 INFO  ProgressMeter -          5:138133326            107.9               6955130          64470.8
15:30:39.109 INFO  ProgressMeter -          5:139825693            108.0               6961910          64433.9
15:31:56.491 INFO  ProgressMeter -          5:142904309            109.3               6973580          63780.6
15:32:29.989 INFO  ProgressMeter -          5:142905761            109.9               6973590          63456.6
15:32:41.556 INFO  ProgressMeter -          5:143506459            110.1               6976080          63368.1
15:32:51.621 INFO  ProgressMeter -          5:145128564            110.3               6983000          63334.5
15:33:02.602 INFO  ProgressMeter -          5:146262186            110.4               6987300          63268.4
15:33:12.608 INFO  ProgressMeter -          5:148543636            110.6               6995950          63251.3
15:33:22.609 INFO  ProgressMeter -          5:150533043            110.8               7003290          63222.3
15:33:33.357 INFO  ProgressMeter -            6:3202607            111.0               7019020          63262.0
15:33:43.360 INFO  ProgressMeter -            6:6567673            111.1               7031550          63279.9
15:33:53.415 INFO  ProgressMeter -           6:13089381            111.3               7054420          63390.1
15:34:03.447 INFO  ProgressMeter -           6:17656482            111.5               7070660          63440.7
15:34:13.472 INFO  ProgressMeter -           6:25749045            111.6               7098550          63595.6
15:34:23.489 INFO  ProgressMeter -           6:29411673            111.8               7111610          63617.5
15:34:33.546 INFO  ProgressMeter -           6:30489353            112.0               7116440          63565.4
15:34:47.196 INFO  ProgressMeter -           6:34746509            112.2               7132460          63579.3
15:34:57.475 INFO  ProgressMeter -           6:34775349            112.4               7132670          63484.2
15:35:07.538 INFO  ProgressMeter -           6:37958657            112.5               7144230          63492.3
15:35:17.544 INFO  ProgressMeter -           6:39420303            112.7               7150660          63455.4
15:35:27.557 INFO  ProgressMeter -           6:47515271            112.9               7178980          63612.5
15:35:37.625 INFO  ProgressMeter -           6:49134808            113.0               7185830          63578.7
15:35:47.626 INFO  ProgressMeter -           6:50226836            113.2               7189960          63521.5
15:36:04.528 INFO  ProgressMeter -           6:51464024            113.5               7194470          63403.6
15:36:26.777 INFO  ProgressMeter -           6:51466456            113.8               7194490          63197.2
15:36:36.797 INFO  ProgressMeter -           6:55057168            114.0               7207850          63221.8
15:36:46.797 INFO  ProgressMeter -           6:62796863            114.2               7234770          63365.3
15:36:56.803 INFO  ProgressMeter -           6:67265767            114.3               7250410          63409.7
15:37:06.804 INFO  ProgressMeter -           6:71274924            114.5               7264080          63436.8
15:37:17.890 INFO  ProgressMeter -           6:72432942            114.7               7269200          63379.2
15:37:27.939 INFO  ProgressMeter -           6:72958923            114.9               7271520          63307.0
15:37:37.999 INFO  ProgressMeter -           6:83109978            115.0               7306120          63515.5
15:37:48.000 INFO  ProgressMeter -           6:84852303            115.2               7313310          63486.0
15:37:58.028 INFO  ProgressMeter -           6:86650503            115.4               7320610          63457.3
15:38:24.897 INFO  ProgressMeter -           6:87844909            115.8               7325790          63256.7
15:38:34.908 INFO  ProgressMeter -           6:88838807            116.0               7329760          63199.9
15:38:45.611 INFO  ProgressMeter -           6:91464667            116.2               7339620          63187.7
15:38:55.616 INFO  ProgressMeter -           6:92703909            116.3               7344560          63139.6
15:39:05.625 INFO  ProgressMeter -           6:97654106            116.5               7362440          63202.7
15:39:15.646 INFO  ProgressMeter -          6:108394108            116.7               7399330          63428.4
15:39:25.764 INFO  ProgressMeter -          6:113389438            116.8               7417350          63491.1
15:39:35.783 INFO  ProgressMeter -          6:115978648            117.0               7427500          63487.3
15:39:45.859 INFO  ProgressMeter -          6:118390129            117.2               7436680          63474.6
15:39:55.918 INFO  ProgressMeter -          6:119991787            117.3               7443350          63440.8
15:40:05.926 INFO  ProgressMeter -          6:124401285            117.5               7459660          63489.5
15:40:16.082 INFO  ProgressMeter -          6:125102126            117.7               7463040          63426.9
15:40:26.146 INFO  ProgressMeter -          6:125313082            117.8               7464290          63347.3
15:40:36.549 INFO  ProgressMeter -          6:127129880            118.0               7470930          63310.4
15:40:46.551 INFO  ProgressMeter -          6:131219820            118.2               7485840          63347.3
15:40:56.642 INFO  ProgressMeter -          6:133124436            118.3               7492560          63314.1
15:41:06.697 INFO  ProgressMeter -          6:135083971            118.5               7500220          63289.2
15:41:16.864 INFO  ProgressMeter -          6:136825696            118.7               7506600          63252.6
15:41:27.661 INFO  ProgressMeter -          6:140651798            118.9               7520160          63270.9
15:41:37.762 INFO  ProgressMeter -          6:145218715            119.0               7536460          63318.3
15:41:47.960 INFO  ProgressMeter -          6:146550545            119.2               7541550          63270.7
15:41:57.982 INFO  ProgressMeter -          6:147018468            119.4               7543870          63201.6
15:42:07.982 INFO  ProgressMeter -          6:149024314            119.5               7551430          63176.8
15:42:20.426 INFO  ProgressMeter -            7:3706872            119.7               7567020          63197.5
15:42:30.561 INFO  ProgressMeter -           7:10488617            119.9               7590920          63307.8
15:42:40.570 INFO  ProgressMeter -           7:16124680            120.1               7610790          63385.4
15:42:50.581 INFO  ProgressMeter -           7:19227957            120.2               7622700          63396.5
15:43:00.592 INFO  ProgressMeter -           7:24922959            120.4               7643380          63480.4
15:43:10.596 INFO  ProgressMeter -           7:27191443            120.6               7652140          63465.2
15:43:21.471 INFO  ProgressMeter -           7:28353340            120.8               7657320          63412.9
15:43:32.278 INFO  ProgressMeter -           7:29174700            120.9               7661000          63348.8
15:43:42.725 INFO  ProgressMeter -           7:30059357            121.1               7664810          63289.2
15:43:52.886 INFO  ProgressMeter -           7:30626464            121.3               7667560          63223.5
15:44:02.984 INFO  ProgressMeter -           7:35425137            121.4               7684800          63277.9
15:44:13.204 INFO  ProgressMeter -           7:39573461            121.6               7699620          63311.1
15:44:23.206 INFO  ProgressMeter -           7:44971627            121.8               7719140          63384.7
15:44:33.210 INFO  ProgressMeter -           7:45375910            121.9               7721210          63315.0
15:44:43.231 INFO  ProgressMeter -           7:46801803            122.1               7727110          63276.8
15:44:53.244 INFO  ProgressMeter -           7:55922710            122.3               7758770          63449.3
15:45:03.244 INFO  ProgressMeter -           7:65012779            122.4               7790280          63620.3
15:45:13.283 INFO  ProgressMeter -           7:70354592            122.6               7809480          63690.1
15:45:23.291 INFO  ProgressMeter -           7:79414901            122.8               7841000          63860.2
15:45:33.384 INFO  ProgressMeter -           7:80393022            123.0               7845420          63808.8
15:45:43.393 INFO  ProgressMeter -           7:81585234            123.1               7850440          63763.1
15:45:53.471 INFO  ProgressMeter -           7:89976701            123.3               7879820          63914.6
15:46:03.470 INFO  ProgressMeter -           7:97628494            123.5               7906650          64045.6
15:46:14.344 INFO  ProgressMeter -           7:99346850            123.6               7913660          64008.4
15:46:24.454 INFO  ProgressMeter -          7:101402514            123.8               7922140          63989.8
15:46:34.454 INFO  ProgressMeter -          7:103990802            124.0               7932000          63983.3
15:46:44.463 INFO  ProgressMeter -          7:109738446            124.1               7952340          64061.2
15:46:54.927 INFO  ProgressMeter -          7:111073097            124.3               7957820          64015.4
15:47:06.457 INFO  ProgressMeter -          7:111074643            124.5               7957830          63916.7
15:47:16.459 INFO  ProgressMeter -          7:112158419            124.7               7961730          63862.5
15:47:26.459 INFO  ProgressMeter -          7:115460719            124.8               7973940          63875.0
15:47:36.469 INFO  ProgressMeter -          7:118487540            125.0               7984920          63877.6
15:47:46.494 INFO  ProgressMeter -          7:122161984            125.2               7998820          63903.4
15:47:56.573 INFO  ProgressMeter -          7:126497531            125.3               8014580          63943.5
15:48:06.582 INFO  ProgressMeter -          7:127419197            125.5               8018760          63891.8
15:48:16.585 INFO  ProgressMeter -          7:128541845            125.7               8023920          63848.1
15:48:26.605 INFO  ProgressMeter -          7:132566732            125.8               8038790          63881.6
15:48:37.129 INFO  ProgressMeter -          7:135700472            126.0               8050370          63884.5
15:48:47.146 INFO  ProgressMeter -          7:141256841            126.2               8070400          63958.7
15:48:57.165 INFO  ProgressMeter -          7:143640397            126.3               8079690          63947.7
15:49:07.173 INFO  ProgressMeter -            8:3517993            126.5               8098730          64013.9
15:49:17.205 INFO  ProgressMeter -            8:9989949            126.7               8121430          64108.6
15:49:27.802 INFO  ProgressMeter -           8:13168037            126.9               8133450          64114.1
15:49:42.891 INFO  ProgressMeter -           8:15520462            127.1               8142310          64057.0
15:49:53.158 INFO  ProgressMeter -           8:20283815            127.3               8158920          64101.4
15:50:03.230 INFO  ProgressMeter -           8:22932478            127.4               8168880          64095.1
15:50:13.280 INFO  ProgressMeter -           8:25823344            127.6               8179820          64096.7
15:50:24.485 INFO  ProgressMeter -           8:31160467            127.8               8198740          64151.1
15:50:34.527 INFO  ProgressMeter -           8:34090678            128.0               8209720          64153.0
15:50:44.877 INFO  ProgressMeter -           8:36103704            128.1               8217220          64125.1
15:50:54.899 INFO  ProgressMeter -           8:40962218            128.3               8234410          64175.6
15:51:04.905 INFO  ProgressMeter -           8:45100706            128.5               8248980          64205.7
15:51:18.968 INFO  ProgressMeter -           8:46208580            128.7               8253210          64121.7
15:51:28.968 INFO  ProgressMeter -           8:54755295            128.9               8282930          64269.4
15:51:38.975 INFO  ProgressMeter -           8:61971243            129.0               8308210          64382.2
15:51:49.105 INFO  ProgressMeter -           8:68905087            129.2               8332290          64484.4
15:51:59.257 INFO  ProgressMeter -           8:69895205            129.4               8336510          64432.7
15:52:10.050 INFO  ProgressMeter -           8:70509683            129.6               8339860          64369.1
15:52:30.295 INFO  ProgressMeter -           8:70896503            129.9               8341790          64216.8
15:52:40.525 INFO  ProgressMeter -           8:72145093            130.1               8347150          64173.8
15:52:50.532 INFO  ProgressMeter -           8:72180083            130.2               8347350          64093.2
15:53:00.532 INFO  ProgressMeter -           8:75182912            130.4               8358900          64099.8
15:53:10.546 INFO  ProgressMeter -           8:80111367            130.6               8376530          64152.9
15:53:20.640 INFO  ProgressMeter -           8:83663124            130.7               8389330          64168.3
15:53:30.709 INFO  ProgressMeter -           8:84674467            130.9               8393770          64119.9
15:53:48.476 INFO  ProgressMeter -           8:84843488            131.2               8394750          63982.7
15:53:58.481 INFO  ProgressMeter -           8:85065938            131.4               8396230          63912.7
15:54:09.086 INFO  ProgressMeter -           8:85540979            131.5               8398310          63842.7
15:54:19.131 INFO  ProgressMeter -           8:88343057            131.7               8408940          63842.2
15:54:29.189 INFO  ProgressMeter -           8:92832171            131.9               8425070          63883.4
15:54:39.194 INFO  ProgressMeter -           8:94792432            132.0               8432900          63862.0
15:54:49.194 INFO  ProgressMeter -          8:100921541            132.2               8454600          63945.6
15:54:59.226 INFO  ProgressMeter -          8:105525111            132.4               8471140          63989.8
15:55:09.226 INFO  ProgressMeter -          8:106475479            132.5               8475790          63944.4
15:55:19.226 INFO  ProgressMeter -          8:107757257            132.7               8481390          63906.3
15:55:29.268 INFO  ProgressMeter -          8:110980500            132.9               8493610          63917.8
15:55:39.323 INFO  ProgressMeter -          8:111832972            133.1               8497680          63867.9
15:55:49.328 INFO  ProgressMeter -          8:119040559            133.2               8523250          63979.9
15:55:59.458 INFO  ProgressMeter -          8:121881669            133.4               8534130          63980.4
15:56:09.475 INFO  ProgressMeter -          8:123044298            133.6               8539230          63938.7
15:56:19.497 INFO  ProgressMeter -          8:123914572            133.7               8543280          63889.1
15:56:29.502 INFO  ProgressMeter -          8:124709066            133.9               8546710          63835.1
15:56:39.502 INFO  ProgressMeter -          8:125775392            134.1               8551040          63788.1
15:56:49.507 INFO  ProgressMeter -          8:128733236            134.2               8561690          63788.2
15:56:59.507 INFO  ProgressMeter -            9:8176029            134.4               8592620          63939.2
15:57:09.513 INFO  ProgressMeter -           9:15284799            134.6               8617710          64046.4
15:57:19.626 INFO  ProgressMeter -           9:20897324            134.7               8637600          64113.9
15:57:29.627 INFO  ProgressMeter -           9:21594263            134.9               8641150          64061.0
15:57:39.681 INFO  ProgressMeter -           9:24414276            135.1               8651920          64061.3
15:57:49.703 INFO  ProgressMeter -           9:27100263            135.2               8661600          64053.7
15:57:59.931 INFO  ProgressMeter -           9:35050198            135.4               8689250          64177.3
15:58:09.941 INFO  ProgressMeter -           9:37631567            135.6               8699170          64171.5
15:58:25.459 INFO  ProgressMeter -           9:40804401            135.8               8710470          64132.5
15:58:35.483 INFO  ProgressMeter -           9:44121276            136.0               8722610          64143.0
15:58:46.127 INFO  ProgressMeter -           9:44638778            136.2               8725110          64077.8
15:58:56.129 INFO  ProgressMeter -           9:45982388            136.3               8730730          64040.7
15:59:06.143 INFO  ProgressMeter -           9:50757959            136.5               8748120          64089.8
15:59:16.161 INFO  ProgressMeter -           9:53615777            136.7               8758780          64089.5
15:59:26.163 INFO  ProgressMeter -           9:56342116            136.8               8769350          64088.6
15:59:36.176 INFO  ProgressMeter -           9:58887102            137.0               8779560          64085.1
15:59:46.189 INFO  ProgressMeter -           9:60877665            137.2               8787290          64063.5
15:59:56.740 INFO  ProgressMeter -           9:64177682            137.3               8799520          64070.5
16:00:07.193 INFO  ProgressMeter -           9:65902200            137.5               8806700          64041.5
16:00:18.326 INFO  ProgressMeter -           9:67023136            137.7               8811380          63989.2
16:00:28.340 INFO  ProgressMeter -           9:70338763            137.9               8823470          63999.5
16:00:38.348 INFO  ProgressMeter -           9:72343461            138.0               8831380          63979.4
16:00:50.967 INFO  ProgressMeter -           9:72747810            138.2               8833350          63896.3
16:01:01.029 INFO  ProgressMeter -           9:75390098            138.4               8842930          63888.1
16:02:12.196 INFO  ProgressMeter -           9:78479497            139.6               8854050          63425.0
16:03:22.663 INFO  ProgressMeter -           9:78480886            140.8               8854060          62895.9
16:03:32.662 INFO  ProgressMeter -           9:83016428            140.9               8870370          62937.2
16:03:42.663 INFO  ProgressMeter -           9:87944923            141.1               8888090          62988.5
16:03:52.662 INFO  ProgressMeter -           9:92960295            141.3               8906010          63041.0
16:04:02.789 INFO  ProgressMeter -           9:96731949            141.4               8919940          63064.3
16:04:12.836 INFO  ProgressMeter -          9:100957961            141.6               8935670          63100.8
16:04:22.837 INFO  ProgressMeter -          9:104047252            141.8               8947030          63106.7
16:04:32.840 INFO  ProgressMeter -          9:106278595            141.9               8955460          63092.0
16:04:42.841 INFO  ProgressMeter -          9:107713939            142.1               8961470          63060.3
16:04:52.863 INFO  ProgressMeter -          9:108513128            142.3               8965380          63013.7
16:05:02.886 INFO  ProgressMeter -          9:109879387            142.4               8971080          62979.8
16:05:12.911 INFO  ProgressMeter -          9:111277962            142.6               8977180          62948.8
16:05:22.973 INFO  ProgressMeter -          9:116089270            142.8               8994480          62996.1
16:05:33.838 INFO  ProgressMeter -          9:120131077            143.0               9009230          63019.4
16:05:43.851 INFO  ProgressMeter -          9:123009138            143.1               9019990          63021.1
16:06:02.223 INFO  ProgressMeter -          9:123462432            143.4               9021820          62899.4
16:06:18.362 INFO  ProgressMeter -               MT:304            143.7               9026070          62811.2
16:08:49.785 INFO  ProgressMeter -              MT:2122            146.2               9026080          61727.2
16:11:00.350 INFO  ProgressMeter -              MT:3448            148.4               9026090          60822.1
16:13:04.619 INFO  ProgressMeter -              MT:5047            150.5               9026100          59985.0
16:14:44.303 INFO  ProgressMeter -              MT:6522            152.1               9026110          59330.0
16:15:37.456 INFO  ProgressMeter -             MT:11903            153.0               9026150          58986.8
16:17:09.268 INFO  ProgressMeter -             MT:13542            154.6               9026160          58402.8
16:18:54.818 INFO  ProgressMeter -             MT:15374            156.3               9026170          57745.6
16:19:05.273 INFO  ProgressMeter -            X:8144285            156.5               9054490          57862.3
16:19:15.322 INFO  ProgressMeter -           X:13203831            156.7               9072480          57915.3
16:19:25.331 INFO  ProgressMeter -           X:19763331            156.8               9094980          57997.1
16:19:35.331 INFO  ProgressMeter -           X:31033930            157.0               9133490          58180.9
16:19:45.341 INFO  ProgressMeter -           X:38415173            157.2               9159090          58282.0
16:19:55.364 INFO  ProgressMeter -           X:42267640            157.3               9172740          58306.9
16:20:05.380 INFO  ProgressMeter -           X:52051126            157.5               9206690          58460.7
16:20:15.380 INFO  ProgressMeter -           X:63286816            157.7               9245200          58643.1
16:20:25.390 INFO  ProgressMeter -           X:73458012            157.8               9280010          58801.7
16:20:35.753 INFO  ProgressMeter -           X:74229117            158.0               9283400          58758.9
16:20:47.678 INFO  ProgressMeter -           X:74272419            158.2               9283670          58686.8
16:20:57.692 INFO  ProgressMeter -           X:75791246            158.4               9289840          58663.9
16:21:07.729 INFO  ProgressMeter -           X:93587420            158.5               9350020          58981.6
16:21:17.742 INFO  ProgressMeter -           X:97334542            158.7               9363600          59005.1
16:21:27.756 INFO  ProgressMeter -          X:101653746            158.9               9379470          59043.0
16:21:38.883 INFO  ProgressMeter -          X:102188192            159.0               9381500          58987.0
16:21:48.967 INFO  ProgressMeter -          X:105847021            159.2               9395010          59009.6
16:21:58.967 INFO  ProgressMeter -          X:109389937            159.4               9407810          59028.2
16:22:08.970 INFO  ProgressMeter -          X:130463681            159.5               9478700          59410.8
16:22:19.140 INFO  ProgressMeter -          X:136246678            159.7               9499020          59475.0
16:22:29.140 INFO  ProgressMeter -          X:141702456            159.9               9518300          59533.6
16:22:39.150 INFO  ProgressMeter -          X:150985271            160.0               9550560          59673.1
16:22:49.185 INFO  ProgressMeter -          X:152272113            160.2               9556070          59645.2
16:22:59.186 INFO  ProgressMeter -          X:159555137            160.4               9581610          59742.4
16:23:09.204 INFO  ProgressMeter -          X:162781881            160.5               9593190          59752.4
16:23:19.229 INFO  ProgressMeter -          X:167347233            160.7               9609550          59792.1
16:23:29.229 INFO  ProgressMeter -            Y:5590810            160.9               9641430          59928.3
16:23:39.229 INFO  ProgressMeter -           Y:43368614            161.0               9767430          60648.7
16:23:49.229 INFO  ProgressMeter -           Y:79306448            161.2               9887270          61329.3
16:24:00.037 INFO  ProgressMeter -           Y:90811260            161.4               9925930          61500.4
16:24:08.750 INFO  Mutect2 - 7007863 read(s) filtered by: MappingQualityReadFilter 
0 read(s) filtered by: MappingQualityAvailableReadFilter 
0 read(s) filtered by: MappingQualityNotZeroReadFilter 
0 read(s) filtered by: MappedReadFilter 
0 read(s) filtered by: NotSecondaryAlignmentReadFilter 
0 read(s) filtered by: NotDuplicateReadFilter 
0 read(s) filtered by: PassesVendorQualityCheckReadFilter 
0 read(s) filtered by: NonChimericOriginalAlignmentReadFilter 
0 read(s) filtered by: NonZeroReferenceLengthAlignmentReadFilter 
0 read(s) filtered by: ReadLengthReadFilter 
0 read(s) filtered by: GoodCigarReadFilter 
0 read(s) filtered by: WellformedReadFilter 
7007863 total reads filtered
16:24:08.751 INFO  ProgressMeter -    JH584299.1:952207            161.5               9947612          61579.3
16:24:08.751 INFO  ProgressMeter - Traversal complete. Processed 9947612 total regions in 161.5 minutes.
16:24:08.858 INFO  VectorLoglessPairHMM - Time spent in setup for JNI call : 14.900653081000002
16:24:08.858 INFO  PairHMM - Total compute time in PairHMM computeLogLikelihoods() : 2754.321450723
16:24:08.858 INFO  SmithWatermanAligner - Total compute time in java Smith-Waterman : 1216.35 sec
16:24:08.859 INFO  Mutect2 - Shutting down engine
[September 20, 2022 at 4:24:08 PM MST] org.broadinstitute.hellbender.tools.walkers.mutect.Mutect2 done. Elapsed time: 161.55 minutes.
Runtime.totalMemory()=2046820352
Tool returned:
SUCCESS
Using GATK jar /home/eknodel/gatk-4.1.7.0/gatk-package-4.1.7.0-local.jar
Running:
    java -Dsamjdk.use_async_io_read_samtools=false -Dsamjdk.use_async_io_write_samtools=true -Dsamjdk.use_async_io_write_tribble=false -Dsamjdk.compression_level=2 -Xmx10G -jar /home/eknodel/gatk-4.1.7.0/gatk-package-4.1.7.0-local.jar Mutect2 -R /data/CEM/shared/public_data/references/ensemble_GRCm38.68/GRCm38_68.fa -I /scratch/eknodel/SCC_samples/cell_lines/Progeny/RNAseq/sorted_bam/483_sc_01_B6-1_366_211_S58_L003_RNA_HISAT2_genome_aligned_sortedbycoord_RG-splitreads.bam -O /scratch/eknodel/SCC_samples/cell_lines/Progeny/RNAseq/gatk_mutect2/483_sc_01_B6-1_366_211_S58_L003.somatic.vcf.gz --tmp-dir /data/CEM/shared/public_data/mouse_SCC_cell_lines
[Tue Sep 20 16:24:09 2022]
Finished job 0.
1 of 1 steps (100%) done
