Building DAG of jobs...
Using shell: /usr/bin/bash
Provided cores: 6
Rules claiming more threads will be scaled down.
Job counts:
	count	jobs
	1	tumor_only
	1

[Tue Sep 20 13:31:02 2022]
rule tumor_only:
    input: /data/CEM/shared/public_data/references/ensemble_GRCm38.68/GRCm38_68.fa, /scratch/eknodel/SCC_samples/cell_lines/Progeny/RNAseq/sorted_bam/483_sc_01_B6-2_354_223_S59_L003_RNA_HISAT2_genome_aligned_sortedbycoord_RG-splitreads.bam
    output: /scratch/eknodel/SCC_samples/cell_lines/Progeny/RNAseq/gatk_mutect2/483_sc_01_B6-2_354_223_S59_L003.somatic.vcf.gz
    jobid: 0
    wildcards: subject=483_sc_01_B6-2_354_223_S59_L003

13:31:05.180 INFO  NativeLibraryLoader - Loading libgkl_compression.so from jar:file:/home/eknodel/gatk-4.1.7.0/gatk-package-4.1.7.0-local.jar!/com/intel/gkl/native/libgkl_compression.so
Sep 20, 2022 1:31:05 PM shaded.cloud_nio.com.google.auth.oauth2.ComputeEngineCredentials runningOnComputeEngine
INFO: Failed to detect whether we are running on Google Compute Engine.
13:31:05.493 INFO  Mutect2 - ------------------------------------------------------------
13:31:05.494 INFO  Mutect2 - The Genome Analysis Toolkit (GATK) v4.1.7.0
13:31:05.494 INFO  Mutect2 - For support and documentation go to https://software.broadinstitute.org/gatk/
13:31:05.494 INFO  Mutect2 - Executing as eknodel@cg8-12.agave.rc.asu.edu on Linux v3.10.0-1160.21.1.el7.x86_64 amd64
13:31:05.494 INFO  Mutect2 - Java runtime: OpenJDK 64-Bit Server VM v11.0.1-internal+0-adhoc..src
13:31:05.494 INFO  Mutect2 - Start Date/Time: September 20, 2022 at 1:31:05 PM MST
13:31:05.494 INFO  Mutect2 - ------------------------------------------------------------
13:31:05.494 INFO  Mutect2 - ------------------------------------------------------------
13:31:05.495 INFO  Mutect2 - HTSJDK Version: 2.21.2
13:31:05.495 INFO  Mutect2 - Picard Version: 2.21.9
13:31:05.495 INFO  Mutect2 - HTSJDK Defaults.COMPRESSION_LEVEL : 2
13:31:05.495 INFO  Mutect2 - HTSJDK Defaults.USE_ASYNC_IO_READ_FOR_SAMTOOLS : false
13:31:05.495 INFO  Mutect2 - HTSJDK Defaults.USE_ASYNC_IO_WRITE_FOR_SAMTOOLS : true
13:31:05.495 INFO  Mutect2 - HTSJDK Defaults.USE_ASYNC_IO_WRITE_FOR_TRIBBLE : false
13:31:05.496 INFO  Mutect2 - Deflater: IntelDeflater
13:31:05.496 INFO  Mutect2 - Inflater: IntelInflater
13:31:05.496 INFO  Mutect2 - GCS max retries/reopens: 20
13:31:05.496 INFO  Mutect2 - Requester pays: disabled
13:31:05.496 INFO  Mutect2 - Initializing engine
WARNING: BAM index file /scratch/eknodel/SCC_samples/cell_lines/Progeny/RNAseq/sorted_bam/483_sc_01_B6-2_354_223_S59_L003_RNA_HISAT2_genome_aligned_sortedbycoord_RG-splitreads.bai is older than BAM /scratch/eknodel/SCC_samples/cell_lines/Progeny/RNAseq/sorted_bam/483_sc_01_B6-2_354_223_S59_L003_RNA_HISAT2_genome_aligned_sortedbycoord_RG-splitreads.bam
13:31:05.689 INFO  Mutect2 - Done initializing engine
13:31:05.706 INFO  NativeLibraryLoader - Loading libgkl_utils.so from jar:file:/home/eknodel/gatk-4.1.7.0/gatk-package-4.1.7.0-local.jar!/com/intel/gkl/native/libgkl_utils.so
13:31:05.758 INFO  NativeLibraryLoader - Loading libgkl_pairhmm_omp.so from jar:file:/home/eknodel/gatk-4.1.7.0/gatk-package-4.1.7.0-local.jar!/com/intel/gkl/native/libgkl_pairhmm_omp.so
13:31:05.824 INFO  IntelPairHmm - Flush-to-zero (FTZ) is enabled when running PairHMM
13:31:05.890 INFO  IntelPairHmm - Available threads: 6
13:31:05.890 INFO  IntelPairHmm - Requested threads: 4
13:31:05.890 INFO  PairHMM - Using the OpenMP multi-threaded AVX-accelerated native PairHMM implementation
13:31:05.945 INFO  ProgressMeter - Starting traversal
13:31:05.945 INFO  ProgressMeter -        Current Locus  Elapsed Minutes     Regions Processed   Regions/Minute
13:31:15.945 INFO  ProgressMeter -            1:7828603              0.2                 26700         160200.0
13:31:25.952 INFO  ProgressMeter -           1:13638747              0.3                 47170         141460.5
13:31:35.952 INFO  ProgressMeter -           1:21381881              0.5                 73680         147325.6
13:31:45.986 INFO  ProgressMeter -           1:33757617              0.7                115780         173492.2
13:31:56.033 INFO  ProgressMeter -           1:36828213              0.8                127420         152635.4
13:32:06.037 INFO  ProgressMeter -           1:40447084              1.0                140570         140357.1
13:32:16.045 INFO  ProgressMeter -           1:45824559              1.2                159750         136733.2
13:32:26.119 INFO  ProgressMeter -           1:53348100              1.3                185810         139055.1
13:32:36.263 INFO  ProgressMeter -           1:55084491              1.5                192090         127609.1
13:32:46.263 INFO  ProgressMeter -           1:58872489              1.7                205850         123118.5
13:32:56.265 INFO  ProgressMeter -           1:62703738              1.8                220040         119673.7
13:33:06.276 INFO  ProgressMeter -           1:66737796              2.0                234560         116957.4
13:33:16.309 INFO  ProgressMeter -           1:74284000              2.2                260750         120010.1
13:33:26.337 INFO  ProgressMeter -           1:79608512              2.3                280260         119776.9
13:33:38.651 INFO  ProgressMeter -           1:86351531              2.5                304060         119468.8
13:33:48.697 INFO  ProgressMeter -           1:86354430              2.7                304080         112102.5
13:34:14.677 INFO  ProgressMeter -           1:86357137              3.1                304100          96676.8
13:34:29.164 INFO  ProgressMeter -           1:86358526              3.4                304110          89787.9
13:34:47.314 INFO  ProgressMeter -           1:86531051              3.7                304790          82610.5
13:34:57.854 INFO  ProgressMeter -           1:88267536              3.9                311460          80581.6
13:35:07.856 INFO  ProgressMeter -           1:91554106              4.0                323370          80204.2
13:35:17.870 INFO  ProgressMeter -           1:93779302              4.2                331930          79054.5
13:35:28.060 INFO  ProgressMeter -          1:106725663              4.4                376230          86121.7
13:35:38.569 INFO  ProgressMeter -          1:121502725              4.5                426620          93892.0
13:35:48.585 INFO  ProgressMeter -          1:128344533              4.7                450340          95600.1
13:35:58.606 INFO  ProgressMeter -          1:132358155              4.9                464750          95281.2
13:36:08.696 INFO  ProgressMeter -          1:135385275              5.0                476380          94410.3
13:36:18.696 INFO  ProgressMeter -          1:142885958              5.2                502700          96440.9
13:36:28.696 INFO  ProgressMeter -          1:150999504              5.4                530610          98641.4
13:36:38.864 INFO  ProgressMeter -          1:153472600              5.5                539900          97302.9
13:36:49.133 INFO  ProgressMeter -          1:156053578              5.7                549540          96076.8
13:36:59.134 INFO  ProgressMeter -          1:156676455              5.9                552060          93784.3
13:37:10.921 INFO  ProgressMeter -          1:160205328              6.1                564610          92818.7
13:37:23.475 INFO  ProgressMeter -          1:161036503              6.3                567870          90250.3
13:37:33.484 INFO  ProgressMeter -          1:162545731              6.5                573490          88789.5
13:37:43.494 INFO  ProgressMeter -          1:165229085              6.6                583600          88079.7
13:37:53.503 INFO  ProgressMeter -          1:170709013              6.8                603180          88799.4
13:38:03.626 INFO  ProgressMeter -          1:172122405              7.0                608840          87460.0
13:38:13.857 INFO  ProgressMeter -          1:173929405              7.1                615570          86312.6
13:38:23.857 INFO  ProgressMeter -          1:177719770              7.3                628940          86173.5
13:38:41.303 INFO  ProgressMeter -          1:178331056              7.6                631200          83169.7
13:38:56.510 INFO  ProgressMeter -          1:178332586              7.8                631210          80483.2
13:39:06.543 INFO  ProgressMeter -          1:180966431              8.0                641120          80040.3
13:39:16.600 INFO  ProgressMeter -          1:183324091              8.2                650060          79492.9
13:39:26.600 INFO  ProgressMeter -          1:187478855              8.3                664890          79682.4
13:39:36.608 INFO  ProgressMeter -          1:191765878              8.5                680520          79957.2
13:39:46.616 INFO  ProgressMeter -           10:4406069              8.7                708700          81667.7
13:39:56.619 INFO  ProgressMeter -           10:9674468              8.8                727630          82268.6
13:40:07.528 INFO  ProgressMeter -          10:17725306              9.0                755700          83721.2
13:40:17.570 INFO  ProgressMeter -          10:22183885              9.2                771610          83927.7
13:40:27.580 INFO  ProgressMeter -          10:29318960              9.4                796520          85093.0
13:40:37.591 INFO  ProgressMeter -          10:39639486              9.5                831990          87325.7
13:40:47.616 INFO  ProgressMeter -          10:43526353              9.7                846250          87292.4
13:40:57.734 INFO  ProgressMeter -          10:56498261              9.9                890550          90290.6
13:41:07.734 INFO  ProgressMeter -          10:60242421             10.0                904160          90147.2
13:41:17.824 INFO  ProgressMeter -          10:62616344             10.2                913050          89532.4
13:41:27.832 INFO  ProgressMeter -          10:68028225             10.4                932110          89930.5
13:41:37.863 INFO  ProgressMeter -          10:75647797             10.5                958640          91021.9
13:41:47.880 INFO  ProgressMeter -          10:78186982             10.7                968690          90540.9
13:41:58.087 INFO  ProgressMeter -          10:80056224             10.9                976030          89799.2
13:42:08.113 INFO  ProgressMeter -          10:80708021             11.0                979220          88728.5
13:42:28.768 INFO  ProgressMeter -          10:81180449             11.4                981370          86233.5
13:42:38.768 INFO  ProgressMeter -          10:83410942             11.5                990130          85747.4
13:42:49.097 INFO  ProgressMeter -          10:86693870             11.7               1002200          85517.8
13:42:59.146 INFO  ProgressMeter -          10:89725866             11.9               1013200          85238.2
13:43:09.266 INFO  ProgressMeter -          10:93254886             12.1               1025680          85080.9
13:43:19.270 INFO  ProgressMeter -          10:95709669             12.2               1034780          84664.8
13:43:29.270 INFO  ProgressMeter -         10:108019421             12.4               1076770          86915.1
13:43:39.338 INFO  ProgressMeter -         10:112926624             12.6               1094040          87129.0
13:43:49.371 INFO  ProgressMeter -         10:117770689             12.7               1111310          87341.3
13:43:59.379 INFO  ProgressMeter -         10:121595181             12.9               1125170          87286.3
13:44:09.461 INFO  ProgressMeter -         10:127300623             13.1               1145270          87702.5
13:44:19.721 INFO  ProgressMeter -         10:128084618             13.2               1148690          86827.4
13:44:29.818 INFO  ProgressMeter -         10:128512290             13.4               1151060          85913.6
13:44:39.821 INFO  ProgressMeter -         10:128816522             13.6               1152550          84967.5
13:44:49.826 INFO  ProgressMeter -           11:3672041             13.7               1172000          85352.1
13:44:59.835 INFO  ProgressMeter -           11:5524310             13.9               1179550          84870.9
13:45:09.866 INFO  ProgressMeter -           11:6341560             14.1               1182960          84104.6
13:45:19.927 INFO  ProgressMeter -           11:6469494             14.2               1183610          83159.4
13:45:29.927 INFO  ProgressMeter -          11:12389804             14.4               1204180          83625.4
13:45:40.807 INFO  ProgressMeter -          11:20065055             14.6               1230510          84391.2
13:45:50.834 INFO  ProgressMeter -          11:22997773             14.7               1241440          84176.0
13:46:00.836 INFO  ProgressMeter -          11:26454961             14.9               1253810          84064.5
13:46:10.836 INFO  ProgressMeter -          11:29700618             15.1               1265450          83907.3
13:46:20.918 INFO  ProgressMeter -          11:31666482             15.2               1272930          83473.3
13:46:50.058 INFO  ProgressMeter -          11:33153385             15.7               1278550          81254.0
13:47:05.814 INFO  ProgressMeter -          11:33161062             16.0               1278620          79924.7
13:47:15.815 INFO  ProgressMeter -          11:41501867             16.2               1307300          80874.8
13:47:25.840 INFO  ProgressMeter -          11:48944373             16.3               1333270          81637.5
13:47:36.062 INFO  ProgressMeter -          11:50296032             16.5               1338720          81125.0
13:47:49.076 INFO  ProgressMeter -          11:50383399             16.7               1339110          80095.8
13:47:59.098 INFO  ProgressMeter -          11:51600759             16.9               1343630          79571.2
13:48:09.222 INFO  ProgressMeter -          11:51987792             17.1               1345300          78881.9
13:48:19.232 INFO  ProgressMeter -          11:53391978             17.2               1350510          78420.2
13:48:32.604 INFO  ProgressMeter -          11:55395323             17.4               1358450          77873.6
13:48:42.607 INFO  ProgressMeter -          11:58060312             17.6               1367960          77676.3
13:48:54.152 INFO  ProgressMeter -          11:59213093             17.8               1372650          77100.3
13:49:04.161 INFO  ProgressMeter -          11:60906920             18.0               1379760          76780.2
13:49:14.161 INFO  ProgressMeter -          11:64092045             18.1               1391870          76742.3
13:49:24.189 INFO  ProgressMeter -          11:69101610             18.3               1409730          77017.3
13:49:51.270 INFO  ProgressMeter -          11:69668434             18.8               1412360          75304.1
13:50:04.260 INFO  ProgressMeter -          11:69669715             19.0               1412370          74445.3
13:50:28.264 INFO  ProgressMeter -          11:69917263             19.4               1413700          72976.5
13:50:38.269 INFO  ProgressMeter -          11:70731779             19.5               1417340          72540.0
13:50:48.398 INFO  ProgressMeter -          11:72444720             19.7               1423730          72242.9
13:50:58.935 INFO  ProgressMeter -          11:74818166             19.9               1432720          72057.0
13:51:09.044 INFO  ProgressMeter -          11:75500729             20.1               1435780          71604.1
13:51:20.871 INFO  ProgressMeter -          11:75765050             20.2               1437240          70979.1
13:51:30.910 INFO  ProgressMeter -          11:77532213             20.4               1444300          70743.2
13:51:41.055 INFO  ProgressMeter -          11:78277550             20.6               1447710          70327.8
13:51:51.128 INFO  ProgressMeter -          11:80034808             20.8               1454800          70100.5
13:52:01.129 INFO  ProgressMeter -          11:83376638             20.9               1467100          70130.0
13:52:11.128 INFO  ProgressMeter -          11:85584332             21.1               1476040          69999.7
13:52:21.138 INFO  ProgressMeter -          11:86814395             21.3               1481120          69689.2
13:52:32.460 INFO  ProgressMeter -          11:88050460             21.4               1485960          69301.6
13:52:42.460 INFO  ProgressMeter -          11:88996365             21.6               1489640          68937.4
13:52:52.729 INFO  ProgressMeter -          11:94294711             21.8               1508330          69253.8
13:53:06.533 INFO  ProgressMeter -          11:94951906             22.0               1511030          68652.6
13:53:16.563 INFO  ProgressMeter -          11:96809253             22.2               1518650          68478.7
13:53:26.575 INFO  ProgressMeter -          11:97395895             22.3               1521380          68089.5
13:53:39.114 INFO  ProgressMeter -          11:97782715             22.6               1523160          67537.5
13:53:49.139 INFO  ProgressMeter -          11:98911154             22.7               1528140          67260.0
13:53:59.139 INFO  ProgressMeter -          11:99440235             22.9               1530260          66862.8
13:54:17.500 INFO  ProgressMeter -         11:100321718             23.2               1533350          66113.8
13:54:27.960 INFO  ProgressMeter -         11:100959369             23.4               1536290          65746.4
13:54:38.723 INFO  ProgressMeter -         11:102164076             23.5               1541610          65471.4
13:54:48.813 INFO  ProgressMeter -         11:103066120             23.7               1545730          65180.9
13:54:58.820 INFO  ProgressMeter -         11:106165299             23.9               1557700          65226.9
13:55:11.397 INFO  ProgressMeter -         11:106784627             24.1               1560300          64767.3
13:55:21.415 INFO  ProgressMeter -         11:106994068             24.3               1561270          64361.5
13:55:31.444 INFO  ProgressMeter -         11:109653924             24.4               1571120          64324.3
13:55:41.465 INFO  ProgressMeter -         11:115429719             24.6               1591570          64719.1
13:56:05.722 INFO  ProgressMeter -         11:116023845             25.0               1594440          63787.1
13:56:15.739 INFO  ProgressMeter -         11:117118220             25.2               1599210          63553.4
13:56:25.746 INFO  ProgressMeter -         11:119273072             25.3               1607500          63462.3
13:56:36.755 INFO  ProgressMeter -         11:120347674             25.5               1612160          63188.5
13:56:47.180 INFO  ProgressMeter -         11:120594816             25.7               1613410          62809.8
13:56:57.180 INFO  ProgressMeter -           12:2576701             25.9               1628130          62974.2
13:57:09.045 INFO  ProgressMeter -           12:8499131             26.1               1649160          63303.4
13:57:19.058 INFO  ProgressMeter -          12:13522945             26.2               1666790          63572.9
13:57:29.058 INFO  ProgressMeter -          12:18000870             26.4               1682520          63767.5
13:57:39.150 INFO  ProgressMeter -          12:24713041             26.6               1705810          64240.7
13:57:49.155 INFO  ProgressMeter -          12:28828746             26.7               1720160          64376.8
13:57:59.163 INFO  ProgressMeter -          12:33137190             26.9               1735610          64552.1
13:58:09.168 INFO  ProgressMeter -          12:44875787             27.1               1775830          65640.9
13:58:19.280 INFO  ProgressMeter -          12:54645917             27.2               1809520          66472.1
13:58:29.418 INFO  ProgressMeter -          12:58960124             27.4               1825050          66629.1
13:58:39.631 INFO  ProgressMeter -          12:69183015             27.6               1860010          67486.0
13:58:49.678 INFO  ProgressMeter -          12:70468655             27.7               1865290          67268.8
13:58:59.704 INFO  ProgressMeter -          12:75469770             27.9               1883330          67512.6
13:59:09.752 INFO  ProgressMeter -          12:79085537             28.1               1896810          67590.1
13:59:19.757 INFO  ProgressMeter -          12:82341624             28.2               1908850          67617.3
13:59:29.759 INFO  ProgressMeter -          12:85120358             28.4               1919560          67597.5
13:59:39.762 INFO  ProgressMeter -          12:91230758             28.6               1941320          67964.8
13:59:53.985 INFO  ProgressMeter -         12:100207123             28.8               1972300          68481.1
14:00:04.009 INFO  ProgressMeter -         12:104694441             29.0               1988520          68646.0
14:00:14.038 INFO  ProgressMeter -         12:110545558             29.1               2009390          68968.5
14:00:24.287 INFO  ProgressMeter -         12:110693914             29.3               2010190          68593.8
14:00:38.178 INFO  ProgressMeter -         12:110695456             29.5               2010200          68056.5
14:00:48.178 INFO  ProgressMeter -         12:111652252             29.7               2014130          67807.0
14:00:58.306 INFO  ProgressMeter -         12:116371344             29.9               2031260          67997.2
14:01:08.324 INFO  ProgressMeter -           13:3575977             30.0               2056190          68449.2
14:01:18.561 INFO  ProgressMeter -           13:5870026             30.2               2064310          68331.4
14:01:28.568 INFO  ProgressMeter -          13:12621470             30.4               2087860          68731.5
14:01:38.621 INFO  ProgressMeter -          13:17881016             30.5               2106460          68963.4
14:01:48.671 INFO  ProgressMeter -          13:24814021             30.7               2130770          69378.8
14:01:58.711 INFO  ProgressMeter -          13:33037679             30.9               2159080          69919.7
14:02:08.851 INFO  ProgressMeter -          13:37987474             31.0               2176510          70100.5
14:02:18.914 INFO  ProgressMeter -          13:43539756             31.2               2196140          70352.7
14:02:29.729 INFO  ProgressMeter -          13:47087984             31.4               2208860          70353.9
14:02:39.764 INFO  ProgressMeter -          13:48889599             31.6               2215280          70184.5
14:02:49.788 INFO  ProgressMeter -          13:53432980             31.7               2231680          70331.8
14:02:59.793 INFO  ProgressMeter -          13:55488201             31.9               2239720          70216.2
14:03:10.763 INFO  ProgressMeter -          13:58127821             32.1               2249320          70115.3
14:03:20.779 INFO  ProgressMeter -          13:60422859             32.2               2257750          70013.8
14:03:33.611 INFO  ProgressMeter -          13:64364546             32.5               2272320          70001.4
14:03:43.798 INFO  ProgressMeter -          13:64369129             32.6               2272360          69638.3
14:03:53.900 INFO  ProgressMeter -          13:67621046             32.8               2284230          69642.8
14:04:03.901 INFO  ProgressMeter -          13:73480340             33.0               2304640          69909.7
14:04:13.901 INFO  ProgressMeter -          13:75481789             33.1               2312410          69792.6
14:04:23.905 INFO  ProgressMeter -          13:77763182             33.3               2320960          69699.9
14:04:34.496 INFO  ProgressMeter -          13:89691576             33.5               2361480          70542.8
14:04:44.537 INFO  ProgressMeter -          13:93943016             33.6               2376860          70649.0
14:04:54.567 INFO  ProgressMeter -          13:97156082             33.8               2388570          70646.1
14:05:04.578 INFO  ProgressMeter -          13:98841164             34.0               2394810          70482.8
14:05:14.584 INFO  ProgressMeter -         13:100721891             34.1               2402000          70349.1
14:05:24.679 INFO  ProgressMeter -         13:104202356             34.3               2414670          70373.4
14:05:34.679 INFO  ProgressMeter -         13:110983410             34.5               2438350          70720.1
14:05:44.681 INFO  ProgressMeter -         13:114987566             34.6               2452760          70795.7
14:05:54.683 INFO  ProgressMeter -           14:5006672             34.8               2488430          71481.3
14:06:04.697 INFO  ProgressMeter -          14:14793002             35.0               2522010          72100.3
14:06:14.725 INFO  ProgressMeter -          14:20566585             35.1               2542330          72335.6
14:06:24.738 INFO  ProgressMeter -          14:24173142             35.3               2555480          72366.1
14:06:37.483 INFO  ProgressMeter -          14:24492959             35.5               2556700          71967.8
14:06:47.508 INFO  ProgressMeter -          14:29991425             35.7               2576290          72179.7
14:06:57.555 INFO  ProgressMeter -          14:31506631             35.9               2582540          72017.0
14:07:07.562 INFO  ProgressMeter -          14:36926892             36.0               2601790          72217.9
14:07:17.577 INFO  ProgressMeter -          14:47083552             36.2               2636580          72846.0
14:07:27.587 INFO  ProgressMeter -          14:49050736             36.4               2644030          72716.7
14:07:37.607 INFO  ProgressMeter -          14:52103852             36.5               2655160          72688.9
14:07:48.163 INFO  ProgressMeter -          14:54651254             36.7               2664580          72597.2
14:07:58.166 INFO  ProgressMeter -          14:56724917             36.9               2672820          72492.4
14:08:08.172 INFO  ProgressMeter -          14:61383917             37.0               2689860          72626.1
14:08:18.184 INFO  ProgressMeter -          14:66989322             37.2               2709930          72839.8
14:08:28.208 INFO  ProgressMeter -          14:73189932             37.4               2732180          73109.5
14:08:38.214 INFO  ProgressMeter -          14:77025912             37.5               2745800          73147.6
14:08:48.214 INFO  ProgressMeter -          14:92087627             37.7               2797120          74185.3
14:08:58.223 INFO  ProgressMeter -         14:105894231             37.9               2844420          75107.5
14:09:08.224 INFO  ProgressMeter -         14:121206941             38.0               2896380          76144.4
14:09:18.235 INFO  ProgressMeter -           15:4144710             38.2               2923540          76522.8
14:09:28.236 INFO  ProgressMeter -           15:8115897             38.4               2937900          76564.6
14:09:39.383 INFO  ProgressMeter -           15:9197832             38.6               2942440          76313.4
14:09:49.468 INFO  ProgressMeter -          15:11393318             38.7               2950370          76187.0
14:09:59.553 INFO  ProgressMeter -          15:12350598             38.9               2953970          75950.3
14:10:12.282 INFO  ProgressMeter -          15:25364705             39.1               2997840          76660.1
14:10:22.285 INFO  ProgressMeter -          15:27826712             39.3               3006810          76563.1
14:10:33.168 INFO  ProgressMeter -          15:31594838             39.5               3019740          76538.8
14:10:43.171 INFO  ProgressMeter -          15:34436491             39.6               3030030          76476.4
14:11:23.214 INFO  ProgressMeter -          15:36596316             40.3               3038090          75409.6
14:11:42.767 INFO  ProgressMeter -          15:36599349             40.6               3038110          74805.1
14:12:00.575 INFO  ProgressMeter -          15:36606415             40.9               3038160          74263.6
14:12:11.779 INFO  ProgressMeter -          15:36609016             41.1               3038180          73926.6
14:12:25.347 INFO  ProgressMeter -          15:36775376             41.3               3038790          73536.8
14:12:35.806 INFO  ProgressMeter -          15:38490415             41.5               3045170          73381.7
14:12:45.809 INFO  ProgressMeter -          15:44674286             41.7               3066880          73609.1
14:12:55.818 INFO  ProgressMeter -          15:54866002             41.8               3101420          74141.3
14:13:06.058 INFO  ProgressMeter -          15:58457099             42.0               3114500          74151.4
14:13:16.058 INFO  ProgressMeter -          15:63009577             42.2               3130720          74243.0
14:13:26.074 INFO  ProgressMeter -          15:68181196             42.3               3149120          74384.9
14:13:36.873 INFO  ProgressMeter -          15:75896693             42.5               3176200          74706.9
14:13:46.964 INFO  ProgressMeter -          15:76452533             42.7               3178940          74476.8
14:13:57.090 INFO  ProgressMeter -          15:76905413             42.9               3181300          74238.5
14:14:07.137 INFO  ProgressMeter -          15:77966248             43.0               3185550          74048.3
14:14:26.390 INFO  ProgressMeter -          15:78930082             43.3               3189160          73583.4
14:14:37.160 INFO  ProgressMeter -          15:79529995             43.5               3192000          73345.2
14:14:47.858 INFO  ProgressMeter -          15:80079412             43.7               3194490          73102.9
14:14:58.462 INFO  ProgressMeter -          15:80259328             43.9               3195380          72828.7
14:15:08.470 INFO  ProgressMeter -          15:81452259             44.0               3200050          72658.9
14:15:18.486 INFO  ProgressMeter -          15:82351445             44.2               3204280          72480.2
14:15:28.518 INFO  ProgressMeter -          15:84316331             44.4               3211740          72375.3
14:15:38.540 INFO  ProgressMeter -          15:89099625             44.5               3228990          72491.1
14:15:48.549 INFO  ProgressMeter -          15:89545132             44.7               3231350          72273.4
14:15:58.549 INFO  ProgressMeter -          15:93950343             44.9               3247070          72355.3
14:16:08.556 INFO  ProgressMeter -          15:96629899             45.0               3256800          72303.4
14:16:18.572 INFO  ProgressMeter -          15:97752426             45.2               3260870          72126.5
14:16:28.626 INFO  ProgressMeter -          15:98815940             45.4               3265470          71961.5
14:16:50.227 INFO  ProgressMeter -          15:98932655             45.7               3266160          71410.2
14:17:00.794 INFO  ProgressMeter -          15:99410388             45.9               3268320          71183.3
14:17:10.807 INFO  ProgressMeter -         15:100017183             46.1               3271190          70987.8
14:17:21.647 INFO  ProgressMeter -         15:102096606             46.3               3279300          70885.9
14:17:37.811 INFO  ProgressMeter -         15:102499019             46.5               3281540          70523.6
14:17:53.563 INFO  ProgressMeter -         15:103242510             46.8               3284760          70196.7
14:18:03.582 INFO  ProgressMeter -           16:4770634             47.0               3304550          70368.5
14:18:13.607 INFO  ProgressMeter -          16:11152987             47.1               3327280          70601.4
14:18:23.911 INFO  ProgressMeter -          16:14474655             47.3               3339470          70602.7
14:18:33.919 INFO  ProgressMeter -          16:17377117             47.5               3350440          70585.8
14:18:43.923 INFO  ProgressMeter -          16:18511624             47.6               3355300          70440.7
14:18:54.276 INFO  ProgressMeter -          16:20685549             47.8               3363630          70360.7
14:19:04.290 INFO  ProgressMeter -          16:24992940             48.0               3379190          70440.3
14:19:14.295 INFO  ProgressMeter -          16:31851854             48.1               3403160          70694.2
14:19:24.333 INFO  ProgressMeter -          16:33013390             48.3               3408120          70552.0
14:19:34.336 INFO  ProgressMeter -          16:37084075             48.5               3423230          70621.1
14:19:44.338 INFO  ProgressMeter -          16:44085365             48.6               3447690          70882.0
14:19:54.350 INFO  ProgressMeter -          16:45751903             48.8               3453980          70768.5
14:20:04.350 INFO  ProgressMeter -          16:55921713             49.0               3488920          71241.1
14:20:14.360 INFO  ProgressMeter -          16:58483489             49.1               3498350          71191.1
14:20:24.366 INFO  ProgressMeter -          16:73045923             49.3               3547630          71949.8
14:20:34.380 INFO  ProgressMeter -          16:85900519             49.5               3591180          72587.3
14:20:44.383 INFO  ProgressMeter -          16:90788851             49.6               3608230          72687.0
14:20:54.389 INFO  ProgressMeter -          16:92402071             49.8               3614810          72575.8
14:21:19.809 INFO  ProgressMeter -          16:96122996             50.2               3628360          72233.4
14:21:29.809 INFO  ProgressMeter -           17:6005457             50.4               3656800          72558.8
14:21:39.845 INFO  ProgressMeter -           17:8314692             50.6               3665770          72496.2
14:21:49.899 INFO  ProgressMeter -          17:12918703             50.7               3681870          72574.1
14:21:59.899 INFO  ProgressMeter -          17:15674234             50.9               3692190          72539.2
14:22:09.910 INFO  ProgressMeter -          17:20961990             51.1               3710800          72666.6
14:22:20.265 INFO  ProgressMeter -          17:23752378             51.2               3721560          72631.9
14:22:30.301 INFO  ProgressMeter -          17:24223397             51.4               3723680          72436.8
14:22:40.301 INFO  ProgressMeter -          17:24700914             51.6               3726220          72251.9
14:22:50.360 INFO  ProgressMeter -          17:25115631             51.7               3728360          72059.2
14:23:00.401 INFO  ProgressMeter -          17:26188790             51.9               3733150          71919.1
14:23:10.404 INFO  ProgressMeter -          17:27624947             52.1               3739110          71803.3
14:23:20.663 INFO  ProgressMeter -          17:29042933             52.2               3745080          71682.6
14:23:30.683 INFO  ProgressMeter -          17:32226945             52.4               3756970          71681.1
14:23:40.710 INFO  ProgressMeter -          17:33710342             52.6               3763120          71570.2
14:23:50.730 INFO  ProgressMeter -          17:33966078             52.7               3764590          71371.5
14:24:05.586 INFO  ProgressMeter -          17:34116652             53.0               3765310          71051.6
14:24:15.936 INFO  ProgressMeter -          17:35005565             53.2               3769410          70898.2
14:24:26.220 INFO  ProgressMeter -          17:35250167             53.3               3770830          70697.0
14:24:38.325 INFO  ProgressMeter -          17:35835478             53.5               3773380          70478.2
14:24:48.516 INFO  ProgressMeter -          17:36950023             53.7               3777980          70341.0
14:25:06.151 INFO  ProgressMeter -          17:39847343             54.0               3788010          70143.9
14:25:16.426 INFO  ProgressMeter -          17:42796407             54.2               3798100          70108.4
14:25:37.905 INFO  ProgressMeter -          17:45569194             54.5               3808050          69830.6
14:26:36.269 INFO  ProgressMeter -          17:45570354             55.5               3808060          68607.0
14:27:01.402 INFO  ProgressMeter -          17:45571803             55.9               3808070          68093.3
14:27:11.402 INFO  ProgressMeter -          17:46894948             56.1               3813820          67993.5
14:27:21.520 INFO  ProgressMeter -          17:53507474             56.3               3837050          68202.6
14:27:31.522 INFO  ProgressMeter -          17:56612160             56.4               3848670          68207.0
14:27:41.554 INFO  ProgressMeter -          17:64666961             56.6               3876510          68497.5
14:27:51.559 INFO  ProgressMeter -          17:67860588             56.8               3888380          68505.4
14:28:01.588 INFO  ProgressMeter -          17:71500326             56.9               3901370          68532.4
14:28:11.598 INFO  ProgressMeter -          17:74599200             57.1               3912860          68533.4
14:28:21.663 INFO  ProgressMeter -          17:78855055             57.3               3928170          68600.0
14:28:31.665 INFO  ProgressMeter -          17:80151174             57.4               3933180          68488.1
14:28:41.665 INFO  ProgressMeter -          17:84879006             57.6               3950120          68584.0
14:28:59.120 INFO  ProgressMeter -          17:87435027             57.9               3959480          68401.0
14:29:09.120 INFO  ProgressMeter -           18:3288869             58.1               3996400          68840.6
14:29:19.146 INFO  ProgressMeter -           18:7871707             58.2               4012750          68923.9
14:29:29.164 INFO  ProgressMeter -          18:12212306             58.4               4028590          68998.1
14:29:39.164 INFO  ProgressMeter -          18:24080917             58.6               4069390          69498.5
14:29:49.201 INFO  ProgressMeter -          18:32085080             58.7               4097410          69777.7
14:29:59.204 INFO  ProgressMeter -          18:34351575             58.9               4105990          69725.8
14:30:09.272 INFO  ProgressMeter -          18:34735334             59.1               4107750          69557.5
14:30:25.821 INFO  ProgressMeter -          18:34939753             59.3               4108860          69252.9
14:30:35.836 INFO  ProgressMeter -          18:35571881             59.5               4111290          69099.4
14:30:45.847 INFO  ProgressMeter -          18:36667829             59.7               4115890          68983.3
14:30:55.847 INFO  ProgressMeter -          18:38026833             59.8               4121470          68884.4
14:31:05.986 INFO  ProgressMeter -          18:42575409             60.0               4137700          68960.9
14:31:16.361 INFO  ProgressMeter -          18:46608433             60.2               4151970          68999.9
14:31:26.364 INFO  ProgressMeter -          18:53375461             60.3               4175470          69198.7
14:31:36.371 INFO  ProgressMeter -          18:58672825             60.5               4194100          69315.8
14:31:47.084 INFO  ProgressMeter -          18:61587925             60.7               4204820          69288.5
14:31:57.084 INFO  ProgressMeter -          18:65492826             60.9               4218930          69330.6
14:32:07.128 INFO  ProgressMeter -          18:67878342             61.0               4227930          69287.9
14:32:17.141 INFO  ProgressMeter -          18:73766280             61.2               4248350          69432.7
14:32:27.166 INFO  ProgressMeter -          18:76311481             61.4               4257510          69392.9
14:32:37.166 INFO  ProgressMeter -          18:82292519             61.5               4278690          69549.2
14:32:47.166 INFO  ProgressMeter -           19:3760139             61.7               4320500          70039.0
14:32:57.167 INFO  ProgressMeter -           19:4728835             61.9               4325050          69923.9
14:33:28.157 INFO  ProgressMeter -           19:5493679             62.4               4328760          69404.3
14:33:38.168 INFO  ProgressMeter -           19:6118726             62.5               4331980          69270.6
14:33:48.403 INFO  ProgressMeter -           19:7429136             62.7               4337550          69171.0
14:33:58.429 INFO  ProgressMeter -           19:8941093             62.9               4343500          69081.8
14:34:09.862 INFO  ProgressMeter -           19:8973378             63.1               4343750          68877.1
14:34:20.729 INFO  ProgressMeter -           19:9016558             63.2               4344030          68684.2
14:34:30.736 INFO  ProgressMeter -          19:10066303             63.4               4347800          68563.0
14:34:40.948 INFO  ProgressMeter -          19:11778881             63.6               4354420          68483.6
14:34:51.566 INFO  ProgressMeter -          19:15906077             63.8               4368750          68518.3
14:35:01.952 INFO  ProgressMeter -          19:17927644             63.9               4376210          68449.5
14:35:11.988 INFO  ProgressMeter -          19:21856635             64.1               4389960          68485.3
14:35:21.988 INFO  ProgressMeter -          19:28658858             64.3               4413940          68680.9
14:35:32.161 INFO  ProgressMeter -          19:32821487             64.4               4429210          68737.1
14:35:42.237 INFO  ProgressMeter -          19:36881640             64.6               4443710          68782.9
14:35:56.006 INFO  ProgressMeter -          19:38022854             64.8               4448370          68611.3
14:36:06.264 INFO  ProgressMeter -          19:41214019             65.0               4460120          68611.6
14:36:16.313 INFO  ProgressMeter -          19:42597821             65.2               4465600          68519.4
14:36:26.327 INFO  ProgressMeter -          19:44574170             65.3               4473210          68460.8
14:36:36.343 INFO  ProgressMeter -          19:46307803             65.5               4480170          68392.6
14:36:46.345 INFO  ProgressMeter -          19:47522080             65.7               4485510          68300.3
14:36:56.417 INFO  ProgressMeter -          19:53003378             65.8               4504150          68409.3
14:37:06.428 INFO  ProgressMeter -          19:56930299             66.0               4518640          68455.9
14:37:16.437 INFO  ProgressMeter -          19:60562827             66.2               4531800          68482.2
14:37:26.469 INFO  ProgressMeter -            2:3495238             66.3               4547080          68539.9
14:37:36.469 INFO  ProgressMeter -            2:6622011             66.5               4558840          68545.0
14:37:48.749 INFO  ProgressMeter -           2:13579040             66.7               4582990          68696.7
14:38:03.071 INFO  ProgressMeter -           2:13584971             67.0               4583030          68452.4
14:38:13.123 INFO  ProgressMeter -           2:22941579             67.1               4615550          68766.0
14:38:23.181 INFO  ProgressMeter -           2:25444403             67.3               4625390          68740.9
14:38:35.461 INFO  ProgressMeter -           2:26911817             67.5               4631410          68621.7
14:38:46.443 INFO  ProgressMeter -           2:28934432             67.7               4639330          68553.1
14:39:02.976 INFO  ProgressMeter -           2:30069479             68.0               4644020          68344.1
14:39:12.983 INFO  ProgressMeter -           2:31219161             68.1               4649220          68253.1
14:39:22.994 INFO  ProgressMeter -           2:32674104             68.3               4655400          68176.9
14:39:33.392 INFO  ProgressMeter -           2:32963902             68.5               4656820          68025.0
14:39:44.317 INFO  ProgressMeter -           2:34776812             68.6               4663690          67944.7
14:39:54.318 INFO  ProgressMeter -           2:37555131             68.8               4674290          67934.1
14:40:04.318 INFO  ProgressMeter -           2:45240994             69.0               4700810          68154.5
14:40:14.466 INFO  ProgressMeter -           2:53138996             69.1               4728330          68385.8
14:40:25.255 INFO  ProgressMeter -           2:60248502             69.3               4753040          68564.9
14:40:35.254 INFO  ProgressMeter -           2:65951613             69.5               4773050          68688.4
14:40:45.413 INFO  ProgressMeter -           2:69869569             69.7               4787010          68721.8
14:40:55.420 INFO  ProgressMeter -           2:72307360             69.8               4796280          68690.4
14:41:11.424 INFO  ProgressMeter -           2:75661735             70.1               4808470          68602.9
14:41:29.028 INFO  ProgressMeter -           2:75665436             70.4               4808500          68317.4
14:41:39.084 INFO  ProgressMeter -           2:80506784             70.6               4825790          68400.2
14:41:49.417 INFO  ProgressMeter -           2:83883686             70.7               4837660          68401.5
14:41:59.417 INFO  ProgressMeter -           2:85193770             70.9               4842860          68314.0
14:42:09.490 INFO  ProgressMeter -           2:91056875             71.1               4863120          68437.7
14:42:19.490 INFO  ProgressMeter -           2:92742261             71.2               4870250          68377.7
14:42:29.533 INFO  ProgressMeter -          2:102301323             71.4               4903160          68678.3
14:42:40.080 INFO  ProgressMeter -          2:103777331             71.6               4908730          68587.5
14:42:51.448 INFO  ProgressMeter -          2:105388064             71.8               4914980          68493.5
14:43:01.455 INFO  ProgressMeter -          2:113637281             71.9               4943580          68732.3
14:43:11.472 INFO  ProgressMeter -          2:118481129             72.1               4960610          68809.3
14:43:21.476 INFO  ProgressMeter -          2:119297107             72.3               4964250          68700.9
14:43:31.506 INFO  ProgressMeter -          2:119968292             72.4               4967470          68586.8
14:43:41.508 INFO  ProgressMeter -          2:120889913             72.6               4971760          68488.4
14:43:52.269 INFO  ProgressMeter -          2:121439006             72.8               4974430          68356.3
14:44:04.756 INFO  ProgressMeter -          2:122151608             73.0               4977520          68203.7
14:44:14.772 INFO  ProgressMeter -          2:125303223             73.1               4988780          68202.0
14:44:24.782 INFO  ProgressMeter -          2:126919011             73.3               4995240          68134.9
14:44:34.811 INFO  ProgressMeter -          2:128846000             73.5               5003040          68086.1
14:44:45.158 INFO  ProgressMeter -          2:130278448             73.7               5008510          68000.9
14:44:55.450 INFO  ProgressMeter -          2:131026220             73.8               5011950          67889.5
14:45:05.475 INFO  ProgressMeter -          2:138283923             74.0               5037500          68081.5
14:45:15.492 INFO  ProgressMeter -          2:144280888             74.2               5058220          68207.7
14:45:25.492 INFO  ProgressMeter -          2:148996270             74.3               5075170          68282.8
14:45:35.517 INFO  ProgressMeter -          2:152782215             74.5               5089080          68316.3
14:45:45.668 INFO  ProgressMeter -          2:154862820             74.7               5097300          68271.6
14:45:55.682 INFO  ProgressMeter -          2:155439077             74.8               5099790          68152.6
14:46:05.995 INFO  ProgressMeter -          2:156078537             75.0               5102660          68034.7
14:46:16.352 INFO  ProgressMeter -          2:156518227             75.2               5104750          67906.3
14:46:26.355 INFO  ProgressMeter -          2:158134289             75.3               5111410          67844.4
14:46:36.356 INFO  ProgressMeter -          2:162988533             75.5               5128450          67920.3
14:46:46.463 INFO  ProgressMeter -          2:164838190             75.7               5135570          67863.2
14:46:56.514 INFO  ProgressMeter -          2:166953989             75.8               5143930          67823.6
14:47:06.544 INFO  ProgressMeter -          2:173007472             76.0               5165360          67956.3
14:47:22.238 INFO  ProgressMeter -          2:174347690             76.3               5170490          67790.5
14:47:32.265 INFO  ProgressMeter -          2:180687835             76.4               5193130          67938.5
14:47:45.286 INFO  ProgressMeter -            3:5862017             76.7               5218690          68079.6
14:47:55.286 INFO  ProgressMeter -           3:14991078             76.8               5250070          68340.4
14:48:05.286 INFO  ProgressMeter -           3:26376515             77.0               5288920          68697.1
14:48:15.296 INFO  ProgressMeter -           3:32337869             77.2               5309760          68818.6
14:48:26.502 INFO  ProgressMeter -           3:36566320             77.3               5325040          68850.0
14:48:36.532 INFO  ProgressMeter -           3:41613617             77.5               5343110          68934.7
14:48:46.564 INFO  ProgressMeter -           3:51357951             77.7               5376210          69212.4
14:48:56.580 INFO  ProgressMeter -           3:53195668             77.8               5383010          69151.3
14:49:06.630 INFO  ProgressMeter -           3:57287344             78.0               5397780          69192.2
14:49:16.642 INFO  ProgressMeter -           3:57847989             78.2               5400050          69073.5
14:49:33.306 INFO  ProgressMeter -           3:58523142             78.5               5402630          68861.9
14:49:43.944 INFO  ProgressMeter -           3:58549409             78.6               5402800          68708.8
14:50:03.186 INFO  ProgressMeter -           3:58592135             79.0               5403030          68432.6
14:50:15.090 INFO  ProgressMeter -           3:65381478             79.2               5426600          68558.9
14:50:25.174 INFO  ProgressMeter -           3:69018672             79.3               5439610          68577.6
14:50:35.174 INFO  ProgressMeter -           3:75280155             79.5               5460950          68702.3
14:50:45.175 INFO  ProgressMeter -           3:84256028             79.7               5492080          68949.3
14:50:56.619 INFO  ProgressMeter -           3:86141339             79.8               5499000          68871.3
14:51:07.520 INFO  ProgressMeter -           3:87915055             80.0               5505680          68798.4
14:51:22.739 INFO  ProgressMeter -           3:87916304             80.3               5505690          68581.2
14:51:32.951 INFO  ProgressMeter -           3:88539516             80.5               5508690          68473.4
14:51:42.959 INFO  ProgressMeter -           3:89267009             80.6               5512460          68378.5
14:51:53.307 INFO  ProgressMeter -           3:90214460             80.8               5516630          68284.1
14:52:06.492 INFO  ProgressMeter -           3:90615272             81.0               5518590          68123.1
14:52:16.523 INFO  ProgressMeter -           3:94876875             81.2               5533520          68166.7
14:52:26.523 INFO  ProgressMeter -           3:95667769             81.3               5537400          68074.7
14:52:36.804 INFO  ProgressMeter -           3:96790383             81.5               5542460          67993.7
14:52:46.806 INFO  ProgressMeter -          3:100165961             81.7               5554840          68006.5
14:52:57.540 INFO  ProgressMeter -          3:103057950             81.9               5565440          67987.4
14:53:07.553 INFO  ProgressMeter -          3:105003933             82.0               5573220          67943.9
14:53:17.561 INFO  ProgressMeter -          3:107742330             82.2               5583260          67928.2
14:53:27.573 INFO  ProgressMeter -          3:108971940             82.4               5588400          67852.9
14:53:37.654 INFO  ProgressMeter -          3:116672910             82.5               5615200          68039.5
14:53:47.689 INFO  ProgressMeter -          3:122329618             82.7               5635150          68143.2
14:53:57.950 INFO  ProgressMeter -          3:126841257             82.9               5651310          68197.6
14:54:07.967 INFO  ProgressMeter -          3:130041260             83.0               5663090          68202.3
14:54:19.449 INFO  ProgressMeter -          3:135466261             83.2               5682250          68275.7
14:54:29.449 INFO  ProgressMeter -          3:138826446             83.4               5694540          68286.6
14:54:41.256 INFO  ProgressMeter -          3:144599522             83.6               5714730          68367.4
14:54:51.257 INFO  ProgressMeter -          3:149019608             83.8               5730490          68419.5
14:55:01.267 INFO  ProgressMeter -          3:155091596             83.9               5751770          68537.1
14:55:11.325 INFO  ProgressMeter -            4:3834392             84.1               5781880          68758.5
14:55:21.327 INFO  ProgressMeter -           4:11121638             84.3               5807100          68921.8
14:55:31.327 INFO  ProgressMeter -           4:18093506             84.4               5831720          69077.4
14:55:41.327 INFO  ProgressMeter -           4:30437181             84.6               5873980          69440.8
14:55:51.327 INFO  ProgressMeter -           4:36529197             84.8               5895640          69559.8
14:56:01.336 INFO  ProgressMeter -           4:41384452             84.9               5912820          69625.5
14:56:11.368 INFO  ProgressMeter -           4:43544907             85.1               5921050          69585.4
14:56:21.435 INFO  ProgressMeter -           4:46465167             85.3               5932250          69579.8
14:56:31.445 INFO  ProgressMeter -           4:53492168             85.4               5956880          69732.3
14:56:41.449 INFO  ProgressMeter -           4:57266928             85.6               5970560          69756.3
14:56:52.997 INFO  ProgressMeter -           4:57944808             85.8               5972960          69627.7
14:57:02.999 INFO  ProgressMeter -           4:63416631             86.0               5992460          69719.6
14:57:13.382 INFO  ProgressMeter -           4:81289240             86.1               6052940          70281.7
14:57:23.386 INFO  ProgressMeter -           4:86789867             86.3               6072280          70370.1
14:57:33.394 INFO  ProgressMeter -           4:88391997             86.5               6077970          70300.1
14:57:43.972 INFO  ProgressMeter -           4:94945333             86.6               6100770          70420.2
14:58:15.204 INFO  ProgressMeter -           4:95049883             87.2               6101310          70005.8
14:59:02.002 INFO  ProgressMeter -           4:95051444             87.9               6101320          69385.0
14:59:12.279 INFO  ProgressMeter -           4:95323852             88.1               6102710          69265.9
14:59:25.235 INFO  ProgressMeter -           4:99762720             88.3               6118350          69273.6
14:59:35.251 INFO  ProgressMeter -          4:103325256             88.5               6131240          69288.6
14:59:45.257 INFO  ProgressMeter -          4:108255415             88.7               6149000          69358.6
14:59:55.257 INFO  ProgressMeter -          4:109983154             88.8               6155990          69307.1
15:00:25.734 INFO  ProgressMeter -          4:115774736             89.3               6175950          69136.5
15:00:35.736 INFO  ProgressMeter -          4:116068722             89.5               6177450          69024.5
15:00:45.752 INFO  ProgressMeter -          4:117066690             89.7               6181710          68943.5
15:00:55.780 INFO  ProgressMeter -          4:118433910             89.8               6187520          68879.9
15:01:05.780 INFO  ProgressMeter -          4:120215852             90.0               6194120          68825.7
15:01:15.802 INFO  ProgressMeter -          4:123738149             90.2               6207010          68841.1
15:01:25.808 INFO  ProgressMeter -          4:126744020             90.3               6218660          68843.0
15:01:35.808 INFO  ProgressMeter -          4:128984111             90.5               6226910          68807.4
15:01:45.827 INFO  ProgressMeter -          4:129631554             90.7               6229780          68712.3
15:01:55.831 INFO  ProgressMeter -          4:130368473             90.8               6232910          68620.6
15:02:05.836 INFO  ProgressMeter -          4:132882287             91.0               6242560          68600.9
15:02:15.849 INFO  ProgressMeter -          4:134473041             91.2               6249140          68547.5
15:02:25.928 INFO  ProgressMeter -          4:135861446             91.3               6254470          68479.8
15:02:36.635 INFO  ProgressMeter -          4:137321535             91.5               6260290          68409.9
15:02:46.646 INFO  ProgressMeter -          4:137992619             91.7               6263200          68317.1
15:02:56.673 INFO  ProgressMeter -          4:139451832             91.8               6269140          68257.5
15:03:06.682 INFO  ProgressMeter -          4:141584903             92.0               6277490          68224.5
15:03:16.690 INFO  ProgressMeter -          4:147860910             92.2               6299790          68342.9
15:03:26.690 INFO  ProgressMeter -          4:148624164             92.3               6303280          68257.4
15:03:36.703 INFO  ProgressMeter -          4:150847898             92.5               6311970          68228.2
15:03:46.805 INFO  ProgressMeter -          4:155156664             92.7               6327600          68272.9
15:03:56.813 INFO  ProgressMeter -          4:155879775             92.8               6330880          68185.6
15:04:18.770 INFO  ProgressMeter -            5:3236792             93.2               6344490          68063.9
15:04:32.888 INFO  ProgressMeter -            5:5784572             93.4               6354180          67996.2
15:04:42.899 INFO  ProgressMeter -           5:20805693             93.6               6405350          68421.6
15:04:53.355 INFO  ProgressMeter -           5:23696212             93.8               6416030          68408.3
15:05:03.363 INFO  ProgressMeter -           5:24697370             94.0               6420270          68332.0
15:05:13.363 INFO  ProgressMeter -           5:30836743             94.1               6442190          68443.9
15:05:23.372 INFO  ProgressMeter -           5:32495173             94.3               6449110          68396.2
15:05:33.406 INFO  ProgressMeter -           5:34635984             94.5               6457760          68366.7
15:05:43.408 INFO  ProgressMeter -           5:38131969             94.6               6470750          68383.5
15:05:53.433 INFO  ProgressMeter -           5:45497367             94.8               6496340          68533.0
15:06:03.471 INFO  ProgressMeter -           5:52827037             95.0               6521770          68680.0
15:06:13.515 INFO  ProgressMeter -           5:64830287             95.1               6562810          68990.6
15:06:23.925 INFO  ProgressMeter -           5:65416975             95.3               6565200          68890.1
15:06:33.928 INFO  ProgressMeter -           5:69567224             95.5               6580160          68926.5
15:06:43.928 INFO  ProgressMeter -           5:75611581             95.6               6601640          69030.9
15:06:53.941 INFO  ProgressMeter -           5:77352989             95.8               6608450          68981.8
15:07:04.395 INFO  ProgressMeter -           5:89206301             96.0               6648740          69276.4
15:07:14.396 INFO  ProgressMeter -           5:92172035             96.1               6659740          69270.7
15:07:24.755 INFO  ProgressMeter -           5:93174152             96.3               6663630          69186.9
15:07:34.755 INFO  ProgressMeter -           5:97452144             96.5               6678630          69222.8
15:07:44.763 INFO  ProgressMeter -          5:100796441             96.6               6690610          69227.3
15:07:54.775 INFO  ProgressMeter -          5:104525306             96.8               6704110          69247.4
15:08:04.777 INFO  ProgressMeter -          5:107749695             97.0               6716060          69251.6
15:08:14.786 INFO  ProgressMeter -          5:108436456             97.1               6718930          69162.3
15:08:24.794 INFO  ProgressMeter -          5:110733942             97.3               6728240          69139.4
15:08:34.799 INFO  ProgressMeter -          5:114121092             97.5               6740930          69151.3
15:08:45.180 INFO  ProgressMeter -          5:115298875             97.7               6746060          69081.3
15:08:55.190 INFO  ProgressMeter -          5:117354711             97.8               6753950          69044.1
15:09:05.448 INFO  ProgressMeter -          5:121205550             98.0               6767880          69065.8
15:09:15.787 INFO  ProgressMeter -          5:122457228             98.2               6773280          68999.6
15:09:25.801 INFO  ProgressMeter -          5:123761654             98.3               6779070          68941.4
15:09:36.564 INFO  ProgressMeter -          5:124462098             98.5               6782300          68848.6
15:09:46.565 INFO  ProgressMeter -          5:128979356             98.7               6798420          68895.7
15:10:01.619 INFO  ProgressMeter -          5:129022823             98.9               6798660          68723.4
15:10:13.258 INFO  ProgressMeter -          5:129792799             99.1               6801590          68618.5
15:10:23.477 INFO  ProgressMeter -          5:130000399             99.3               6802580          68510.7
15:10:33.490 INFO  ProgressMeter -          5:135224831             99.5               6821380          68584.8
15:10:43.509 INFO  ProgressMeter -          5:136989227             99.6               6828500          68541.3
15:10:53.546 INFO  ProgressMeter -          5:137783229             99.8               6832150          68463.0
15:11:03.584 INFO  ProgressMeter -          5:140300902            100.0               6841920          68446.1
15:12:02.053 INFO  ProgressMeter -          5:142904024            100.9               6851530          67880.5
15:12:49.380 INFO  ProgressMeter -          5:142905734            101.7               6851540          67354.3
15:12:59.393 INFO  ProgressMeter -          5:143994111            101.9               6856070          67288.4
15:13:09.547 INFO  ProgressMeter -          5:146576276            102.1               6866030          67274.4
15:13:19.548 INFO  ProgressMeter -          5:149049939            102.2               6875220          67254.6
15:13:29.560 INFO  ProgressMeter -          5:151054400            102.4               6882680          67217.9
15:13:39.563 INFO  ProgressMeter -            6:6056829            102.6               6906480          67340.7
15:13:49.679 INFO  ProgressMeter -           6:13082926            102.7               6930830          67467.2
15:13:59.695 INFO  ProgressMeter -           6:17658922            102.9               6946780          67512.8
15:14:09.699 INFO  ProgressMeter -           6:28244232            103.1               6982920          67754.2
15:14:21.791 INFO  ProgressMeter -           6:29376417            103.3               6987180          67663.2
15:14:31.791 INFO  ProgressMeter -           6:30607902            103.4               6992300          67603.7
15:14:41.796 INFO  ProgressMeter -           6:34750936            103.6               7007300          67639.7
15:15:04.169 INFO  ProgressMeter -           6:34774835            104.0               7007450          67398.5
15:15:14.935 INFO  ProgressMeter -           6:35511517            104.1               7010450          67311.2
15:15:24.945 INFO  ProgressMeter -           6:39142718            104.3               7023710          67330.7
15:15:34.951 INFO  ProgressMeter -           6:47462119            104.5               7052700          67500.7
15:15:44.958 INFO  ProgressMeter -           6:49158088            104.7               7059680          67459.8
15:15:55.675 INFO  ProgressMeter -           6:51461370            104.8               7067940          67423.6
15:16:17.576 INFO  ProgressMeter -           6:51462986            105.2               7067950          67189.8
15:16:35.305 INFO  ProgressMeter -           6:51464301            105.5               7067960          67001.7
15:17:08.260 INFO  ProgressMeter -           6:51467354            106.0               7067990          66654.9
15:17:18.260 INFO  ProgressMeter -           6:56307797            106.2               7085330          66713.6
15:17:32.747 INFO  ProgressMeter -           6:66541116            106.4               7120540          66893.0
15:17:44.187 INFO  ProgressMeter -           6:67272596            106.6               7123180          66798.2
15:17:55.492 INFO  ProgressMeter -           6:67277697            106.8               7123210          66680.6
15:18:05.495 INFO  ProgressMeter -           6:71978058            107.0               7139820          66732.0
15:18:18.392 INFO  ProgressMeter -           6:72958400            107.2               7143850          66635.8
15:18:28.594 INFO  ProgressMeter -           6:83191283            107.4               7178860          66856.3
15:18:38.610 INFO  ProgressMeter -           6:85460086            107.5               7187580          66833.6
15:18:48.615 INFO  ProgressMeter -           6:86936986            107.7               7193490          66785.0
15:18:59.029 INFO  ProgressMeter -           6:87843612            107.9               7197180          66711.8
15:19:18.649 INFO  ProgressMeter -           6:87845369            108.2               7197190          66510.3
15:19:28.761 INFO  ProgressMeter -           6:88516176            108.4               7199900          66431.8
15:19:38.773 INFO  ProgressMeter -           6:91365445            108.5               7210280          66425.3
15:19:48.780 INFO  ProgressMeter -           6:92793912            108.7               7215770          66373.9
15:19:58.780 INFO  ProgressMeter -           6:98943094            108.9               7237410          66471.1
15:20:09.200 INFO  ProgressMeter -          6:108857414            109.1               7271360          66676.5
15:20:19.212 INFO  ProgressMeter -          6:114686557            109.2               7292150          66765.0
15:20:29.244 INFO  ProgressMeter -          6:117919857            109.4               7304230          66773.4
15:20:39.271 INFO  ProgressMeter -          6:119968306            109.6               7312250          66744.7
15:20:49.275 INFO  ProgressMeter -          6:124534288            109.7               7328900          66795.1
15:20:59.458 INFO  ProgressMeter -          6:125118448            109.9               7331700          66717.4
15:21:09.564 INFO  ProgressMeter -          6:125463101            110.1               7333450          66631.2
15:21:19.698 INFO  ProgressMeter -          6:128434137            110.2               7344480          66629.2
15:21:30.361 INFO  ProgressMeter -          6:133106771            110.4               7360530          66667.3
15:21:40.362 INFO  ProgressMeter -          6:135085323            110.6               7367950          66633.9
15:21:50.923 INFO  ProgressMeter -          6:135384277            110.7               7369280          66540.0
15:22:00.962 INFO  ProgressMeter -          6:137750514            110.9               7377750          66516.0
15:22:11.053 INFO  ProgressMeter -          6:144999782            111.1               7402770          66640.5
15:22:21.234 INFO  ProgressMeter -          6:146599317            111.3               7409010          66595.0
15:22:31.236 INFO  ProgressMeter -          6:147538718            111.4               7412790          66529.3
15:22:41.247 INFO  ProgressMeter -            7:3698086            111.6               7433590          66616.2
15:22:52.145 INFO  ProgressMeter -            7:4793780            111.8               7437740          66545.0
15:23:02.244 INFO  ProgressMeter -           7:13028195            111.9               7466280          66700.0
15:23:12.252 INFO  ProgressMeter -           7:16871175            112.1               7480380          66726.5
15:23:22.255 INFO  ProgressMeter -           7:20155391            112.3               7492790          66737.9
15:23:32.509 INFO  ProgressMeter -           7:25734522            112.4               7512810          66814.5
15:23:42.509 INFO  ProgressMeter -           7:28327211            112.6               7522820          66804.5
15:23:53.854 INFO  ProgressMeter -           7:28352532            112.8               7522940          66693.6
15:24:03.858 INFO  ProgressMeter -           7:29047882            113.0               7525980          66622.1
15:24:14.000 INFO  ProgressMeter -           7:30028502            113.1               7530090          66558.9
15:24:24.002 INFO  ProgressMeter -           7:30582446            113.3               7532710          66484.1
15:24:34.008 INFO  ProgressMeter -           7:35548761            113.5               7550380          66542.1
15:24:44.013 INFO  ProgressMeter -           7:41393865            113.6               7570710          66623.4
15:24:54.014 INFO  ProgressMeter -           7:45047518            113.8               7584350          66645.6
15:25:04.024 INFO  ProgressMeter -           7:45443374            114.0               7586210          66564.4
15:25:16.557 INFO  ProgressMeter -           7:45459371            114.2               7586310          66443.5
15:25:26.560 INFO  ProgressMeter -           7:48880748            114.3               7599070          66458.2
15:25:36.620 INFO  ProgressMeter -           7:59307436            114.5               7635000          66674.7
15:25:46.632 INFO  ProgressMeter -           7:67296816            114.7               7662740          66819.5
15:25:56.767 INFO  ProgressMeter -           7:79134482            114.8               7703460          67075.8
15:26:06.805 INFO  ProgressMeter -           7:80389645            115.0               7708870          67025.3
15:26:16.813 INFO  ProgressMeter -           7:82683119            115.2               7717670          67004.6
15:26:26.819 INFO  ProgressMeter -           7:90469533            115.3               7744750          67142.5
15:26:36.876 INFO  ProgressMeter -           7:98717837            115.5               7773760          67296.2
15:26:46.883 INFO  ProgressMeter -          7:100097333            115.7               7778930          67243.9
15:26:56.915 INFO  ProgressMeter -          7:102131020            115.8               7787320          67219.3
15:27:06.915 INFO  ProgressMeter -          7:106573485            116.0               7803280          67260.3
15:27:16.930 INFO  ProgressMeter -          7:111034398            116.2               7819210          67300.8
15:27:38.425 INFO  ProgressMeter -          7:111076210            116.5               7819450          67095.9
15:27:48.549 INFO  ProgressMeter -          7:112906202            116.7               7826210          67056.9
15:27:58.767 INFO  ProgressMeter -          7:118109868            116.9               7844500          67115.6
15:28:08.798 INFO  ProgressMeter -          7:120957703            117.0               7855120          67110.5
15:28:18.803 INFO  ProgressMeter -          7:126150775            117.2               7873800          67174.4
15:28:28.806 INFO  ProgressMeter -          7:127001443            117.4               7877600          67111.4
15:28:38.829 INFO  ProgressMeter -          7:127982690            117.5               7882210          67055.2
15:28:48.829 INFO  ProgressMeter -          7:132765605            117.7               7899640          67108.3
15:28:58.951 INFO  ProgressMeter -          7:137454597            117.9               7916280          67153.5
15:29:08.984 INFO  ProgressMeter -          7:141599533            118.1               7931630          67188.4
15:29:20.810 INFO  ProgressMeter -          7:144933365            118.2               7944020          67181.2
15:29:30.822 INFO  ProgressMeter -            8:8680989            118.4               7975900          67355.7
15:29:42.019 INFO  ProgressMeter -           8:13167770            118.6               7992050          67385.9
15:29:52.035 INFO  ProgressMeter -           8:14929274            118.8               7998690          67347.1
15:30:02.130 INFO  ProgressMeter -           8:20270829            118.9               8017140          67406.9
15:30:12.141 INFO  ProgressMeter -           8:22672286            119.1               8025900          67386.1
15:30:22.158 INFO  ProgressMeter -           8:25770277            119.3               8037480          67388.8
15:30:33.799 INFO  ProgressMeter -           8:31160679            119.5               8056410          67437.8
15:30:43.809 INFO  ProgressMeter -           8:34142155            119.6               8067250          67434.4
15:30:53.870 INFO  ProgressMeter -           8:36216513            119.8               8074750          67402.6
15:31:03.870 INFO  ProgressMeter -           8:41053754            120.0               8091740          67450.6
15:31:25.177 INFO  ProgressMeter -           8:46207590            120.3               8109890          67402.4
15:31:35.176 INFO  ProgressMeter -           8:55068384            120.5               8140370          67562.1
15:31:47.019 INFO  ProgressMeter -           8:64594300            120.7               8173200          67723.7
15:31:57.098 INFO  ProgressMeter -           8:69317752            120.9               8189840          67767.2
15:32:07.197 INFO  ProgressMeter -           8:70089428            121.0               8193290          67701.5
15:32:17.224 INFO  ProgressMeter -           8:70778763            121.2               8196740          67636.6
15:32:27.238 INFO  ProgressMeter -           8:71358151            121.4               8199120          67563.2
15:32:37.428 INFO  ProgressMeter -           8:72151814            121.5               8202610          67497.5
15:32:47.501 INFO  ProgressMeter -           8:72220600            121.7               8202890          67406.6
15:32:57.518 INFO  ProgressMeter -           8:77577676            121.9               8222080          67471.8
15:33:07.521 INFO  ProgressMeter -           8:80785524            122.0               8233500          67473.2
15:33:17.621 INFO  ProgressMeter -           8:83998118            122.2               8245260          67476.5
15:33:27.880 INFO  ProgressMeter -           8:84836045            122.4               8248970          67412.5
15:33:40.167 INFO  ProgressMeter -           8:84843387            122.6               8249030          67300.4
15:33:50.168 INFO  ProgressMeter -           8:85077187            122.7               8250400          67220.1
15:34:00.882 INFO  ProgressMeter -           8:88134531            122.9               8261630          67213.8
15:34:10.882 INFO  ProgressMeter -           8:91392472            123.1               8273460          67218.9
15:34:20.894 INFO  ProgressMeter -           8:94633502            123.2               8285350          67224.4
15:34:30.894 INFO  ProgressMeter -           8:98609176            123.4               8299830          67250.9
15:34:40.907 INFO  ProgressMeter -          8:105357433            123.6               8323160          67348.9
15:34:50.971 INFO  ProgressMeter -          8:106887463            123.8               8329840          67311.6
15:35:00.985 INFO  ProgressMeter -          8:109682741            123.9               8340310          67305.4
15:35:11.024 INFO  ProgressMeter -          8:111154160            124.1               8346430          67264.0
15:35:21.025 INFO  ProgressMeter -          8:114406225            124.3               8358290          67269.2
15:35:31.028 INFO  ProgressMeter -          8:120244825            124.4               8379160          67346.8
15:35:41.028 INFO  ProgressMeter -          8:122478991            124.6               8387750          67325.7
15:35:51.049 INFO  ProgressMeter -          8:123283867            124.8               8391310          67264.1
15:36:01.057 INFO  ProgressMeter -          8:124311446            124.9               8395690          67209.3
15:36:11.075 INFO  ProgressMeter -          8:124861167            125.1               8398060          67138.6
15:36:21.093 INFO  ProgressMeter -          8:127474542            125.3               8407620          67125.4
15:36:31.094 INFO  ProgressMeter -            9:6005861            125.4               8434810          67253.0
15:36:41.144 INFO  ProgressMeter -           9:14331304            125.6               8463840          67394.4
15:36:51.147 INFO  ProgressMeter -           9:20478206            125.8               8485380          67476.4
15:37:01.151 INFO  ProgressMeter -           9:21503194            125.9               8490060          67424.2
15:37:11.163 INFO  ProgressMeter -           9:24475371            126.1               8501320          67424.3
15:37:21.169 INFO  ProgressMeter -           9:30450135            126.3               8521920          67498.4
15:37:31.201 INFO  ProgressMeter -           9:35210770            126.4               8538760          67542.3
15:37:41.203 INFO  ProgressMeter -           9:40735021            126.6               8558370          67608.3
15:38:08.591 INFO  ProgressMeter -           9:40804833            127.0               8558760          67368.4
15:38:18.700 INFO  ProgressMeter -           9:44385268            127.2               8571890          67382.4
15:38:29.251 INFO  ProgressMeter -           9:44759506            127.4               8573680          67303.4
15:38:39.271 INFO  ProgressMeter -           9:49024048            127.6               8589310          67337.9
15:38:49.275 INFO  ProgressMeter -           9:53459314            127.7               8605430          67376.2
15:38:59.276 INFO  ProgressMeter -           9:56469588            127.9               8616850          67377.6
15:39:09.281 INFO  ProgressMeter -           9:59396883            128.1               8628140          67378.1
15:39:19.294 INFO  ProgressMeter -           9:62376133            128.2               8639030          67375.3
15:39:32.031 INFO  ProgressMeter -           9:64178956            128.4               8645700          67315.9
15:39:42.164 INFO  ProgressMeter -           9:66044418            128.6               8653260          67286.3
15:39:52.175 INFO  ProgressMeter -           9:67944091            128.8               8660580          67255.9
15:40:02.207 INFO  ProgressMeter -           9:70779197            128.9               8670940          67249.1
15:40:14.028 INFO  ProgressMeter -           9:72748432            129.1               8678390          67204.2
15:40:24.031 INFO  ProgressMeter -           9:77474068            129.3               8695090          67246.7
15:41:48.169 INFO  ProgressMeter -           9:78479581            130.7               8698840          66553.9
15:42:42.376 INFO  ProgressMeter -           9:78480731            131.6               8698850          66097.1
15:42:52.416 INFO  ProgressMeter -           9:83781447            131.8               8717640          66155.7
15:43:02.573 INFO  ProgressMeter -           9:88454882            131.9               8734240          66196.7
15:43:12.580 INFO  ProgressMeter -           9:95935442            132.1               8760340          66310.7
15:43:22.583 INFO  ProgressMeter -           9:99309128            132.3               8772900          66322.0
15:43:32.587 INFO  ProgressMeter -          9:103343586            132.4               8787550          66349.2
15:43:42.593 INFO  ProgressMeter -          9:106197492            132.6               8798040          66344.8
15:43:52.610 INFO  ProgressMeter -          9:107759242            132.8               8804490          66310.0
15:44:02.694 INFO  ProgressMeter -          9:108572514            132.9               8808390          66255.5
15:44:12.740 INFO  ProgressMeter -          9:110239594            133.1               8815220          66223.5
15:44:22.881 INFO  ProgressMeter -          9:114725486            133.3               8831590          66262.3
15:44:32.942 INFO  ProgressMeter -          9:119926496            133.4               8850220          66318.6
15:44:42.942 INFO  ProgressMeter -          9:120985157            133.6               8853990          66264.1
15:45:47.824 INFO  ProgressMeter -              MT:1170            134.7               8867460          65832.2
15:47:52.926 INFO  ProgressMeter -              MT:2500            136.8               8867470          64828.7
15:49:18.399 INFO  ProgressMeter -              MT:3770            138.2               8867480          64160.6
15:50:47.952 INFO  ProgressMeter -              MT:5067            139.7               8867490          63475.2
15:52:13.693 INFO  ProgressMeter -              MT:6557            141.1               8867500          62832.5
15:52:59.531 INFO  ProgressMeter -             MT:12076            141.9               8867540          62494.5
15:54:37.913 INFO  ProgressMeter -             MT:13724            143.5               8867550          61780.7
15:56:02.740 INFO  ProgressMeter -             MT:15794            144.9               8867560          61178.1
15:56:12.755 INFO  ProgressMeter -            X:7938977            145.1               8894890          61296.1
15:56:22.763 INFO  ProgressMeter -           X:13202833            145.3               8913590          61354.4
15:56:33.071 INFO  ProgressMeter -           X:13292867            145.5               8913940          61284.4
15:56:43.072 INFO  ProgressMeter -           X:20876659            145.6               8940180          61394.4
15:56:53.355 INFO  ProgressMeter -           X:37082509            145.8               8994990          61698.2
15:57:03.357 INFO  ProgressMeter -           X:42274737            146.0               9013090          61751.7
15:57:13.381 INFO  ProgressMeter -           X:52932861            146.1               9049820          61932.5
15:57:23.381 INFO  ProgressMeter -           X:68681065            146.3               9103270          62227.3
15:57:33.446 INFO  ProgressMeter -           X:73945096            146.5               9121940          62283.5
15:57:48.977 INFO  ProgressMeter -           X:74240451            146.7               9123280          62182.8
15:57:59.014 INFO  ProgressMeter -           X:75411598            146.9               9127980          62143.9
15:58:09.074 INFO  ProgressMeter -           X:89682819            147.1               9176380          62402.2
15:58:19.839 INFO  ProgressMeter -           X:96169200            147.2               9198960          62479.5
15:58:29.934 INFO  ProgressMeter -          X:101683893            147.4               9218600          62541.5
15:58:39.964 INFO  ProgressMeter -          X:105838317            147.6               9233600          62572.3
15:58:49.963 INFO  ProgressMeter -          X:110753026            147.7               9250810          62618.2
15:58:59.971 INFO  ProgressMeter -          X:134087685            147.9               9329290          63078.2
15:59:09.971 INFO  ProgressMeter -          X:138770432            148.1               9345940          63119.6
15:59:19.997 INFO  ProgressMeter -          X:150409384            148.2               9386080          63319.3
15:59:29.997 INFO  ProgressMeter -          X:152304717            148.4               9393770          63300.0
15:59:40.023 INFO  ProgressMeter -          X:159974467            148.6               9420620          63409.5
15:59:50.064 INFO  ProgressMeter -          X:166412106            148.7               9443410          63491.4
16:00:00.064 INFO  ProgressMeter -            Y:1813452            148.9               9465750          63570.3
16:00:10.064 INFO  ProgressMeter -           Y:40664837            149.1               9595340          64368.6
16:00:20.064 INFO  ProgressMeter -           Y:77990441            149.2               9719800          65130.7
16:00:30.065 INFO  ProgressMeter -           Y:90815927            149.4               9762840          65346.1
16:00:36.008 INFO  Mutect2 - 6680776 read(s) filtered by: MappingQualityReadFilter 
0 read(s) filtered by: MappingQualityAvailableReadFilter 
0 read(s) filtered by: MappingQualityNotZeroReadFilter 
0 read(s) filtered by: MappedReadFilter 
0 read(s) filtered by: NotSecondaryAlignmentReadFilter 
0 read(s) filtered by: NotDuplicateReadFilter 
0 read(s) filtered by: PassesVendorQualityCheckReadFilter 
0 read(s) filtered by: NonChimericOriginalAlignmentReadFilter 
0 read(s) filtered by: NonZeroReferenceLengthAlignmentReadFilter 
0 read(s) filtered by: ReadLengthReadFilter 
0 read(s) filtered by: GoodCigarReadFilter 
0 read(s) filtered by: WellformedReadFilter 
6680776 total reads filtered
16:00:36.008 INFO  ProgressMeter -    JH584299.1:951601            149.5               9784274          65446.2
16:00:36.009 INFO  ProgressMeter - Traversal complete. Processed 9784274 total regions in 149.5 minutes.
16:00:36.138 INFO  VectorLoglessPairHMM - Time spent in setup for JNI call : 12.638925315000002
16:00:36.138 INFO  PairHMM - Total compute time in PairHMM computeLogLikelihoods() : 2777.785873415
16:00:36.138 INFO  SmithWatermanAligner - Total compute time in java Smith-Waterman : 1127.74 sec
16:00:36.139 INFO  Mutect2 - Shutting down engine
[September 20, 2022 at 4:00:36 PM MST] org.broadinstitute.hellbender.tools.walkers.mutect.Mutect2 done. Elapsed time: 149.52 minutes.
Runtime.totalMemory()=2046820352
Tool returned:
SUCCESS
Using GATK jar /home/eknodel/gatk-4.1.7.0/gatk-package-4.1.7.0-local.jar
Running:
    java -Dsamjdk.use_async_io_read_samtools=false -Dsamjdk.use_async_io_write_samtools=true -Dsamjdk.use_async_io_write_tribble=false -Dsamjdk.compression_level=2 -Xmx10G -jar /home/eknodel/gatk-4.1.7.0/gatk-package-4.1.7.0-local.jar Mutect2 -R /data/CEM/shared/public_data/references/ensemble_GRCm38.68/GRCm38_68.fa -I /scratch/eknodel/SCC_samples/cell_lines/Progeny/RNAseq/sorted_bam/483_sc_01_B6-2_354_223_S59_L003_RNA_HISAT2_genome_aligned_sortedbycoord_RG-splitreads.bam -O /scratch/eknodel/SCC_samples/cell_lines/Progeny/RNAseq/gatk_mutect2/483_sc_01_B6-2_354_223_S59_L003.somatic.vcf.gz --tmp-dir /data/CEM/shared/public_data/mouse_SCC_cell_lines
[Tue Sep 20 16:00:36 2022]
Finished job 0.
1 of 1 steps (100%) done
