Building DAG of jobs...
Using shell: /usr/bin/bash
Provided cluster nodes: 15
Job counts:
	count	jobs
	1	all
	6	gatk_asereadcounter
	1	index_vcf
	1	remove_duplicates
	9

[Thu Sep 22 21:22:24 2022]
rule remove_duplicates:
    input: /scratch/eknodel/SCC_samples/cell_lines/gatk_mutect2/244_1_Chu_02_B7_352_225_S2_L003.somatic.filtered.pass.vcf, /data/CEM/shared/public_data/references/ensemble_GRCm38.68/GRCm38_68.fa
    output: /scratch/eknodel/SCC_samples/cell_lines/gatk_mutect2/244_1_Chu_02_B7_352_225_S2_L003.somatic.filtered.pass_SNPs.vcf
    jobid: 7

Submitted job 7 with external jobid 'Submitted batch job 17562908'.
[Thu Sep 22 21:22:34 2022]
Finished job 7.
1 of 9 steps (11%) done

[Thu Sep 22 21:22:34 2022]
rule index_vcf:
    input: /scratch/eknodel/SCC_samples/cell_lines/gatk_mutect2/244_1_Chu_02_B7_352_225_S2_L003.somatic.filtered.pass_SNPs.vcf
    output: /scratch/eknodel/SCC_samples/cell_lines/gatk_mutect2/244_1_Chu_02_B7_352_225_S2_L003.somatic.filtered.pass_SNPs.vcf.idx
    jobid: 8

Submitted job 8 with external jobid 'Submitted batch job 17562909'.
[Thu Sep 22 21:22:44 2022]
Finished job 8.
2 of 9 steps (22%) done

[Thu Sep 22 21:22:44 2022]
rule gatk_asereadcounter:
    input: /scratch/eknodel/SCC_samples/cell_lines/RNAseq/sorted_bam/244-1-chu-02-B7-6-22-21_202_375_S26_L003_RNA_HISAT2_genome_aligned_sortedbycoord_mkdup_RG.bam, /scratch/eknodel/SCC_samples/cell_lines/gatk_mutect2/244_1_Chu_02_B7_352_225_S2_L003.somatic.filtered.pass_SNPs.vcf, /scratch/eknodel/SCC_samples/cell_lines/gatk_mutect2/244_1_Chu_02_B7_352_225_S2_L003.somatic.filtered.pass_SNPs.vcf.idx
    output: /scratch/eknodel/SCC_samples/cell_lines/RNAseq/variant_specific_expression/244-1-chu-02-B7-6-22-21_202_375_S26_L003_variant_expression.tsv
    jobid: 6
    wildcards: sample=244-1-chu-02-B7-6-22-21_202_375_S26_L003

Submitted job 6 with external jobid 'Submitted batch job 17562910'.

[Thu Sep 22 21:22:44 2022]
rule gatk_asereadcounter:
    input: /scratch/eknodel/SCC_samples/cell_lines/RNAseq/sorted_bam/244-1-chu-02-B7-6-15-21_214_363_S25_L003_RNA_HISAT2_genome_aligned_sortedbycoord_mkdup_RG.bam, /scratch/eknodel/SCC_samples/cell_lines/gatk_mutect2/244_1_Chu_02_B7_352_225_S2_L003.somatic.filtered.pass_SNPs.vcf, /scratch/eknodel/SCC_samples/cell_lines/gatk_mutect2/244_1_Chu_02_B7_352_225_S2_L003.somatic.filtered.pass_SNPs.vcf.idx
    output: /scratch/eknodel/SCC_samples/cell_lines/RNAseq/variant_specific_expression/244-1-chu-02-B7-6-15-21_214_363_S25_L003_variant_expression.tsv
    jobid: 4
    wildcards: sample=244-1-chu-02-B7-6-15-21_214_363_S25_L003

Submitted job 4 with external jobid 'Submitted batch job 17562911'.

[Thu Sep 22 21:22:44 2022]
rule gatk_asereadcounter:
    input: /scratch/eknodel/SCC_samples/cell_lines/RNAseq/sorted_bam/244-1-chu-02-B7-6-6-21_250_327_S22_L003_RNA_HISAT2_genome_aligned_sortedbycoord_mkdup_RG.bam, /scratch/eknodel/SCC_samples/cell_lines/gatk_mutect2/244_1_Chu_02_B7_352_225_S2_L003.somatic.filtered.pass_SNPs.vcf, /scratch/eknodel/SCC_samples/cell_lines/gatk_mutect2/244_1_Chu_02_B7_352_225_S2_L003.somatic.filtered.pass_SNPs.vcf.idx
    output: /scratch/eknodel/SCC_samples/cell_lines/RNAseq/variant_specific_expression/244-1-chu-02-B7-6-6-21_250_327_S22_L003_variant_expression.tsv
    jobid: 5
    wildcards: sample=244-1-chu-02-B7-6-6-21_250_327_S22_L003

Submitted job 5 with external jobid 'Submitted batch job 17562912'.

[Thu Sep 22 21:22:45 2022]
rule gatk_asereadcounter:
    input: /scratch/eknodel/SCC_samples/cell_lines/RNAseq/sorted_bam/244-1-chu-02-B7-6-9-21_238_339_S23_L003_RNA_HISAT2_genome_aligned_sortedbycoord_mkdup_RG.bam, /scratch/eknodel/SCC_samples/cell_lines/gatk_mutect2/244_1_Chu_02_B7_352_225_S2_L003.somatic.filtered.pass_SNPs.vcf, /scratch/eknodel/SCC_samples/cell_lines/gatk_mutect2/244_1_Chu_02_B7_352_225_S2_L003.somatic.filtered.pass_SNPs.vcf.idx
    output: /scratch/eknodel/SCC_samples/cell_lines/RNAseq/variant_specific_expression/244-1-chu-02-B7-6-9-21_238_339_S23_L003_variant_expression.tsv
    jobid: 1
    wildcards: sample=244-1-chu-02-B7-6-9-21_238_339_S23_L003

Submitted job 1 with external jobid 'Submitted batch job 17562913'.

[Thu Sep 22 21:22:45 2022]
rule gatk_asereadcounter:
    input: /scratch/eknodel/SCC_samples/cell_lines/RNAseq/sorted_bam/244-1-chu-02-B7-6-11-21_226_351_S24_L003_RNA_HISAT2_genome_aligned_sortedbycoord_mkdup_RG.bam, /scratch/eknodel/SCC_samples/cell_lines/gatk_mutect2/244_1_Chu_02_B7_352_225_S2_L003.somatic.filtered.pass_SNPs.vcf, /scratch/eknodel/SCC_samples/cell_lines/gatk_mutect2/244_1_Chu_02_B7_352_225_S2_L003.somatic.filtered.pass_SNPs.vcf.idx
    output: /scratch/eknodel/SCC_samples/cell_lines/RNAseq/variant_specific_expression/244-1-chu-02-B7-6-11-21_226_351_S24_L003_variant_expression.tsv
    jobid: 2
    wildcards: sample=244-1-chu-02-B7-6-11-21_226_351_S24_L003

Submitted job 2 with external jobid 'Submitted batch job 17562914'.

[Thu Sep 22 21:22:45 2022]
rule gatk_asereadcounter:
    input: /scratch/eknodel/SCC_samples/cell_lines/RNAseq/sorted_bam/244-1-chu-02-B7-6-3-21_262_315_S21_L003_RNA_HISAT2_genome_aligned_sortedbycoord_mkdup_RG.bam, /scratch/eknodel/SCC_samples/cell_lines/gatk_mutect2/244_1_Chu_02_B7_352_225_S2_L003.somatic.filtered.pass_SNPs.vcf, /scratch/eknodel/SCC_samples/cell_lines/gatk_mutect2/244_1_Chu_02_B7_352_225_S2_L003.somatic.filtered.pass_SNPs.vcf.idx
    output: /scratch/eknodel/SCC_samples/cell_lines/RNAseq/variant_specific_expression/244-1-chu-02-B7-6-3-21_262_315_S21_L003_variant_expression.tsv
    jobid: 3
    wildcards: sample=244-1-chu-02-B7-6-3-21_262_315_S21_L003

Submitted job 3 with external jobid 'Submitted batch job 17562915'.
[Thu Sep 22 21:32:45 2022]
Finished job 5.
3 of 9 steps (33%) done
[Thu Sep 22 21:40:26 2022]
Finished job 6.
4 of 9 steps (44%) done
[Thu Sep 22 21:40:26 2022]
Finished job 3.
5 of 9 steps (56%) done
[Thu Sep 22 21:40:56 2022]
Finished job 1.
6 of 9 steps (67%) done
[Thu Sep 22 21:40:56 2022]
Finished job 2.
7 of 9 steps (78%) done
[Thu Sep 22 21:43:26 2022]
Finished job 4.
8 of 9 steps (89%) done

[Thu Sep 22 21:43:26 2022]
localrule all:
    input: /scratch/eknodel/SCC_samples/cell_lines/RNAseq/variant_specific_expression/244-1-chu-02-B7-6-11-21_226_351_S24_L003_variant_expression.tsv, /scratch/eknodel/SCC_samples/cell_lines/RNAseq/variant_specific_expression/244-1-chu-02-B7-6-15-21_214_363_S25_L003_variant_expression.tsv, /scratch/eknodel/SCC_samples/cell_lines/RNAseq/variant_specific_expression/244-1-chu-02-B7-6-22-21_202_375_S26_L003_variant_expression.tsv, /scratch/eknodel/SCC_samples/cell_lines/RNAseq/variant_specific_expression/244-1-chu-02-B7-6-3-21_262_315_S21_L003_variant_expression.tsv, /scratch/eknodel/SCC_samples/cell_lines/RNAseq/variant_specific_expression/244-1-chu-02-B7-6-6-21_250_327_S22_L003_variant_expression.tsv, /scratch/eknodel/SCC_samples/cell_lines/RNAseq/variant_specific_expression/244-1-chu-02-B7-6-9-21_238_339_S23_L003_variant_expression.tsv
    jobid: 0

[Thu Sep 22 21:43:26 2022]
Finished job 0.
9 of 9 steps (100%) done
Complete log: /home/eknodel/SCC_samples/Parent_cell_lines/04_variant_specific_expression/.snakemake/log/2022-09-22T212224.634120.snakemake.log
