Building DAG of jobs...
Using shell: /usr/bin/bash
Provided cluster nodes: 15
Job counts:
	count	jobs
	1	all
	6	index_mkdup_bam
	6	mark_duplicates
	13

[Thu Sep 22 15:38:47 2022]
rule mark_duplicates:
    input: /scratch/eknodel/SCC_samples/cell_lines/RNAseq/sorted_bam/244-1-chu-02-B7-6-3-21_262_315_S21_L003_RNA_HISAT2_genome_aligned_sortedbycoord.bam
    output: /scratch/eknodel/SCC_samples/cell_lines/RNAseq/sorted_bam/244-1-chu-02-B7-6-3-21_262_315_S21_L003_RNA_HISAT2_genome_aligned_sortedbycoord_mkdup.bam, 244-1-chu-02-B7-6-3-21_262_315_S21_L003.picard_mkdup_metrics.txt
    jobid: 7
    wildcards: sample=244-1-chu-02-B7-6-3-21_262_315_S21_L003
    threads: 4

Submitted job 7 with external jobid 'Submitted batch job 17561594'.

[Thu Sep 22 15:38:48 2022]
rule mark_duplicates:
    input: /scratch/eknodel/SCC_samples/cell_lines/RNAseq/sorted_bam/244-1-chu-02-B7-6-9-21_238_339_S23_L003_RNA_HISAT2_genome_aligned_sortedbycoord.bam
    output: /scratch/eknodel/SCC_samples/cell_lines/RNAseq/sorted_bam/244-1-chu-02-B7-6-9-21_238_339_S23_L003_RNA_HISAT2_genome_aligned_sortedbycoord_mkdup.bam, 244-1-chu-02-B7-6-9-21_238_339_S23_L003.picard_mkdup_metrics.txt
    jobid: 23
    wildcards: sample=244-1-chu-02-B7-6-9-21_238_339_S23_L003
    threads: 4

Submitted job 23 with external jobid 'Submitted batch job 17561595'.

[Thu Sep 22 15:38:48 2022]
rule mark_duplicates:
    input: /scratch/eknodel/SCC_samples/cell_lines/RNAseq/sorted_bam/244-1-chu-02-B7-6-15-21_214_363_S25_L003_RNA_HISAT2_genome_aligned_sortedbycoord.bam
    output: /scratch/eknodel/SCC_samples/cell_lines/RNAseq/sorted_bam/244-1-chu-02-B7-6-15-21_214_363_S25_L003_RNA_HISAT2_genome_aligned_sortedbycoord_mkdup.bam, 244-1-chu-02-B7-6-15-21_214_363_S25_L003.picard_mkdup_metrics.txt
    jobid: 24
    wildcards: sample=244-1-chu-02-B7-6-15-21_214_363_S25_L003
    threads: 4

Submitted job 24 with external jobid 'Submitted batch job 17561596'.

[Thu Sep 22 15:38:48 2022]
rule mark_duplicates:
    input: /scratch/eknodel/SCC_samples/cell_lines/RNAseq/sorted_bam/244-1-chu-02-B7-6-6-21_250_327_S22_L003_RNA_HISAT2_genome_aligned_sortedbycoord.bam
    output: /scratch/eknodel/SCC_samples/cell_lines/RNAseq/sorted_bam/244-1-chu-02-B7-6-6-21_250_327_S22_L003_RNA_HISAT2_genome_aligned_sortedbycoord_mkdup.bam, 244-1-chu-02-B7-6-6-21_250_327_S22_L003.picard_mkdup_metrics.txt
    jobid: 20
    wildcards: sample=244-1-chu-02-B7-6-6-21_250_327_S22_L003
    threads: 4

Submitted job 20 with external jobid 'Submitted batch job 17561597'.

[Thu Sep 22 15:38:48 2022]
rule mark_duplicates:
    input: /scratch/eknodel/SCC_samples/cell_lines/RNAseq/sorted_bam/244-1-chu-02-B7-6-22-21_202_375_S26_L003_RNA_HISAT2_genome_aligned_sortedbycoord.bam
    output: /scratch/eknodel/SCC_samples/cell_lines/RNAseq/sorted_bam/244-1-chu-02-B7-6-22-21_202_375_S26_L003_RNA_HISAT2_genome_aligned_sortedbycoord_mkdup.bam, 244-1-chu-02-B7-6-22-21_202_375_S26_L003.picard_mkdup_metrics.txt
    jobid: 4
    wildcards: sample=244-1-chu-02-B7-6-22-21_202_375_S26_L003
    threads: 4

Submitted job 4 with external jobid 'Submitted batch job 17561598'.

[Thu Sep 22 15:38:48 2022]
rule mark_duplicates:
    input: /scratch/eknodel/SCC_samples/cell_lines/RNAseq/sorted_bam/244-1-chu-02-B7-6-11-21_226_351_S24_L003_RNA_HISAT2_genome_aligned_sortedbycoord.bam
    output: /scratch/eknodel/SCC_samples/cell_lines/RNAseq/sorted_bam/244-1-chu-02-B7-6-11-21_226_351_S24_L003_RNA_HISAT2_genome_aligned_sortedbycoord_mkdup.bam, 244-1-chu-02-B7-6-11-21_226_351_S24_L003.picard_mkdup_metrics.txt
    jobid: 22
    wildcards: sample=244-1-chu-02-B7-6-11-21_226_351_S24_L003
    threads: 4

Submitted job 22 with external jobid 'Submitted batch job 17561599'.
[Thu Sep 22 15:45:48 2022]
Finished job 20.
1 of 13 steps (8%) done

[Thu Sep 22 15:45:48 2022]
Job 9: Indexing sorted BAM file.

Submitted job 9 with external jobid 'Submitted batch job 17561609'.
[Thu Sep 22 15:46:18 2022]
Finished job 9.
2 of 13 steps (15%) done
[Thu Sep 22 15:46:48 2022]
Finished job 4.
3 of 13 steps (23%) done

[Thu Sep 22 15:46:48 2022]
Job 3: Indexing sorted BAM file.

Submitted job 3 with external jobid 'Submitted batch job 17561611'.
[Thu Sep 22 15:47:18 2022]
Finished job 3.
4 of 13 steps (31%) done
[Thu Sep 22 15:47:48 2022]
Finished job 22.
5 of 13 steps (38%) done

[Thu Sep 22 15:47:48 2022]
Job 6: Indexing sorted BAM file.

Submitted job 6 with external jobid 'Submitted batch job 17561614'.
[Thu Sep 22 15:48:18 2022]
Finished job 6.
6 of 13 steps (46%) done
[Thu Sep 22 15:48:49 2022]
Finished job 7.
7 of 13 steps (54%) done

[Thu Sep 22 15:48:49 2022]
Job 8: Indexing sorted BAM file.

[Thu Sep 22 15:48:49 2022]
Finished job 23.
8 of 13 steps (62%) done
[Thu Sep 22 15:48:49 2022]
Finished job 24.
9 of 13 steps (69%) done
Submitted job 8 with external jobid 'Submitted batch job 17561615'.

[Thu Sep 22 15:48:49 2022]
Job 12: Indexing sorted BAM file.

Submitted job 12 with external jobid 'Submitted batch job 17561616'.

[Thu Sep 22 15:48:49 2022]
Job 18: Indexing sorted BAM file.

Submitted job 18 with external jobid 'Submitted batch job 17561617'.
[Thu Sep 22 15:49:19 2022]
Finished job 8.
10 of 13 steps (77%) done
[Thu Sep 22 15:49:19 2022]
Finished job 12.
11 of 13 steps (85%) done
[Thu Sep 22 15:49:19 2022]
Finished job 18.
12 of 13 steps (92%) done

[Thu Sep 22 15:49:19 2022]
localrule all:
    input: /scratch/eknodel/SCC_samples/cell_lines/RNAseq/sam/244-1-chu-02-B7-6-11-21_226_351_S24_L003_RNA_HISAT2_genome_aligned.sam, /scratch/eknodel/SCC_samples/cell_lines/RNAseq/sam/244-1-chu-02-B7-6-15-21_214_363_S25_L003_RNA_HISAT2_genome_aligned.sam, /scratch/eknodel/SCC_samples/cell_lines/RNAseq/sam/244-1-chu-02-B7-6-22-21_202_375_S26_L003_RNA_HISAT2_genome_aligned.sam, /scratch/eknodel/SCC_samples/cell_lines/RNAseq/sam/244-1-chu-02-B7-6-3-21_262_315_S21_L003_RNA_HISAT2_genome_aligned.sam, /scratch/eknodel/SCC_samples/cell_lines/RNAseq/sam/244-1-chu-02-B7-6-6-21_250_327_S22_L003_RNA_HISAT2_genome_aligned.sam, /scratch/eknodel/SCC_samples/cell_lines/RNAseq/sam/244-1-chu-02-B7-6-9-21_238_339_S23_L003_RNA_HISAT2_genome_aligned.sam, /scratch/eknodel/SCC_samples/cell_lines/RNAseq/bam/244-1-chu-02-B7-6-11-21_226_351_S24_L003_RNA_HISAT2_genome_aligned.bam, /scratch/eknodel/SCC_samples/cell_lines/RNAseq/bam/244-1-chu-02-B7-6-15-21_214_363_S25_L003_RNA_HISAT2_genome_aligned.bam, /scratch/eknodel/SCC_samples/cell_lines/RNAseq/bam/244-1-chu-02-B7-6-22-21_202_375_S26_L003_RNA_HISAT2_genome_aligned.bam, /scratch/eknodel/SCC_samples/cell_lines/RNAseq/bam/244-1-chu-02-B7-6-3-21_262_315_S21_L003_RNA_HISAT2_genome_aligned.bam, /scratch/eknodel/SCC_samples/cell_lines/RNAseq/bam/244-1-chu-02-B7-6-6-21_250_327_S22_L003_RNA_HISAT2_genome_aligned.bam, /scratch/eknodel/SCC_samples/cell_lines/RNAseq/bam/244-1-chu-02-B7-6-9-21_238_339_S23_L003_RNA_HISAT2_genome_aligned.bam, /scratch/eknodel/SCC_samples/cell_lines/RNAseq/sorted_bam/244-1-chu-02-B7-6-11-21_226_351_S24_L003_RNA_HISAT2_genome_aligned_sortedbycoord_mkdup.bam, /scratch/eknodel/SCC_samples/cell_lines/RNAseq/sorted_bam/244-1-chu-02-B7-6-15-21_214_363_S25_L003_RNA_HISAT2_genome_aligned_sortedbycoord_mkdup.bam, /scratch/eknodel/SCC_samples/cell_lines/RNAseq/sorted_bam/244-1-chu-02-B7-6-22-21_202_375_S26_L003_RNA_HISAT2_genome_aligned_sortedbycoord_mkdup.bam, /scratch/eknodel/SCC_samples/cell_lines/RNAseq/sorted_bam/244-1-chu-02-B7-6-3-21_262_315_S21_L003_RNA_HISAT2_genome_aligned_sortedbycoord_mkdup.bam, /scratch/eknodel/SCC_samples/cell_lines/RNAseq/sorted_bam/244-1-chu-02-B7-6-6-21_250_327_S22_L003_RNA_HISAT2_genome_aligned_sortedbycoord_mkdup.bam, /scratch/eknodel/SCC_samples/cell_lines/RNAseq/sorted_bam/244-1-chu-02-B7-6-9-21_238_339_S23_L003_RNA_HISAT2_genome_aligned_sortedbycoord_mkdup.bam, /scratch/eknodel/SCC_samples/cell_lines/RNAseq/sorted_bam/244-1-chu-02-B7-6-11-21_226_351_S24_L003_RNA_HISAT2_genome_aligned_sortedbycoord_mkdup.bam.bai, /scratch/eknodel/SCC_samples/cell_lines/RNAseq/sorted_bam/244-1-chu-02-B7-6-15-21_214_363_S25_L003_RNA_HISAT2_genome_aligned_sortedbycoord_mkdup.bam.bai, /scratch/eknodel/SCC_samples/cell_lines/RNAseq/sorted_bam/244-1-chu-02-B7-6-22-21_202_375_S26_L003_RNA_HISAT2_genome_aligned_sortedbycoord_mkdup.bam.bai, /scratch/eknodel/SCC_samples/cell_lines/RNAseq/sorted_bam/244-1-chu-02-B7-6-3-21_262_315_S21_L003_RNA_HISAT2_genome_aligned_sortedbycoord_mkdup.bam.bai, /scratch/eknodel/SCC_samples/cell_lines/RNAseq/sorted_bam/244-1-chu-02-B7-6-6-21_250_327_S22_L003_RNA_HISAT2_genome_aligned_sortedbycoord_mkdup.bam.bai, /scratch/eknodel/SCC_samples/cell_lines/RNAseq/sorted_bam/244-1-chu-02-B7-6-9-21_238_339_S23_L003_RNA_HISAT2_genome_aligned_sortedbycoord_mkdup.bam.bai
    jobid: 0

[Thu Sep 22 15:49:19 2022]
Finished job 0.
13 of 13 steps (100%) done
Complete log: /home/eknodel/SCC_samples/Parent_cell_lines/04_variant_specific_expression/.snakemake/log/2022-09-22T153847.749595.snakemake.log
