Building DAG of jobs...
Using shell: /usr/bin/bash
Provided cluster nodes: 15
Job counts:
	count	jobs
	1	all
	6	index_mkdup_bam
	6	readgroup
	13

[Thu Sep 22 17:14:16 2022]
rule readgroup:
    input: /scratch/eknodel/SCC_samples/cell_lines/RNAseq/sorted_bam/244-1-chu-02-B7-6-22-21_202_375_S26_L003_RNA_HISAT2_genome_aligned_sortedbycoord_mkdup.bam
    output: /scratch/eknodel/SCC_samples/cell_lines/RNAseq/sorted_bam/244-1-chu-02-B7-6-22-21_202_375_S26_L003_RNA_HISAT2_genome_aligned_sortedbycoord_mkdup_RG.bam
    jobid: 8
    wildcards: sample=244-1-chu-02-B7-6-22-21_202_375_S26_L003

Submitted job 8 with external jobid 'Submitted batch job 17561776'.

[Thu Sep 22 17:14:16 2022]
rule readgroup:
    input: /scratch/eknodel/SCC_samples/cell_lines/RNAseq/sorted_bam/244-1-chu-02-B7-6-15-21_214_363_S25_L003_RNA_HISAT2_genome_aligned_sortedbycoord_mkdup.bam
    output: /scratch/eknodel/SCC_samples/cell_lines/RNAseq/sorted_bam/244-1-chu-02-B7-6-15-21_214_363_S25_L003_RNA_HISAT2_genome_aligned_sortedbycoord_mkdup_RG.bam
    jobid: 18
    wildcards: sample=244-1-chu-02-B7-6-15-21_214_363_S25_L003

Submitted job 18 with external jobid 'Submitted batch job 17561777'.

[Thu Sep 22 17:14:16 2022]
rule readgroup:
    input: /scratch/eknodel/SCC_samples/cell_lines/RNAseq/sorted_bam/244-1-chu-02-B7-6-11-21_226_351_S24_L003_RNA_HISAT2_genome_aligned_sortedbycoord_mkdup.bam
    output: /scratch/eknodel/SCC_samples/cell_lines/RNAseq/sorted_bam/244-1-chu-02-B7-6-11-21_226_351_S24_L003_RNA_HISAT2_genome_aligned_sortedbycoord_mkdup_RG.bam
    jobid: 12
    wildcards: sample=244-1-chu-02-B7-6-11-21_226_351_S24_L003

Submitted job 12 with external jobid 'Submitted batch job 17561778'.

[Thu Sep 22 17:14:16 2022]
rule readgroup:
    input: /scratch/eknodel/SCC_samples/cell_lines/RNAseq/sorted_bam/244-1-chu-02-B7-6-6-21_250_327_S22_L003_RNA_HISAT2_genome_aligned_sortedbycoord_mkdup.bam
    output: /scratch/eknodel/SCC_samples/cell_lines/RNAseq/sorted_bam/244-1-chu-02-B7-6-6-21_250_327_S22_L003_RNA_HISAT2_genome_aligned_sortedbycoord_mkdup_RG.bam
    jobid: 16
    wildcards: sample=244-1-chu-02-B7-6-6-21_250_327_S22_L003

Submitted job 16 with external jobid 'Submitted batch job 17561779'.

[Thu Sep 22 17:14:16 2022]
rule readgroup:
    input: /scratch/eknodel/SCC_samples/cell_lines/RNAseq/sorted_bam/244-1-chu-02-B7-6-3-21_262_315_S21_L003_RNA_HISAT2_genome_aligned_sortedbycoord_mkdup.bam
    output: /scratch/eknodel/SCC_samples/cell_lines/RNAseq/sorted_bam/244-1-chu-02-B7-6-3-21_262_315_S21_L003_RNA_HISAT2_genome_aligned_sortedbycoord_mkdup_RG.bam
    jobid: 15
    wildcards: sample=244-1-chu-02-B7-6-3-21_262_315_S21_L003

Submitted job 15 with external jobid 'Submitted batch job 17561780'.

[Thu Sep 22 17:14:16 2022]
rule readgroup:
    input: /scratch/eknodel/SCC_samples/cell_lines/RNAseq/sorted_bam/244-1-chu-02-B7-6-9-21_238_339_S23_L003_RNA_HISAT2_genome_aligned_sortedbycoord_mkdup.bam
    output: /scratch/eknodel/SCC_samples/cell_lines/RNAseq/sorted_bam/244-1-chu-02-B7-6-9-21_238_339_S23_L003_RNA_HISAT2_genome_aligned_sortedbycoord_mkdup_RG.bam
    jobid: 11
    wildcards: sample=244-1-chu-02-B7-6-9-21_238_339_S23_L003

Submitted job 11 with external jobid 'Submitted batch job 17561781'.
[Thu Sep 22 17:19:16 2022]
Finished job 16.
1 of 13 steps (8%) done

[Thu Sep 22 17:19:16 2022]
Job 2: Indexing sorted BAM file.

[Thu Sep 22 17:19:16 2022]
Finished job 15.
2 of 13 steps (15%) done
Submitted job 2 with external jobid 'Submitted batch job 17561786'.

[Thu Sep 22 17:19:16 2022]
Job 7: Indexing sorted BAM file.

Submitted job 7 with external jobid 'Submitted batch job 17561787'.
[Thu Sep 22 17:19:46 2022]
Finished job 2.
3 of 13 steps (23%) done
[Thu Sep 22 17:19:46 2022]
Finished job 7.
4 of 13 steps (31%) done
[Thu Sep 22 17:20:16 2022]
Finished job 8.
5 of 13 steps (38%) done

[Thu Sep 22 17:20:16 2022]
Job 9: Indexing sorted BAM file.

[Thu Sep 22 17:20:16 2022]
Finished job 11.
6 of 13 steps (46%) done
Submitted job 9 with external jobid 'Submitted batch job 17561788'.

[Thu Sep 22 17:20:17 2022]
Job 22: Indexing sorted BAM file.

Submitted job 22 with external jobid 'Submitted batch job 17561789'.
[Thu Sep 22 17:20:47 2022]
Finished job 12.
7 of 13 steps (54%) done

[Thu Sep 22 17:20:47 2022]
Job 6: Indexing sorted BAM file.

[Thu Sep 22 17:20:47 2022]
Finished job 9.
8 of 13 steps (62%) done
[Thu Sep 22 17:20:47 2022]
Finished job 22.
9 of 13 steps (69%) done
Submitted job 6 with external jobid 'Submitted batch job 17561790'.
[Thu Sep 22 17:21:17 2022]
Finished job 6.
10 of 13 steps (77%) done
[Thu Sep 22 17:21:47 2022]
Finished job 18.
11 of 13 steps (85%) done

[Thu Sep 22 17:21:47 2022]
Job 20: Indexing sorted BAM file.

Submitted job 20 with external jobid 'Submitted batch job 17561791'.
[Thu Sep 22 17:22:17 2022]
Finished job 20.
12 of 13 steps (92%) done

[Thu Sep 22 17:22:17 2022]
localrule all:
    input: /scratch/eknodel/SCC_samples/cell_lines/RNAseq/sam/244-1-chu-02-B7-6-11-21_226_351_S24_L003_RNA_HISAT2_genome_aligned.sam, /scratch/eknodel/SCC_samples/cell_lines/RNAseq/sam/244-1-chu-02-B7-6-15-21_214_363_S25_L003_RNA_HISAT2_genome_aligned.sam, /scratch/eknodel/SCC_samples/cell_lines/RNAseq/sam/244-1-chu-02-B7-6-22-21_202_375_S26_L003_RNA_HISAT2_genome_aligned.sam, /scratch/eknodel/SCC_samples/cell_lines/RNAseq/sam/244-1-chu-02-B7-6-3-21_262_315_S21_L003_RNA_HISAT2_genome_aligned.sam, /scratch/eknodel/SCC_samples/cell_lines/RNAseq/sam/244-1-chu-02-B7-6-6-21_250_327_S22_L003_RNA_HISAT2_genome_aligned.sam, /scratch/eknodel/SCC_samples/cell_lines/RNAseq/sam/244-1-chu-02-B7-6-9-21_238_339_S23_L003_RNA_HISAT2_genome_aligned.sam, /scratch/eknodel/SCC_samples/cell_lines/RNAseq/bam/244-1-chu-02-B7-6-11-21_226_351_S24_L003_RNA_HISAT2_genome_aligned.bam, /scratch/eknodel/SCC_samples/cell_lines/RNAseq/bam/244-1-chu-02-B7-6-15-21_214_363_S25_L003_RNA_HISAT2_genome_aligned.bam, /scratch/eknodel/SCC_samples/cell_lines/RNAseq/bam/244-1-chu-02-B7-6-22-21_202_375_S26_L003_RNA_HISAT2_genome_aligned.bam, /scratch/eknodel/SCC_samples/cell_lines/RNAseq/bam/244-1-chu-02-B7-6-3-21_262_315_S21_L003_RNA_HISAT2_genome_aligned.bam, /scratch/eknodel/SCC_samples/cell_lines/RNAseq/bam/244-1-chu-02-B7-6-6-21_250_327_S22_L003_RNA_HISAT2_genome_aligned.bam, /scratch/eknodel/SCC_samples/cell_lines/RNAseq/bam/244-1-chu-02-B7-6-9-21_238_339_S23_L003_RNA_HISAT2_genome_aligned.bam, /scratch/eknodel/SCC_samples/cell_lines/RNAseq/sorted_bam/244-1-chu-02-B7-6-11-21_226_351_S24_L003_RNA_HISAT2_genome_aligned_sortedbycoord_mkdup_RG.bam, /scratch/eknodel/SCC_samples/cell_lines/RNAseq/sorted_bam/244-1-chu-02-B7-6-15-21_214_363_S25_L003_RNA_HISAT2_genome_aligned_sortedbycoord_mkdup_RG.bam, /scratch/eknodel/SCC_samples/cell_lines/RNAseq/sorted_bam/244-1-chu-02-B7-6-22-21_202_375_S26_L003_RNA_HISAT2_genome_aligned_sortedbycoord_mkdup_RG.bam, /scratch/eknodel/SCC_samples/cell_lines/RNAseq/sorted_bam/244-1-chu-02-B7-6-3-21_262_315_S21_L003_RNA_HISAT2_genome_aligned_sortedbycoord_mkdup_RG.bam, /scratch/eknodel/SCC_samples/cell_lines/RNAseq/sorted_bam/244-1-chu-02-B7-6-6-21_250_327_S22_L003_RNA_HISAT2_genome_aligned_sortedbycoord_mkdup_RG.bam, /scratch/eknodel/SCC_samples/cell_lines/RNAseq/sorted_bam/244-1-chu-02-B7-6-9-21_238_339_S23_L003_RNA_HISAT2_genome_aligned_sortedbycoord_mkdup_RG.bam, /scratch/eknodel/SCC_samples/cell_lines/RNAseq/sorted_bam/244-1-chu-02-B7-6-11-21_226_351_S24_L003_RNA_HISAT2_genome_aligned_sortedbycoord_mkdup_RG.bam.bai, /scratch/eknodel/SCC_samples/cell_lines/RNAseq/sorted_bam/244-1-chu-02-B7-6-15-21_214_363_S25_L003_RNA_HISAT2_genome_aligned_sortedbycoord_mkdup_RG.bam.bai, /scratch/eknodel/SCC_samples/cell_lines/RNAseq/sorted_bam/244-1-chu-02-B7-6-22-21_202_375_S26_L003_RNA_HISAT2_genome_aligned_sortedbycoord_mkdup_RG.bam.bai, /scratch/eknodel/SCC_samples/cell_lines/RNAseq/sorted_bam/244-1-chu-02-B7-6-3-21_262_315_S21_L003_RNA_HISAT2_genome_aligned_sortedbycoord_mkdup_RG.bam.bai, /scratch/eknodel/SCC_samples/cell_lines/RNAseq/sorted_bam/244-1-chu-02-B7-6-6-21_250_327_S22_L003_RNA_HISAT2_genome_aligned_sortedbycoord_mkdup_RG.bam.bai, /scratch/eknodel/SCC_samples/cell_lines/RNAseq/sorted_bam/244-1-chu-02-B7-6-9-21_238_339_S23_L003_RNA_HISAT2_genome_aligned_sortedbycoord_mkdup_RG.bam.bai
    jobid: 0

[Thu Sep 22 17:22:17 2022]
Finished job 0.
13 of 13 steps (100%) done
Complete log: /home/eknodel/SCC_samples/Parent_cell_lines/04_variant_specific_expression/.snakemake/log/2022-09-22T171416.101350.snakemake.log
