Building DAG of jobs...
Using shell: /usr/bin/bash
Provided cluster nodes: 15
Job counts:
	count	jobs
	1	all
	6	gatk_asereadcounter
	7

[Thu Sep 22 20:19:28 2022]
rule gatk_asereadcounter:
    input: /scratch/eknodel/SCC_samples/cell_lines/RNAseq/sorted_bam/244-1-chu-02-B7-6-11-21_226_351_S24_L003_RNA_HISAT2_genome_aligned_sortedbycoord_mkdup.bam, /scratch/eknodel/SCC_samples/cell_lines/gatk_mutect2/244_1_Chu_02_B7_352_225_S2_L003.somatic.filtered.pass.vcf
    output: /scratch/eknodel/SCC_samples/cell_lines/RNAseq/variant_specific_expression/244-1-chu-02-B7-6-11-21_226_351_S24_L003_variant_expression.tsv
    jobid: 4
    wildcards: sample=244-1-chu-02-B7-6-11-21_226_351_S24_L003

Submitted job 4 with external jobid 'Submitted batch job 17562209'.

[Thu Sep 22 20:19:28 2022]
rule gatk_asereadcounter:
    input: /scratch/eknodel/SCC_samples/cell_lines/RNAseq/sorted_bam/244-1-chu-02-B7-6-6-21_250_327_S22_L003_RNA_HISAT2_genome_aligned_sortedbycoord_mkdup.bam, /scratch/eknodel/SCC_samples/cell_lines/gatk_mutect2/244_1_Chu_02_B7_352_225_S2_L003.somatic.filtered.pass.vcf
    output: /scratch/eknodel/SCC_samples/cell_lines/RNAseq/variant_specific_expression/244-1-chu-02-B7-6-6-21_250_327_S22_L003_variant_expression.tsv
    jobid: 6
    wildcards: sample=244-1-chu-02-B7-6-6-21_250_327_S22_L003

Submitted job 6 with external jobid 'Submitted batch job 17562210'.

[Thu Sep 22 20:19:28 2022]
rule gatk_asereadcounter:
    input: /scratch/eknodel/SCC_samples/cell_lines/RNAseq/sorted_bam/244-1-chu-02-B7-6-15-21_214_363_S25_L003_RNA_HISAT2_genome_aligned_sortedbycoord_mkdup.bam, /scratch/eknodel/SCC_samples/cell_lines/gatk_mutect2/244_1_Chu_02_B7_352_225_S2_L003.somatic.filtered.pass.vcf
    output: /scratch/eknodel/SCC_samples/cell_lines/RNAseq/variant_specific_expression/244-1-chu-02-B7-6-15-21_214_363_S25_L003_variant_expression.tsv
    jobid: 1
    wildcards: sample=244-1-chu-02-B7-6-15-21_214_363_S25_L003

Submitted job 1 with external jobid 'Submitted batch job 17562211'.

[Thu Sep 22 20:19:28 2022]
rule gatk_asereadcounter:
    input: /scratch/eknodel/SCC_samples/cell_lines/RNAseq/sorted_bam/244-1-chu-02-B7-6-3-21_262_315_S21_L003_RNA_HISAT2_genome_aligned_sortedbycoord_mkdup.bam, /scratch/eknodel/SCC_samples/cell_lines/gatk_mutect2/244_1_Chu_02_B7_352_225_S2_L003.somatic.filtered.pass.vcf
    output: /scratch/eknodel/SCC_samples/cell_lines/RNAseq/variant_specific_expression/244-1-chu-02-B7-6-3-21_262_315_S21_L003_variant_expression.tsv
    jobid: 2
    wildcards: sample=244-1-chu-02-B7-6-3-21_262_315_S21_L003

Submitted job 2 with external jobid 'Submitted batch job 17562212'.

[Thu Sep 22 20:19:28 2022]
rule gatk_asereadcounter:
    input: /scratch/eknodel/SCC_samples/cell_lines/RNAseq/sorted_bam/244-1-chu-02-B7-6-9-21_238_339_S23_L003_RNA_HISAT2_genome_aligned_sortedbycoord_mkdup.bam, /scratch/eknodel/SCC_samples/cell_lines/gatk_mutect2/244_1_Chu_02_B7_352_225_S2_L003.somatic.filtered.pass.vcf
    output: /scratch/eknodel/SCC_samples/cell_lines/RNAseq/variant_specific_expression/244-1-chu-02-B7-6-9-21_238_339_S23_L003_variant_expression.tsv
    jobid: 5
    wildcards: sample=244-1-chu-02-B7-6-9-21_238_339_S23_L003

Submitted job 5 with external jobid 'Submitted batch job 17562213'.

[Thu Sep 22 20:19:28 2022]
rule gatk_asereadcounter:
    input: /scratch/eknodel/SCC_samples/cell_lines/RNAseq/sorted_bam/244-1-chu-02-B7-6-22-21_202_375_S26_L003_RNA_HISAT2_genome_aligned_sortedbycoord_mkdup.bam, /scratch/eknodel/SCC_samples/cell_lines/gatk_mutect2/244_1_Chu_02_B7_352_225_S2_L003.somatic.filtered.pass.vcf
    output: /scratch/eknodel/SCC_samples/cell_lines/RNAseq/variant_specific_expression/244-1-chu-02-B7-6-22-21_202_375_S26_L003_variant_expression.tsv
    jobid: 3
    wildcards: sample=244-1-chu-02-B7-6-22-21_202_375_S26_L003

Submitted job 3 with external jobid 'Submitted batch job 17562214'.
[Thu Sep 22 20:20:28 2022]
Finished job 6.
1 of 7 steps (14%) done
[Thu Sep 22 20:20:28 2022]
Finished job 2.
2 of 7 steps (29%) done
[Thu Sep 22 20:20:28 2022]
Finished job 3.
3 of 7 steps (43%) done
[Thu Sep 22 20:20:58 2022]
Finished job 4.
4 of 7 steps (57%) done
[Thu Sep 22 20:20:58 2022]
Finished job 1.
5 of 7 steps (71%) done
[Thu Sep 22 20:20:58 2022]
Finished job 5.
6 of 7 steps (86%) done

[Thu Sep 22 20:20:58 2022]
localrule all:
    input: /scratch/eknodel/SCC_samples/cell_lines/RNAseq/variant_specific_expression/244-1-chu-02-B7-6-11-21_226_351_S24_L003_variant_expression.tsv, /scratch/eknodel/SCC_samples/cell_lines/RNAseq/variant_specific_expression/244-1-chu-02-B7-6-15-21_214_363_S25_L003_variant_expression.tsv, /scratch/eknodel/SCC_samples/cell_lines/RNAseq/variant_specific_expression/244-1-chu-02-B7-6-22-21_202_375_S26_L003_variant_expression.tsv, /scratch/eknodel/SCC_samples/cell_lines/RNAseq/variant_specific_expression/244-1-chu-02-B7-6-3-21_262_315_S21_L003_variant_expression.tsv, /scratch/eknodel/SCC_samples/cell_lines/RNAseq/variant_specific_expression/244-1-chu-02-B7-6-6-21_250_327_S22_L003_variant_expression.tsv, /scratch/eknodel/SCC_samples/cell_lines/RNAseq/variant_specific_expression/244-1-chu-02-B7-6-9-21_238_339_S23_L003_variant_expression.tsv
    jobid: 0

[Thu Sep 22 20:20:58 2022]
Finished job 0.
7 of 7 steps (100%) done
Complete log: /home/eknodel/SCC_samples/Parent_cell_lines/04_variant_specific_expression/.snakemake/log/2022-09-22T201928.209117.snakemake.log
