Building DAG of jobs...
Using shell: /usr/bin/bash
Provided cluster nodes: 15
Job counts:
	count	jobs
	1	all
	6	format_output
	6	gatk_asereadcounter
	1	index_vcf
	1	remove_duplicates
	15

[Mon Jun 19 11:06:59 2023]
rule remove_duplicates:
    input: /scratch/eknodel/SCC_samples/Parent_cell_lines/VEP/244_1_Chu_06_D12_316_261_S5_L003_mnp_split_gatk_vep_filtered.vcf, /data/CEM/shared/public_data/references/ensemble_GRCm38.68/GRCm38_68.fa
    output: /scratch/eknodel/SCC_samples/Parent_cell_lines/VEP/244_1_Chu_06_D12_316_261_S5_L003_mnp_split_gatk_vep_filtered_SNP.vcf
    jobid: 13

Submitted job 13 with external jobid 'Submitted batch job 21399865'.
[Mon Jun 19 11:07:29 2023]
Finished job 13.
1 of 15 steps (7%) done

[Mon Jun 19 11:07:29 2023]
rule index_vcf:
    input: /scratch/eknodel/SCC_samples/Parent_cell_lines/VEP/244_1_Chu_06_D12_316_261_S5_L003_mnp_split_gatk_vep_filtered_SNP.vcf
    output: /scratch/eknodel/SCC_samples/Parent_cell_lines/VEP/244_1_Chu_06_D12_316_261_S5_L003_mnp_split_gatk_vep_filtered_SNP.vcf.idx
    jobid: 14

Submitted job 14 with external jobid 'Submitted batch job 21399872'.
[Mon Jun 19 11:07:39 2023]
Finished job 14.
2 of 15 steps (13%) done

[Mon Jun 19 11:07:39 2023]
rule gatk_asereadcounter:
    input: /scratch/eknodel/SCC_samples/Parent_cell_lines/RNAseq/sorted_bam/244-1-chu-06-D12-6-26-21_201_376_S34_L003_RNA_HISAT2_genome_aligned_sortedbycoord_mkdup_RG.bam, /scratch/eknodel/SCC_samples/Parent_cell_lines/VEP/244_1_Chu_06_D12_316_261_S5_L003_mnp_split_gatk_vep_filtered_SNP.vcf, /scratch/eknodel/SCC_samples/Parent_cell_lines/VEP/244_1_Chu_06_D12_316_261_S5_L003_mnp_split_gatk_vep_filtered_SNP.vcf.idx
    output: /scratch/eknodel/SCC_samples/Parent_cell_lines/RNAseq/variant_specific_expression/244-1-chu-06-D12-6-26-21_201_376_S34_L003_mnp_split_gatk_filtered_expression.tsv
    jobid: 2
    wildcards: RNA=244-1-chu-06-D12-6-26-21_201_376_S34_L003

Submitted job 2 with external jobid 'Submitted batch job 21399876'.

[Mon Jun 19 11:07:40 2023]
rule gatk_asereadcounter:
    input: /scratch/eknodel/SCC_samples/Parent_cell_lines/RNAseq/sorted_bam/244-1-chu-06-D12-7-9-21-1_284_293_S35_L003_RNA_HISAT2_genome_aligned_sortedbycoord_mkdup_RG.bam, /scratch/eknodel/SCC_samples/Parent_cell_lines/VEP/244_1_Chu_06_D12_316_261_S5_L003_mnp_split_gatk_vep_filtered_SNP.vcf, /scratch/eknodel/SCC_samples/Parent_cell_lines/VEP/244_1_Chu_06_D12_316_261_S5_L003_mnp_split_gatk_vep_filtered_SNP.vcf.idx
    output: /scratch/eknodel/SCC_samples/Parent_cell_lines/RNAseq/variant_specific_expression/244-1-chu-06-D12-7-9-21-1_284_293_S35_L003_mnp_split_gatk_filtered_expression.tsv
    jobid: 11
    wildcards: RNA=244-1-chu-06-D12-7-9-21-1_284_293_S35_L003

Submitted job 11 with external jobid 'Submitted batch job 21399877'.

[Mon Jun 19 11:07:40 2023]
rule gatk_asereadcounter:
    input: /scratch/eknodel/SCC_samples/Parent_cell_lines/RNAseq/sorted_bam/244-1-chu-06-D12-6-22-21_213_364_S33_L003_RNA_HISAT2_genome_aligned_sortedbycoord_mkdup_RG.bam, /scratch/eknodel/SCC_samples/Parent_cell_lines/VEP/244_1_Chu_06_D12_316_261_S5_L003_mnp_split_gatk_vep_filtered_SNP.vcf, /scratch/eknodel/SCC_samples/Parent_cell_lines/VEP/244_1_Chu_06_D12_316_261_S5_L003_mnp_split_gatk_vep_filtered_SNP.vcf.idx
    output: /scratch/eknodel/SCC_samples/Parent_cell_lines/RNAseq/variant_specific_expression/244-1-chu-06-D12-6-22-21_213_364_S33_L003_mnp_split_gatk_filtered_expression.tsv
    jobid: 12
    wildcards: RNA=244-1-chu-06-D12-6-22-21_213_364_S33_L003

Submitted job 12 with external jobid 'Submitted batch job 21399878'.

[Mon Jun 19 11:07:40 2023]
rule gatk_asereadcounter:
    input: /scratch/eknodel/SCC_samples/Parent_cell_lines/RNAseq/sorted_bam/244-1-chu-06-D12-7-9-21-2_272_305_S36_L003_RNA_HISAT2_genome_aligned_sortedbycoord_mkdup_RG.bam, /scratch/eknodel/SCC_samples/Parent_cell_lines/VEP/244_1_Chu_06_D12_316_261_S5_L003_mnp_split_gatk_vep_filtered_SNP.vcf, /scratch/eknodel/SCC_samples/Parent_cell_lines/VEP/244_1_Chu_06_D12_316_261_S5_L003_mnp_split_gatk_vep_filtered_SNP.vcf.idx
    output: /scratch/eknodel/SCC_samples/Parent_cell_lines/RNAseq/variant_specific_expression/244-1-chu-06-D12-7-9-21-2_272_305_S36_L003_mnp_split_gatk_filtered_expression.tsv
    jobid: 5
    wildcards: RNA=244-1-chu-06-D12-7-9-21-2_272_305_S36_L003

Submitted job 5 with external jobid 'Submitted batch job 21399879'.

[Mon Jun 19 11:07:40 2023]
rule gatk_asereadcounter:
    input: /scratch/eknodel/SCC_samples/Parent_cell_lines/RNAseq/sorted_bam/244-1-chu-06-D12-7-12-21-1_260_317_S37_L003_RNA_HISAT2_genome_aligned_sortedbycoord_mkdup_RG.bam, /scratch/eknodel/SCC_samples/Parent_cell_lines/VEP/244_1_Chu_06_D12_316_261_S5_L003_mnp_split_gatk_vep_filtered_SNP.vcf, /scratch/eknodel/SCC_samples/Parent_cell_lines/VEP/244_1_Chu_06_D12_316_261_S5_L003_mnp_split_gatk_vep_filtered_SNP.vcf.idx
    output: /scratch/eknodel/SCC_samples/Parent_cell_lines/RNAseq/variant_specific_expression/244-1-chu-06-D12-7-12-21-1_260_317_S37_L003_mnp_split_gatk_filtered_expression.tsv
    jobid: 4
    wildcards: RNA=244-1-chu-06-D12-7-12-21-1_260_317_S37_L003

Submitted job 4 with external jobid 'Submitted batch job 21399880'.

[Mon Jun 19 11:07:40 2023]
rule gatk_asereadcounter:
    input: /scratch/eknodel/SCC_samples/Parent_cell_lines/RNAseq/sorted_bam/244-1-chu-06-D12-7-12-21-2_248_329_S38_L003_RNA_HISAT2_genome_aligned_sortedbycoord_mkdup_RG.bam, /scratch/eknodel/SCC_samples/Parent_cell_lines/VEP/244_1_Chu_06_D12_316_261_S5_L003_mnp_split_gatk_vep_filtered_SNP.vcf, /scratch/eknodel/SCC_samples/Parent_cell_lines/VEP/244_1_Chu_06_D12_316_261_S5_L003_mnp_split_gatk_vep_filtered_SNP.vcf.idx
    output: /scratch/eknodel/SCC_samples/Parent_cell_lines/RNAseq/variant_specific_expression/244-1-chu-06-D12-7-12-21-2_248_329_S38_L003_mnp_split_gatk_filtered_expression.tsv
    jobid: 10
    wildcards: RNA=244-1-chu-06-D12-7-12-21-2_248_329_S38_L003

Submitted job 10 with external jobid 'Submitted batch job 21399881'.
[Mon Jun 19 11:24:41 2023]
Finished job 2.
3 of 15 steps (20%) done

[Mon Jun 19 11:24:41 2023]
rule format_output:
    input: /scratch/eknodel/SCC_samples/Parent_cell_lines/RNAseq/variant_specific_expression/244-1-chu-06-D12-6-26-21_201_376_S34_L003_mnp_split_gatk_filtered_expression.tsv
    output: /scratch/eknodel/SCC_samples/Parent_cell_lines/RNAseq/variant_specific_expression/244-1-chu-06-D12-6-26-21_201_376_S34_L003_mnp_split_gatk_filtered_expression.out
    jobid: 7
    wildcards: RNA=244-1-chu-06-D12-6-26-21_201_376_S34_L003

Submitted job 7 with external jobid 'Submitted batch job 21400077'.
[Mon Jun 19 11:24:51 2023]
Finished job 7.
4 of 15 steps (27%) done
[Mon Jun 19 11:25:41 2023]
Finished job 10.
5 of 15 steps (33%) done

[Mon Jun 19 11:25:41 2023]
rule format_output:
    input: /scratch/eknodel/SCC_samples/Parent_cell_lines/RNAseq/variant_specific_expression/244-1-chu-06-D12-7-12-21-2_248_329_S38_L003_mnp_split_gatk_filtered_expression.tsv
    output: /scratch/eknodel/SCC_samples/Parent_cell_lines/RNAseq/variant_specific_expression/244-1-chu-06-D12-7-12-21-2_248_329_S38_L003_mnp_split_gatk_filtered_expression.out
    jobid: 1
    wildcards: RNA=244-1-chu-06-D12-7-12-21-2_248_329_S38_L003

Submitted job 1 with external jobid 'Submitted batch job 21400091'.
[Mon Jun 19 11:25:51 2023]
Finished job 1.
6 of 15 steps (40%) done
[Mon Jun 19 11:27:42 2023]
Finished job 12.
7 of 15 steps (47%) done

[Mon Jun 19 11:27:42 2023]
rule format_output:
    input: /scratch/eknodel/SCC_samples/Parent_cell_lines/RNAseq/variant_specific_expression/244-1-chu-06-D12-6-22-21_213_364_S33_L003_mnp_split_gatk_filtered_expression.tsv
    output: /scratch/eknodel/SCC_samples/Parent_cell_lines/RNAseq/variant_specific_expression/244-1-chu-06-D12-6-22-21_213_364_S33_L003_mnp_split_gatk_filtered_expression.out
    jobid: 9
    wildcards: RNA=244-1-chu-06-D12-6-22-21_213_364_S33_L003

[Mon Jun 19 11:27:42 2023]
Finished job 5.
8 of 15 steps (53%) done
[Mon Jun 19 11:27:42 2023]
Finished job 4.
9 of 15 steps (60%) done
Submitted job 9 with external jobid 'Submitted batch job 21400115'.

[Mon Jun 19 11:27:42 2023]
rule format_output:
    input: /scratch/eknodel/SCC_samples/Parent_cell_lines/RNAseq/variant_specific_expression/244-1-chu-06-D12-7-9-21-2_272_305_S36_L003_mnp_split_gatk_filtered_expression.tsv
    output: /scratch/eknodel/SCC_samples/Parent_cell_lines/RNAseq/variant_specific_expression/244-1-chu-06-D12-7-9-21-2_272_305_S36_L003_mnp_split_gatk_filtered_expression.out
    jobid: 6
    wildcards: RNA=244-1-chu-06-D12-7-9-21-2_272_305_S36_L003

Submitted job 6 with external jobid 'Submitted batch job 21400116'.

[Mon Jun 19 11:27:43 2023]
rule format_output:
    input: /scratch/eknodel/SCC_samples/Parent_cell_lines/RNAseq/variant_specific_expression/244-1-chu-06-D12-7-12-21-1_260_317_S37_L003_mnp_split_gatk_filtered_expression.tsv
    output: /scratch/eknodel/SCC_samples/Parent_cell_lines/RNAseq/variant_specific_expression/244-1-chu-06-D12-7-12-21-1_260_317_S37_L003_mnp_split_gatk_filtered_expression.out
    jobid: 8
    wildcards: RNA=244-1-chu-06-D12-7-12-21-1_260_317_S37_L003

Submitted job 8 with external jobid 'Submitted batch job 21400117'.
[Mon Jun 19 11:27:52 2023]
Finished job 9.
10 of 15 steps (67%) done
[Mon Jun 19 11:27:52 2023]
Finished job 6.
11 of 15 steps (73%) done
[Mon Jun 19 11:27:52 2023]
Finished job 8.
12 of 15 steps (80%) done
[Mon Jun 19 11:36:43 2023]
Finished job 11.
13 of 15 steps (87%) done

[Mon Jun 19 11:36:43 2023]
rule format_output:
    input: /scratch/eknodel/SCC_samples/Parent_cell_lines/RNAseq/variant_specific_expression/244-1-chu-06-D12-7-9-21-1_284_293_S35_L003_mnp_split_gatk_filtered_expression.tsv
    output: /scratch/eknodel/SCC_samples/Parent_cell_lines/RNAseq/variant_specific_expression/244-1-chu-06-D12-7-9-21-1_284_293_S35_L003_mnp_split_gatk_filtered_expression.out
    jobid: 3
    wildcards: RNA=244-1-chu-06-D12-7-9-21-1_284_293_S35_L003

Submitted job 3 with external jobid 'Submitted batch job 21400245'.
[Mon Jun 19 11:36:53 2023]
Finished job 3.
14 of 15 steps (93%) done

[Mon Jun 19 11:36:53 2023]
localrule all:
    input: /scratch/eknodel/SCC_samples/Parent_cell_lines/RNAseq/variant_specific_expression/244-1-chu-06-D12-6-22-21_213_364_S33_L003_mnp_split_gatk_filtered_expression.tsv, /scratch/eknodel/SCC_samples/Parent_cell_lines/RNAseq/variant_specific_expression/244-1-chu-06-D12-6-26-21_201_376_S34_L003_mnp_split_gatk_filtered_expression.tsv, /scratch/eknodel/SCC_samples/Parent_cell_lines/RNAseq/variant_specific_expression/244-1-chu-06-D12-7-12-21-1_260_317_S37_L003_mnp_split_gatk_filtered_expression.tsv, /scratch/eknodel/SCC_samples/Parent_cell_lines/RNAseq/variant_specific_expression/244-1-chu-06-D12-7-12-21-2_248_329_S38_L003_mnp_split_gatk_filtered_expression.tsv, /scratch/eknodel/SCC_samples/Parent_cell_lines/RNAseq/variant_specific_expression/244-1-chu-06-D12-7-9-21-1_284_293_S35_L003_mnp_split_gatk_filtered_expression.tsv, /scratch/eknodel/SCC_samples/Parent_cell_lines/RNAseq/variant_specific_expression/244-1-chu-06-D12-7-9-21-2_272_305_S36_L003_mnp_split_gatk_filtered_expression.tsv, /scratch/eknodel/SCC_samples/Parent_cell_lines/RNAseq/variant_specific_expression/244-1-chu-06-D12-6-22-21_213_364_S33_L003_mnp_split_gatk_filtered_expression.out, /scratch/eknodel/SCC_samples/Parent_cell_lines/RNAseq/variant_specific_expression/244-1-chu-06-D12-6-26-21_201_376_S34_L003_mnp_split_gatk_filtered_expression.out, /scratch/eknodel/SCC_samples/Parent_cell_lines/RNAseq/variant_specific_expression/244-1-chu-06-D12-7-12-21-1_260_317_S37_L003_mnp_split_gatk_filtered_expression.out, /scratch/eknodel/SCC_samples/Parent_cell_lines/RNAseq/variant_specific_expression/244-1-chu-06-D12-7-12-21-2_248_329_S38_L003_mnp_split_gatk_filtered_expression.out, /scratch/eknodel/SCC_samples/Parent_cell_lines/RNAseq/variant_specific_expression/244-1-chu-06-D12-7-9-21-1_284_293_S35_L003_mnp_split_gatk_filtered_expression.out, /scratch/eknodel/SCC_samples/Parent_cell_lines/RNAseq/variant_specific_expression/244-1-chu-06-D12-7-9-21-2_272_305_S36_L003_mnp_split_gatk_filtered_expression.out
    jobid: 0

[Mon Jun 19 11:36:53 2023]
Finished job 0.
15 of 15 steps (100%) done
Complete log: /home/eknodel/SCC_samples/Parent_cell_lines/04_variant_specific_expression/.snakemake/log/2023-06-19T110659.575860.snakemake.log
