Building DAG of jobs...
Using shell: /usr/bin/bash
Provided cluster nodes: 15
Job counts:
	count	jobs
	1	all
	6	format_output
	6	gatk_asereadcounter
	1	index_vcf
	1	remove_duplicates
	15

[Mon Jun 19 11:37:53 2023]
rule remove_duplicates:
    input: /scratch/eknodel/SCC_samples/Parent_cell_lines/VEP/244_1_Chu_06_F5_328_249_S4_L003_mnp_split_gatk_vep_filtered.vcf, /data/CEM/shared/public_data/references/ensemble_GRCm38.68/GRCm38_68.fa
    output: /scratch/eknodel/SCC_samples/Parent_cell_lines/VEP/244_1_Chu_06_F5_328_249_S4_L003_mnp_split_gatk_vep_filtered_SNP.vcf
    jobid: 13

Submitted job 13 with external jobid 'Submitted batch job 21400262'.
[Mon Jun 19 11:38:03 2023]
Finished job 13.
1 of 15 steps (7%) done

[Mon Jun 19 11:38:03 2023]
rule index_vcf:
    input: /scratch/eknodel/SCC_samples/Parent_cell_lines/VEP/244_1_Chu_06_F5_328_249_S4_L003_mnp_split_gatk_vep_filtered_SNP.vcf
    output: /scratch/eknodel/SCC_samples/Parent_cell_lines/VEP/244_1_Chu_06_F5_328_249_S4_L003_mnp_split_gatk_vep_filtered_SNP.vcf.idx
    jobid: 14

Submitted job 14 with external jobid 'Submitted batch job 21400266'.
[Mon Jun 19 11:38:13 2023]
Finished job 14.
2 of 15 steps (13%) done

[Mon Jun 19 11:38:13 2023]
rule gatk_asereadcounter:
    input: /scratch/eknodel/SCC_samples/Parent_cell_lines/RNAseq/sorted_bam/244-chu-06-F5-7-9-21-1_237_340_S31_L003_RNA_HISAT2_genome_aligned_sortedbycoord_mkdup_RG.bam, /scratch/eknodel/SCC_samples/Parent_cell_lines/VEP/244_1_Chu_06_F5_328_249_S4_L003_mnp_split_gatk_vep_filtered_SNP.vcf, /scratch/eknodel/SCC_samples/Parent_cell_lines/VEP/244_1_Chu_06_F5_328_249_S4_L003_mnp_split_gatk_vep_filtered_SNP.vcf.idx
    output: /scratch/eknodel/SCC_samples/Parent_cell_lines/RNAseq/variant_specific_expression/244-chu-06-F5-7-9-21-1_237_340_S31_L003_mnp_split_gatk_filtered_expression.tsv
    jobid: 11
    wildcards: RNA=244-chu-06-F5-7-9-21-1_237_340_S31_L003

Submitted job 11 with external jobid 'Submitted batch job 21400269'.

[Mon Jun 19 11:38:14 2023]
rule gatk_asereadcounter:
    input: /scratch/eknodel/SCC_samples/Parent_cell_lines/RNAseq/sorted_bam/244-chu-06-F5-7-2-21-2_261_316_S29_L003_RNA_HISAT2_genome_aligned_sortedbycoord_mkdup_RG.bam, /scratch/eknodel/SCC_samples/Parent_cell_lines/VEP/244_1_Chu_06_F5_328_249_S4_L003_mnp_split_gatk_vep_filtered_SNP.vcf, /scratch/eknodel/SCC_samples/Parent_cell_lines/VEP/244_1_Chu_06_F5_328_249_S4_L003_mnp_split_gatk_vep_filtered_SNP.vcf.idx
    output: /scratch/eknodel/SCC_samples/Parent_cell_lines/RNAseq/variant_specific_expression/244-chu-06-F5-7-2-21-2_261_316_S29_L003_mnp_split_gatk_filtered_expression.tsv
    jobid: 6
    wildcards: RNA=244-chu-06-F5-7-2-21-2_261_316_S29_L003

Submitted job 6 with external jobid 'Submitted batch job 21400270'.

[Mon Jun 19 11:38:14 2023]
rule gatk_asereadcounter:
    input: /scratch/eknodel/SCC_samples/Parent_cell_lines/RNAseq/sorted_bam/244-chu-06-F5-6-26-21_285_292_S27_L003_RNA_HISAT2_genome_aligned_sortedbycoord_mkdup_RG.bam, /scratch/eknodel/SCC_samples/Parent_cell_lines/VEP/244_1_Chu_06_F5_328_249_S4_L003_mnp_split_gatk_vep_filtered_SNP.vcf, /scratch/eknodel/SCC_samples/Parent_cell_lines/VEP/244_1_Chu_06_F5_328_249_S4_L003_mnp_split_gatk_vep_filtered_SNP.vcf.idx
    output: /scratch/eknodel/SCC_samples/Parent_cell_lines/RNAseq/variant_specific_expression/244-chu-06-F5-6-26-21_285_292_S27_L003_mnp_split_gatk_filtered_expression.tsv
    jobid: 12
    wildcards: RNA=244-chu-06-F5-6-26-21_285_292_S27_L003

Submitted job 12 with external jobid 'Submitted batch job 21400271'.

[Mon Jun 19 11:38:15 2023]
rule gatk_asereadcounter:
    input: /scratch/eknodel/SCC_samples/Parent_cell_lines/RNAseq/sorted_bam/244-chu-06-F5-7-2-21-3_249_328_S30_L003_RNA_HISAT2_genome_aligned_sortedbycoord_mkdup_RG.bam, /scratch/eknodel/SCC_samples/Parent_cell_lines/VEP/244_1_Chu_06_F5_328_249_S4_L003_mnp_split_gatk_vep_filtered_SNP.vcf, /scratch/eknodel/SCC_samples/Parent_cell_lines/VEP/244_1_Chu_06_F5_328_249_S4_L003_mnp_split_gatk_vep_filtered_SNP.vcf.idx
    output: /scratch/eknodel/SCC_samples/Parent_cell_lines/RNAseq/variant_specific_expression/244-chu-06-F5-7-2-21-3_249_328_S30_L003_mnp_split_gatk_filtered_expression.tsv
    jobid: 9
    wildcards: RNA=244-chu-06-F5-7-2-21-3_249_328_S30_L003

Submitted job 9 with external jobid 'Submitted batch job 21400273'.

[Mon Jun 19 11:38:15 2023]
rule gatk_asereadcounter:
    input: /scratch/eknodel/SCC_samples/Parent_cell_lines/RNAseq/sorted_bam/244-chu-06-F5-7-9-21-2_225_352_S32_L003_RNA_HISAT2_genome_aligned_sortedbycoord_mkdup_RG.bam, /scratch/eknodel/SCC_samples/Parent_cell_lines/VEP/244_1_Chu_06_F5_328_249_S4_L003_mnp_split_gatk_vep_filtered_SNP.vcf, /scratch/eknodel/SCC_samples/Parent_cell_lines/VEP/244_1_Chu_06_F5_328_249_S4_L003_mnp_split_gatk_vep_filtered_SNP.vcf.idx
    output: /scratch/eknodel/SCC_samples/Parent_cell_lines/RNAseq/variant_specific_expression/244-chu-06-F5-7-9-21-2_225_352_S32_L003_mnp_split_gatk_filtered_expression.tsv
    jobid: 1
    wildcards: RNA=244-chu-06-F5-7-9-21-2_225_352_S32_L003

Submitted job 1 with external jobid 'Submitted batch job 21400274'.

[Mon Jun 19 11:38:15 2023]
rule gatk_asereadcounter:
    input: /scratch/eknodel/SCC_samples/Parent_cell_lines/RNAseq/sorted_bam/244-chu-06-F5-7-2-21-1_273_304_S28_L003_RNA_HISAT2_genome_aligned_sortedbycoord_mkdup_RG.bam, /scratch/eknodel/SCC_samples/Parent_cell_lines/VEP/244_1_Chu_06_F5_328_249_S4_L003_mnp_split_gatk_vep_filtered_SNP.vcf, /scratch/eknodel/SCC_samples/Parent_cell_lines/VEP/244_1_Chu_06_F5_328_249_S4_L003_mnp_split_gatk_vep_filtered_SNP.vcf.idx
    output: /scratch/eknodel/SCC_samples/Parent_cell_lines/RNAseq/variant_specific_expression/244-chu-06-F5-7-2-21-1_273_304_S28_L003_mnp_split_gatk_filtered_expression.tsv
    jobid: 7
    wildcards: RNA=244-chu-06-F5-7-2-21-1_273_304_S28_L003

Submitted job 7 with external jobid 'Submitted batch job 21400275'.
[Mon Jun 19 11:53:14 2023]
Finished job 6.
3 of 15 steps (20%) done

[Mon Jun 19 11:53:14 2023]
rule format_output:
    input: /scratch/eknodel/SCC_samples/Parent_cell_lines/RNAseq/variant_specific_expression/244-chu-06-F5-7-2-21-2_261_316_S29_L003_mnp_split_gatk_filtered_expression.tsv
    output: /scratch/eknodel/SCC_samples/Parent_cell_lines/RNAseq/variant_specific_expression/244-chu-06-F5-7-2-21-2_261_316_S29_L003_mnp_split_gatk_filtered_expression.out
    jobid: 8
    wildcards: RNA=244-chu-06-F5-7-2-21-2_261_316_S29_L003

Submitted job 8 with external jobid 'Submitted batch job 21400475'.
[Mon Jun 19 11:53:24 2023]
Finished job 8.
4 of 15 steps (27%) done
[Mon Jun 19 11:55:15 2023]
Finished job 12.
5 of 15 steps (33%) done

[Mon Jun 19 11:55:15 2023]
rule format_output:
    input: /scratch/eknodel/SCC_samples/Parent_cell_lines/RNAseq/variant_specific_expression/244-chu-06-F5-6-26-21_285_292_S27_L003_mnp_split_gatk_filtered_expression.tsv
    output: /scratch/eknodel/SCC_samples/Parent_cell_lines/RNAseq/variant_specific_expression/244-chu-06-F5-6-26-21_285_292_S27_L003_mnp_split_gatk_filtered_expression.out
    jobid: 2
    wildcards: RNA=244-chu-06-F5-6-26-21_285_292_S27_L003

[Mon Jun 19 11:55:15 2023]
Finished job 1.
6 of 15 steps (40%) done
Submitted job 2 with external jobid 'Submitted batch job 21400503'.

[Mon Jun 19 11:55:15 2023]
rule format_output:
    input: /scratch/eknodel/SCC_samples/Parent_cell_lines/RNAseq/variant_specific_expression/244-chu-06-F5-7-9-21-2_225_352_S32_L003_mnp_split_gatk_filtered_expression.tsv
    output: /scratch/eknodel/SCC_samples/Parent_cell_lines/RNAseq/variant_specific_expression/244-chu-06-F5-7-9-21-2_225_352_S32_L003_mnp_split_gatk_filtered_expression.out
    jobid: 10
    wildcards: RNA=244-chu-06-F5-7-9-21-2_225_352_S32_L003

Submitted job 10 with external jobid 'Submitted batch job 21400504'.
[Mon Jun 19 11:55:25 2023]
Finished job 2.
7 of 15 steps (47%) done
[Mon Jun 19 11:55:25 2023]
Finished job 10.
8 of 15 steps (53%) done
[Mon Jun 19 11:57:16 2023]
Finished job 9.
9 of 15 steps (60%) done

[Mon Jun 19 11:57:16 2023]
rule format_output:
    input: /scratch/eknodel/SCC_samples/Parent_cell_lines/RNAseq/variant_specific_expression/244-chu-06-F5-7-2-21-3_249_328_S30_L003_mnp_split_gatk_filtered_expression.tsv
    output: /scratch/eknodel/SCC_samples/Parent_cell_lines/RNAseq/variant_specific_expression/244-chu-06-F5-7-2-21-3_249_328_S30_L003_mnp_split_gatk_filtered_expression.out
    jobid: 4
    wildcards: RNA=244-chu-06-F5-7-2-21-3_249_328_S30_L003

Submitted job 4 with external jobid 'Submitted batch job 21400536'.
[Mon Jun 19 11:57:26 2023]
Finished job 7.
10 of 15 steps (67%) done

[Mon Jun 19 11:57:26 2023]
rule format_output:
    input: /scratch/eknodel/SCC_samples/Parent_cell_lines/RNAseq/variant_specific_expression/244-chu-06-F5-7-2-21-1_273_304_S28_L003_mnp_split_gatk_filtered_expression.tsv
    output: /scratch/eknodel/SCC_samples/Parent_cell_lines/RNAseq/variant_specific_expression/244-chu-06-F5-7-2-21-1_273_304_S28_L003_mnp_split_gatk_filtered_expression.out
    jobid: 5
    wildcards: RNA=244-chu-06-F5-7-2-21-1_273_304_S28_L003

[Mon Jun 19 11:57:26 2023]
Finished job 4.
11 of 15 steps (73%) done
Submitted job 5 with external jobid 'Submitted batch job 21400543'.
[Mon Jun 19 11:57:36 2023]
Finished job 5.
12 of 15 steps (80%) done
[Mon Jun 19 12:01:26 2023]
Finished job 11.
13 of 15 steps (87%) done

[Mon Jun 19 12:01:26 2023]
rule format_output:
    input: /scratch/eknodel/SCC_samples/Parent_cell_lines/RNAseq/variant_specific_expression/244-chu-06-F5-7-9-21-1_237_340_S31_L003_mnp_split_gatk_filtered_expression.tsv
    output: /scratch/eknodel/SCC_samples/Parent_cell_lines/RNAseq/variant_specific_expression/244-chu-06-F5-7-9-21-1_237_340_S31_L003_mnp_split_gatk_filtered_expression.out
    jobid: 3
    wildcards: RNA=244-chu-06-F5-7-9-21-1_237_340_S31_L003

Submitted job 3 with external jobid 'Submitted batch job 21400594'.
[Mon Jun 19 12:01:36 2023]
Finished job 3.
14 of 15 steps (93%) done

[Mon Jun 19 12:01:36 2023]
localrule all:
    input: /scratch/eknodel/SCC_samples/Parent_cell_lines/RNAseq/variant_specific_expression/244-chu-06-F5-6-26-21_285_292_S27_L003_mnp_split_gatk_filtered_expression.tsv, /scratch/eknodel/SCC_samples/Parent_cell_lines/RNAseq/variant_specific_expression/244-chu-06-F5-7-2-21-1_273_304_S28_L003_mnp_split_gatk_filtered_expression.tsv, /scratch/eknodel/SCC_samples/Parent_cell_lines/RNAseq/variant_specific_expression/244-chu-06-F5-7-2-21-2_261_316_S29_L003_mnp_split_gatk_filtered_expression.tsv, /scratch/eknodel/SCC_samples/Parent_cell_lines/RNAseq/variant_specific_expression/244-chu-06-F5-7-2-21-3_249_328_S30_L003_mnp_split_gatk_filtered_expression.tsv, /scratch/eknodel/SCC_samples/Parent_cell_lines/RNAseq/variant_specific_expression/244-chu-06-F5-7-9-21-1_237_340_S31_L003_mnp_split_gatk_filtered_expression.tsv, /scratch/eknodel/SCC_samples/Parent_cell_lines/RNAseq/variant_specific_expression/244-chu-06-F5-7-9-21-2_225_352_S32_L003_mnp_split_gatk_filtered_expression.tsv, /scratch/eknodel/SCC_samples/Parent_cell_lines/RNAseq/variant_specific_expression/244-chu-06-F5-6-26-21_285_292_S27_L003_mnp_split_gatk_filtered_expression.out, /scratch/eknodel/SCC_samples/Parent_cell_lines/RNAseq/variant_specific_expression/244-chu-06-F5-7-2-21-1_273_304_S28_L003_mnp_split_gatk_filtered_expression.out, /scratch/eknodel/SCC_samples/Parent_cell_lines/RNAseq/variant_specific_expression/244-chu-06-F5-7-2-21-2_261_316_S29_L003_mnp_split_gatk_filtered_expression.out, /scratch/eknodel/SCC_samples/Parent_cell_lines/RNAseq/variant_specific_expression/244-chu-06-F5-7-2-21-3_249_328_S30_L003_mnp_split_gatk_filtered_expression.out, /scratch/eknodel/SCC_samples/Parent_cell_lines/RNAseq/variant_specific_expression/244-chu-06-F5-7-9-21-1_237_340_S31_L003_mnp_split_gatk_filtered_expression.out, /scratch/eknodel/SCC_samples/Parent_cell_lines/RNAseq/variant_specific_expression/244-chu-06-F5-7-9-21-2_225_352_S32_L003_mnp_split_gatk_filtered_expression.out
    jobid: 0

[Mon Jun 19 12:01:36 2023]
Finished job 0.
15 of 15 steps (100%) done
Complete log: /home/eknodel/SCC_samples/Parent_cell_lines/04_variant_specific_expression/.snakemake/log/2023-06-19T113752.847023.snakemake.log
