Building DAG of jobs...
Using shell: /usr/bin/bash
Provided cluster nodes: 15
Job counts:
	count	jobs
	1	all
	6	format_output
	6	gatk_asereadcounter
	1	index_vcf
	1	remove_duplicates
	15

[Mon Feb  6 21:44:34 2023]
rule remove_duplicates:
    input: /scratch/eknodel/SCC_samples/Parent_cell_lines/VEP/185_1_SC_01_F11_364_213_S1_L003_gatk_vep_filtered.vcf, /scratch/eknodel/SCC_samples/Parent_cell_lines/VEP/185_1_SC_01_F11_364_213_S1_L003_gatk_vep_unfiltered.vcf, /scratch/eknodel/SCC_samples/Parent_cell_lines/VEP/185_1_SC_01_F11_364_213_S1_L003_strelka_vep_filtered.vcf, /scratch/eknodel/SCC_samples/Parent_cell_lines/VEP/185_1_SC_01_F11_364_213_S1_L003_strelka_vep_unfiltered.vcf, /data/CEM/shared/public_data/references/ensemble_GRCm38.68/GRCm38_68.fa
    output: /scratch/eknodel/SCC_samples/Parent_cell_lines/VEP/185_1_SC_01_F11_364_213_S1_L003_gatk_vep_filtered_SNP.vcf, /scratch/eknodel/SCC_samples/Parent_cell_lines/VEP/185_1_SC_01_F11_364_213_S1_L003_gatk_vep_unfiltered_SNP.vcf, /scratch/eknodel/SCC_samples/Parent_cell_lines/VEP/185_1_SC_01_F11_364_213_S1_L003_strelka_vep_filtered_SNP.vcf, /scratch/eknodel/SCC_samples/Parent_cell_lines/VEP/185_1_SC_01_F11_364_213_S1_L003_strelka_vep_unfiltered_SNP.vcf
    jobid: 13

Submitted job 13 with external jobid 'Submitted batch job 19170643'.
[Mon Feb  6 21:45:04 2023]
Finished job 13.
1 of 15 steps (7%) done

[Mon Feb  6 21:45:04 2023]
rule index_vcf:
    input: /scratch/eknodel/SCC_samples/Parent_cell_lines/VEP/185_1_SC_01_F11_364_213_S1_L003_gatk_vep_filtered_SNP.vcf, /scratch/eknodel/SCC_samples/Parent_cell_lines/VEP/185_1_SC_01_F11_364_213_S1_L003_gatk_vep_unfiltered_SNP.vcf, /scratch/eknodel/SCC_samples/Parent_cell_lines/VEP/185_1_SC_01_F11_364_213_S1_L003_strelka_vep_filtered_SNP.vcf, /scratch/eknodel/SCC_samples/Parent_cell_lines/VEP/185_1_SC_01_F11_364_213_S1_L003_strelka_vep_unfiltered_SNP.vcf
    output: /scratch/eknodel/SCC_samples/Parent_cell_lines/VEP/185_1_SC_01_F11_364_213_S1_L003_gatk_vep_filtered_SNP.vcf.idx, /scratch/eknodel/SCC_samples/Parent_cell_lines/VEP/185_1_SC_01_F11_364_213_S1_L003_gatk_vep_unfiltered_SNP.vcf.idx, /scratch/eknodel/SCC_samples/Parent_cell_lines/VEP/185_1_SC_01_F11_364_213_S1_L003_strelka_vep_filtered_SNP.vcf.idx, /scratch/eknodel/SCC_samples/Parent_cell_lines/VEP/185_1_SC_01_F11_364_213_S1_L003_strelka_vep_unfiltered_SNP.vcf.idx
    jobid: 14

Submitted job 14 with external jobid 'Submitted batch job 19170644'.
[Mon Feb  6 21:45:34 2023]
Finished job 14.
2 of 15 steps (13%) done

[Mon Feb  6 21:45:34 2023]
rule gatk_asereadcounter:
    input: /scratch/eknodel/SCC_samples/Parent_cell_lines/RNAseq/sorted_bam/185-1-5c-01-F11-6-26-21-2_204_373_S10_L003_RNA_HISAT2_genome_aligned_sortedbycoord_mkdup_RG.bam, /scratch/eknodel/SCC_samples/Parent_cell_lines/VEP/185_1_SC_01_F11_364_213_S1_L003_gatk_vep_filtered_SNP.vcf, /scratch/eknodel/SCC_samples/Parent_cell_lines/VEP/185_1_SC_01_F11_364_213_S1_L003_gatk_vep_unfiltered_SNP.vcf, /scratch/eknodel/SCC_samples/Parent_cell_lines/VEP/185_1_SC_01_F11_364_213_S1_L003_strelka_vep_filtered_SNP.vcf, /scratch/eknodel/SCC_samples/Parent_cell_lines/VEP/185_1_SC_01_F11_364_213_S1_L003_strelka_vep_unfiltered_SNP.vcf, /scratch/eknodel/SCC_samples/Parent_cell_lines/VEP/185_1_SC_01_F11_364_213_S1_L003_gatk_vep_filtered_SNP.vcf.idx, /scratch/eknodel/SCC_samples/Parent_cell_lines/VEP/185_1_SC_01_F11_364_213_S1_L003_gatk_vep_unfiltered_SNP.vcf.idx, /scratch/eknodel/SCC_samples/Parent_cell_lines/VEP/185_1_SC_01_F11_364_213_S1_L003_strelka_vep_filtered_SNP.vcf.idx, /scratch/eknodel/SCC_samples/Parent_cell_lines/VEP/185_1_SC_01_F11_364_213_S1_L003_strelka_vep_unfiltered_SNP.vcf.idx
    output: /scratch/eknodel/SCC_samples/Parent_cell_lines/RNAseq/variant_specific_expression/185-1-5c-01-F11-6-26-21-2_204_373_S10_L003_gatk_filtered_expression.tsv, /scratch/eknodel/SCC_samples/Parent_cell_lines/RNAseq/variant_specific_expression/185-1-5c-01-F11-6-26-21-2_204_373_S10_L003_gatk_unfiltered_expression.tsv, /scratch/eknodel/SCC_samples/Parent_cell_lines/RNAseq/variant_specific_expression/185-1-5c-01-F11-6-26-21-2_204_373_S10_L003_strelka_filtered_expression.tsv, /scratch/eknodel/SCC_samples/Parent_cell_lines/RNAseq/variant_specific_expression/185-1-5c-01-F11-6-26-21-2_204_373_S10_L003_strelka_unfiltered_expression.tsv
    jobid: 10
    wildcards: RNA=185-1-5c-01-F11-6-26-21-2_204_373_S10_L003

Submitted job 10 with external jobid 'Submitted batch job 19170645'.

[Mon Feb  6 21:45:34 2023]
rule gatk_asereadcounter:
    input: /scratch/eknodel/SCC_samples/Parent_cell_lines/RNAseq/sorted_bam/185-1-5c-01-F11-6-26-21-1_216_361_S9_L003_RNA_HISAT2_genome_aligned_sortedbycoord_mkdup_RG.bam, /scratch/eknodel/SCC_samples/Parent_cell_lines/VEP/185_1_SC_01_F11_364_213_S1_L003_gatk_vep_filtered_SNP.vcf, /scratch/eknodel/SCC_samples/Parent_cell_lines/VEP/185_1_SC_01_F11_364_213_S1_L003_gatk_vep_unfiltered_SNP.vcf, /scratch/eknodel/SCC_samples/Parent_cell_lines/VEP/185_1_SC_01_F11_364_213_S1_L003_strelka_vep_filtered_SNP.vcf, /scratch/eknodel/SCC_samples/Parent_cell_lines/VEP/185_1_SC_01_F11_364_213_S1_L003_strelka_vep_unfiltered_SNP.vcf, /scratch/eknodel/SCC_samples/Parent_cell_lines/VEP/185_1_SC_01_F11_364_213_S1_L003_gatk_vep_filtered_SNP.vcf.idx, /scratch/eknodel/SCC_samples/Parent_cell_lines/VEP/185_1_SC_01_F11_364_213_S1_L003_gatk_vep_unfiltered_SNP.vcf.idx, /scratch/eknodel/SCC_samples/Parent_cell_lines/VEP/185_1_SC_01_F11_364_213_S1_L003_strelka_vep_filtered_SNP.vcf.idx, /scratch/eknodel/SCC_samples/Parent_cell_lines/VEP/185_1_SC_01_F11_364_213_S1_L003_strelka_vep_unfiltered_SNP.vcf.idx
    output: /scratch/eknodel/SCC_samples/Parent_cell_lines/RNAseq/variant_specific_expression/185-1-5c-01-F11-6-26-21-1_216_361_S9_L003_gatk_filtered_expression.tsv, /scratch/eknodel/SCC_samples/Parent_cell_lines/RNAseq/variant_specific_expression/185-1-5c-01-F11-6-26-21-1_216_361_S9_L003_gatk_unfiltered_expression.tsv, /scratch/eknodel/SCC_samples/Parent_cell_lines/RNAseq/variant_specific_expression/185-1-5c-01-F11-6-26-21-1_216_361_S9_L003_strelka_filtered_expression.tsv, /scratch/eknodel/SCC_samples/Parent_cell_lines/RNAseq/variant_specific_expression/185-1-5c-01-F11-6-26-21-1_216_361_S9_L003_strelka_unfiltered_expression.tsv
    jobid: 4
    wildcards: RNA=185-1-5c-01-F11-6-26-21-1_216_361_S9_L003

Submitted job 4 with external jobid 'Submitted batch job 19170646'.

[Mon Feb  6 21:45:35 2023]
rule gatk_asereadcounter:
    input: /scratch/eknodel/SCC_samples/Parent_cell_lines/RNAseq/sorted_bam/185-1-5c-01-F11-6-26-21-5_263_314_S13_L003_RNA_HISAT2_genome_aligned_sortedbycoord_mkdup_RG.bam, /scratch/eknodel/SCC_samples/Parent_cell_lines/VEP/185_1_SC_01_F11_364_213_S1_L003_gatk_vep_filtered_SNP.vcf, /scratch/eknodel/SCC_samples/Parent_cell_lines/VEP/185_1_SC_01_F11_364_213_S1_L003_gatk_vep_unfiltered_SNP.vcf, /scratch/eknodel/SCC_samples/Parent_cell_lines/VEP/185_1_SC_01_F11_364_213_S1_L003_strelka_vep_filtered_SNP.vcf, /scratch/eknodel/SCC_samples/Parent_cell_lines/VEP/185_1_SC_01_F11_364_213_S1_L003_strelka_vep_unfiltered_SNP.vcf, /scratch/eknodel/SCC_samples/Parent_cell_lines/VEP/185_1_SC_01_F11_364_213_S1_L003_gatk_vep_filtered_SNP.vcf.idx, /scratch/eknodel/SCC_samples/Parent_cell_lines/VEP/185_1_SC_01_F11_364_213_S1_L003_gatk_vep_unfiltered_SNP.vcf.idx, /scratch/eknodel/SCC_samples/Parent_cell_lines/VEP/185_1_SC_01_F11_364_213_S1_L003_strelka_vep_filtered_SNP.vcf.idx, /scratch/eknodel/SCC_samples/Parent_cell_lines/VEP/185_1_SC_01_F11_364_213_S1_L003_strelka_vep_unfiltered_SNP.vcf.idx
    output: /scratch/eknodel/SCC_samples/Parent_cell_lines/RNAseq/variant_specific_expression/185-1-5c-01-F11-6-26-21-5_263_314_S13_L003_gatk_filtered_expression.tsv, /scratch/eknodel/SCC_samples/Parent_cell_lines/RNAseq/variant_specific_expression/185-1-5c-01-F11-6-26-21-5_263_314_S13_L003_gatk_unfiltered_expression.tsv, /scratch/eknodel/SCC_samples/Parent_cell_lines/RNAseq/variant_specific_expression/185-1-5c-01-F11-6-26-21-5_263_314_S13_L003_strelka_filtered_expression.tsv, /scratch/eknodel/SCC_samples/Parent_cell_lines/RNAseq/variant_specific_expression/185-1-5c-01-F11-6-26-21-5_263_314_S13_L003_strelka_unfiltered_expression.tsv
    jobid: 8
    wildcards: RNA=185-1-5c-01-F11-6-26-21-5_263_314_S13_L003

Submitted job 8 with external jobid 'Submitted batch job 19170647'.

[Mon Feb  6 21:45:35 2023]
rule gatk_asereadcounter:
    input: /scratch/eknodel/SCC_samples/Parent_cell_lines/RNAseq/sorted_bam/185-1-5c-01-F11-6-26-21-3_287_290_S11_L003_RNA_HISAT2_genome_aligned_sortedbycoord_mkdup_RG.bam, /scratch/eknodel/SCC_samples/Parent_cell_lines/VEP/185_1_SC_01_F11_364_213_S1_L003_gatk_vep_filtered_SNP.vcf, /scratch/eknodel/SCC_samples/Parent_cell_lines/VEP/185_1_SC_01_F11_364_213_S1_L003_gatk_vep_unfiltered_SNP.vcf, /scratch/eknodel/SCC_samples/Parent_cell_lines/VEP/185_1_SC_01_F11_364_213_S1_L003_strelka_vep_filtered_SNP.vcf, /scratch/eknodel/SCC_samples/Parent_cell_lines/VEP/185_1_SC_01_F11_364_213_S1_L003_strelka_vep_unfiltered_SNP.vcf, /scratch/eknodel/SCC_samples/Parent_cell_lines/VEP/185_1_SC_01_F11_364_213_S1_L003_gatk_vep_filtered_SNP.vcf.idx, /scratch/eknodel/SCC_samples/Parent_cell_lines/VEP/185_1_SC_01_F11_364_213_S1_L003_gatk_vep_unfiltered_SNP.vcf.idx, /scratch/eknodel/SCC_samples/Parent_cell_lines/VEP/185_1_SC_01_F11_364_213_S1_L003_strelka_vep_filtered_SNP.vcf.idx, /scratch/eknodel/SCC_samples/Parent_cell_lines/VEP/185_1_SC_01_F11_364_213_S1_L003_strelka_vep_unfiltered_SNP.vcf.idx
    output: /scratch/eknodel/SCC_samples/Parent_cell_lines/RNAseq/variant_specific_expression/185-1-5c-01-F11-6-26-21-3_287_290_S11_L003_gatk_filtered_expression.tsv, /scratch/eknodel/SCC_samples/Parent_cell_lines/RNAseq/variant_specific_expression/185-1-5c-01-F11-6-26-21-3_287_290_S11_L003_gatk_unfiltered_expression.tsv, /scratch/eknodel/SCC_samples/Parent_cell_lines/RNAseq/variant_specific_expression/185-1-5c-01-F11-6-26-21-3_287_290_S11_L003_strelka_filtered_expression.tsv, /scratch/eknodel/SCC_samples/Parent_cell_lines/RNAseq/variant_specific_expression/185-1-5c-01-F11-6-26-21-3_287_290_S11_L003_strelka_unfiltered_expression.tsv
    jobid: 3
    wildcards: RNA=185-1-5c-01-F11-6-26-21-3_287_290_S11_L003

Submitted job 3 with external jobid 'Submitted batch job 19170648'.

[Mon Feb  6 21:45:35 2023]
rule gatk_asereadcounter:
    input: /scratch/eknodel/SCC_samples/Parent_cell_lines/RNAseq/sorted_bam/185-1-5c-01-F11-6-26-21-4_275_302_S12_L003_RNA_HISAT2_genome_aligned_sortedbycoord_mkdup_RG.bam, /scratch/eknodel/SCC_samples/Parent_cell_lines/VEP/185_1_SC_01_F11_364_213_S1_L003_gatk_vep_filtered_SNP.vcf, /scratch/eknodel/SCC_samples/Parent_cell_lines/VEP/185_1_SC_01_F11_364_213_S1_L003_gatk_vep_unfiltered_SNP.vcf, /scratch/eknodel/SCC_samples/Parent_cell_lines/VEP/185_1_SC_01_F11_364_213_S1_L003_strelka_vep_filtered_SNP.vcf, /scratch/eknodel/SCC_samples/Parent_cell_lines/VEP/185_1_SC_01_F11_364_213_S1_L003_strelka_vep_unfiltered_SNP.vcf, /scratch/eknodel/SCC_samples/Parent_cell_lines/VEP/185_1_SC_01_F11_364_213_S1_L003_gatk_vep_filtered_SNP.vcf.idx, /scratch/eknodel/SCC_samples/Parent_cell_lines/VEP/185_1_SC_01_F11_364_213_S1_L003_gatk_vep_unfiltered_SNP.vcf.idx, /scratch/eknodel/SCC_samples/Parent_cell_lines/VEP/185_1_SC_01_F11_364_213_S1_L003_strelka_vep_filtered_SNP.vcf.idx, /scratch/eknodel/SCC_samples/Parent_cell_lines/VEP/185_1_SC_01_F11_364_213_S1_L003_strelka_vep_unfiltered_SNP.vcf.idx
    output: /scratch/eknodel/SCC_samples/Parent_cell_lines/RNAseq/variant_specific_expression/185-1-5c-01-F11-6-26-21-4_275_302_S12_L003_gatk_filtered_expression.tsv, /scratch/eknodel/SCC_samples/Parent_cell_lines/RNAseq/variant_specific_expression/185-1-5c-01-F11-6-26-21-4_275_302_S12_L003_gatk_unfiltered_expression.tsv, /scratch/eknodel/SCC_samples/Parent_cell_lines/RNAseq/variant_specific_expression/185-1-5c-01-F11-6-26-21-4_275_302_S12_L003_strelka_filtered_expression.tsv, /scratch/eknodel/SCC_samples/Parent_cell_lines/RNAseq/variant_specific_expression/185-1-5c-01-F11-6-26-21-4_275_302_S12_L003_strelka_unfiltered_expression.tsv
    jobid: 7
    wildcards: RNA=185-1-5c-01-F11-6-26-21-4_275_302_S12_L003

Submitted job 7 with external jobid 'Submitted batch job 19170649'.

[Mon Feb  6 21:45:35 2023]
rule gatk_asereadcounter:
    input: /scratch/eknodel/SCC_samples/Parent_cell_lines/RNAseq/sorted_bam/185-1-5c-01-F11-6-26-21-6_251_326_S14_L003_RNA_HISAT2_genome_aligned_sortedbycoord_mkdup_RG.bam, /scratch/eknodel/SCC_samples/Parent_cell_lines/VEP/185_1_SC_01_F11_364_213_S1_L003_gatk_vep_filtered_SNP.vcf, /scratch/eknodel/SCC_samples/Parent_cell_lines/VEP/185_1_SC_01_F11_364_213_S1_L003_gatk_vep_unfiltered_SNP.vcf, /scratch/eknodel/SCC_samples/Parent_cell_lines/VEP/185_1_SC_01_F11_364_213_S1_L003_strelka_vep_filtered_SNP.vcf, /scratch/eknodel/SCC_samples/Parent_cell_lines/VEP/185_1_SC_01_F11_364_213_S1_L003_strelka_vep_unfiltered_SNP.vcf, /scratch/eknodel/SCC_samples/Parent_cell_lines/VEP/185_1_SC_01_F11_364_213_S1_L003_gatk_vep_filtered_SNP.vcf.idx, /scratch/eknodel/SCC_samples/Parent_cell_lines/VEP/185_1_SC_01_F11_364_213_S1_L003_gatk_vep_unfiltered_SNP.vcf.idx, /scratch/eknodel/SCC_samples/Parent_cell_lines/VEP/185_1_SC_01_F11_364_213_S1_L003_strelka_vep_filtered_SNP.vcf.idx, /scratch/eknodel/SCC_samples/Parent_cell_lines/VEP/185_1_SC_01_F11_364_213_S1_L003_strelka_vep_unfiltered_SNP.vcf.idx
    output: /scratch/eknodel/SCC_samples/Parent_cell_lines/RNAseq/variant_specific_expression/185-1-5c-01-F11-6-26-21-6_251_326_S14_L003_gatk_filtered_expression.tsv, /scratch/eknodel/SCC_samples/Parent_cell_lines/RNAseq/variant_specific_expression/185-1-5c-01-F11-6-26-21-6_251_326_S14_L003_gatk_unfiltered_expression.tsv, /scratch/eknodel/SCC_samples/Parent_cell_lines/RNAseq/variant_specific_expression/185-1-5c-01-F11-6-26-21-6_251_326_S14_L003_strelka_filtered_expression.tsv, /scratch/eknodel/SCC_samples/Parent_cell_lines/RNAseq/variant_specific_expression/185-1-5c-01-F11-6-26-21-6_251_326_S14_L003_strelka_unfiltered_expression.tsv
    jobid: 5
    wildcards: RNA=185-1-5c-01-F11-6-26-21-6_251_326_S14_L003

Submitted job 5 with external jobid 'Submitted batch job 19170650'.
[Mon Feb  6 22:52:39 2023]
Finished job 5.
3 of 15 steps (20%) done

[Mon Feb  6 22:52:39 2023]
rule format_output:
    input: /scratch/eknodel/SCC_samples/Parent_cell_lines/RNAseq/variant_specific_expression/185-1-5c-01-F11-6-26-21-6_251_326_S14_L003_gatk_filtered_expression.tsv, /scratch/eknodel/SCC_samples/Parent_cell_lines/RNAseq/variant_specific_expression/185-1-5c-01-F11-6-26-21-6_251_326_S14_L003_gatk_unfiltered_expression.tsv, /scratch/eknodel/SCC_samples/Parent_cell_lines/RNAseq/variant_specific_expression/185-1-5c-01-F11-6-26-21-6_251_326_S14_L003_strelka_filtered_expression.tsv, /scratch/eknodel/SCC_samples/Parent_cell_lines/RNAseq/variant_specific_expression/185-1-5c-01-F11-6-26-21-6_251_326_S14_L003_strelka_unfiltered_expression.tsv
    output: /scratch/eknodel/SCC_samples/Parent_cell_lines/RNAseq/variant_specific_expression/185-1-5c-01-F11-6-26-21-6_251_326_S14_L003_gatk_filtered_expression.out, /scratch/eknodel/SCC_samples/Parent_cell_lines/RNAseq/variant_specific_expression/185-1-5c-01-F11-6-26-21-6_251_326_S14_L003_gatk_unfiltered_expression.out, /scratch/eknodel/SCC_samples/Parent_cell_lines/RNAseq/variant_specific_expression/185-1-5c-01-F11-6-26-21-6_251_326_S14_L003_strelka_filtered_expression.out, /scratch/eknodel/SCC_samples/Parent_cell_lines/RNAseq/variant_specific_expression/185-1-5c-01-F11-6-26-21-6_251_326_S14_L003_strelka_unfiltered_expression.out
    jobid: 6
    wildcards: RNA=185-1-5c-01-F11-6-26-21-6_251_326_S14_L003

Submitted job 6 with external jobid 'Submitted batch job 19170722'.
[Mon Feb  6 22:55:10 2023]
Finished job 10.
4 of 15 steps (27%) done

[Mon Feb  6 22:55:10 2023]
rule format_output:
    input: /scratch/eknodel/SCC_samples/Parent_cell_lines/RNAseq/variant_specific_expression/185-1-5c-01-F11-6-26-21-2_204_373_S10_L003_gatk_filtered_expression.tsv, /scratch/eknodel/SCC_samples/Parent_cell_lines/RNAseq/variant_specific_expression/185-1-5c-01-F11-6-26-21-2_204_373_S10_L003_gatk_unfiltered_expression.tsv, /scratch/eknodel/SCC_samples/Parent_cell_lines/RNAseq/variant_specific_expression/185-1-5c-01-F11-6-26-21-2_204_373_S10_L003_strelka_filtered_expression.tsv, /scratch/eknodel/SCC_samples/Parent_cell_lines/RNAseq/variant_specific_expression/185-1-5c-01-F11-6-26-21-2_204_373_S10_L003_strelka_unfiltered_expression.tsv
    output: /scratch/eknodel/SCC_samples/Parent_cell_lines/RNAseq/variant_specific_expression/185-1-5c-01-F11-6-26-21-2_204_373_S10_L003_gatk_filtered_expression.out, /scratch/eknodel/SCC_samples/Parent_cell_lines/RNAseq/variant_specific_expression/185-1-5c-01-F11-6-26-21-2_204_373_S10_L003_gatk_unfiltered_expression.out, /scratch/eknodel/SCC_samples/Parent_cell_lines/RNAseq/variant_specific_expression/185-1-5c-01-F11-6-26-21-2_204_373_S10_L003_strelka_filtered_expression.out, /scratch/eknodel/SCC_samples/Parent_cell_lines/RNAseq/variant_specific_expression/185-1-5c-01-F11-6-26-21-2_204_373_S10_L003_strelka_unfiltered_expression.out
    jobid: 11
    wildcards: RNA=185-1-5c-01-F11-6-26-21-2_204_373_S10_L003

[Mon Feb  6 22:55:10 2023]
Finished job 6.
5 of 15 steps (33%) done
Submitted job 11 with external jobid 'Submitted batch job 19170726'.
[Mon Feb  6 22:57:40 2023]
Finished job 4.
6 of 15 steps (40%) done

[Mon Feb  6 22:57:40 2023]
rule format_output:
    input: /scratch/eknodel/SCC_samples/Parent_cell_lines/RNAseq/variant_specific_expression/185-1-5c-01-F11-6-26-21-1_216_361_S9_L003_gatk_filtered_expression.tsv, /scratch/eknodel/SCC_samples/Parent_cell_lines/RNAseq/variant_specific_expression/185-1-5c-01-F11-6-26-21-1_216_361_S9_L003_gatk_unfiltered_expression.tsv, /scratch/eknodel/SCC_samples/Parent_cell_lines/RNAseq/variant_specific_expression/185-1-5c-01-F11-6-26-21-1_216_361_S9_L003_strelka_filtered_expression.tsv, /scratch/eknodel/SCC_samples/Parent_cell_lines/RNAseq/variant_specific_expression/185-1-5c-01-F11-6-26-21-1_216_361_S9_L003_strelka_unfiltered_expression.tsv
    output: /scratch/eknodel/SCC_samples/Parent_cell_lines/RNAseq/variant_specific_expression/185-1-5c-01-F11-6-26-21-1_216_361_S9_L003_gatk_filtered_expression.out, /scratch/eknodel/SCC_samples/Parent_cell_lines/RNAseq/variant_specific_expression/185-1-5c-01-F11-6-26-21-1_216_361_S9_L003_gatk_unfiltered_expression.out, /scratch/eknodel/SCC_samples/Parent_cell_lines/RNAseq/variant_specific_expression/185-1-5c-01-F11-6-26-21-1_216_361_S9_L003_strelka_filtered_expression.out, /scratch/eknodel/SCC_samples/Parent_cell_lines/RNAseq/variant_specific_expression/185-1-5c-01-F11-6-26-21-1_216_361_S9_L003_strelka_unfiltered_expression.out
    jobid: 12
    wildcards: RNA=185-1-5c-01-F11-6-26-21-1_216_361_S9_L003

[Mon Feb  6 22:57:40 2023]
Finished job 11.
7 of 15 steps (47%) done
Submitted job 12 with external jobid 'Submitted batch job 19170733'.
[Mon Feb  6 23:01:10 2023]
Finished job 3.
8 of 15 steps (53%) done

[Mon Feb  6 23:01:10 2023]
rule format_output:
    input: /scratch/eknodel/SCC_samples/Parent_cell_lines/RNAseq/variant_specific_expression/185-1-5c-01-F11-6-26-21-3_287_290_S11_L003_gatk_filtered_expression.tsv, /scratch/eknodel/SCC_samples/Parent_cell_lines/RNAseq/variant_specific_expression/185-1-5c-01-F11-6-26-21-3_287_290_S11_L003_gatk_unfiltered_expression.tsv, /scratch/eknodel/SCC_samples/Parent_cell_lines/RNAseq/variant_specific_expression/185-1-5c-01-F11-6-26-21-3_287_290_S11_L003_strelka_filtered_expression.tsv, /scratch/eknodel/SCC_samples/Parent_cell_lines/RNAseq/variant_specific_expression/185-1-5c-01-F11-6-26-21-3_287_290_S11_L003_strelka_unfiltered_expression.tsv
    output: /scratch/eknodel/SCC_samples/Parent_cell_lines/RNAseq/variant_specific_expression/185-1-5c-01-F11-6-26-21-3_287_290_S11_L003_gatk_filtered_expression.out, /scratch/eknodel/SCC_samples/Parent_cell_lines/RNAseq/variant_specific_expression/185-1-5c-01-F11-6-26-21-3_287_290_S11_L003_gatk_unfiltered_expression.out, /scratch/eknodel/SCC_samples/Parent_cell_lines/RNAseq/variant_specific_expression/185-1-5c-01-F11-6-26-21-3_287_290_S11_L003_strelka_filtered_expression.out, /scratch/eknodel/SCC_samples/Parent_cell_lines/RNAseq/variant_specific_expression/185-1-5c-01-F11-6-26-21-3_287_290_S11_L003_strelka_unfiltered_expression.out
    jobid: 1
    wildcards: RNA=185-1-5c-01-F11-6-26-21-3_287_290_S11_L003

[Mon Feb  6 23:01:11 2023]
Finished job 12.
9 of 15 steps (60%) done
Submitted job 1 with external jobid 'Submitted batch job 19170742'.
[Mon Feb  6 23:05:11 2023]
Finished job 1.
10 of 15 steps (67%) done
[Mon Feb  6 23:12:42 2023]
Finished job 7.
11 of 15 steps (73%) done

[Mon Feb  6 23:12:42 2023]
rule format_output:
    input: /scratch/eknodel/SCC_samples/Parent_cell_lines/RNAseq/variant_specific_expression/185-1-5c-01-F11-6-26-21-4_275_302_S12_L003_gatk_filtered_expression.tsv, /scratch/eknodel/SCC_samples/Parent_cell_lines/RNAseq/variant_specific_expression/185-1-5c-01-F11-6-26-21-4_275_302_S12_L003_gatk_unfiltered_expression.tsv, /scratch/eknodel/SCC_samples/Parent_cell_lines/RNAseq/variant_specific_expression/185-1-5c-01-F11-6-26-21-4_275_302_S12_L003_strelka_filtered_expression.tsv, /scratch/eknodel/SCC_samples/Parent_cell_lines/RNAseq/variant_specific_expression/185-1-5c-01-F11-6-26-21-4_275_302_S12_L003_strelka_unfiltered_expression.tsv
    output: /scratch/eknodel/SCC_samples/Parent_cell_lines/RNAseq/variant_specific_expression/185-1-5c-01-F11-6-26-21-4_275_302_S12_L003_gatk_filtered_expression.out, /scratch/eknodel/SCC_samples/Parent_cell_lines/RNAseq/variant_specific_expression/185-1-5c-01-F11-6-26-21-4_275_302_S12_L003_gatk_unfiltered_expression.out, /scratch/eknodel/SCC_samples/Parent_cell_lines/RNAseq/variant_specific_expression/185-1-5c-01-F11-6-26-21-4_275_302_S12_L003_strelka_filtered_expression.out, /scratch/eknodel/SCC_samples/Parent_cell_lines/RNAseq/variant_specific_expression/185-1-5c-01-F11-6-26-21-4_275_302_S12_L003_strelka_unfiltered_expression.out
    jobid: 2
    wildcards: RNA=185-1-5c-01-F11-6-26-21-4_275_302_S12_L003

Submitted job 2 with external jobid 'Submitted batch job 19170766'.
[Mon Feb  6 23:13:12 2023]
Finished job 2.
12 of 15 steps (80%) done
[Mon Feb  6 23:24:43 2023]
Finished job 8.
13 of 15 steps (87%) done

[Mon Feb  6 23:24:43 2023]
rule format_output:
    input: /scratch/eknodel/SCC_samples/Parent_cell_lines/RNAseq/variant_specific_expression/185-1-5c-01-F11-6-26-21-5_263_314_S13_L003_gatk_filtered_expression.tsv, /scratch/eknodel/SCC_samples/Parent_cell_lines/RNAseq/variant_specific_expression/185-1-5c-01-F11-6-26-21-5_263_314_S13_L003_gatk_unfiltered_expression.tsv, /scratch/eknodel/SCC_samples/Parent_cell_lines/RNAseq/variant_specific_expression/185-1-5c-01-F11-6-26-21-5_263_314_S13_L003_strelka_filtered_expression.tsv, /scratch/eknodel/SCC_samples/Parent_cell_lines/RNAseq/variant_specific_expression/185-1-5c-01-F11-6-26-21-5_263_314_S13_L003_strelka_unfiltered_expression.tsv
    output: /scratch/eknodel/SCC_samples/Parent_cell_lines/RNAseq/variant_specific_expression/185-1-5c-01-F11-6-26-21-5_263_314_S13_L003_gatk_filtered_expression.out, /scratch/eknodel/SCC_samples/Parent_cell_lines/RNAseq/variant_specific_expression/185-1-5c-01-F11-6-26-21-5_263_314_S13_L003_gatk_unfiltered_expression.out, /scratch/eknodel/SCC_samples/Parent_cell_lines/RNAseq/variant_specific_expression/185-1-5c-01-F11-6-26-21-5_263_314_S13_L003_strelka_filtered_expression.out, /scratch/eknodel/SCC_samples/Parent_cell_lines/RNAseq/variant_specific_expression/185-1-5c-01-F11-6-26-21-5_263_314_S13_L003_strelka_unfiltered_expression.out
    jobid: 9
    wildcards: RNA=185-1-5c-01-F11-6-26-21-5_263_314_S13_L003

Submitted job 9 with external jobid 'Submitted batch job 19170777'.
[Mon Feb  6 23:24:53 2023]
Finished job 9.
14 of 15 steps (93%) done

[Mon Feb  6 23:24:53 2023]
localrule all:
    input: /scratch/eknodel/SCC_samples/Parent_cell_lines/RNAseq/variant_specific_expression/185-1-5c-01-F11-6-26-21-1_216_361_S9_L003_gatk_filtered_expression.tsv, /scratch/eknodel/SCC_samples/Parent_cell_lines/RNAseq/variant_specific_expression/185-1-5c-01-F11-6-26-21-2_204_373_S10_L003_gatk_filtered_expression.tsv, /scratch/eknodel/SCC_samples/Parent_cell_lines/RNAseq/variant_specific_expression/185-1-5c-01-F11-6-26-21-3_287_290_S11_L003_gatk_filtered_expression.tsv, /scratch/eknodel/SCC_samples/Parent_cell_lines/RNAseq/variant_specific_expression/185-1-5c-01-F11-6-26-21-4_275_302_S12_L003_gatk_filtered_expression.tsv, /scratch/eknodel/SCC_samples/Parent_cell_lines/RNAseq/variant_specific_expression/185-1-5c-01-F11-6-26-21-5_263_314_S13_L003_gatk_filtered_expression.tsv, /scratch/eknodel/SCC_samples/Parent_cell_lines/RNAseq/variant_specific_expression/185-1-5c-01-F11-6-26-21-6_251_326_S14_L003_gatk_filtered_expression.tsv, /scratch/eknodel/SCC_samples/Parent_cell_lines/RNAseq/variant_specific_expression/185-1-5c-01-F11-6-26-21-1_216_361_S9_L003_gatk_filtered_expression.out, /scratch/eknodel/SCC_samples/Parent_cell_lines/RNAseq/variant_specific_expression/185-1-5c-01-F11-6-26-21-2_204_373_S10_L003_gatk_filtered_expression.out, /scratch/eknodel/SCC_samples/Parent_cell_lines/RNAseq/variant_specific_expression/185-1-5c-01-F11-6-26-21-3_287_290_S11_L003_gatk_filtered_expression.out, /scratch/eknodel/SCC_samples/Parent_cell_lines/RNAseq/variant_specific_expression/185-1-5c-01-F11-6-26-21-4_275_302_S12_L003_gatk_filtered_expression.out, /scratch/eknodel/SCC_samples/Parent_cell_lines/RNAseq/variant_specific_expression/185-1-5c-01-F11-6-26-21-5_263_314_S13_L003_gatk_filtered_expression.out, /scratch/eknodel/SCC_samples/Parent_cell_lines/RNAseq/variant_specific_expression/185-1-5c-01-F11-6-26-21-6_251_326_S14_L003_gatk_filtered_expression.out
    jobid: 0

[Mon Feb  6 23:24:53 2023]
Finished job 0.
15 of 15 steps (100%) done
Complete log: /home/eknodel/SCC_samples/Parent_cell_lines/04_variant_specific_expression/.snakemake/log/2023-02-06T214434.365865.snakemake.log
