Building DAG of jobs...
Using shell: /usr/bin/bash
Provided cluster nodes: 30
Job counts:
	count	jobs
	1	all
	4	footprint
	5

[Wed Jun 21 17:24:06 2023]
rule footprint:
    input: /scratch/eknodel/SCC_samples/Parent_tumors/processed_bams/gDNA_185_25_2E1_5C_365_212_S56_L004.GRCm38_68.sorted.bam
    output: /scratch/eknodel/SCC_samples/Parent_tumors/processed_bams/gDNA_185_25_2E1_5C_365_212_S56_L004_footprint.out
    jobid: 1
    wildcards: sample=gDNA_185_25_2E1_5C_365_212_S56_L004

Submitted job 1 with external jobid 'Submitted batch job 21436446'.

[Wed Jun 21 17:24:08 2023]
rule footprint:
    input: /scratch/eknodel/SCC_samples/Parent_tumors/processed_bams/gDNA_188_25_2E2_5C_157_036_S57_L004.GRCm38_68.sorted.bam
    output: /scratch/eknodel/SCC_samples/Parent_tumors/processed_bams/gDNA_188_25_2E2_5C_157_036_S57_L004_footprint.out
    jobid: 4
    wildcards: sample=gDNA_188_25_2E2_5C_157_036_S57_L004

Submitted job 4 with external jobid 'Submitted batch job 21436447'.

[Wed Jun 21 17:24:08 2023]
rule footprint:
    input: /scratch/eknodel/SCC_samples/Parent_tumors/processed_bams/gDNA_normal_tissue_377_200_S55_L004.GRCm38_68.sorted.bam
    output: /scratch/eknodel/SCC_samples/Parent_tumors/processed_bams/gDNA_normal_tissue_377_200_S55_L004_footprint.out
    jobid: 2
    wildcards: sample=gDNA_normal_tissue_377_200_S55_L004

Submitted job 2 with external jobid 'Submitted batch job 21436448'.

[Wed Jun 21 17:24:08 2023]
rule footprint:
    input: /scratch/eknodel/SCC_samples/Parent_tumors/processed_bams/gDNA_244_25_2E1_chu_329_248_S59_L004.GRCm38_68.sorted.bam
    output: /scratch/eknodel/SCC_samples/Parent_tumors/processed_bams/gDNA_244_25_2E1_chu_329_248_S59_L004_footprint.out
    jobid: 3
    wildcards: sample=gDNA_244_25_2E1_chu_329_248_S59_L004

Submitted job 3 with external jobid 'Submitted batch job 21436449'.
[Wed Jun 21 17:34:07 2023]
Finished job 2.
1 of 5 steps (20%) done
[Wed Jun 21 17:34:48 2023]
Finished job 1.
2 of 5 steps (40%) done
[Wed Jun 21 17:34:48 2023]
Finished job 4.
3 of 5 steps (60%) done
[Wed Jun 21 17:34:48 2023]
Finished job 3.
4 of 5 steps (80%) done

[Wed Jun 21 17:34:48 2023]
localrule all:
    input: /scratch/eknodel/SCC_samples/Parent_tumors/processed_bams/gDNA_185_25_2E1_5C_365_212_S56_L004_footprint.out, /scratch/eknodel/SCC_samples/Parent_tumors/processed_bams/gDNA_188_25_2E2_5C_157_036_S57_L004_footprint.out, /scratch/eknodel/SCC_samples/Parent_tumors/processed_bams/gDNA_244_25_2E1_chu_329_248_S59_L004_footprint.out, /scratch/eknodel/SCC_samples/Parent_tumors/processed_bams/gDNA_normal_tissue_377_200_S55_L004_footprint.out
    jobid: 0

[Wed Jun 21 17:34:48 2023]
Finished job 0.
5 of 5 steps (100%) done
Complete log: /home/eknodel/SCC_samples/Parent_tumors/.snakemake/log/2023-06-21T172406.666226.snakemake.log
