Building DAG of jobs...
Using shell: /usr/bin/bash
Provided cluster nodes: 71
Job counts:
	count	jobs
	1	all
	3	run_vep
	4

[Thu Jun 15 13:56:11 2023]
rule run_vep:
    input: /scratch/eknodel/SCC_samples/Parent_tumors/variants/gDNA_188_25_2E2_5C_157_036_S57_L004_merged_sorted.vcf
    output: /scratch/eknodel/SCC_samples/Parent_tumors/variants/gDNA_188_25_2E2_5C_157_036_S57_L004_merged_vep.vcf
    jobid: 5
    wildcards: subject=gDNA_188_25_2E2_5C_157_036_S57_L004

Submitted job 5 with external jobid 'Submitted batch job 21305939'.

[Thu Jun 15 13:56:11 2023]
rule run_vep:
    input: /scratch/eknodel/SCC_samples/Parent_tumors/variants/gDNA_185_25_2E1_5C_365_212_S56_L004_merged_sorted.vcf
    output: /scratch/eknodel/SCC_samples/Parent_tumors/variants/gDNA_185_25_2E1_5C_365_212_S56_L004_merged_vep.vcf
    jobid: 1
    wildcards: subject=gDNA_185_25_2E1_5C_365_212_S56_L004

Submitted job 1 with external jobid 'Submitted batch job 21305940'.

[Thu Jun 15 13:56:11 2023]
rule run_vep:
    input: /scratch/eknodel/SCC_samples/Parent_tumors/variants/gDNA_244_25_2E1_chu_329_248_S59_L004_merged_sorted.vcf
    output: /scratch/eknodel/SCC_samples/Parent_tumors/variants/gDNA_244_25_2E1_chu_329_248_S59_L004_merged_vep.vcf
    jobid: 2
    wildcards: subject=gDNA_244_25_2E1_chu_329_248_S59_L004

Submitted job 2 with external jobid 'Submitted batch job 21305941'.
[Thu Jun 15 13:56:21 2023]
Error in rule run_vep:
    jobid: 5
    output: /scratch/eknodel/SCC_samples/Parent_tumors/variants/gDNA_188_25_2E2_5C_157_036_S57_L004_merged_vep.vcf
    cluster_jobid: Submitted batch job 21305939

[Thu Jun 15 13:56:21 2023]
Error in rule run_vep:
    jobid: 1
    output: /scratch/eknodel/SCC_samples/Parent_tumors/variants/gDNA_185_25_2E1_5C_365_212_S56_L004_merged_vep.vcf
    cluster_jobid: Submitted batch job 21305940

[Thu Jun 15 13:56:21 2023]
Error in rule run_vep:
    jobid: 2
    output: /scratch/eknodel/SCC_samples/Parent_tumors/variants/gDNA_244_25_2E1_chu_329_248_S59_L004_merged_vep.vcf
    cluster_jobid: Submitted batch job 21305941

Shutting down, this might take some time.
Exiting because a job execution failed. Look above for error message
Complete log: /home/eknodel/SCC_samples/Parent_tumors/.snakemake/log/2023-06-15T135610.823169.snakemake.log
