Building DAG of jobs...
Using shell: /usr/bin/bash
Provided cluster nodes: 190
Job counts:
	count	jobs
	36	SplitNCigarReads
	1	all
	36	filter
	36	select_pass_variants
	36	tumor_only
	145

[Mon Apr 25 11:22:05 2022]
rule SplitNCigarReads:
    input: /scratch/eknodel/SCC_samples/cell_lines/RNAseq/sorted_bam/185-15c-09-G9-6-22-21_228_349_S8_L003_RNA_HISAT2_genome_aligned_sortedbycoord_RG.bam, /data/CEM/shared/public_data/references/ensemble_GRCm38.68/GRCm38_68.fa
    output: /scratch/eknodel/SCC_samples/cell_lines/RNAseq/sorted_bam/185-15c-09-G9-6-22-21_228_349_S8_L003_RNA_HISAT2_genome_aligned_sortedbycoord_RG-splitreads.bam
    jobid: 116
    wildcards: subject=185-15c-09-G9-6-22-21_228_349_S8_L003

Submitted job 116 with external jobid 'Submitted batch job 15187185'.

[Mon Apr 25 11:22:06 2022]
rule SplitNCigarReads:
    input: /scratch/eknodel/SCC_samples/cell_lines/RNAseq/sorted_bam/185-15c-09-G9-6-11-21_252_325_S6_L003_RNA_HISAT2_genome_aligned_sortedbycoord_RG.bam, /data/CEM/shared/public_data/references/ensemble_GRCm38.68/GRCm38_68.fa
    output: /scratch/eknodel/SCC_samples/cell_lines/RNAseq/sorted_bam/185-15c-09-G9-6-11-21_252_325_S6_L003_RNA_HISAT2_genome_aligned_sortedbycoord_RG-splitreads.bam
    jobid: 125
    wildcards: subject=185-15c-09-G9-6-11-21_252_325_S6_L003

Submitted job 125 with external jobid 'Submitted batch job 15187186'.

[Mon Apr 25 11:22:08 2022]
rule SplitNCigarReads:
    input: /scratch/eknodel/SCC_samples/cell_lines/RNAseq/sorted_bam/244-1-chu-06-D12-7-12-21-2_248_329_S38_L003_RNA_HISAT2_genome_aligned_sortedbycoord_RG.bam, /data/CEM/shared/public_data/references/ensemble_GRCm38.68/GRCm38_68.fa
    output: /scratch/eknodel/SCC_samples/cell_lines/RNAseq/sorted_bam/244-1-chu-06-D12-7-12-21-2_248_329_S38_L003_RNA_HISAT2_genome_aligned_sortedbycoord_RG-splitreads.bam
    jobid: 115
    wildcards: subject=244-1-chu-06-D12-7-12-21-2_248_329_S38_L003

Submitted job 115 with external jobid 'Submitted batch job 15187187'.

[Mon Apr 25 11:22:08 2022]
rule SplitNCigarReads:
    input: /scratch/eknodel/SCC_samples/cell_lines/RNAseq/sorted_bam/244-1-chu-06-D12-6-22-21_213_364_S33_L003_RNA_HISAT2_genome_aligned_sortedbycoord_RG.bam, /data/CEM/shared/public_data/references/ensemble_GRCm38.68/GRCm38_68.fa
    output: /scratch/eknodel/SCC_samples/cell_lines/RNAseq/sorted_bam/244-1-chu-06-D12-6-22-21_213_364_S33_L003_RNA_HISAT2_genome_aligned_sortedbycoord_RG-splitreads.bam
    jobid: 143
    wildcards: subject=244-1-chu-06-D12-6-22-21_213_364_S33_L003

Submitted job 143 with external jobid 'Submitted batch job 15187188'.

[Mon Apr 25 11:22:08 2022]
rule SplitNCigarReads:
    input: /scratch/eknodel/SCC_samples/cell_lines/RNAseq/sorted_bam/185-1-5c-01-F11-6-26-21-6_251_326_S14_L003_RNA_HISAT2_genome_aligned_sortedbycoord_RG.bam, /data/CEM/shared/public_data/references/ensemble_GRCm38.68/GRCm38_68.fa
    output: /scratch/eknodel/SCC_samples/cell_lines/RNAseq/sorted_bam/185-1-5c-01-F11-6-26-21-6_251_326_S14_L003_RNA_HISAT2_genome_aligned_sortedbycoord_RG-splitreads.bam
    jobid: 129
    wildcards: subject=185-1-5c-01-F11-6-26-21-6_251_326_S14_L003

Submitted job 129 with external jobid 'Submitted batch job 15187189'.

[Mon Apr 25 11:22:09 2022]
rule SplitNCigarReads:
    input: /scratch/eknodel/SCC_samples/cell_lines/RNAseq/sorted_bam/185-1-5c-01-F11-6-26-21-5_263_314_S13_L003_RNA_HISAT2_genome_aligned_sortedbycoord_RG.bam, /data/CEM/shared/public_data/references/ensemble_GRCm38.68/GRCm38_68.fa
    output: /scratch/eknodel/SCC_samples/cell_lines/RNAseq/sorted_bam/185-1-5c-01-F11-6-26-21-5_263_314_S13_L003_RNA_HISAT2_genome_aligned_sortedbycoord_RG-splitreads.bam
    jobid: 132
    wildcards: subject=185-1-5c-01-F11-6-26-21-5_263_314_S13_L003

Submitted job 132 with external jobid 'Submitted batch job 15187190'.

[Mon Apr 25 11:22:09 2022]
rule SplitNCigarReads:
    input: /scratch/eknodel/SCC_samples/cell_lines/RNAseq/sorted_bam/185-1-5c-01-F11-6-26-21-2_204_373_S10_L003_RNA_HISAT2_genome_aligned_sortedbycoord_RG.bam, /data/CEM/shared/public_data/references/ensemble_GRCm38.68/GRCm38_68.fa
    output: /scratch/eknodel/SCC_samples/cell_lines/RNAseq/sorted_bam/185-1-5c-01-F11-6-26-21-2_204_373_S10_L003_RNA_HISAT2_genome_aligned_sortedbycoord_RG-splitreads.bam
    jobid: 144
    wildcards: subject=185-1-5c-01-F11-6-26-21-2_204_373_S10_L003

Submitted job 144 with external jobid 'Submitted batch job 15187191'.

[Mon Apr 25 11:22:09 2022]
rule SplitNCigarReads:
    input: /scratch/eknodel/SCC_samples/cell_lines/RNAseq/sorted_bam/244-1-chu-06-D12-7-9-21-1_284_293_S35_L003_RNA_HISAT2_genome_aligned_sortedbycoord_RG.bam, /data/CEM/shared/public_data/references/ensemble_GRCm38.68/GRCm38_68.fa
    output: /scratch/eknodel/SCC_samples/cell_lines/RNAseq/sorted_bam/244-1-chu-06-D12-7-9-21-1_284_293_S35_L003_RNA_HISAT2_genome_aligned_sortedbycoord_RG-splitreads.bam
    jobid: 117
    wildcards: subject=244-1-chu-06-D12-7-9-21-1_284_293_S35_L003

Submitted job 117 with external jobid 'Submitted batch job 15187192'.

[Mon Apr 25 11:22:10 2022]
rule SplitNCigarReads:
    input: /scratch/eknodel/SCC_samples/cell_lines/RNAseq/sorted_bam/244-chu-06-F5-7-9-21-1_237_340_S31_L003_RNA_HISAT2_genome_aligned_sortedbycoord_RG.bam, /data/CEM/shared/public_data/references/ensemble_GRCm38.68/GRCm38_68.fa
    output: /scratch/eknodel/SCC_samples/cell_lines/RNAseq/sorted_bam/244-chu-06-F5-7-9-21-1_237_340_S31_L003_RNA_HISAT2_genome_aligned_sortedbycoord_RG-splitreads.bam
    jobid: 114
    wildcards: subject=244-chu-06-F5-7-9-21-1_237_340_S31_L003

Submitted job 114 with external jobid 'Submitted batch job 15187193'.

[Mon Apr 25 11:22:13 2022]
rule SplitNCigarReads:
    input: /scratch/eknodel/SCC_samples/cell_lines/RNAseq/sorted_bam/244-chu-06-F5-7-9-21-2_225_352_S32_L003_RNA_HISAT2_genome_aligned_sortedbycoord_RG.bam, /data/CEM/shared/public_data/references/ensemble_GRCm38.68/GRCm38_68.fa
    output: /scratch/eknodel/SCC_samples/cell_lines/RNAseq/sorted_bam/244-chu-06-F5-7-9-21-2_225_352_S32_L003_RNA_HISAT2_genome_aligned_sortedbycoord_RG-splitreads.bam
    jobid: 127
    wildcards: subject=244-chu-06-F5-7-9-21-2_225_352_S32_L003

Submitted job 127 with external jobid 'Submitted batch job 15187194'.

[Mon Apr 25 11:22:14 2022]
rule SplitNCigarReads:
    input: /scratch/eknodel/SCC_samples/cell_lines/RNAseq/sorted_bam/244-1-chu-02-B7-6-15-21_214_363_S25_L003_RNA_HISAT2_genome_aligned_sortedbycoord_RG.bam, /data/CEM/shared/public_data/references/ensemble_GRCm38.68/GRCm38_68.fa
    output: /scratch/eknodel/SCC_samples/cell_lines/RNAseq/sorted_bam/244-1-chu-02-B7-6-15-21_214_363_S25_L003_RNA_HISAT2_genome_aligned_sortedbycoord_RG-splitreads.bam
    jobid: 140
    wildcards: subject=244-1-chu-02-B7-6-15-21_214_363_S25_L003

Submitted job 140 with external jobid 'Submitted batch job 15187195'.

[Mon Apr 25 11:22:15 2022]
rule SplitNCigarReads:
    input: /scratch/eknodel/SCC_samples/cell_lines/RNAseq/sorted_bam/185-15c-09-G9-6-3-21_288_289_S3_L003_RNA_HISAT2_genome_aligned_sortedbycoord_RG.bam, /data/CEM/shared/public_data/references/ensemble_GRCm38.68/GRCm38_68.fa
    output: /scratch/eknodel/SCC_samples/cell_lines/RNAseq/sorted_bam/185-15c-09-G9-6-3-21_288_289_S3_L003_RNA_HISAT2_genome_aligned_sortedbycoord_RG-splitreads.bam
    jobid: 133
    wildcards: subject=185-15c-09-G9-6-3-21_288_289_S3_L003

Submitted job 133 with external jobid 'Submitted batch job 15187196'.

[Mon Apr 25 11:22:16 2022]
rule SplitNCigarReads:
    input: /scratch/eknodel/SCC_samples/cell_lines/RNAseq/sorted_bam/244-1-chu-02-B7-6-22-21_202_375_S26_L003_RNA_HISAT2_genome_aligned_sortedbycoord_RG.bam, /data/CEM/shared/public_data/references/ensemble_GRCm38.68/GRCm38_68.fa
    output: /scratch/eknodel/SCC_samples/cell_lines/RNAseq/sorted_bam/244-1-chu-02-B7-6-22-21_202_375_S26_L003_RNA_HISAT2_genome_aligned_sortedbycoord_RG-splitreads.bam
    jobid: 109
    wildcards: subject=244-1-chu-02-B7-6-22-21_202_375_S26_L003

Submitted job 109 with external jobid 'Submitted batch job 15187197'.

[Mon Apr 25 11:22:16 2022]
rule SplitNCigarReads:
    input: /scratch/eknodel/SCC_samples/cell_lines/RNAseq/sorted_bam/244-1-chu-02-B7-6-9-21_238_339_S23_L003_RNA_HISAT2_genome_aligned_sortedbycoord_RG.bam, /data/CEM/shared/public_data/references/ensemble_GRCm38.68/GRCm38_68.fa
    output: /scratch/eknodel/SCC_samples/cell_lines/RNAseq/sorted_bam/244-1-chu-02-B7-6-9-21_238_339_S23_L003_RNA_HISAT2_genome_aligned_sortedbycoord_RG-splitreads.bam
    jobid: 122
    wildcards: subject=244-1-chu-02-B7-6-9-21_238_339_S23_L003

Submitted job 122 with external jobid 'Submitted batch job 15187198'.

[Mon Apr 25 11:22:18 2022]
rule SplitNCigarReads:
    input: /scratch/eknodel/SCC_samples/cell_lines/RNAseq/sorted_bam/244-1-chu-02-B7-6-3-21_262_315_S21_L003_RNA_HISAT2_genome_aligned_sortedbycoord_RG.bam, /data/CEM/shared/public_data/references/ensemble_GRCm38.68/GRCm38_68.fa
    output: /scratch/eknodel/SCC_samples/cell_lines/RNAseq/sorted_bam/244-1-chu-02-B7-6-3-21_262_315_S21_L003_RNA_HISAT2_genome_aligned_sortedbycoord_RG-splitreads.bam
    jobid: 111
    wildcards: subject=244-1-chu-02-B7-6-3-21_262_315_S21_L003

Submitted job 111 with external jobid 'Submitted batch job 15187199'.

[Mon Apr 25 11:22:19 2022]
rule SplitNCigarReads:
    input: /scratch/eknodel/SCC_samples/cell_lines/RNAseq/sorted_bam/185-15c-09-G9-6-15-21_240_337_S7_L003_RNA_HISAT2_genome_aligned_sortedbycoord_RG.bam, /data/CEM/shared/public_data/references/ensemble_GRCm38.68/GRCm38_68.fa
    output: /scratch/eknodel/SCC_samples/cell_lines/RNAseq/sorted_bam/185-15c-09-G9-6-15-21_240_337_S7_L003_RNA_HISAT2_genome_aligned_sortedbycoord_RG-splitreads.bam
    jobid: 136
    wildcards: subject=185-15c-09-G9-6-15-21_240_337_S7_L003

Submitted job 136 with external jobid 'Submitted batch job 15187200'.

[Mon Apr 25 11:22:21 2022]
rule SplitNCigarReads:
    input: /scratch/eknodel/SCC_samples/cell_lines/RNAseq/sorted_bam/244-chu-06-F5-7-2-21-2_261_316_S29_L003_RNA_HISAT2_genome_aligned_sortedbycoord_RG.bam, /data/CEM/shared/public_data/references/ensemble_GRCm38.68/GRCm38_68.fa
    output: /scratch/eknodel/SCC_samples/cell_lines/RNAseq/sorted_bam/244-chu-06-F5-7-2-21-2_261_316_S29_L003_RNA_HISAT2_genome_aligned_sortedbycoord_RG-splitreads.bam
    jobid: 141
    wildcards: subject=244-chu-06-F5-7-2-21-2_261_316_S29_L003

Submitted job 141 with external jobid 'Submitted batch job 15187201'.

[Mon Apr 25 11:22:25 2022]
rule SplitNCigarReads:
    input: /scratch/eknodel/SCC_samples/cell_lines/RNAseq/sorted_bam/188-2-5c-05-F11-6-15-21_286_291_S19_L003_RNA_HISAT2_genome_aligned_sortedbycoord_RG.bam, /data/CEM/shared/public_data/references/ensemble_GRCm38.68/GRCm38_68.fa
    output: /scratch/eknodel/SCC_samples/cell_lines/RNAseq/sorted_bam/188-2-5c-05-F11-6-15-21_286_291_S19_L003_RNA_HISAT2_genome_aligned_sortedbycoord_RG-splitreads.bam
    jobid: 112
    wildcards: subject=188-2-5c-05-F11-6-15-21_286_291_S19_L003

Submitted job 112 with external jobid 'Submitted batch job 15187202'.

[Mon Apr 25 11:22:26 2022]
rule SplitNCigarReads:
    input: /scratch/eknodel/SCC_samples/cell_lines/RNAseq/sorted_bam/244-1-chu-02-B7-6-6-21_250_327_S22_L003_RNA_HISAT2_genome_aligned_sortedbycoord_RG.bam, /data/CEM/shared/public_data/references/ensemble_GRCm38.68/GRCm38_68.fa
    output: /scratch/eknodel/SCC_samples/cell_lines/RNAseq/sorted_bam/244-1-chu-02-B7-6-6-21_250_327_S22_L003_RNA_HISAT2_genome_aligned_sortedbycoord_RG-splitreads.bam
    jobid: 130
    wildcards: subject=244-1-chu-02-B7-6-6-21_250_327_S22_L003

Submitted job 130 with external jobid 'Submitted batch job 15187203'.

[Mon Apr 25 11:22:28 2022]
rule SplitNCigarReads:
    input: /scratch/eknodel/SCC_samples/cell_lines/RNAseq/sorted_bam/244-1-chu-02-B7-6-11-21_226_351_S24_L003_RNA_HISAT2_genome_aligned_sortedbycoord_RG.bam, /data/CEM/shared/public_data/references/ensemble_GRCm38.68/GRCm38_68.fa
    output: /scratch/eknodel/SCC_samples/cell_lines/RNAseq/sorted_bam/244-1-chu-02-B7-6-11-21_226_351_S24_L003_RNA_HISAT2_genome_aligned_sortedbycoord_RG-splitreads.bam
    jobid: 131
    wildcards: subject=244-1-chu-02-B7-6-11-21_226_351_S24_L003

Submitted job 131 with external jobid 'Submitted batch job 15187204'.

[Mon Apr 25 11:22:28 2022]
rule SplitNCigarReads:
    input: /scratch/eknodel/SCC_samples/cell_lines/RNAseq/sorted_bam/244-chu-06-F5-7-2-21-1_273_304_S28_L003_RNA_HISAT2_genome_aligned_sortedbycoord_RG.bam, /data/CEM/shared/public_data/references/ensemble_GRCm38.68/GRCm38_68.fa
    output: /scratch/eknodel/SCC_samples/cell_lines/RNAseq/sorted_bam/244-chu-06-F5-7-2-21-1_273_304_S28_L003_RNA_HISAT2_genome_aligned_sortedbycoord_RG-splitreads.bam
    jobid: 118
    wildcards: subject=244-chu-06-F5-7-2-21-1_273_304_S28_L003

Submitted job 118 with external jobid 'Submitted batch job 15187205'.

[Mon Apr 25 11:22:28 2022]
rule SplitNCigarReads:
    input: /scratch/eknodel/SCC_samples/cell_lines/RNAseq/sorted_bam/185-1-5c-01-F11-6-26-21-4_275_302_S12_L003_RNA_HISAT2_genome_aligned_sortedbycoord_RG.bam, /data/CEM/shared/public_data/references/ensemble_GRCm38.68/GRCm38_68.fa
    output: /scratch/eknodel/SCC_samples/cell_lines/RNAseq/sorted_bam/185-1-5c-01-F11-6-26-21-4_275_302_S12_L003_RNA_HISAT2_genome_aligned_sortedbycoord_RG-splitreads.bam
    jobid: 113
    wildcards: subject=185-1-5c-01-F11-6-26-21-4_275_302_S12_L003

Submitted job 113 with external jobid 'Submitted batch job 15187206'.

[Mon Apr 25 11:22:28 2022]
rule SplitNCigarReads:
    input: /scratch/eknodel/SCC_samples/cell_lines/RNAseq/sorted_bam/188-2-5c-05-F11-6-3-21_239_338_S15_L003_RNA_HISAT2_genome_aligned_sortedbycoord_RG.bam, /data/CEM/shared/public_data/references/ensemble_GRCm38.68/GRCm38_68.fa
    output: /scratch/eknodel/SCC_samples/cell_lines/RNAseq/sorted_bam/188-2-5c-05-F11-6-3-21_239_338_S15_L003_RNA_HISAT2_genome_aligned_sortedbycoord_RG-splitreads.bam
    jobid: 126
    wildcards: subject=188-2-5c-05-F11-6-3-21_239_338_S15_L003

Submitted job 126 with external jobid 'Submitted batch job 15187207'.

[Mon Apr 25 11:22:29 2022]
rule SplitNCigarReads:
    input: /scratch/eknodel/SCC_samples/cell_lines/RNAseq/sorted_bam/188-2-5c-05-F11-6-22-21_274_303_S20_L003_RNA_HISAT2_genome_aligned_sortedbycoord_RG.bam, /data/CEM/shared/public_data/references/ensemble_GRCm38.68/GRCm38_68.fa
    output: /scratch/eknodel/SCC_samples/cell_lines/RNAseq/sorted_bam/188-2-5c-05-F11-6-22-21_274_303_S20_L003_RNA_HISAT2_genome_aligned_sortedbycoord_RG-splitreads.bam
    jobid: 135
    wildcards: subject=188-2-5c-05-F11-6-22-21_274_303_S20_L003

Submitted job 135 with external jobid 'Submitted batch job 15187208'.

[Mon Apr 25 11:22:31 2022]
rule SplitNCigarReads:
    input: /scratch/eknodel/SCC_samples/cell_lines/RNAseq/sorted_bam/244-1-chu-06-D12-6-26-21_201_376_S34_L003_RNA_HISAT2_genome_aligned_sortedbycoord_RG.bam, /data/CEM/shared/public_data/references/ensemble_GRCm38.68/GRCm38_68.fa
    output: /scratch/eknodel/SCC_samples/cell_lines/RNAseq/sorted_bam/244-1-chu-06-D12-6-26-21_201_376_S34_L003_RNA_HISAT2_genome_aligned_sortedbycoord_RG-splitreads.bam
    jobid: 124
    wildcards: subject=244-1-chu-06-D12-6-26-21_201_376_S34_L003

Submitted job 124 with external jobid 'Submitted batch job 15187209'.

[Mon Apr 25 11:22:31 2022]
rule SplitNCigarReads:
    input: /scratch/eknodel/SCC_samples/cell_lines/RNAseq/sorted_bam/244-1-chu-06-D12-7-12-21-1_260_317_S37_L003_RNA_HISAT2_genome_aligned_sortedbycoord_RG.bam, /data/CEM/shared/public_data/references/ensemble_GRCm38.68/GRCm38_68.fa
    output: /scratch/eknodel/SCC_samples/cell_lines/RNAseq/sorted_bam/244-1-chu-06-D12-7-12-21-1_260_317_S37_L003_RNA_HISAT2_genome_aligned_sortedbycoord_RG-splitreads.bam
    jobid: 128
    wildcards: subject=244-1-chu-06-D12-7-12-21-1_260_317_S37_L003

Submitted job 128 with external jobid 'Submitted batch job 15187210'.

[Mon Apr 25 11:22:31 2022]
rule SplitNCigarReads:
    input: /scratch/eknodel/SCC_samples/cell_lines/RNAseq/sorted_bam/185-1-5c-01-F11-6-26-21-3_287_290_S11_L003_RNA_HISAT2_genome_aligned_sortedbycoord_RG.bam, /data/CEM/shared/public_data/references/ensemble_GRCm38.68/GRCm38_68.fa
    output: /scratch/eknodel/SCC_samples/cell_lines/RNAseq/sorted_bam/185-1-5c-01-F11-6-26-21-3_287_290_S11_L003_RNA_HISAT2_genome_aligned_sortedbycoord_RG-splitreads.bam
    jobid: 119
    wildcards: subject=185-1-5c-01-F11-6-26-21-3_287_290_S11_L003

Submitted job 119 with external jobid 'Submitted batch job 15187211'.

[Mon Apr 25 11:22:33 2022]
rule SplitNCigarReads:
    input: /scratch/eknodel/SCC_samples/cell_lines/RNAseq/sorted_bam/185-1-5c-01-F11-6-26-21-1_216_361_S9_L003_RNA_HISAT2_genome_aligned_sortedbycoord_RG.bam, /data/CEM/shared/public_data/references/ensemble_GRCm38.68/GRCm38_68.fa
    output: /scratch/eknodel/SCC_samples/cell_lines/RNAseq/sorted_bam/185-1-5c-01-F11-6-26-21-1_216_361_S9_L003_RNA_HISAT2_genome_aligned_sortedbycoord_RG-splitreads.bam
    jobid: 123
    wildcards: subject=185-1-5c-01-F11-6-26-21-1_216_361_S9_L003

Submitted job 123 with external jobid 'Submitted batch job 15187212'.

[Mon Apr 25 11:22:33 2022]
rule SplitNCigarReads:
    input: /scratch/eknodel/SCC_samples/cell_lines/RNAseq/sorted_bam/185-15c-09-G9-6-6-21_276_301_S4_L003_RNA_HISAT2_genome_aligned_sortedbycoord_RG.bam, /data/CEM/shared/public_data/references/ensemble_GRCm38.68/GRCm38_68.fa
    output: /scratch/eknodel/SCC_samples/cell_lines/RNAseq/sorted_bam/185-15c-09-G9-6-6-21_276_301_S4_L003_RNA_HISAT2_genome_aligned_sortedbycoord_RG-splitreads.bam
    jobid: 137
    wildcards: subject=185-15c-09-G9-6-6-21_276_301_S4_L003

Submitted job 137 with external jobid 'Submitted batch job 15187213'.

[Mon Apr 25 11:22:33 2022]
rule SplitNCigarReads:
    input: /scratch/eknodel/SCC_samples/cell_lines/RNAseq/sorted_bam/244-1-chu-06-D12-7-9-21-2_272_305_S36_L003_RNA_HISAT2_genome_aligned_sortedbycoord_RG.bam, /data/CEM/shared/public_data/references/ensemble_GRCm38.68/GRCm38_68.fa
    output: /scratch/eknodel/SCC_samples/cell_lines/RNAseq/sorted_bam/244-1-chu-06-D12-7-9-21-2_272_305_S36_L003_RNA_HISAT2_genome_aligned_sortedbycoord_RG-splitreads.bam
    jobid: 142
    wildcards: subject=244-1-chu-06-D12-7-9-21-2_272_305_S36_L003

Submitted job 142 with external jobid 'Submitted batch job 15187214'.

[Mon Apr 25 11:22:33 2022]
rule SplitNCigarReads:
    input: /scratch/eknodel/SCC_samples/cell_lines/RNAseq/sorted_bam/188-2-5c-05-F11-6-9-21_215_362_S17_L003_RNA_HISAT2_genome_aligned_sortedbycoord_RG.bam, /data/CEM/shared/public_data/references/ensemble_GRCm38.68/GRCm38_68.fa
    output: /scratch/eknodel/SCC_samples/cell_lines/RNAseq/sorted_bam/188-2-5c-05-F11-6-9-21_215_362_S17_L003_RNA_HISAT2_genome_aligned_sortedbycoord_RG-splitreads.bam
    jobid: 121
    wildcards: subject=188-2-5c-05-F11-6-9-21_215_362_S17_L003

Submitted job 121 with external jobid 'Submitted batch job 15187215'.

[Mon Apr 25 11:22:33 2022]
rule SplitNCigarReads:
    input: /scratch/eknodel/SCC_samples/cell_lines/RNAseq/sorted_bam/188-2-5c-05-F11-6-6-21_227_350_S16_L003_RNA_HISAT2_genome_aligned_sortedbycoord_RG.bam, /data/CEM/shared/public_data/references/ensemble_GRCm38.68/GRCm38_68.fa
    output: /scratch/eknodel/SCC_samples/cell_lines/RNAseq/sorted_bam/188-2-5c-05-F11-6-6-21_227_350_S16_L003_RNA_HISAT2_genome_aligned_sortedbycoord_RG-splitreads.bam
    jobid: 138
    wildcards: subject=188-2-5c-05-F11-6-6-21_227_350_S16_L003

Submitted job 138 with external jobid 'Submitted batch job 15187216'.

[Mon Apr 25 11:22:35 2022]
rule SplitNCigarReads:
    input: /scratch/eknodel/SCC_samples/cell_lines/RNAseq/sorted_bam/185-15c-09-G9-6-9-21_264_313_S5_L003_RNA_HISAT2_genome_aligned_sortedbycoord_RG.bam, /data/CEM/shared/public_data/references/ensemble_GRCm38.68/GRCm38_68.fa
    output: /scratch/eknodel/SCC_samples/cell_lines/RNAseq/sorted_bam/185-15c-09-G9-6-9-21_264_313_S5_L003_RNA_HISAT2_genome_aligned_sortedbycoord_RG-splitreads.bam
    jobid: 120
    wildcards: subject=185-15c-09-G9-6-9-21_264_313_S5_L003

Submitted job 120 with external jobid 'Submitted batch job 15187217'.

[Mon Apr 25 11:22:35 2022]
rule SplitNCigarReads:
    input: /scratch/eknodel/SCC_samples/cell_lines/RNAseq/sorted_bam/244-chu-06-F5-6-26-21_285_292_S27_L003_RNA_HISAT2_genome_aligned_sortedbycoord_RG.bam, /data/CEM/shared/public_data/references/ensemble_GRCm38.68/GRCm38_68.fa
    output: /scratch/eknodel/SCC_samples/cell_lines/RNAseq/sorted_bam/244-chu-06-F5-6-26-21_285_292_S27_L003_RNA_HISAT2_genome_aligned_sortedbycoord_RG-splitreads.bam
    jobid: 110
    wildcards: subject=244-chu-06-F5-6-26-21_285_292_S27_L003

Submitted job 110 with external jobid 'Submitted batch job 15187218'.

[Mon Apr 25 11:22:35 2022]
rule SplitNCigarReads:
    input: /scratch/eknodel/SCC_samples/cell_lines/RNAseq/sorted_bam/244-chu-06-F5-7-2-21-3_249_328_S30_L003_RNA_HISAT2_genome_aligned_sortedbycoord_RG.bam, /data/CEM/shared/public_data/references/ensemble_GRCm38.68/GRCm38_68.fa
    output: /scratch/eknodel/SCC_samples/cell_lines/RNAseq/sorted_bam/244-chu-06-F5-7-2-21-3_249_328_S30_L003_RNA_HISAT2_genome_aligned_sortedbycoord_RG-splitreads.bam
    jobid: 139
    wildcards: subject=244-chu-06-F5-7-2-21-3_249_328_S30_L003

Submitted job 139 with external jobid 'Submitted batch job 15187219'.

[Mon Apr 25 11:22:35 2022]
rule SplitNCigarReads:
    input: /scratch/eknodel/SCC_samples/cell_lines/RNAseq/sorted_bam/188-2-5c-05-F11-6-11-21_203_374_S18_L003_RNA_HISAT2_genome_aligned_sortedbycoord_RG.bam, /data/CEM/shared/public_data/references/ensemble_GRCm38.68/GRCm38_68.fa
    output: /scratch/eknodel/SCC_samples/cell_lines/RNAseq/sorted_bam/188-2-5c-05-F11-6-11-21_203_374_S18_L003_RNA_HISAT2_genome_aligned_sortedbycoord_RG-splitreads.bam
    jobid: 134
    wildcards: subject=188-2-5c-05-F11-6-11-21_203_374_S18_L003

Submitted job 134 with external jobid 'Submitted batch job 15187220'.
