Building DAG of jobs...
Using shell: /usr/bin/bash
Provided cluster nodes: 190
Job counts:
	count	jobs
	36	SplitNCigarReads
	35	add_readgroup
	1	all
	36	filter
	36	select_pass_variants
	36	tumor_only
	180

[Mon Apr 25 10:46:08 2022]
rule add_readgroup:
    input: /scratch/eknodel/SCC_samples/cell_lines/RNAseq/sorted_bam/185-1-5c-01-F11-6-26-21-5_263_314_S13_L003_RNA_HISAT2_genome_aligned_sortedbycoord.bam
    output: /scratch/eknodel/SCC_samples/cell_lines/RNAseq/sorted_bam/185-1-5c-01-F11-6-26-21-5_263_314_S13_L003_RNA_HISAT2_genome_aligned_sortedbycoord_RG.bam
    jobid: 150
    wildcards: subject=185-1-5c-01-F11-6-26-21-5_263_314_S13_L003

Submitted job 150 with external jobid 'Submitted batch job 15185889'.

[Mon Apr 25 10:46:08 2022]
rule add_readgroup:
    input: /scratch/eknodel/SCC_samples/cell_lines/RNAseq/sorted_bam/185-15c-09-G9-6-11-21_252_325_S6_L003_RNA_HISAT2_genome_aligned_sortedbycoord.bam
    output: /scratch/eknodel/SCC_samples/cell_lines/RNAseq/sorted_bam/185-15c-09-G9-6-11-21_252_325_S6_L003_RNA_HISAT2_genome_aligned_sortedbycoord_RG.bam
    jobid: 175
    wildcards: subject=185-15c-09-G9-6-11-21_252_325_S6_L003

Submitted job 175 with external jobid 'Submitted batch job 15185890'.

[Mon Apr 25 10:46:08 2022]
rule add_readgroup:
    input: /scratch/eknodel/SCC_samples/cell_lines/RNAseq/sorted_bam/244-1-chu-06-D12-7-12-21-2_248_329_S38_L003_RNA_HISAT2_genome_aligned_sortedbycoord.bam
    output: /scratch/eknodel/SCC_samples/cell_lines/RNAseq/sorted_bam/244-1-chu-06-D12-7-12-21-2_248_329_S38_L003_RNA_HISAT2_genome_aligned_sortedbycoord_RG.bam
    jobid: 149
    wildcards: subject=244-1-chu-06-D12-7-12-21-2_248_329_S38_L003

Submitted job 149 with external jobid 'Submitted batch job 15185891'.

[Mon Apr 25 10:46:08 2022]
rule add_readgroup:
    input: /scratch/eknodel/SCC_samples/cell_lines/RNAseq/sorted_bam/188-2-5c-05-F11-6-11-21_203_374_S18_L003_RNA_HISAT2_genome_aligned_sortedbycoord.bam
    output: /scratch/eknodel/SCC_samples/cell_lines/RNAseq/sorted_bam/188-2-5c-05-F11-6-11-21_203_374_S18_L003_RNA_HISAT2_genome_aligned_sortedbycoord_RG.bam
    jobid: 165
    wildcards: subject=188-2-5c-05-F11-6-11-21_203_374_S18_L003

Submitted job 165 with external jobid 'Submitted batch job 15185892'.

[Mon Apr 25 10:46:08 2022]
rule add_readgroup:
    input: /scratch/eknodel/SCC_samples/cell_lines/RNAseq/sorted_bam/188-2-5c-05-F11-6-22-21_274_303_S20_L003_RNA_HISAT2_genome_aligned_sortedbycoord.bam
    output: /scratch/eknodel/SCC_samples/cell_lines/RNAseq/sorted_bam/188-2-5c-05-F11-6-22-21_274_303_S20_L003_RNA_HISAT2_genome_aligned_sortedbycoord_RG.bam
    jobid: 151
    wildcards: subject=188-2-5c-05-F11-6-22-21_274_303_S20_L003

Submitted job 151 with external jobid 'Submitted batch job 15185893'.

[Mon Apr 25 10:46:08 2022]
rule add_readgroup:
    input: /scratch/eknodel/SCC_samples/cell_lines/RNAseq/sorted_bam/244-1-chu-02-B7-6-9-21_238_339_S23_L003_RNA_HISAT2_genome_aligned_sortedbycoord.bam
    output: /scratch/eknodel/SCC_samples/cell_lines/RNAseq/sorted_bam/244-1-chu-02-B7-6-9-21_238_339_S23_L003_RNA_HISAT2_genome_aligned_sortedbycoord_RG.bam
    jobid: 146
    wildcards: subject=244-1-chu-02-B7-6-9-21_238_339_S23_L003

Submitted job 146 with external jobid 'Submitted batch job 15185894'.

[Mon Apr 25 10:46:09 2022]
rule add_readgroup:
    input: /scratch/eknodel/SCC_samples/cell_lines/RNAseq/sorted_bam/244-1-chu-02-B7-6-6-21_250_327_S22_L003_RNA_HISAT2_genome_aligned_sortedbycoord.bam
    output: /scratch/eknodel/SCC_samples/cell_lines/RNAseq/sorted_bam/244-1-chu-02-B7-6-6-21_250_327_S22_L003_RNA_HISAT2_genome_aligned_sortedbycoord_RG.bam
    jobid: 174
    wildcards: subject=244-1-chu-02-B7-6-6-21_250_327_S22_L003

Submitted job 174 with external jobid 'Submitted batch job 15185895'.

[Mon Apr 25 10:46:09 2022]
rule add_readgroup:
    input: /scratch/eknodel/SCC_samples/cell_lines/RNAseq/sorted_bam/185-1-5c-01-F11-6-26-21-4_275_302_S12_L003_RNA_HISAT2_genome_aligned_sortedbycoord.bam
    output: /scratch/eknodel/SCC_samples/cell_lines/RNAseq/sorted_bam/185-1-5c-01-F11-6-26-21-4_275_302_S12_L003_RNA_HISAT2_genome_aligned_sortedbycoord_RG.bam
    jobid: 178
    wildcards: subject=185-1-5c-01-F11-6-26-21-4_275_302_S12_L003

Submitted job 178 with external jobid 'Submitted batch job 15185896'.

[Mon Apr 25 10:46:09 2022]
rule add_readgroup:
    input: /scratch/eknodel/SCC_samples/cell_lines/RNAseq/sorted_bam/188-2-5c-05-F11-6-3-21_239_338_S15_L003_RNA_HISAT2_genome_aligned_sortedbycoord.bam
    output: /scratch/eknodel/SCC_samples/cell_lines/RNAseq/sorted_bam/188-2-5c-05-F11-6-3-21_239_338_S15_L003_RNA_HISAT2_genome_aligned_sortedbycoord_RG.bam
    jobid: 156
    wildcards: subject=188-2-5c-05-F11-6-3-21_239_338_S15_L003

Submitted job 156 with external jobid 'Submitted batch job 15185897'.

[Mon Apr 25 10:46:09 2022]
rule add_readgroup:
    input: /scratch/eknodel/SCC_samples/cell_lines/RNAseq/sorted_bam/185-15c-09-G9-6-6-21_276_301_S4_L003_RNA_HISAT2_genome_aligned_sortedbycoord.bam
    output: /scratch/eknodel/SCC_samples/cell_lines/RNAseq/sorted_bam/185-15c-09-G9-6-6-21_276_301_S4_L003_RNA_HISAT2_genome_aligned_sortedbycoord_RG.bam
    jobid: 173
    wildcards: subject=185-15c-09-G9-6-6-21_276_301_S4_L003

Submitted job 173 with external jobid 'Submitted batch job 15185898'.

[Mon Apr 25 10:46:09 2022]
rule add_readgroup:
    input: /scratch/eknodel/SCC_samples/cell_lines/RNAseq/sorted_bam/185-15c-09-G9-6-22-21_228_349_S8_L003_RNA_HISAT2_genome_aligned_sortedbycoord.bam
    output: /scratch/eknodel/SCC_samples/cell_lines/RNAseq/sorted_bam/185-15c-09-G9-6-22-21_228_349_S8_L003_RNA_HISAT2_genome_aligned_sortedbycoord_RG.bam
    jobid: 145
    wildcards: subject=185-15c-09-G9-6-22-21_228_349_S8_L003

Submitted job 145 with external jobid 'Submitted batch job 15185899'.

[Mon Apr 25 10:46:09 2022]
rule add_readgroup:
    input: /scratch/eknodel/SCC_samples/cell_lines/RNAseq/sorted_bam/244-1-chu-02-B7-6-3-21_262_315_S21_L003_RNA_HISAT2_genome_aligned_sortedbycoord.bam
    output: /scratch/eknodel/SCC_samples/cell_lines/RNAseq/sorted_bam/244-1-chu-02-B7-6-3-21_262_315_S21_L003_RNA_HISAT2_genome_aligned_sortedbycoord_RG.bam
    jobid: 155
    wildcards: subject=244-1-chu-02-B7-6-3-21_262_315_S21_L003

Submitted job 155 with external jobid 'Submitted batch job 15185900'.

[Mon Apr 25 10:46:09 2022]
rule add_readgroup:
    input: /scratch/eknodel/SCC_samples/cell_lines/RNAseq/sorted_bam/244-chu-06-F5-7-2-21-3_249_328_S30_L003_RNA_HISAT2_genome_aligned_sortedbycoord.bam
    output: /scratch/eknodel/SCC_samples/cell_lines/RNAseq/sorted_bam/244-chu-06-F5-7-2-21-3_249_328_S30_L003_RNA_HISAT2_genome_aligned_sortedbycoord_RG.bam
    jobid: 154
    wildcards: subject=244-chu-06-F5-7-2-21-3_249_328_S30_L003

Submitted job 154 with external jobid 'Submitted batch job 15185901'.

[Mon Apr 25 10:46:09 2022]
rule add_readgroup:
    input: /scratch/eknodel/SCC_samples/cell_lines/RNAseq/sorted_bam/185-15c-09-G9-6-15-21_240_337_S7_L003_RNA_HISAT2_genome_aligned_sortedbycoord.bam
    output: /scratch/eknodel/SCC_samples/cell_lines/RNAseq/sorted_bam/185-15c-09-G9-6-15-21_240_337_S7_L003_RNA_HISAT2_genome_aligned_sortedbycoord_RG.bam
    jobid: 166
    wildcards: subject=185-15c-09-G9-6-15-21_240_337_S7_L003

Submitted job 166 with external jobid 'Submitted batch job 15185902'.

[Mon Apr 25 10:46:09 2022]
rule add_readgroup:
    input: /scratch/eknodel/SCC_samples/cell_lines/RNAseq/sorted_bam/244-1-chu-06-D12-7-12-21-1_260_317_S37_L003_RNA_HISAT2_genome_aligned_sortedbycoord.bam
    output: /scratch/eknodel/SCC_samples/cell_lines/RNAseq/sorted_bam/244-1-chu-06-D12-7-12-21-1_260_317_S37_L003_RNA_HISAT2_genome_aligned_sortedbycoord_RG.bam
    jobid: 176
    wildcards: subject=244-1-chu-06-D12-7-12-21-1_260_317_S37_L003

Submitted job 176 with external jobid 'Submitted batch job 15185903'.

[Mon Apr 25 10:46:10 2022]
rule add_readgroup:
    input: /scratch/eknodel/SCC_samples/cell_lines/RNAseq/sorted_bam/244-1-chu-06-D12-7-9-21-2_272_305_S36_L003_RNA_HISAT2_genome_aligned_sortedbycoord.bam
    output: /scratch/eknodel/SCC_samples/cell_lines/RNAseq/sorted_bam/244-1-chu-06-D12-7-9-21-2_272_305_S36_L003_RNA_HISAT2_genome_aligned_sortedbycoord_RG.bam
    jobid: 170
    wildcards: subject=244-1-chu-06-D12-7-9-21-2_272_305_S36_L003

Submitted job 170 with external jobid 'Submitted batch job 15185904'.

[Mon Apr 25 10:46:10 2022]
rule add_readgroup:
    input: /scratch/eknodel/SCC_samples/cell_lines/RNAseq/sorted_bam/244-chu-06-F5-7-9-21-1_237_340_S31_L003_RNA_HISAT2_genome_aligned_sortedbycoord.bam
    output: /scratch/eknodel/SCC_samples/cell_lines/RNAseq/sorted_bam/244-chu-06-F5-7-9-21-1_237_340_S31_L003_RNA_HISAT2_genome_aligned_sortedbycoord_RG.bam
    jobid: 167
    wildcards: subject=244-chu-06-F5-7-9-21-1_237_340_S31_L003

Submitted job 167 with external jobid 'Submitted batch job 15185905'.

[Mon Apr 25 10:46:10 2022]
rule add_readgroup:
    input: /scratch/eknodel/SCC_samples/cell_lines/RNAseq/sorted_bam/244-1-chu-02-B7-6-22-21_202_375_S26_L003_RNA_HISAT2_genome_aligned_sortedbycoord.bam
    output: /scratch/eknodel/SCC_samples/cell_lines/RNAseq/sorted_bam/244-1-chu-02-B7-6-22-21_202_375_S26_L003_RNA_HISAT2_genome_aligned_sortedbycoord_RG.bam
    jobid: 160
    wildcards: subject=244-1-chu-02-B7-6-22-21_202_375_S26_L003

Submitted job 160 with external jobid 'Submitted batch job 15185906'.

[Mon Apr 25 10:46:10 2022]
rule add_readgroup:
    input: /scratch/eknodel/SCC_samples/cell_lines/RNAseq/sorted_bam/244-1-chu-02-B7-6-15-21_214_363_S25_L003_RNA_HISAT2_genome_aligned_sortedbycoord.bam
    output: /scratch/eknodel/SCC_samples/cell_lines/RNAseq/sorted_bam/244-1-chu-02-B7-6-15-21_214_363_S25_L003_RNA_HISAT2_genome_aligned_sortedbycoord_RG.bam
    jobid: 162
    wildcards: subject=244-1-chu-02-B7-6-15-21_214_363_S25_L003

Submitted job 162 with external jobid 'Submitted batch job 15185907'.

[Mon Apr 25 10:46:10 2022]
rule add_readgroup:
    input: /scratch/eknodel/SCC_samples/cell_lines/RNAseq/sorted_bam/185-1-5c-01-F11-6-26-21-2_204_373_S10_L003_RNA_HISAT2_genome_aligned_sortedbycoord.bam
    output: /scratch/eknodel/SCC_samples/cell_lines/RNAseq/sorted_bam/185-1-5c-01-F11-6-26-21-2_204_373_S10_L003_RNA_HISAT2_genome_aligned_sortedbycoord_RG.bam
    jobid: 179
    wildcards: subject=185-1-5c-01-F11-6-26-21-2_204_373_S10_L003

Submitted job 179 with external jobid 'Submitted batch job 15185908'.

[Mon Apr 25 10:46:10 2022]
rule add_readgroup:
    input: /scratch/eknodel/SCC_samples/cell_lines/RNAseq/sorted_bam/244-chu-06-F5-7-2-21-2_261_316_S29_L003_RNA_HISAT2_genome_aligned_sortedbycoord.bam
    output: /scratch/eknodel/SCC_samples/cell_lines/RNAseq/sorted_bam/244-chu-06-F5-7-2-21-2_261_316_S29_L003_RNA_HISAT2_genome_aligned_sortedbycoord_RG.bam
    jobid: 157
    wildcards: subject=244-chu-06-F5-7-2-21-2_261_316_S29_L003

Submitted job 157 with external jobid 'Submitted batch job 15185909'.

[Mon Apr 25 10:46:10 2022]
rule add_readgroup:
    input: /scratch/eknodel/SCC_samples/cell_lines/RNAseq/sorted_bam/244-chu-06-F5-7-9-21-2_225_352_S32_L003_RNA_HISAT2_genome_aligned_sortedbycoord.bam
    output: /scratch/eknodel/SCC_samples/cell_lines/RNAseq/sorted_bam/244-chu-06-F5-7-9-21-2_225_352_S32_L003_RNA_HISAT2_genome_aligned_sortedbycoord_RG.bam
    jobid: 147
    wildcards: subject=244-chu-06-F5-7-9-21-2_225_352_S32_L003

Submitted job 147 with external jobid 'Submitted batch job 15185910'.

[Mon Apr 25 10:46:10 2022]
rule add_readgroup:
    input: /scratch/eknodel/SCC_samples/cell_lines/RNAseq/sorted_bam/185-1-5c-01-F11-6-26-21-6_251_326_S14_L003_RNA_HISAT2_genome_aligned_sortedbycoord.bam
    output: /scratch/eknodel/SCC_samples/cell_lines/RNAseq/sorted_bam/185-1-5c-01-F11-6-26-21-6_251_326_S14_L003_RNA_HISAT2_genome_aligned_sortedbycoord_RG.bam
    jobid: 164
    wildcards: subject=185-1-5c-01-F11-6-26-21-6_251_326_S14_L003

Submitted job 164 with external jobid 'Submitted batch job 15185911'.

[Mon Apr 25 10:46:11 2022]
rule add_readgroup:
    input: /scratch/eknodel/SCC_samples/cell_lines/RNAseq/sorted_bam/244-1-chu-06-D12-6-22-21_213_364_S33_L003_RNA_HISAT2_genome_aligned_sortedbycoord.bam
    output: /scratch/eknodel/SCC_samples/cell_lines/RNAseq/sorted_bam/244-1-chu-06-D12-6-22-21_213_364_S33_L003_RNA_HISAT2_genome_aligned_sortedbycoord_RG.bam
    jobid: 168
    wildcards: subject=244-1-chu-06-D12-6-22-21_213_364_S33_L003

Submitted job 168 with external jobid 'Submitted batch job 15185912'.

[Mon Apr 25 10:46:11 2022]
rule add_readgroup:
    input: /scratch/eknodel/SCC_samples/cell_lines/RNAseq/sorted_bam/185-1-5c-01-F11-6-26-21-1_216_361_S9_L003_RNA_HISAT2_genome_aligned_sortedbycoord.bam
    output: /scratch/eknodel/SCC_samples/cell_lines/RNAseq/sorted_bam/185-1-5c-01-F11-6-26-21-1_216_361_S9_L003_RNA_HISAT2_genome_aligned_sortedbycoord_RG.bam
    jobid: 159
    wildcards: subject=185-1-5c-01-F11-6-26-21-1_216_361_S9_L003

Submitted job 159 with external jobid 'Submitted batch job 15185913'.

[Mon Apr 25 10:46:11 2022]
rule add_readgroup:
    input: /scratch/eknodel/SCC_samples/cell_lines/RNAseq/sorted_bam/188-2-5c-05-F11-6-9-21_215_362_S17_L003_RNA_HISAT2_genome_aligned_sortedbycoord.bam
    output: /scratch/eknodel/SCC_samples/cell_lines/RNAseq/sorted_bam/188-2-5c-05-F11-6-9-21_215_362_S17_L003_RNA_HISAT2_genome_aligned_sortedbycoord_RG.bam
    jobid: 148
    wildcards: subject=188-2-5c-05-F11-6-9-21_215_362_S17_L003

Submitted job 148 with external jobid 'Submitted batch job 15185914'.

[Mon Apr 25 10:46:11 2022]
rule add_readgroup:
    input: /scratch/eknodel/SCC_samples/cell_lines/RNAseq/sorted_bam/244-chu-06-F5-7-2-21-1_273_304_S28_L003_RNA_HISAT2_genome_aligned_sortedbycoord.bam
    output: /scratch/eknodel/SCC_samples/cell_lines/RNAseq/sorted_bam/244-chu-06-F5-7-2-21-1_273_304_S28_L003_RNA_HISAT2_genome_aligned_sortedbycoord_RG.bam
    jobid: 158
    wildcards: subject=244-chu-06-F5-7-2-21-1_273_304_S28_L003

Submitted job 158 with external jobid 'Submitted batch job 15185915'.

[Mon Apr 25 10:46:11 2022]
rule add_readgroup:
    input: /scratch/eknodel/SCC_samples/cell_lines/RNAseq/sorted_bam/185-1-5c-01-F11-6-26-21-3_287_290_S11_L003_RNA_HISAT2_genome_aligned_sortedbycoord.bam
    output: /scratch/eknodel/SCC_samples/cell_lines/RNAseq/sorted_bam/185-1-5c-01-F11-6-26-21-3_287_290_S11_L003_RNA_HISAT2_genome_aligned_sortedbycoord_RG.bam
    jobid: 180
    wildcards: subject=185-1-5c-01-F11-6-26-21-3_287_290_S11_L003

Submitted job 180 with external jobid 'Submitted batch job 15185916'.

[Mon Apr 25 10:46:11 2022]
rule add_readgroup:
    input: /scratch/eknodel/SCC_samples/cell_lines/RNAseq/sorted_bam/244-1-chu-06-D12-7-9-21-1_284_293_S35_L003_RNA_HISAT2_genome_aligned_sortedbycoord.bam
    output: /scratch/eknodel/SCC_samples/cell_lines/RNAseq/sorted_bam/244-1-chu-06-D12-7-9-21-1_284_293_S35_L003_RNA_HISAT2_genome_aligned_sortedbycoord_RG.bam
    jobid: 177
    wildcards: subject=244-1-chu-06-D12-7-9-21-1_284_293_S35_L003

Submitted job 177 with external jobid 'Submitted batch job 15185917'.

[Mon Apr 25 10:46:11 2022]
rule add_readgroup:
    input: /scratch/eknodel/SCC_samples/cell_lines/RNAseq/sorted_bam/244-chu-06-F5-6-26-21_285_292_S27_L003_RNA_HISAT2_genome_aligned_sortedbycoord.bam
    output: /scratch/eknodel/SCC_samples/cell_lines/RNAseq/sorted_bam/244-chu-06-F5-6-26-21_285_292_S27_L003_RNA_HISAT2_genome_aligned_sortedbycoord_RG.bam
    jobid: 152
    wildcards: subject=244-chu-06-F5-6-26-21_285_292_S27_L003

Submitted job 152 with external jobid 'Submitted batch job 15185918'.

[Mon Apr 25 10:46:11 2022]
rule add_readgroup:
    input: /scratch/eknodel/SCC_samples/cell_lines/RNAseq/sorted_bam/188-2-5c-05-F11-6-15-21_286_291_S19_L003_RNA_HISAT2_genome_aligned_sortedbycoord.bam
    output: /scratch/eknodel/SCC_samples/cell_lines/RNAseq/sorted_bam/188-2-5c-05-F11-6-15-21_286_291_S19_L003_RNA_HISAT2_genome_aligned_sortedbycoord_RG.bam
    jobid: 163
    wildcards: subject=188-2-5c-05-F11-6-15-21_286_291_S19_L003

Submitted job 163 with external jobid 'Submitted batch job 15185919'.

[Mon Apr 25 10:46:11 2022]
rule add_readgroup:
    input: /scratch/eknodel/SCC_samples/cell_lines/RNAseq/sorted_bam/185-15c-09-G9-6-9-21_264_313_S5_L003_RNA_HISAT2_genome_aligned_sortedbycoord.bam
    output: /scratch/eknodel/SCC_samples/cell_lines/RNAseq/sorted_bam/185-15c-09-G9-6-9-21_264_313_S5_L003_RNA_HISAT2_genome_aligned_sortedbycoord_RG.bam
    jobid: 172
    wildcards: subject=185-15c-09-G9-6-9-21_264_313_S5_L003

Submitted job 172 with external jobid 'Submitted batch job 15185920'.

[Mon Apr 25 10:46:12 2022]
rule add_readgroup:
    input: /scratch/eknodel/SCC_samples/cell_lines/RNAseq/sorted_bam/188-2-5c-05-F11-6-6-21_227_350_S16_L003_RNA_HISAT2_genome_aligned_sortedbycoord.bam
    output: /scratch/eknodel/SCC_samples/cell_lines/RNAseq/sorted_bam/188-2-5c-05-F11-6-6-21_227_350_S16_L003_RNA_HISAT2_genome_aligned_sortedbycoord_RG.bam
    jobid: 169
    wildcards: subject=188-2-5c-05-F11-6-6-21_227_350_S16_L003

Submitted job 169 with external jobid 'Submitted batch job 15185921'.

[Mon Apr 25 10:46:12 2022]
rule SplitNCigarReads:
    input: /scratch/eknodel/SCC_samples/cell_lines/RNAseq/sorted_bam/244-1-chu-02-B7-6-11-21_226_351_S24_L003_RNA_HISAT2_genome_aligned_sortedbycoord_RG.bam, /data/CEM/shared/public_data/references/ensemble_GRCm38.68/GRCm38_68.fa
    output: /scratch/eknodel/SCC_samples/cell_lines/RNAseq/sorted_bam/244-1-chu-02-B7-6-11-21_226_351_S24_L003_RNA_HISAT2_genome_aligned_sortedbycoord_RG-splitreads.bam
    jobid: 135
    wildcards: subject=244-1-chu-02-B7-6-11-21_226_351_S24_L003

Submitted job 135 with external jobid 'Submitted batch job 15185922'.

[Mon Apr 25 10:46:12 2022]
rule add_readgroup:
    input: /scratch/eknodel/SCC_samples/cell_lines/RNAseq/sorted_bam/244-1-chu-06-D12-6-26-21_201_376_S34_L003_RNA_HISAT2_genome_aligned_sortedbycoord.bam
    output: /scratch/eknodel/SCC_samples/cell_lines/RNAseq/sorted_bam/244-1-chu-06-D12-6-26-21_201_376_S34_L003_RNA_HISAT2_genome_aligned_sortedbycoord_RG.bam
    jobid: 161
    wildcards: subject=244-1-chu-06-D12-6-26-21_201_376_S34_L003

Submitted job 161 with external jobid 'Submitted batch job 15185923'.

[Mon Apr 25 10:46:12 2022]
rule add_readgroup:
    input: /scratch/eknodel/SCC_samples/cell_lines/RNAseq/sorted_bam/185-15c-09-G9-6-3-21_288_289_S3_L003_RNA_HISAT2_genome_aligned_sortedbycoord.bam
    output: /scratch/eknodel/SCC_samples/cell_lines/RNAseq/sorted_bam/185-15c-09-G9-6-3-21_288_289_S3_L003_RNA_HISAT2_genome_aligned_sortedbycoord_RG.bam
    jobid: 153
    wildcards: subject=185-15c-09-G9-6-3-21_288_289_S3_L003

Submitted job 153 with external jobid 'Submitted batch job 15185924'.
[Mon Apr 25 10:53:15 2022]
Finished job 175.
1 of 180 steps (0.56%) done

[Mon Apr 25 10:53:15 2022]
rule SplitNCigarReads:
    input: /scratch/eknodel/SCC_samples/cell_lines/RNAseq/sorted_bam/185-15c-09-G9-6-11-21_252_325_S6_L003_RNA_HISAT2_genome_aligned_sortedbycoord_RG.bam, /data/CEM/shared/public_data/references/ensemble_GRCm38.68/GRCm38_68.fa
    output: /scratch/eknodel/SCC_samples/cell_lines/RNAseq/sorted_bam/185-15c-09-G9-6-11-21_252_325_S6_L003_RNA_HISAT2_genome_aligned_sortedbycoord_RG-splitreads.bam
    jobid: 139
    wildcards: subject=185-15c-09-G9-6-11-21_252_325_S6_L003

Submitted job 139 with external jobid 'Submitted batch job 15185938'.
[Mon Apr 25 10:54:07 2022]
Finished job 150.
2 of 180 steps (1%) done

[Mon Apr 25 10:54:07 2022]
rule SplitNCigarReads:
    input: /scratch/eknodel/SCC_samples/cell_lines/RNAseq/sorted_bam/185-1-5c-01-F11-6-26-21-5_263_314_S13_L003_RNA_HISAT2_genome_aligned_sortedbycoord_RG.bam, /data/CEM/shared/public_data/references/ensemble_GRCm38.68/GRCm38_68.fa
    output: /scratch/eknodel/SCC_samples/cell_lines/RNAseq/sorted_bam/185-1-5c-01-F11-6-26-21-5_263_314_S13_L003_RNA_HISAT2_genome_aligned_sortedbycoord_RG-splitreads.bam
    jobid: 114
    wildcards: subject=185-1-5c-01-F11-6-26-21-5_263_314_S13_L003

Submitted job 114 with external jobid 'Submitted batch job 15185940'.
[Mon Apr 25 10:56:07 2022]
Error in rule SplitNCigarReads:
    jobid: 135
    output: /scratch/eknodel/SCC_samples/cell_lines/RNAseq/sorted_bam/244-1-chu-02-B7-6-11-21_226_351_S24_L003_RNA_HISAT2_genome_aligned_sortedbycoord_RG-splitreads.bam
    cluster_jobid: Submitted batch job 15185922

[Mon Apr 25 10:58:03 2022]
Finished job 168.
3 of 180 steps (2%) done
[Mon Apr 25 10:58:16 2022]
Finished job 164.
4 of 180 steps (2%) done
[Mon Apr 25 10:59:08 2022]
Finished job 159.
5 of 180 steps (3%) done
[Mon Apr 25 10:59:08 2022]
Finished job 148.
6 of 180 steps (3%) done
[Mon Apr 25 10:59:08 2022]
Finished job 180.
7 of 180 steps (4%) done
[Mon Apr 25 10:59:58 2022]
Error in rule SplitNCigarReads:
    jobid: 114
    output: /scratch/eknodel/SCC_samples/cell_lines/RNAseq/sorted_bam/185-1-5c-01-F11-6-26-21-5_263_314_S13_L003_RNA_HISAT2_genome_aligned_sortedbycoord_RG-splitreads.bam
    cluster_jobid: Submitted batch job 15185940

[Mon Apr 25 10:59:58 2022]
Error in rule SplitNCigarReads:
    jobid: 139
    output: /scratch/eknodel/SCC_samples/cell_lines/RNAseq/sorted_bam/185-15c-09-G9-6-11-21_252_325_S6_L003_RNA_HISAT2_genome_aligned_sortedbycoord_RG-splitreads.bam
    cluster_jobid: Submitted batch job 15185938

[Mon Apr 25 11:00:00 2022]
Finished job 152.
8 of 180 steps (4%) done
[Mon Apr 25 11:00:49 2022]
Finished job 172.
9 of 180 steps (5%) done
[Mon Apr 25 11:01:02 2022]
Finished job 158.
10 of 180 steps (6%) done
[Mon Apr 25 11:01:02 2022]
Finished job 163.
11 of 180 steps (6%) done
[Mon Apr 25 11:01:02 2022]
Finished job 169.
12 of 180 steps (7%) done
[Mon Apr 25 11:01:48 2022]
Finished job 165.
13 of 180 steps (7%) done
[Mon Apr 25 11:01:48 2022]
Finished job 174.
14 of 180 steps (8%) done
[Mon Apr 25 11:01:50 2022]
Finished job 161.
15 of 180 steps (8%) done
[Mon Apr 25 11:02:36 2022]
Finished job 149.
16 of 180 steps (9%) done
[Mon Apr 25 11:02:36 2022]
Finished job 151.
17 of 180 steps (9%) done
[Mon Apr 25 11:02:36 2022]
Finished job 146.
18 of 180 steps (10%) done
[Mon Apr 25 11:02:36 2022]
Finished job 145.
19 of 180 steps (11%) done
[Mon Apr 25 11:02:48 2022]
Finished job 155.
20 of 180 steps (11%) done
[Mon Apr 25 11:02:48 2022]
Finished job 154.
21 of 180 steps (12%) done
[Mon Apr 25 11:02:59 2022]
Finished job 156.
22 of 180 steps (12%) done
[Mon Apr 25 11:02:59 2022]
Finished job 173.
23 of 180 steps (13%) done
[Mon Apr 25 11:03:10 2022]
Finished job 160.
24 of 180 steps (13%) done
[Mon Apr 25 11:03:54 2022]
Finished job 178.
25 of 180 steps (14%) done
[Mon Apr 25 11:03:56 2022]
Finished job 170.
26 of 180 steps (14%) done
[Mon Apr 25 11:03:56 2022]
Finished job 167.
27 of 180 steps (15%) done
[Mon Apr 25 11:03:56 2022]
Finished job 179.
28 of 180 steps (16%) done
[Mon Apr 25 11:04:06 2022]
Finished job 147.
29 of 180 steps (16%) done
[Mon Apr 25 11:04:46 2022]
Finished job 166.
30 of 180 steps (17%) done
[Mon Apr 25 11:04:46 2022]
Finished job 176.
31 of 180 steps (17%) done
[Mon Apr 25 11:04:46 2022]
Finished job 162.
32 of 180 steps (18%) done
[Mon Apr 25 11:04:46 2022]
Finished job 157.
33 of 180 steps (18%) done
[Mon Apr 25 11:04:56 2022]
Finished job 177.
34 of 180 steps (19%) done
[Mon Apr 25 11:05:06 2022]
Finished job 153.
35 of 180 steps (19%) done
Shutting down, this might take some time.
Exiting because a job execution failed. Look above for error message
Complete log: /home/eknodel/SCC_samples/RNA_mutations/.snakemake/log/2022-04-25T104607.889088.snakemake.log
