Building DAG of jobs...
Using shell: /usr/bin/bash
Provided cluster nodes: 71
Job counts:
	count	jobs
	1	all
	1	format_peptides
	1	generate_fasta_gatk
	1	generate_fasta_strelka
	4

[Sat Oct  1 11:41:27 2022]
rule generate_fasta_strelka:
    input: /scratch/eknodel/SCC_samples/Progeny/VEP/DNA_483-SC-01-B6_9-3-21_133_060_S138_L002_strelka_vep_filtered_gt.vcf, /scratch/eknodel/SCC_samples/Progeny/VEP/DNA_483-SC-01-B6_9-3-21_133_060_S138_L002_strelka_vep_unfiltered_gt.vcf
    output: /scratch/eknodel/SCC_samples/Progeny/peptides/DNA_483-SC-01-B6_9-3-21_133_060_S138_L002_strelka_vep_filtered.vcf, /scratch/eknodel/SCC_samples/Progeny/peptides/DNA_483-SC-01-B6_9-3-21_133_060_S138_L002_strelka_vep_ubfiltered.vcf
    jobid: 3
    wildcards: sample=DNA_483-SC-01-B6_9-3-21_133_060_S138_L002

Submitted job 3 with external jobid 'Submitted batch job 17686590'.

[Sat Oct  1 11:41:27 2022]
rule generate_fasta_gatk:
    input: /scratch/eknodel/SCC_samples/Progeny/VEP/DNA_483-SC-01-B6_9-3-21_133_060_S138_L002_gatk_vep_filtered.vcf, /scratch/eknodel/SCC_samples/Progeny/VEP/DNA_483-SC-01-B6_9-3-21_133_060_S138_L002_gatk_vep_unfiltered.vcf
    output: /scratch/eknodel/SCC_samples/Progeny/peptides/DNA_483-SC-01-B6_9-3-21_133_060_S138_L002_gatk_vep_filtered.vcf, /scratch/eknodel/SCC_samples/Progeny/peptides/DNA_483-SC-01-B6_9-3-21_133_060_S138_L002_gatk_vep_unfiltered.vcf
    jobid: 2
    wildcards: sample=DNA_483-SC-01-B6_9-3-21_133_060_S138_L002

Submitted job 2 with external jobid 'Submitted batch job 17686591'.
[Sat Oct  1 11:43:27 2022]
Finished job 2.
1 of 4 steps (25%) done
[Sat Oct  1 11:44:57 2022]
Finished job 3.
2 of 4 steps (50%) done

[Sat Oct  1 11:44:58 2022]
rule format_peptides:
    input: /scratch/eknodel/SCC_samples/Progeny/peptides/DNA_483-SC-01-B6_9-3-21_133_060_S138_L002_gatk_vep_filtered.vcf, /scratch/eknodel/SCC_samples/Progeny/peptides/DNA_483-SC-01-B6_9-3-21_133_060_S138_L002_gatk_vep_unfiltered.vcf, /scratch/eknodel/SCC_samples/Progeny/peptides/DNA_483-SC-01-B6_9-3-21_133_060_S138_L002_strelka_vep_filtered.vcf, /scratch/eknodel/SCC_samples/Progeny/peptides/DNA_483-SC-01-B6_9-3-21_133_060_S138_L002_strelka_vep_ubfiltered.vcf
    output: /scratch/eknodel/SCC_samples/Progeny/peptides/DNA_483-SC-01-B6_9-3-21_133_060_S138_L002_gatk_vep_filtered.peptides, /scratch/eknodel/SCC_samples/Progeny/peptides/DNA_483-SC-01-B6_9-3-21_133_060_S138_L002_gatk_vep_unfiltered.peptides, /scratch/eknodel/SCC_samples/Progeny/peptides/DNA_483-SC-01-B6_9-3-21_133_060_S138_L002_strelka_vep_filtered.peptides, /scratch/eknodel/SCC_samples/Progeny/peptides/DNA_483-SC-01-B6_9-3-21_133_060_S138_L002_strelka_vep_unfiltered.peptides
    jobid: 1
    wildcards: sample=DNA_483-SC-01-B6_9-3-21_133_060_S138_L002

Submitted job 1 with external jobid 'Submitted batch job 17686604'.
[Sat Oct  1 11:45:08 2022]
Finished job 1.
3 of 4 steps (75%) done

[Sat Oct  1 11:45:08 2022]
localrule all:
    input: /scratch/eknodel/SCC_samples/Progeny/peptides/DNA_483-SC-01-B6_9-3-21_133_060_S138_L002_gatk_vep_filtered.vcf, /scratch/eknodel/SCC_samples/Progeny/peptides/DNA_483-SC-01-B6_9-3-21_133_060_S138_L002_strelka_vep_filtered.vcf, /scratch/eknodel/SCC_samples/Progeny/peptides/DNA_483-SC-01-B6_9-3-21_133_060_S138_L002_gatk_vep_filtered.peptides
    jobid: 0

[Sat Oct  1 11:45:08 2022]
Finished job 0.
4 of 4 steps (100%) done
Complete log: /home/eknodel/SCC_samples/Progeny/03_variant_annotation/.snakemake/log/2022-10-01T114127.002289.snakemake.log
