Building DAG of jobs...
Using shell: /usr/bin/bash
Provided cluster nodes: 71
Job counts:
	count	jobs
	1	all
	1	generate_fasta_21_gatk
	2

[Mon Dec 12 12:10:31 2022]
rule generate_fasta_21_gatk:
    input: /scratch/eknodel/SCC_samples/Progeny/VEP/DNA_483-SC-01-B6_9-3-21_133_060_S138_L002_gatk_vep_filtered.vcf
    output: /scratch/eknodel/SCC_samples/Progeny/peptides/DNA_483-SC-01-B6_9-3-21_133_060_S138_L002_gatk_vep_filtered_21.peptides
    jobid: 4
    wildcards: sample=DNA_483-SC-01-B6_9-3-21_133_060_S138_L002

Submitted job 4 with external jobid 'Submitted batch job 18527084'.
[Mon Dec 12 12:12:02 2022]
Finished job 4.
1 of 2 steps (50%) done

[Mon Dec 12 12:12:02 2022]
localrule all:
    input: /scratch/eknodel/SCC_samples/Progeny/peptides/DNA_483-SC-01-B6_9-3-21_133_060_S138_L002_gatk_vep_filtered.vcf, /scratch/eknodel/SCC_samples/Progeny/peptides/DNA_483-SC-01-B6_9-3-21_133_060_S138_L002_strelka_vep_filtered.vcf, /scratch/eknodel/SCC_samples/Progeny/peptides/DNA_483-SC-01-B6_9-3-21_133_060_S138_L002_gatk_vep_filtered.peptides, /scratch/eknodel/SCC_samples/Progeny/peptides/DNA_483-SC-01-B6_9-3-21_133_060_S138_L002_gatk_vep_filtered_21.peptides
    jobid: 0

[Mon Dec 12 12:12:02 2022]
Finished job 0.
2 of 2 steps (100%) done
Complete log: /home/eknodel/SCC_samples/Progeny/03_variant_annotation/.snakemake/log/2022-12-12T121031.348847.snakemake.log
