Building DAG of jobs...
Using shell: /usr/bin/bash
Provided cluster nodes: 71
Job counts:
	count	jobs
	1	all
	1	run_vep
	1	sort_input
	3

[Thu Jun  8 09:25:31 2023]
rule sort_input:
    input: /scratch/eknodel/SCC_samples/Progeny/gatk_mutect2/DNA_483-SC-01-B6_9-3-21_133_060_S138_L002_mnp_split.somatic.filtered.pass.vcf
    output: /scratch/eknodel/SCC_samples/Progeny/gatk_mutect2/DNA_483-SC-01-B6_9-3-21_133_060_S138_L002_mnp_split.somatic_sorted.filtered.pass.vcf
    jobid: 2
    wildcards: sample=DNA_483-SC-01-B6_9-3-21_133_060_S138_L002

Submitted job 2 with external jobid 'Submitted batch job 21220634'.
[Thu Jun  8 09:25:41 2023]
Finished job 2.
1 of 3 steps (33%) done

[Thu Jun  8 09:25:41 2023]
rule run_vep:
    input: /scratch/eknodel/SCC_samples/Progeny/gatk_mutect2/DNA_483-SC-01-B6_9-3-21_133_060_S138_L002_mnp_split.somatic_sorted.filtered.pass.vcf
    output: /scratch/eknodel/SCC_samples/Progeny/VEP/DNA_483-SC-01-B6_9-3-21_133_060_S138_L002_mnp_split_gatk_vep_filtered.vcf
    jobid: 1
    wildcards: sample=DNA_483-SC-01-B6_9-3-21_133_060_S138_L002

Submitted job 1 with external jobid 'Submitted batch job 21220635'.
[Thu Jun  8 09:25:51 2023]
Error in rule run_vep:
    jobid: 1
    output: /scratch/eknodel/SCC_samples/Progeny/VEP/DNA_483-SC-01-B6_9-3-21_133_060_S138_L002_mnp_split_gatk_vep_filtered.vcf
    cluster_jobid: Submitted batch job 21220635

Shutting down, this might take some time.
Exiting because a job execution failed. Look above for error message
Complete log: /home/eknodel/SCC_samples/Progeny/03_variant_annotation/.snakemake/log/2023-06-08T092531.416298.snakemake.log
