Building DAG of jobs...
Using shell: /usr/bin/bash
Provided cluster nodes: 71
Job counts:
	count	jobs
	1	all
	1	generate_fasta_21_gatk
	2

[Wed Feb 22 13:07:40 2023]
rule generate_fasta_21_gatk:
    input: /scratch/eknodel/SCC_samples/Progeny/VEP/DNA_483-SC-01-B6_9-3-21_133_060_S138_L002_gatk_vep_filtered.vcf
    output: /scratch/eknodel/SCC_samples/Progeny/peptides/DNA_483-SC-01-B6_9-3-21_133_060_S138_L002_gatk_vep_filtered_21.peptides, /scratch/eknodel/SCC_samples/Progeny/peptides/DNA_483-SC-01-B6_9-3-21_133_060_S138_L002_gatk_vep_filtered_29.peptides
    jobid: 2
    wildcards: sample=DNA_483-SC-01-B6_9-3-21_133_060_S138_L002

Submitted job 2 with external jobid 'Submitted batch job 19418445'.
[Wed Feb 22 13:09:10 2023]
Finished job 2.
1 of 2 steps (50%) done

[Wed Feb 22 13:09:10 2023]
localrule all:
    input: /scratch/eknodel/SCC_samples/Progeny/VEP/DNA_483-SC-01-B6_9-3-21_133_060_S138_L002_gatk_vep_filtered.vcf, /scratch/eknodel/SCC_samples/Progeny/peptides/DNA_483-SC-01-B6_9-3-21_133_060_S138_L002_gatk_vep_filtered.vcf, /scratch/eknodel/SCC_samples/Progeny/peptides/DNA_483-SC-01-B6_9-3-21_133_060_S138_L002_strelka_vep_filtered.vcf, /scratch/eknodel/SCC_samples/Progeny/peptides/DNA_483-SC-01-B6_9-3-21_133_060_S138_L002_gatk_vep_filtered.peptides, /scratch/eknodel/SCC_samples/Progeny/peptides/DNA_483-SC-01-B6_9-3-21_133_060_S138_L002_gatk_vep_filtered_21.peptides, /scratch/eknodel/SCC_samples/Progeny/peptides/DNA_483-SC-01-B6_9-3-21_133_060_S138_L002_gatk_vep_filtered_29.peptides
    jobid: 0

[Wed Feb 22 13:09:10 2023]
Finished job 0.
2 of 2 steps (100%) done
Complete log: /home/eknodel/SCC_samples/Progeny/03_variant_annotation/.snakemake/log/2023-02-22T130739.358633.snakemake.log
