Building DAG of jobs...
Using shell: /usr/bin/bash
Provided cluster nodes: 190
Job counts:
	count	jobs
	1	all
	1	config
	1	run
	1	select_pass_variants
	4

[Tue Sep 27 08:37:36 2022]
rule config:
    input: /scratch/eknodel/SCC_samples/Progeny/processed_bams/gDNA_normal_tissue_377_200_S55_L004.GRCm38_68.sorted.bam, /scratch/eknodel/SCC_samples/Progeny/processed_bams/DNA_483-SC-01-B6_9-3-21_133_060_S138_L002.GRCm38_68.sorted.bam, /data/CEM/shared/public_data/references/ensemble_GRCm38.68/GRCm38_68.fa
    output: /scratch/eknodel/SCC_samples/Progeny/strelka/DNA_483-SC-01-B6_9-3-21_133_060_S138_L002/runWorkflow.py
    jobid: 3
    wildcards: subject=DNA_483-SC-01-B6_9-3-21_133_060_S138_L002

Submitted job 3 with external jobid 'Submitted batch job 17626764'.

[Tue Sep 27 08:37:36 2022]
rule run:
    input: /scratch/eknodel/SCC_samples/Progeny/processed_bams/gDNA_normal_tissue_377_200_S55_L004.GRCm38_68.sorted.bam, /scratch/eknodel/SCC_samples/Progeny/processed_bams/DNA_483-SC-01-B6_9-3-21_133_060_S138_L002.GRCm38_68.sorted.bam, /data/CEM/shared/public_data/references/ensemble_GRCm38.68/GRCm38_68.fa
    output: /scratch/eknodel/SCC_samples/Progeny/strelka/DNA_483-SC-01-B6_9-3-21_133_060_S138_L002/results/variants/somatic.snvs.vcf.gz, /scratch/eknodel/SCC_samples/Progeny/strelka/DNA_483-SC-01-B6_9-3-21_133_060_S138_L002/results/variants/somatic.indels.vcf.gz
    jobid: 2
    wildcards: subject=DNA_483-SC-01-B6_9-3-21_133_060_S138_L002

Submitted job 2 with external jobid 'Submitted batch job 17626765'.
[Tue Sep 27 08:37:46 2022]
Finished job 3.
1 of 4 steps (25%) done
[Tue Sep 27 08:37:46 2022]
Error in rule run:
    jobid: 2
    output: /scratch/eknodel/SCC_samples/Progeny/strelka/DNA_483-SC-01-B6_9-3-21_133_060_S138_L002/results/variants/somatic.snvs.vcf.gz, /scratch/eknodel/SCC_samples/Progeny/strelka/DNA_483-SC-01-B6_9-3-21_133_060_S138_L002/results/variants/somatic.indels.vcf.gz
    cluster_jobid: Submitted batch job 17626765

Shutting down, this might take some time.
Exiting because a job execution failed. Look above for error message
Complete log: /home/eknodel/SCC_samples/Progeny/02_variant_calling/.snakemake/log/2022-09-27T083735.859419.snakemake.log
