Building DAG of jobs...
Using shell: /usr/bin/bash
Provided cluster nodes: 190
Job counts:
	count	jobs
	1	all
	1	tumor_with_matched_normal
	2

[Mon Jun  5 12:37:02 2023]
rule tumor_with_matched_normal:
    input: /data/CEM/shared/public_data/references/ensemble_GRCm38.68/GRCm38_68.fa, /scratch/eknodel/SCC_samples/Progeny/processed_bams/gDNA_normal_tissue_377_200_S55_L004.GRCm38_68.sorted.bam, /scratch/eknodel/SCC_samples/Progeny/processed_bams/DNA_483-SC-01-B6_9-3-21_133_060_S138_L002.GRCm38_68.sorted.bam
    output: /scratch/eknodel/SCC_samples/Progeny/gatk_mutect2/DNA_483-SC-01-B6_9-3-21_133_060_S138_L002_mnp_split.somatic.vcf.gz
    jobid: 1
    wildcards: subject=DNA_483-SC-01-B6_9-3-21_133_060_S138_L002

Submitted job 1 with external jobid 'Submitted batch job 21127646'.
[Tue Jun  6 00:20:38 2023]
Finished job 1.
1 of 2 steps (50%) done

[Tue Jun  6 00:20:38 2023]
localrule all:
    input: /scratch/eknodel/SCC_samples/Progeny/gatk_mutect2/DNA_483-SC-01-B6_9-3-21_133_060_S138_L002_mnp_split.somatic.vcf.gz
    jobid: 0

[Tue Jun  6 00:20:38 2023]
Finished job 0.
2 of 2 steps (100%) done
Complete log: /home/eknodel/SCC_samples/Progeny/02_variant_calling/.snakemake/log/2023-06-05T123702.432604.snakemake.log
