Building DAG of jobs...
Using shell: /usr/bin/bash
Provided cores: 6
Rules claiming more threads will be scaled down.
Job counts:
	count	jobs
	1	select_pass_variants
	1

[Tue Sep 27 08:54:44 2022]
rule select_pass_variants:
    input: /data/CEM/shared/public_data/references/ensemble_GRCm38.68/GRCm38_68.fa, /scratch/eknodel/SCC_samples/Progeny/strelka/DNA_483-SC-01-B6_9-3-21_133_060_S138_L002/results/variants/somatic.snvs.vcf.gz, /scratch/eknodel/SCC_samples/Progeny/strelka/DNA_483-SC-01-B6_9-3-21_133_060_S138_L002/results/variants/somatic.indels.vcf.gz
    output: /scratch/eknodel/SCC_samples/Progeny/strelka/DNA_483-SC-01-B6_9-3-21_133_060_S138_L002/results/variants/somatic.snvs.pass.vcf.gz, /scratch/eknodel/SCC_samples/Progeny/strelka/DNA_483-SC-01-B6_9-3-21_133_060_S138_L002/results/variants/somatic.indels.pass.vcf.gz
    jobid: 0
    wildcards: subject=DNA_483-SC-01-B6_9-3-21_133_060_S138_L002

08:54:48.165 INFO  NativeLibraryLoader - Loading libgkl_compression.so from jar:file:/home/eknodel/gatk-4.1.7.0/gatk-package-4.1.7.0-local.jar!/com/intel/gkl/native/libgkl_compression.so
Sep 27, 2022 8:54:48 AM shaded.cloud_nio.com.google.auth.oauth2.ComputeEngineCredentials runningOnComputeEngine
INFO: Failed to detect whether we are running on Google Compute Engine.
08:54:48.440 INFO  SelectVariants - ------------------------------------------------------------
08:54:48.440 INFO  SelectVariants - The Genome Analysis Toolkit (GATK) v4.1.7.0
08:54:48.441 INFO  SelectVariants - For support and documentation go to https://software.broadinstitute.org/gatk/
08:54:48.442 INFO  SelectVariants - Executing as eknodel@cg17-10.agave.rc.asu.edu on Linux v3.10.0-1160.21.1.el7.x86_64 amd64
08:54:48.442 INFO  SelectVariants - Java runtime: OpenJDK 64-Bit Server VM v11.0.1-internal+0-adhoc..src
08:54:48.442 INFO  SelectVariants - Start Date/Time: September 27, 2022 at 8:54:48 AM MST
08:54:48.442 INFO  SelectVariants - ------------------------------------------------------------
08:54:48.442 INFO  SelectVariants - ------------------------------------------------------------
08:54:48.443 INFO  SelectVariants - HTSJDK Version: 2.21.2
08:54:48.443 INFO  SelectVariants - Picard Version: 2.21.9
08:54:48.443 INFO  SelectVariants - HTSJDK Defaults.COMPRESSION_LEVEL : 2
08:54:48.443 INFO  SelectVariants - HTSJDK Defaults.USE_ASYNC_IO_READ_FOR_SAMTOOLS : false
08:54:48.443 INFO  SelectVariants - HTSJDK Defaults.USE_ASYNC_IO_WRITE_FOR_SAMTOOLS : true
08:54:48.443 INFO  SelectVariants - HTSJDK Defaults.USE_ASYNC_IO_WRITE_FOR_TRIBBLE : false
08:54:48.443 INFO  SelectVariants - Deflater: IntelDeflater
08:54:48.443 INFO  SelectVariants - Inflater: IntelInflater
08:54:48.443 INFO  SelectVariants - GCS max retries/reopens: 20
08:54:48.443 INFO  SelectVariants - Requester pays: disabled
08:54:48.443 INFO  SelectVariants - Initializing engine
08:54:48.622 INFO  FeatureManager - Using codec VCFCodec to read file file:///scratch/eknodel/SCC_samples/Progeny/strelka/DNA_483-SC-01-B6_9-3-21_133_060_S138_L002/results/variants/somatic.snvs.vcf.gz
08:54:48.808 INFO  SelectVariants - Done initializing engine
08:54:48.881 INFO  ProgressMeter - Starting traversal
08:54:48.882 INFO  ProgressMeter -        Current Locus  Elapsed Minutes    Variants Processed  Variants/Minute
08:54:52.302 INFO  ProgressMeter -     JH584304.1:73114              0.1                220384        3868648.3
08:54:52.303 INFO  ProgressMeter - Traversal complete. Processed 220384 total variants in 0.1 minutes.
08:54:52.370 INFO  SelectVariants - Shutting down engine
[September 27, 2022 at 8:54:52 AM MST] org.broadinstitute.hellbender.tools.walkers.variantutils.SelectVariants done. Elapsed time: 0.07 minutes.
Runtime.totalMemory()=985661440
Using GATK jar /home/eknodel/gatk-4.1.7.0/gatk-package-4.1.7.0-local.jar
Running:
    java -Dsamjdk.use_async_io_read_samtools=false -Dsamjdk.use_async_io_write_samtools=true -Dsamjdk.use_async_io_write_tribble=false -Dsamjdk.compression_level=2 -jar /home/eknodel/gatk-4.1.7.0/gatk-package-4.1.7.0-local.jar SelectVariants -R /data/CEM/shared/public_data/references/ensemble_GRCm38.68/GRCm38_68.fa -V /scratch/eknodel/SCC_samples/Progeny/strelka/DNA_483-SC-01-B6_9-3-21_133_060_S138_L002/results/variants/somatic.snvs.vcf.gz --exclude-filtered -O /scratch/eknodel/SCC_samples/Progeny/strelka/DNA_483-SC-01-B6_9-3-21_133_060_S138_L002/results/variants/somatic.snvs.pass.vcf.gz
08:54:54.690 INFO  NativeLibraryLoader - Loading libgkl_compression.so from jar:file:/home/eknodel/gatk-4.1.7.0/gatk-package-4.1.7.0-local.jar!/com/intel/gkl/native/libgkl_compression.so
Sep 27, 2022 8:54:54 AM shaded.cloud_nio.com.google.auth.oauth2.ComputeEngineCredentials runningOnComputeEngine
INFO: Failed to detect whether we are running on Google Compute Engine.
08:54:54.885 INFO  SelectVariants - ------------------------------------------------------------
08:54:54.886 INFO  SelectVariants - The Genome Analysis Toolkit (GATK) v4.1.7.0
08:54:54.886 INFO  SelectVariants - For support and documentation go to https://software.broadinstitute.org/gatk/
08:54:54.886 INFO  SelectVariants - Executing as eknodel@cg17-10.agave.rc.asu.edu on Linux v3.10.0-1160.21.1.el7.x86_64 amd64
08:54:54.886 INFO  SelectVariants - Java runtime: OpenJDK 64-Bit Server VM v11.0.1-internal+0-adhoc..src
08:54:54.890 INFO  SelectVariants - Start Date/Time: September 27, 2022 at 8:54:54 AM MST
08:54:54.890 INFO  SelectVariants - ------------------------------------------------------------
08:54:54.890 INFO  SelectVariants - ------------------------------------------------------------
08:54:54.890 INFO  SelectVariants - HTSJDK Version: 2.21.2
08:54:54.890 INFO  SelectVariants - Picard Version: 2.21.9
08:54:54.890 INFO  SelectVariants - HTSJDK Defaults.COMPRESSION_LEVEL : 2
08:54:54.890 INFO  SelectVariants - HTSJDK Defaults.USE_ASYNC_IO_READ_FOR_SAMTOOLS : false
08:54:54.890 INFO  SelectVariants - HTSJDK Defaults.USE_ASYNC_IO_WRITE_FOR_SAMTOOLS : true
08:54:54.891 INFO  SelectVariants - HTSJDK Defaults.USE_ASYNC_IO_WRITE_FOR_TRIBBLE : false
08:54:54.891 INFO  SelectVariants - Deflater: IntelDeflater
08:54:54.891 INFO  SelectVariants - Inflater: IntelInflater
08:54:54.891 INFO  SelectVariants - GCS max retries/reopens: 20
08:54:54.891 INFO  SelectVariants - Requester pays: disabled
08:54:54.891 INFO  SelectVariants - Initializing engine
08:54:55.088 INFO  FeatureManager - Using codec VCFCodec to read file file:///scratch/eknodel/SCC_samples/Progeny/strelka/DNA_483-SC-01-B6_9-3-21_133_060_S138_L002/results/variants/somatic.indels.vcf.gz
08:54:55.236 INFO  SelectVariants - Done initializing engine
08:54:55.314 INFO  ProgressMeter - Starting traversal
08:54:55.315 INFO  ProgressMeter -        Current Locus  Elapsed Minutes    Variants Processed  Variants/Minute
08:54:55.570 INFO  ProgressMeter -           6:82738606              0.0                  2567         606378.0
08:54:55.571 INFO  ProgressMeter - Traversal complete. Processed 2567 total variants in 0.0 minutes.
08:54:55.619 INFO  SelectVariants - Shutting down engine
[September 27, 2022 at 8:54:55 AM MST] org.broadinstitute.hellbender.tools.walkers.variantutils.SelectVariants done. Elapsed time: 0.02 minutes.
Runtime.totalMemory()=819986432
Using GATK jar /home/eknodel/gatk-4.1.7.0/gatk-package-4.1.7.0-local.jar
Running:
    java -Dsamjdk.use_async_io_read_samtools=false -Dsamjdk.use_async_io_write_samtools=true -Dsamjdk.use_async_io_write_tribble=false -Dsamjdk.compression_level=2 -jar /home/eknodel/gatk-4.1.7.0/gatk-package-4.1.7.0-local.jar SelectVariants -R /data/CEM/shared/public_data/references/ensemble_GRCm38.68/GRCm38_68.fa -V /scratch/eknodel/SCC_samples/Progeny/strelka/DNA_483-SC-01-B6_9-3-21_133_060_S138_L002/results/variants/somatic.indels.vcf.gz --exclude-filtered -O /scratch/eknodel/SCC_samples/Progeny/strelka/DNA_483-SC-01-B6_9-3-21_133_060_S138_L002/results/variants/somatic.indels.pass.vcf.gz
[Tue Sep 27 08:54:55 2022]
Finished job 0.
1 of 1 steps (100%) done
