Building DAG of jobs...
Using shell: /usr/bin/bash
Provided cluster nodes: 190
Job counts:
	count	jobs
	1	all
	1	collect_fragment_counts_normal
	2

[Thu Nov 10 10:26:19 2022]
rule collect_fragment_counts_normal:
    input: /scratch/eknodel/SCC_samples/Parent_tumors/processed_bams/gDNA_normal_tissue_377_200_S55_L004.GRCm38_68.sorted.bam, targets_C.preprocessed.interval_list, /data/CEM/shared/public_data/references/ensemble_GRCm38.68/GRCm38_68.fa
    output: cnv_files/gDNA_normal_tissue_377_200_S55_L004_normal.counts.hdf5
    jobid: 1
    wildcards: normal=gDNA_normal_tissue_377_200_S55_L004

Submitted job 1 with external jobid 'Submitted batch job 18067047'.
[Thu Nov 10 10:27:59 2022]
Finished job 1.
1 of 2 steps (50%) done

[Thu Nov 10 10:27:59 2022]
localrule all:
    input: targets_C.preprocessed.interval_list, cnv_files/gDNA_185_25_2E1_5C_365_212_S56_L004_tumor.counts.hdf5, cnv_files/gDNA_normal_tissue_377_200_S55_L004_normal.counts.hdf5
    jobid: 0

[Thu Nov 10 10:27:59 2022]
Finished job 0.
2 of 2 steps (100%) done
Complete log: /home/eknodel/SCC_samples/Parent_tumors/GATK_CNV/.snakemake/log/2022-11-10T102619.574664.snakemake.log
