Building DAG of jobs...
Using shell: /usr/bin/bash
Provided cluster nodes: 190
Job stats:
job                  count    min threads    max threads
-----------------  -------  -------------  -------------
all                      1              1              1
process_intervals        1              1              1
total                    2              1              1

Select jobs to execute...

[Fri Nov 11 07:44:55 2022]
rule process_intervals:
    input: /data/CEM/shared/public_data/references/ensemble_GRCm38.68/GRCm38_68.fa
    output: targets_C.preprocessed.interval_list
    jobid: 1
    resources: tmpdir=/tmp

Submitted job 1 with external jobid 'Submitted batch job 18077776'.
[Fri Nov 11 07:45:15 2022]
Finished job 1.
1 of 2 steps (50%) done
Select jobs to execute...

[Fri Nov 11 07:45:15 2022]
localrule all:
    input: targets_C.preprocessed.interval_list
    jobid: 0
    resources: tmpdir=/tmp

[Fri Nov 11 07:45:15 2022]
Finished job 0.
2 of 2 steps (100%) done
Complete log: /home/eknodel/SCC_samples/Parent_tumors/GATK_CNV/.snakemake/log/2022-11-11T074452.199474.snakemake.log
