Building DAG of jobs...
Using shell: /usr/bin/bash
Provided cluster nodes: 190
Job stats:
job                        count    min threads    max threads
-----------------------  -------  -------------  -------------
all                            1              1              1
collect_fragment_counts        2              1              1
plot_tumor                     2              1              1
standardize_tumor              2              1              1
total                          7              1              1

Select jobs to execute...

[Tue Nov 15 15:39:02 2022]
rule collect_fragment_counts:
    input: /scratch/eknodel/SCC_samples/Parent_tumors/processed_bams/gDNA_244_25_2E1_chu_329_248_S59_L004.GRCm38_68.sorted.mkdup.bam, targets_C.preprocessed.interval_list, /data/CEM/shared/public_data/references/ensemble_GRCm38.68/GRCm38_68.fa
    output: cnv_files/gDNA_244_25_2E1_chu_329_248_S59_L004_tumor.counts.hdf5
    jobid: 6
    wildcards: subject=gDNA_244_25_2E1_chu_329_248_S59_L004
    resources: tmpdir=/tmp

Submitted job 6 with external jobid 'Submitted batch job 18131359'.

[Tue Nov 15 15:39:02 2022]
rule collect_fragment_counts:
    input: /scratch/eknodel/SCC_samples/Parent_tumors/processed_bams/gDNA_188_25_2E2_5C_157_036_S57_L004.GRCm38_68.sorted.mkdup.bam, targets_C.preprocessed.interval_list, /data/CEM/shared/public_data/references/ensemble_GRCm38.68/GRCm38_68.fa
    output: cnv_files/gDNA_188_25_2E2_5C_157_036_S57_L004_tumor.counts.hdf5
    jobid: 4
    wildcards: subject=gDNA_188_25_2E2_5C_157_036_S57_L004
    resources: tmpdir=/tmp

Submitted job 4 with external jobid 'Submitted batch job 18131360'.
[Tue Nov 15 15:41:42 2022]
Finished job 6.
1 of 7 steps (14%) done
Select jobs to execute...

[Tue Nov 15 15:41:42 2022]
rule standardize_tumor:
    input: cnv_files/gDNA_244_25_2E1_chu_329_248_S59_L004_tumor.counts.hdf5, cnv_files/pon.hdf5
    output: cnv_files/gDNA_244_25_2E1_chu_329_248_S59_L004_tumor.standardizedCR.tsv, cnv_files/gDNA_244_25_2E1_chu_329_248_S59_L004_tumor.denoisedCR.tsv
    jobid: 13
    wildcards: subject=gDNA_244_25_2E1_chu_329_248_S59_L004
    resources: tmpdir=/tmp

Submitted job 13 with external jobid 'Submitted batch job 18131403'.
[Tue Nov 15 15:41:42 2022]
Finished job 4.
2 of 7 steps (29%) done
Select jobs to execute...

[Tue Nov 15 15:41:42 2022]
rule standardize_tumor:
    input: cnv_files/gDNA_188_25_2E2_5C_157_036_S57_L004_tumor.counts.hdf5, cnv_files/pon.hdf5
    output: cnv_files/gDNA_188_25_2E2_5C_157_036_S57_L004_tumor.standardizedCR.tsv, cnv_files/gDNA_188_25_2E2_5C_157_036_S57_L004_tumor.denoisedCR.tsv
    jobid: 12
    wildcards: subject=gDNA_188_25_2E2_5C_157_036_S57_L004
    resources: tmpdir=/tmp

Submitted job 12 with external jobid 'Submitted batch job 18131404'.
[Tue Nov 15 15:42:02 2022]
Finished job 13.
3 of 7 steps (43%) done
Select jobs to execute...

[Tue Nov 15 15:42:02 2022]
rule plot_tumor:
    input: cnv_files/gDNA_244_25_2E1_chu_329_248_S59_L004_tumor.standardizedCR.tsv, cnv_files/gDNA_244_25_2E1_chu_329_248_S59_L004_tumor.denoisedCR.tsv
    output: cnv_plots/gDNA_244_25_2E1_chu_329_248_S59_L004_tumor.denoised.png
    jobid: 17
    wildcards: subject=gDNA_244_25_2E1_chu_329_248_S59_L004
    resources: tmpdir=/tmp

Submitted job 17 with external jobid 'Submitted batch job 18131426'.
[Tue Nov 15 15:42:02 2022]
Finished job 12.
4 of 7 steps (57%) done
Select jobs to execute...

[Tue Nov 15 15:42:02 2022]
rule plot_tumor:
    input: cnv_files/gDNA_188_25_2E2_5C_157_036_S57_L004_tumor.standardizedCR.tsv, cnv_files/gDNA_188_25_2E2_5C_157_036_S57_L004_tumor.denoisedCR.tsv
    output: cnv_plots/gDNA_188_25_2E2_5C_157_036_S57_L004_tumor.denoised.png
    jobid: 16
    wildcards: subject=gDNA_188_25_2E2_5C_157_036_S57_L004
    resources: tmpdir=/tmp

Submitted job 16 with external jobid 'Submitted batch job 18131427'.
[Tue Nov 15 15:42:42 2022]
Finished job 17.
5 of 7 steps (71%) done
[Tue Nov 15 15:42:42 2022]
Finished job 16.
6 of 7 steps (86%) done
Select jobs to execute...

[Tue Nov 15 15:42:42 2022]
localrule all:
    input: targets_C.preprocessed.interval_list, cnv_files/gDNA_185_25_2E1_5C_365_212_S56_L004_tumor.counts.hdf5, cnv_files/gDNA_188_25_2E2_5C_157_036_S57_L004_tumor.counts.hdf5, cnv_files/gDNA_244_25_2E1_chu_329_248_S59_L004_tumor.counts.hdf5, cnv_files/gDNA_normal_tissue_377_200_S55_L004_normal.counts.hdf5, cnv_files/gDNA_185_25_2E1_5C_365_212_S56_L004_tumor.standardizedCR.tsv, cnv_files/gDNA_188_25_2E2_5C_157_036_S57_L004_tumor.standardizedCR.tsv, cnv_files/gDNA_244_25_2E1_chu_329_248_S59_L004_tumor.standardizedCR.tsv, cnv_files/gDNA_normal_tissue_377_200_S55_L004_normal.standardizedCR.tsv, cnv_plots/gDNA_185_25_2E1_5C_365_212_S56_L004_tumor.denoised.png, cnv_plots/gDNA_188_25_2E2_5C_157_036_S57_L004_tumor.denoised.png, cnv_plots/gDNA_244_25_2E1_chu_329_248_S59_L004_tumor.denoised.png, cnv_plots/gDNA_normal_tissue_377_200_S55_L004_normal.denoised.png
    jobid: 0
    resources: tmpdir=/tmp

[Tue Nov 15 15:42:42 2022]
Finished job 0.
7 of 7 steps (100%) done
Complete log: /home/eknodel/SCC_samples/Parent_tumors/GATK_CNV/.snakemake/log/2022-11-15T153900.261015.snakemake.log
