Building DAG of jobs...
Using shell: /usr/bin/bash
Provided cluster nodes: 190
Job counts:
	count	jobs
	1	all
	1	collect_fragment_counts
	2

[Thu Nov 10 10:02:10 2022]
rule collect_fragment_counts:
    input: /scratch/eknodel/SCC_samples/Parent_tumors/processed_bams/gDNA_185_25_2E1_5C_365_212_S56_L004.GRCm38_68.sorted.bam, targets_C.preprocessed.interval_list
    output: cnv_files/gDNA_185_25_2E1_5C_365_212_S56_L004_tumor.counts.hdf5
    jobid: 2
    wildcards: subject=gDNA_185_25_2E1_5C_365_212_S56_L004

Submitted job 2 with external jobid 'Submitted batch job 18065439'.
[Thu Nov 10 10:02:20 2022]
Error in rule collect_fragment_counts:
    jobid: 2
    output: cnv_files/gDNA_185_25_2E1_5C_365_212_S56_L004_tumor.counts.hdf5
    cluster_jobid: Submitted batch job 18065439

Shutting down, this might take some time.
Exiting because a job execution failed. Look above for error message
Complete log: /home/eknodel/SCC_samples/Parent_tumors/GATK_CNV/.snakemake/log/2022-11-10T100210.042124.snakemake.log
