Building DAG of jobs...
Using shell: /usr/bin/bash
Provided cluster nodes: 190
Job counts:
	count	jobs
	1	all
	2	index_mkdup
	2	mark_duplicates_normal
	5

[Tue Nov 15 15:08:09 2022]
rule mark_duplicates_normal:
    input: /scratch/eknodel/SCC_samples/Parent_tumors/processed_bams/gDNA_188_25_2E2_5C_157_036_S57_L004.GRCm38_68.sorted.bam
    output: /scratch/eknodel/SCC_samples/Parent_tumors/processed_bams/gDNA_188_25_2E2_5C_157_036_S57_L004.GRCm38_68.sorted.mkdup.bam, processed_bams/gDNA_188_25_2E2_5C_157_036_S57_L004_normal.picard_mkdup_metrics.txt
    jobid: 6
    wildcards: normal=gDNA_188_25_2E2_5C_157_036_S57_L004

Submitted job 6 with external jobid 'Submitted batch job 18130763'.

[Tue Nov 15 15:08:09 2022]
rule mark_duplicates_normal:
    input: /scratch/eknodel/SCC_samples/Parent_tumors/processed_bams/gDNA_244_25_2E1_chu_329_248_S59_L004.GRCm38_68.sorted.bam
    output: /scratch/eknodel/SCC_samples/Parent_tumors/processed_bams/gDNA_244_25_2E1_chu_329_248_S59_L004.GRCm38_68.sorted.mkdup.bam, processed_bams/gDNA_244_25_2E1_chu_329_248_S59_L004_normal.picard_mkdup_metrics.txt
    jobid: 9
    wildcards: normal=gDNA_244_25_2E1_chu_329_248_S59_L004

Submitted job 9 with external jobid 'Submitted batch job 18130764'.
[Tue Nov 15 15:22:10 2022]
Finished job 6.
1 of 5 steps (20%) done

[Tue Nov 15 15:22:10 2022]
rule index_mkdup:
    input: /scratch/eknodel/SCC_samples/Parent_tumors/processed_bams/gDNA_188_25_2E2_5C_157_036_S57_L004.GRCm38_68.sorted.mkdup.bam
    output: /scratch/eknodel/SCC_samples/Parent_tumors/processed_bams/gDNA_188_25_2E2_5C_157_036_S57_L004.GRCm38_68.sorted.mkdup.bam.bai
    jobid: 1
    wildcards: subject=gDNA_188_25_2E2_5C_157_036_S57_L004

[Tue Nov 15 15:22:10 2022]
Finished job 9.
2 of 5 steps (40%) done
Submitted job 1 with external jobid 'Submitted batch job 18131288'.

[Tue Nov 15 15:22:10 2022]
rule index_mkdup:
    input: /scratch/eknodel/SCC_samples/Parent_tumors/processed_bams/gDNA_244_25_2E1_chu_329_248_S59_L004.GRCm38_68.sorted.mkdup.bam
    output: /scratch/eknodel/SCC_samples/Parent_tumors/processed_bams/gDNA_244_25_2E1_chu_329_248_S59_L004.GRCm38_68.sorted.mkdup.bam.bai
    jobid: 5
    wildcards: subject=gDNA_244_25_2E1_chu_329_248_S59_L004

Submitted job 5 with external jobid 'Submitted batch job 18131289'.
[Tue Nov 15 15:22:40 2022]
Finished job 5.
3 of 5 steps (60%) done
[Tue Nov 15 15:23:10 2022]
Finished job 1.
4 of 5 steps (80%) done

[Tue Nov 15 15:23:10 2022]
localrule all:
    input: targets_C.preprocessed.interval_list, /scratch/eknodel/SCC_samples/Parent_tumors/processed_bams/gDNA_185_25_2E1_5C_365_212_S56_L004.GRCm38_68.sorted.mkdup.bam.bai, /scratch/eknodel/SCC_samples/Parent_tumors/processed_bams/gDNA_188_25_2E2_5C_157_036_S57_L004.GRCm38_68.sorted.mkdup.bam.bai, /scratch/eknodel/SCC_samples/Parent_tumors/processed_bams/gDNA_244_25_2E1_chu_329_248_S59_L004.GRCm38_68.sorted.mkdup.bam.bai, /scratch/eknodel/SCC_samples/Parent_tumors/processed_bams/gDNA_normal_tissue_377_200_S55_L004.GRCm38_68.sorted.mkdup.bam.bai
    jobid: 0

[Tue Nov 15 15:23:10 2022]
Finished job 0.
5 of 5 steps (100%) done
Complete log: /home/eknodel/SCC_samples/Parent_tumors/GATK_CNV/.snakemake/log/2022-11-15T150809.435662.snakemake.log
