Building DAG of jobs...
Using shell: /usr/bin/bash
Provided cluster nodes: 190
Job counts:
	count	jobs
	1	all
	1	collect_fragment_counts
	1	collect_fragment_counts_normal
	1	index_mkdup
	1	index_mkdup_normal
	1	plot_normal
	1	plot_tumor
	1	standardize_normal
	1	standardize_tumor
	9

[Fri Nov 11 16:52:37 2022]
rule collect_fragment_counts_normal:
    input: /scratch/eknodel/SCC_samples/Parent_tumors/processed_bams/gDNA_normal_tissue_377_200_S55_L004.GRCm38_68.sorted.mkdup.bam, targets_C.preprocessed.interval_list, /data/CEM/shared/public_data/references/ensemble_GRCm38.68/GRCm38_68.fa
    output: cnv_files/gDNA_normal_tissue_377_200_S55_L004_normal.counts.hdf5
    jobid: 4
    wildcards: normal=gDNA_normal_tissue_377_200_S55_L004

Submitted job 4 with external jobid 'Submitted batch job 18088572'.

[Fri Nov 11 16:52:38 2022]
rule collect_fragment_counts:
    input: /scratch/eknodel/SCC_samples/Parent_tumors/processed_bams/gDNA_185_25_2E1_5C_365_212_S56_L004.GRCm38_68.sorted.mkdup.bam, targets_C.preprocessed.interval_list, /data/CEM/shared/public_data/references/ensemble_GRCm38.68/GRCm38_68.fa
    output: cnv_files/gDNA_185_25_2E1_5C_365_212_S56_L004_tumor.counts.hdf5
    jobid: 2
    wildcards: subject=gDNA_185_25_2E1_5C_365_212_S56_L004

Submitted job 2 with external jobid 'Submitted batch job 18088573'.

[Fri Nov 11 16:52:38 2022]
rule index_mkdup_normal:
    input: /scratch/eknodel/SCC_samples/Parent_tumors/processed_bams/gDNA_normal_tissue_377_200_S55_L004.GRCm38_68.sorted.mkdup.bam
    output: /scratch/eknodel/SCC_samples/Parent_tumors/processed_bams/gDNA_normal_tissue_377_200_S55_L004.GRCm38_68.sorted.mkdup.bam.bai
    jobid: 3

Submitted job 3 with external jobid 'Submitted batch job 18088574'.

[Fri Nov 11 16:52:38 2022]
rule index_mkdup:
    input: /scratch/eknodel/SCC_samples/Parent_tumors/processed_bams/gDNA_185_25_2E1_5C_365_212_S56_L004.GRCm38_68.sorted.mkdup.bam
    output: /scratch/eknodel/SCC_samples/Parent_tumors/processed_bams/gDNA_185_25_2E1_5C_365_212_S56_L004.GRCm38_68.sorted.mkdup.bam.bai
    jobid: 1
    wildcards: subject=gDNA_185_25_2E1_5C_365_212_S56_L004

Submitted job 1 with external jobid 'Submitted batch job 18088575'.
[Fri Nov 11 16:52:47 2022]
Error in rule collect_fragment_counts_normal:
    jobid: 4
    output: cnv_files/gDNA_normal_tissue_377_200_S55_L004_normal.counts.hdf5
    cluster_jobid: Submitted batch job 18088572

[Fri Nov 11 16:52:47 2022]
Error in rule collect_fragment_counts:
    jobid: 2
    output: cnv_files/gDNA_185_25_2E1_5C_365_212_S56_L004_tumor.counts.hdf5
    cluster_jobid: Submitted batch job 18088573

[Fri Nov 11 16:53:18 2022]
Finished job 3.
1 of 9 steps (11%) done
[Fri Nov 11 16:53:18 2022]
Finished job 1.
2 of 9 steps (22%) done
Shutting down, this might take some time.
Exiting because a job execution failed. Look above for error message
Complete log: /home/eknodel/SCC_samples/Parent_tumors/GATK_CNV/.snakemake/log/2022-11-11T165237.616898.snakemake.log
