Building DAG of jobs...
Using shell: /usr/bin/bash
Provided cluster nodes: 190
Job stats:
job                               count    min threads    max threads
------------------------------  -------  -------------  -------------
all                                   1              1              1
collect_fragment_counts               1              1              1
collect_fragment_counts_normal        1              1              1
plot_normal                           1              1              1
plot_tumor                            1              1              1
process_intervals                     1              1              1
standardize_normal                    1              1              1
standardize_tumor                     1              1              1
total                                 8              1              1

Select jobs to execute...

[Fri Nov 11 15:26:09 2022]
rule process_intervals:
    input: /data/CEM/shared/public_data/references/ensemble_GRCm38.68/GRCm38_68.fa
    output: targets_C.preprocessed.interval_list
    jobid: 1
    resources: tmpdir=/tmp

Submitted job 1 with external jobid 'Submitted batch job 18086387'.
[Fri Nov 11 15:26:40 2022]
Finished job 1.
1 of 8 steps (12%) done
Select jobs to execute...

[Fri Nov 11 15:26:40 2022]
rule collect_fragment_counts_normal:
    input: /scratch/eknodel/SCC_samples/Parent_tumors/processed_bams/gDNA_normal_tissue_377_200_S55_L004.GRCm38_68.sorted.bam, targets_C.preprocessed.interval_list, /data/CEM/shared/public_data/references/ensemble_GRCm38.68/GRCm38_68.fa
    output: cnv_files/gDNA_normal_tissue_377_200_S55_L004_normal.counts.hdf5
    jobid: 3
    wildcards: normal=gDNA_normal_tissue_377_200_S55_L004
    resources: tmpdir=/tmp

Submitted job 3 with external jobid 'Submitted batch job 18086388'.

[Fri Nov 11 15:26:40 2022]
rule collect_fragment_counts:
    input: /scratch/eknodel/SCC_samples/Parent_tumors/processed_bams/gDNA_185_25_2E1_5C_365_212_S56_L004.GRCm38_68.sorted.bam, targets_C.preprocessed.interval_list, /data/CEM/shared/public_data/references/ensemble_GRCm38.68/GRCm38_68.fa
    output: cnv_files/gDNA_185_25_2E1_5C_365_212_S56_L004_tumor.counts.hdf5
    jobid: 2
    wildcards: subject=gDNA_185_25_2E1_5C_365_212_S56_L004
    resources: tmpdir=/tmp

Submitted job 2 with external jobid 'Submitted batch job 18086389'.
[Fri Nov 11 15:28:40 2022]
Finished job 3.
2 of 8 steps (25%) done
Select jobs to execute...

[Fri Nov 11 15:28:40 2022]
rule standardize_normal:
    input: cnv_files/gDNA_normal_tissue_377_200_S55_L004_normal.counts.hdf5
    output: cnv_files/gDNA_normal_tissue_377_200_S55_L004_normal.standardizedCR.tsv, cnv_files/gDNA_normal_tissue_377_200_S55_L004_normal.denoisedCR.tsv
    jobid: 5
    wildcards: normal=gDNA_normal_tissue_377_200_S55_L004
    resources: tmpdir=/tmp

Submitted job 5 with external jobid 'Submitted batch job 18086392'.
[Fri Nov 11 15:29:00 2022]
Finished job 5.
3 of 8 steps (38%) done
Select jobs to execute...

[Fri Nov 11 15:29:00 2022]
rule plot_normal:
    input: cnv_files/gDNA_normal_tissue_377_200_S55_L004_normal.standardizedCR.tsv, cnv_files/gDNA_normal_tissue_377_200_S55_L004_normal.denoisedCR.tsv
    output: cnv_plots/gDNA_normal_tissue_377_200_S55_L004_normal.denoised.png
    jobid: 7
    wildcards: normal=gDNA_normal_tissue_377_200_S55_L004
    resources: tmpdir=/tmp

Submitted job 7 with external jobid 'Submitted batch job 18086395'.
[Fri Nov 11 15:29:10 2022]
Finished job 2.
4 of 8 steps (50%) done
Select jobs to execute...

[Fri Nov 11 15:29:10 2022]
rule standardize_tumor:
    input: cnv_files/gDNA_185_25_2E1_5C_365_212_S56_L004_tumor.counts.hdf5
    output: cnv_files/gDNA_185_25_2E1_5C_365_212_S56_L004_tumor.standardizedCR.tsv, cnv_files/gDNA_185_25_2E1_5C_365_212_S56_L004_tumor.denoisedCR.tsv
    jobid: 4
    wildcards: subject=gDNA_185_25_2E1_5C_365_212_S56_L004
    resources: tmpdir=/tmp

Submitted job 4 with external jobid 'Submitted batch job 18086396'.
[Fri Nov 11 15:29:20 2022]
Error in rule standardize_tumor:
    jobid: 4
    output: cnv_files/gDNA_185_25_2E1_5C_365_212_S56_L004_tumor.standardizedCR.tsv, cnv_files/gDNA_185_25_2E1_5C_365_212_S56_L004_tumor.denoisedCR.tsv
    shell:
        
        /home/eknodel/gatk-4.1.7.0/gatk --java-options "-Xmx12g" DenoiseReadCounts         -I cnv_files/gDNA_185_25_2E1_5C_365_212_S56_L004_tumor.counts.hdf5         --count-panel-of-normals "cnv_files/gDNA_normal_tissue_377_200_S55_L004_normal.counts.hdf5"         --standardized-copy-ratios cnv_files/gDNA_185_25_2E1_5C_365_212_S56_L004_tumor.standardizedCR.tsv         --denoised-copy-ratios cnv_files/gDNA_185_25_2E1_5C_365_212_S56_L004_tumor.denoisedCR.tsv
        
        (one of the commands exited with non-zero exit code; note that snakemake uses bash strict mode!)
    cluster_jobid: Submitted batch job 18086396

Error executing rule standardize_tumor on cluster (jobid: 4, external: Submitted batch job 18086396, jobscript: /home/eknodel/SCC_samples/Parent_tumors/GATK_CNV/.snakemake/tmp.xx76o68l/snakejob.standardize_tumor.4.sh). For error details see the cluster log and the log files of the involved rule(s).
[Fri Nov 11 15:29:20 2022]
Finished job 7.
5 of 8 steps (62%) done
Shutting down, this might take some time.
Exiting because a job execution failed. Look above for error message
Complete log: /home/eknodel/SCC_samples/Parent_tumors/GATK_CNV/.snakemake/log/2022-11-11T152605.596017.snakemake.log
