Building DAG of jobs...
Using shell: /usr/bin/bash
Provided cluster nodes: 190
Job counts:
	count	jobs
	1	all
	6	filter
	6	select_pass_variants
	6	tumor_with_matched_normal
	19

[Sat Jun 17 20:18:03 2023]
rule tumor_with_matched_normal:
    input: /data/CEM/shared/public_data/references/ensemble_GRCm38.68/GRCm38_68.fa, /scratch/eknodel/SCC_samples/Parent_cell_lines/processed_bams/gDNA_normal_tissue_377_200_S55_L004.GRCm38_68.sorted.bam, /scratch/eknodel/SCC_samples/Parent_cell_lines/processed_bams/244_1_Chu_06_D12_316_261_S5_L003.GRCm38_68.sorted.bam
    output: /scratch/eknodel/SCC_samples/Parent_cell_lines/gatk_mutect2/244_1_Chu_06_D12_316_261_S5_L003_mnp_split.somatic.vcf.gz
    jobid: 11
    wildcards: subject=244_1_Chu_06_D12_316_261_S5_L003

Submitted job 11 with external jobid 'Submitted batch job 21353267'.

[Sat Jun 17 20:18:04 2023]
rule tumor_with_matched_normal:
    input: /data/CEM/shared/public_data/references/ensemble_GRCm38.68/GRCm38_68.fa, /scratch/eknodel/SCC_samples/Parent_cell_lines/processed_bams/gDNA_normal_tissue_377_200_S55_L004.GRCm38_68.sorted.bam, /scratch/eknodel/SCC_samples/Parent_cell_lines/processed_bams/244_1_Chu_06_F5_328_249_S4_L003.GRCm38_68.sorted.bam
    output: /scratch/eknodel/SCC_samples/Parent_cell_lines/gatk_mutect2/244_1_Chu_06_F5_328_249_S4_L003_mnp_split.somatic.vcf.gz
    jobid: 3
    wildcards: subject=244_1_Chu_06_F5_328_249_S4_L003

Submitted job 3 with external jobid 'Submitted batch job 21353268'.

[Sat Jun 17 20:18:04 2023]
rule tumor_with_matched_normal:
    input: /data/CEM/shared/public_data/references/ensemble_GRCm38.68/GRCm38_68.fa, /scratch/eknodel/SCC_samples/Parent_cell_lines/processed_bams/gDNA_normal_tissue_377_200_S55_L004.GRCm38_68.sorted.bam, /scratch/eknodel/SCC_samples/Parent_cell_lines/processed_bams/244_1_Chu_02_B7_352_225_S2_L003.GRCm38_68.sorted.bam
    output: /scratch/eknodel/SCC_samples/Parent_cell_lines/gatk_mutect2/244_1_Chu_02_B7_352_225_S2_L003_mnp_split.somatic.vcf.gz
    jobid: 1
    wildcards: subject=244_1_Chu_02_B7_352_225_S2_L003

Submitted job 1 with external jobid 'Submitted batch job 21353269'.

[Sat Jun 17 20:18:04 2023]
rule tumor_with_matched_normal:
    input: /data/CEM/shared/public_data/references/ensemble_GRCm38.68/GRCm38_68.fa, /scratch/eknodel/SCC_samples/Parent_cell_lines/processed_bams/gDNA_normal_tissue_377_200_S55_L004.GRCm38_68.sorted.bam, /scratch/eknodel/SCC_samples/Parent_cell_lines/processed_bams/185_1_SC_09_G9_304_273_S6_L003.GRCm38_68.sorted.bam
    output: /scratch/eknodel/SCC_samples/Parent_cell_lines/gatk_mutect2/185_1_SC_09_G9_304_273_S6_L003_mnp_split.somatic.vcf.gz
    jobid: 7
    wildcards: subject=185_1_SC_09_G9_304_273_S6_L003

Submitted job 7 with external jobid 'Submitted batch job 21353270'.

[Sat Jun 17 20:18:04 2023]
rule tumor_with_matched_normal:
    input: /data/CEM/shared/public_data/references/ensemble_GRCm38.68/GRCm38_68.fa, /scratch/eknodel/SCC_samples/Parent_cell_lines/processed_bams/gDNA_normal_tissue_377_200_S55_L004.GRCm38_68.sorted.bam, /scratch/eknodel/SCC_samples/Parent_cell_lines/processed_bams/188_2_SC_05_F11_340_237_S3_L003.GRCm38_68.sorted.bam
    output: /scratch/eknodel/SCC_samples/Parent_cell_lines/gatk_mutect2/188_2_SC_05_F11_340_237_S3_L003_mnp_split.somatic.vcf.gz
    jobid: 6
    wildcards: subject=188_2_SC_05_F11_340_237_S3_L003

Submitted job 6 with external jobid 'Submitted batch job 21353271'.

[Sat Jun 17 20:18:04 2023]
rule tumor_with_matched_normal:
    input: /data/CEM/shared/public_data/references/ensemble_GRCm38.68/GRCm38_68.fa, /scratch/eknodel/SCC_samples/Parent_cell_lines/processed_bams/gDNA_normal_tissue_377_200_S55_L004.GRCm38_68.sorted.bam, /scratch/eknodel/SCC_samples/Parent_cell_lines/processed_bams/185_1_SC_01_F11_364_213_S1_L003.GRCm38_68.sorted.bam
    output: /scratch/eknodel/SCC_samples/Parent_cell_lines/gatk_mutect2/185_1_SC_01_F11_364_213_S1_L003_mnp_split.somatic.vcf.gz
    jobid: 9
    wildcards: subject=185_1_SC_01_F11_364_213_S1_L003

Submitted job 9 with external jobid 'Submitted batch job 21353272'.
[Sat Jun 17 22:29:13 2023]
Finished job 3.
1 of 19 steps (5%) done

[Sat Jun 17 22:29:18 2023]
rule filter:
    input: /data/CEM/shared/public_data/references/ensemble_GRCm38.68/GRCm38_68.fa, /scratch/eknodel/SCC_samples/Parent_cell_lines/gatk_mutect2/244_1_Chu_06_F5_328_249_S4_L003_mnp_split.somatic.vcf.gz
    output: /scratch/eknodel/SCC_samples/Parent_cell_lines/gatk_mutect2/244_1_Chu_06_F5_328_249_S4_L003_mnp_split.somatic.filtered.vcf.gz
    jobid: 10
    wildcards: subject=244_1_Chu_06_F5_328_249_S4_L003

Submitted job 10 with external jobid 'Submitted batch job 21355697'.
[Sat Jun 17 22:30:54 2023]
Finished job 9.
2 of 19 steps (11%) done
[Sat Jun 17 22:30:59 2023]
Finished job 10.
3 of 19 steps (16%) done

[Sat Jun 17 22:30:59 2023]
rule filter:
    input: /data/CEM/shared/public_data/references/ensemble_GRCm38.68/GRCm38_68.fa, /scratch/eknodel/SCC_samples/Parent_cell_lines/gatk_mutect2/185_1_SC_01_F11_364_213_S1_L003_mnp_split.somatic.vcf.gz
    output: /scratch/eknodel/SCC_samples/Parent_cell_lines/gatk_mutect2/185_1_SC_01_F11_364_213_S1_L003_mnp_split.somatic.filtered.vcf.gz
    jobid: 17
    wildcards: subject=185_1_SC_01_F11_364_213_S1_L003

Submitted job 17 with external jobid 'Submitted batch job 21355734'.

[Sat Jun 17 22:30:59 2023]
rule select_pass_variants:
    input: /data/CEM/shared/public_data/references/ensemble_GRCm38.68/GRCm38_68.fa, /scratch/eknodel/SCC_samples/Parent_cell_lines/gatk_mutect2/244_1_Chu_06_F5_328_249_S4_L003_mnp_split.somatic.filtered.vcf.gz
    output: /scratch/eknodel/SCC_samples/Parent_cell_lines/gatk_mutect2/244_1_Chu_06_F5_328_249_S4_L003_mnp_split.somatic.filtered.pass.vcf.gz
    jobid: 15
    wildcards: subject=244_1_Chu_06_F5_328_249_S4_L003

Submitted job 15 with external jobid 'Submitted batch job 21355735'.
[Sat Jun 17 22:31:29 2023]
Finished job 15.
4 of 19 steps (21%) done
[Sat Jun 17 22:32:59 2023]
Finished job 17.
5 of 19 steps (26%) done

[Sat Jun 17 22:33:00 2023]
rule select_pass_variants:
    input: /data/CEM/shared/public_data/references/ensemble_GRCm38.68/GRCm38_68.fa, /scratch/eknodel/SCC_samples/Parent_cell_lines/gatk_mutect2/185_1_SC_01_F11_364_213_S1_L003_mnp_split.somatic.filtered.vcf.gz
    output: /scratch/eknodel/SCC_samples/Parent_cell_lines/gatk_mutect2/185_1_SC_01_F11_364_213_S1_L003_mnp_split.somatic.filtered.pass.vcf.gz
    jobid: 14
    wildcards: subject=185_1_SC_01_F11_364_213_S1_L003

Submitted job 14 with external jobid 'Submitted batch job 21355775'.
[Sat Jun 17 22:33:10 2023]
Finished job 14.
6 of 19 steps (32%) done
[Sat Jun 17 22:41:00 2023]
Finished job 11.
7 of 19 steps (37%) done

[Sat Jun 17 22:41:08 2023]
rule filter:
    input: /data/CEM/shared/public_data/references/ensemble_GRCm38.68/GRCm38_68.fa, /scratch/eknodel/SCC_samples/Parent_cell_lines/gatk_mutect2/244_1_Chu_06_D12_316_261_S5_L003_mnp_split.somatic.vcf.gz
    output: /scratch/eknodel/SCC_samples/Parent_cell_lines/gatk_mutect2/244_1_Chu_06_D12_316_261_S5_L003_mnp_split.somatic.filtered.vcf.gz
    jobid: 8
    wildcards: subject=244_1_Chu_06_D12_316_261_S5_L003

Submitted job 8 with external jobid 'Submitted batch job 21355949'.
[Sat Jun 17 22:42:40 2023]
Finished job 8.
8 of 19 steps (42%) done

[Sat Jun 17 22:42:46 2023]
rule select_pass_variants:
    input: /data/CEM/shared/public_data/references/ensemble_GRCm38.68/GRCm38_68.fa, /scratch/eknodel/SCC_samples/Parent_cell_lines/gatk_mutect2/244_1_Chu_06_D12_316_261_S5_L003_mnp_split.somatic.filtered.vcf.gz
    output: /scratch/eknodel/SCC_samples/Parent_cell_lines/gatk_mutect2/244_1_Chu_06_D12_316_261_S5_L003_mnp_split.somatic.filtered.pass.vcf.gz
    jobid: 2
    wildcards: subject=244_1_Chu_06_D12_316_261_S5_L003

Submitted job 2 with external jobid 'Submitted batch job 21355981'.
[Sat Jun 17 22:43:10 2023]
Finished job 2.
9 of 19 steps (47%) done
[Sat Jun 17 22:54:41 2023]
Finished job 6.
10 of 19 steps (53%) done

[Sat Jun 17 22:54:45 2023]
rule filter:
    input: /data/CEM/shared/public_data/references/ensemble_GRCm38.68/GRCm38_68.fa, /scratch/eknodel/SCC_samples/Parent_cell_lines/gatk_mutect2/188_2_SC_05_F11_340_237_S3_L003_mnp_split.somatic.vcf.gz
    output: /scratch/eknodel/SCC_samples/Parent_cell_lines/gatk_mutect2/188_2_SC_05_F11_340_237_S3_L003_mnp_split.somatic.filtered.vcf.gz
    jobid: 18
    wildcards: subject=188_2_SC_05_F11_340_237_S3_L003

Submitted job 18 with external jobid 'Submitted batch job 21356236'.
[Sat Jun 17 22:56:42 2023]
Finished job 18.
11 of 19 steps (58%) done

[Sat Jun 17 22:56:43 2023]
rule select_pass_variants:
    input: /data/CEM/shared/public_data/references/ensemble_GRCm38.68/GRCm38_68.fa, /scratch/eknodel/SCC_samples/Parent_cell_lines/gatk_mutect2/188_2_SC_05_F11_340_237_S3_L003_mnp_split.somatic.filtered.vcf.gz
    output: /scratch/eknodel/SCC_samples/Parent_cell_lines/gatk_mutect2/188_2_SC_05_F11_340_237_S3_L003_mnp_split.somatic.filtered.pass.vcf.gz
    jobid: 5
    wildcards: subject=188_2_SC_05_F11_340_237_S3_L003

Submitted job 5 with external jobid 'Submitted batch job 21356280'.
[Sat Jun 17 22:57:12 2023]
Finished job 5.
12 of 19 steps (63%) done
[Sat Jun 17 23:03:42 2023]
Finished job 7.
13 of 19 steps (68%) done

[Sat Jun 17 23:03:49 2023]
rule filter:
    input: /data/CEM/shared/public_data/references/ensemble_GRCm38.68/GRCm38_68.fa, /scratch/eknodel/SCC_samples/Parent_cell_lines/gatk_mutect2/185_1_SC_09_G9_304_273_S6_L003_mnp_split.somatic.vcf.gz
    output: /scratch/eknodel/SCC_samples/Parent_cell_lines/gatk_mutect2/185_1_SC_09_G9_304_273_S6_L003_mnp_split.somatic.filtered.vcf.gz
    jobid: 12
    wildcards: subject=185_1_SC_09_G9_304_273_S6_L003

Submitted job 12 with external jobid 'Submitted batch job 21356441'.
[Sat Jun 17 23:05:43 2023]
Finished job 12.
14 of 19 steps (74%) done

[Sat Jun 17 23:05:44 2023]
rule select_pass_variants:
    input: /data/CEM/shared/public_data/references/ensemble_GRCm38.68/GRCm38_68.fa, /scratch/eknodel/SCC_samples/Parent_cell_lines/gatk_mutect2/185_1_SC_09_G9_304_273_S6_L003_mnp_split.somatic.filtered.vcf.gz
    output: /scratch/eknodel/SCC_samples/Parent_cell_lines/gatk_mutect2/185_1_SC_09_G9_304_273_S6_L003_mnp_split.somatic.filtered.pass.vcf.gz
    jobid: 13
    wildcards: subject=185_1_SC_09_G9_304_273_S6_L003

Submitted job 13 with external jobid 'Submitted batch job 21356478'.
[Sat Jun 17 23:05:53 2023]
Finished job 13.
15 of 19 steps (79%) done
[Sat Jun 17 23:35:45 2023]
Finished job 1.
16 of 19 steps (84%) done

[Sat Jun 17 23:35:49 2023]
rule filter:
    input: /data/CEM/shared/public_data/references/ensemble_GRCm38.68/GRCm38_68.fa, /scratch/eknodel/SCC_samples/Parent_cell_lines/gatk_mutect2/244_1_Chu_02_B7_352_225_S2_L003_mnp_split.somatic.vcf.gz
    output: /scratch/eknodel/SCC_samples/Parent_cell_lines/gatk_mutect2/244_1_Chu_02_B7_352_225_S2_L003_mnp_split.somatic.filtered.vcf.gz
    jobid: 16
    wildcards: subject=244_1_Chu_02_B7_352_225_S2_L003

Submitted job 16 with external jobid 'Submitted batch job 21357051'.
[Sat Jun 17 23:37:45 2023]
Finished job 16.
17 of 19 steps (89%) done

[Sat Jun 17 23:37:48 2023]
rule select_pass_variants:
    input: /data/CEM/shared/public_data/references/ensemble_GRCm38.68/GRCm38_68.fa, /scratch/eknodel/SCC_samples/Parent_cell_lines/gatk_mutect2/244_1_Chu_02_B7_352_225_S2_L003_mnp_split.somatic.filtered.vcf.gz
    output: /scratch/eknodel/SCC_samples/Parent_cell_lines/gatk_mutect2/244_1_Chu_02_B7_352_225_S2_L003_mnp_split.somatic.filtered.pass.vcf.gz
    jobid: 4
    wildcards: subject=244_1_Chu_02_B7_352_225_S2_L003

Submitted job 4 with external jobid 'Submitted batch job 21357092'.
[Sat Jun 17 23:38:15 2023]
Finished job 4.
18 of 19 steps (95%) done

[Sat Jun 17 23:38:15 2023]
localrule all:
    input: /scratch/eknodel/SCC_samples/Parent_cell_lines/gatk_mutect2/185_1_SC_01_F11_364_213_S1_L003_mnp_split.somatic.vcf.gz, /scratch/eknodel/SCC_samples/Parent_cell_lines/gatk_mutect2/244_1_Chu_06_D12_316_261_S5_L003_mnp_split.somatic.vcf.gz, /scratch/eknodel/SCC_samples/Parent_cell_lines/gatk_mutect2/244_1_Chu_06_F5_328_249_S4_L003_mnp_split.somatic.vcf.gz, /scratch/eknodel/SCC_samples/Parent_cell_lines/gatk_mutect2/185_1_SC_09_G9_304_273_S6_L003_mnp_split.somatic.vcf.gz, /scratch/eknodel/SCC_samples/Parent_cell_lines/gatk_mutect2/188_2_SC_05_F11_340_237_S3_L003_mnp_split.somatic.vcf.gz, /scratch/eknodel/SCC_samples/Parent_cell_lines/gatk_mutect2/244_1_Chu_02_B7_352_225_S2_L003_mnp_split.somatic.vcf.gz, /scratch/eknodel/SCC_samples/Parent_cell_lines/gatk_mutect2/185_1_SC_01_F11_364_213_S1_L003_mnp_split.somatic.filtered.vcf.gz, /scratch/eknodel/SCC_samples/Parent_cell_lines/gatk_mutect2/244_1_Chu_06_D12_316_261_S5_L003_mnp_split.somatic.filtered.vcf.gz, /scratch/eknodel/SCC_samples/Parent_cell_lines/gatk_mutect2/244_1_Chu_06_F5_328_249_S4_L003_mnp_split.somatic.filtered.vcf.gz, /scratch/eknodel/SCC_samples/Parent_cell_lines/gatk_mutect2/185_1_SC_09_G9_304_273_S6_L003_mnp_split.somatic.filtered.vcf.gz, /scratch/eknodel/SCC_samples/Parent_cell_lines/gatk_mutect2/188_2_SC_05_F11_340_237_S3_L003_mnp_split.somatic.filtered.vcf.gz, /scratch/eknodel/SCC_samples/Parent_cell_lines/gatk_mutect2/244_1_Chu_02_B7_352_225_S2_L003_mnp_split.somatic.filtered.vcf.gz, /scratch/eknodel/SCC_samples/Parent_cell_lines/gatk_mutect2/185_1_SC_01_F11_364_213_S1_L003_mnp_split.somatic.filtered.pass.vcf.gz, /scratch/eknodel/SCC_samples/Parent_cell_lines/gatk_mutect2/244_1_Chu_06_D12_316_261_S5_L003_mnp_split.somatic.filtered.pass.vcf.gz, /scratch/eknodel/SCC_samples/Parent_cell_lines/gatk_mutect2/244_1_Chu_06_F5_328_249_S4_L003_mnp_split.somatic.filtered.pass.vcf.gz, /scratch/eknodel/SCC_samples/Parent_cell_lines/gatk_mutect2/185_1_SC_09_G9_304_273_S6_L003_mnp_split.somatic.filtered.pass.vcf.gz, /scratch/eknodel/SCC_samples/Parent_cell_lines/gatk_mutect2/188_2_SC_05_F11_340_237_S3_L003_mnp_split.somatic.filtered.pass.vcf.gz, /scratch/eknodel/SCC_samples/Parent_cell_lines/gatk_mutect2/244_1_Chu_02_B7_352_225_S2_L003_mnp_split.somatic.filtered.pass.vcf.gz
    jobid: 0

[Sat Jun 17 23:38:15 2023]
Finished job 0.
19 of 19 steps (100%) done
Complete log: /home/eknodel/SCC_samples/Parent_cell_lines/02_variant_calling/.snakemake/log/2023-06-17T201754.114543.snakemake.log
