Building DAG of jobs...
Using shell: /usr/bin/bash
Provided cluster nodes: 190
Job counts:
	count	jobs
	1	all
	1	run
	1	select_pass_variants
	3

[Tue May 31 20:36:03 2022]
rule run:
    input: /scratch/eknodel/SCC_samples/cell_lines/Progeny/processed_bams/gDNA_normal_tissue_377_200_S55_L004.GRCm38_68.sorted.bam, /scratch/eknodel/SCC_samples/cell_lines/Progeny/processed_bams/DNA_483-SC-01-B6_9-3-21_133_060_S138_L002.GRCm38_68.sorted.bam, /data/CEM/shared/public_data/references/ensemble_GRCm38.68/GRCm38_68.fa
    output: /scratch/eknodel/SCC_samples/cell_lines/Progeny/strelka/DNA_483-SC-01-B6_9-3-21_133_060_S138_L002/results/variants/somatic.snvs.vcf.gz, /scratch/eknodel/SCC_samples/cell_lines/Progeny/strelka/DNA_483-SC-01-B6_9-3-21_133_060_S138_L002/results/variants/somatic.indels.vcf.gz
    jobid: 1
    wildcards: subject=DNA_483-SC-01-B6_9-3-21_133_060_S138_L002

Submitted job 1 with external jobid 'Submitted batch job 15985481'.
[Tue May 31 20:54:45 2022]
Finished job 1.
1 of 3 steps (33%) done

[Tue May 31 20:54:45 2022]
rule select_pass_variants:
    input: /data/CEM/shared/public_data/references/ensemble_GRCm38.68/GRCm38_68.fa, /scratch/eknodel/SCC_samples/cell_lines/Progeny/strelka/DNA_483-SC-01-B6_9-3-21_133_060_S138_L002/results/variants/somatic.snvs.vcf.gz, /scratch/eknodel/SCC_samples/cell_lines/Progeny/strelka/DNA_483-SC-01-B6_9-3-21_133_060_S138_L002/results/variants/somatic.indels.vcf.gz
    output: /scratch/eknodel/SCC_samples/cell_lines/Progeny/strelka/DNA_483-SC-01-B6_9-3-21_133_060_S138_L002/results/variants/somatic.snvs.pass.vcf.gz, /scratch/eknodel/SCC_samples/cell_lines/Progeny/strelka/DNA_483-SC-01-B6_9-3-21_133_060_S138_L002/results/variants/somatic.indels.pass.vcf.gz
    jobid: 3
    wildcards: subject=DNA_483-SC-01-B6_9-3-21_133_060_S138_L002

Submitted job 3 with external jobid 'Submitted batch job 15985973'.
[Tue May 31 20:55:15 2022]
Finished job 3.
2 of 3 steps (67%) done

[Tue May 31 20:55:15 2022]
localrule all:
    input: /scratch/eknodel/SCC_samples/cell_lines/Progeny/strelka/DNA_483-SC-01-B6_9-3-21_133_060_S138_L002/runWorkflow.py, /scratch/eknodel/SCC_samples/cell_lines/Progeny/strelka/DNA_483-SC-01-B6_9-3-21_133_060_S138_L002/results/variants/somatic.snvs.vcf.gz, /scratch/eknodel/SCC_samples/cell_lines/Progeny/strelka/DNA_483-SC-01-B6_9-3-21_133_060_S138_L002/results/variants/somatic.indels.vcf.gz, /scratch/eknodel/SCC_samples/cell_lines/Progeny/strelka/DNA_483-SC-01-B6_9-3-21_133_060_S138_L002/results/variants/somatic.snvs.pass.vcf.gz, /scratch/eknodel/SCC_samples/cell_lines/Progeny/strelka/DNA_483-SC-01-B6_9-3-21_133_060_S138_L002/results/variants/somatic.indels.pass.vcf.gz
    jobid: 0

[Tue May 31 20:55:15 2022]
Finished job 0.
3 of 3 steps (100%) done
Complete log: /home/eknodel/SCC_samples/Progeny/.snakemake/log/2022-05-31T203601.513595.snakemake.log
