Building DAG of jobs...
Using shell: /usr/bin/bash
Provided cluster nodes: 1
Job counts:
	count	jobs
	1	all
	1	map
	2

[Fri May 27 10:30:08 2022]
rule map:
    input: /scratch/eknodel/SCC_samples/cell_lines/Progeny/trimmed_fastqs/DNA_483-SC-01-B6_9-3-21_133_060_S138_L002_trimmed_read1.fastq.gz, /scratch/eknodel/SCC_samples/cell_lines/Progeny/trimmed_fastqs/DNA_483-SC-01-B6_9-3-21_133_060_S138_L002_trimmed_read2.fastq.gz, /data/CEM/shared/public_data/references/ensemble_GRCm38.68/GRCm38_68.fa.fai, /data/CEM/shared/public_data/references/ensemble_GRCm38.68/GRCm38_68.fa
    output: /scratch/eknodel/SCC_samples/cell_lines/Progeny/processed_bams/DNA_483-SC-01-B6_9-3-21_133_060_S138_L002.GRCm38_68.sorted.bam
    jobid: 1
    wildcards: sample=DNA_483-SC-01-B6_9-3-21_133_060_S138_L002
    threads: 4

Submitted job 1 with external jobid 'Submitted batch job 15913759'.
[Fri May 27 20:30:02 2022]
Finished job 1.
1 of 2 steps (50%) done

[Fri May 27 20:30:02 2022]
localrule all:
    input: /scratch/eknodel/SCC_samples/cell_lines/Progeny/processed_bams/DNA_483-SC-01-B6_9-3-21_133_060_S138_L002.GRCm38_68.sorted.bam
    jobid: 0

[Fri May 27 20:30:02 2022]
Finished job 0.
2 of 2 steps (100%) done
Complete log: /home/eknodel/SCC_samples/Progeny/.snakemake/log/2022-05-27T103007.943162.snakemake.log
