Building DAG of jobs...
Using shell: /usr/bin/bash
Provided cores: 1 (use --cores to define parallelism)
Rules claiming more threads will be scaled down.
Select jobs to execute...

[Tue Nov 15 15:39:04 2022]
rule collect_fragment_counts:
    input: /scratch/eknodel/SCC_samples/Parent_tumors/processed_bams/gDNA_244_25_2E1_chu_329_248_S59_L004.GRCm38_68.sorted.mkdup.bam, targets_C.preprocessed.interval_list, /data/CEM/shared/public_data/references/ensemble_GRCm38.68/GRCm38_68.fa
    output: cnv_files/gDNA_244_25_2E1_chu_329_248_S59_L004_tumor.counts.hdf5
    jobid: 0
    wildcards: subject=gDNA_244_25_2E1_chu_329_248_S59_L004
    resources: mem_mb=10505, disk_mb=10505, tmpdir=/tmp

15:39:07.697 INFO  NativeLibraryLoader - Loading libgkl_compression.so from jar:file:/home/eknodel/gatk-4.1.7.0/gatk-package-4.1.7.0-local.jar!/com/intel/gkl/native/libgkl_compression.so
Nov 15, 2022 3:39:08 PM shaded.cloud_nio.com.google.auth.oauth2.ComputeEngineCredentials runningOnComputeEngine
INFO: Failed to detect whether we are running on Google Compute Engine.
15:39:08.017 INFO  CollectReadCounts - ------------------------------------------------------------
15:39:08.017 INFO  CollectReadCounts - The Genome Analysis Toolkit (GATK) v4.1.7.0
15:39:08.017 INFO  CollectReadCounts - For support and documentation go to https://software.broadinstitute.org/gatk/
15:39:08.017 INFO  CollectReadCounts - Executing as eknodel@s76-7.agave.rc.asu.edu on Linux v3.10.0-1160.21.1.el7.x86_64 amd64
15:39:08.017 INFO  CollectReadCounts - Java runtime: OpenJDK 64-Bit Server VM v1.8.0_352-b08
15:39:08.018 INFO  CollectReadCounts - Start Date/Time: November 15, 2022 3:39:07 PM MST
15:39:08.018 INFO  CollectReadCounts - ------------------------------------------------------------
15:39:08.018 INFO  CollectReadCounts - ------------------------------------------------------------
15:39:08.018 INFO  CollectReadCounts - HTSJDK Version: 2.21.2
15:39:08.018 INFO  CollectReadCounts - Picard Version: 2.21.9
15:39:08.018 INFO  CollectReadCounts - HTSJDK Defaults.COMPRESSION_LEVEL : 2
15:39:08.018 INFO  CollectReadCounts - HTSJDK Defaults.USE_ASYNC_IO_READ_FOR_SAMTOOLS : false
15:39:08.018 INFO  CollectReadCounts - HTSJDK Defaults.USE_ASYNC_IO_WRITE_FOR_SAMTOOLS : true
15:39:08.018 INFO  CollectReadCounts - HTSJDK Defaults.USE_ASYNC_IO_WRITE_FOR_TRIBBLE : false
15:39:08.018 INFO  CollectReadCounts - Deflater: IntelDeflater
15:39:08.018 INFO  CollectReadCounts - Inflater: IntelInflater
15:39:08.018 INFO  CollectReadCounts - GCS max retries/reopens: 20
15:39:08.018 INFO  CollectReadCounts - Requester pays: disabled
15:39:08.018 INFO  CollectReadCounts - Initializing engine
15:39:08.628 INFO  FeatureManager - Using codec IntervalListCodec to read file file:///home/eknodel/SCC_samples/Parent_tumors/GATK_CNV/targets_C.preprocessed.interval_list
15:39:10.873 INFO  IntervalArgumentCollection - Processing 188874319 bp from intervals
15:39:10.914 INFO  CollectReadCounts - Done initializing engine
15:39:10.919 INFO  CollectReadCounts - Collecting read counts...
15:39:10.919 INFO  ProgressMeter - Starting traversal
15:39:10.919 INFO  ProgressMeter -        Current Locus  Elapsed Minutes       Reads Processed     Reads/Minute
15:39:20.920 INFO  ProgressMeter -          1:165882949              0.2               3234000       19404000.0
15:39:30.921 INFO  ProgressMeter -          11:70170321              0.3               8212000       24634768.3
15:39:40.920 INFO  ProgressMeter -          13:48870665              0.5              13189000       26377120.8
15:39:50.920 INFO  ProgressMeter -         15:101814408              0.7              18098000       27146321.3
15:40:00.920 INFO  ProgressMeter -          18:64390863              0.8              22902000       27481850.4
15:40:10.922 INFO  ProgressMeter -          2:102449704              1.0              27738000       27737075.4
15:40:20.921 INFO  ProgressMeter -           3:96173509              1.2              32525000       27877774.9
15:40:30.921 INFO  ProgressMeter -          4:129638995              1.3              37326000       27993800.2
15:40:40.923 INFO  ProgressMeter -          5:150523193              1.5              42058000       28037732.1
15:40:50.922 INFO  ProgressMeter -           7:86731650              1.7              46842000       28104356.9
15:41:00.923 INFO  ProgressMeter -           9:64131643              1.8              51390000       28030144.6
15:41:07.552 INFO  CollectReadCounts - 0 read(s) filtered by: WellformedReadFilter 
3134 read(s) filtered by: MappedReadFilter 
0 read(s) filtered by: NonZeroReferenceLengthAlignmentReadFilter 
7701608 read(s) filtered by: NotDuplicateReadFilter 
2409787 read(s) filtered by: MappingQualityReadFilter 
10114529 total reads filtered
15:41:07.552 INFO  ProgressMeter -    JH584299.1:315052              1.9              54130065       27846354.8
15:41:07.553 INFO  ProgressMeter - Traversal complete. Processed 54130065 total reads in 1.9 minutes.
15:41:07.553 INFO  CollectReadCounts - Writing read counts to /home/eknodel/SCC_samples/Parent_tumors/GATK_CNV/cnv_files/gDNA_244_25_2E1_chu_329_248_S59_L004_tumor.counts.hdf5...
log4j:WARN No appenders could be found for logger (org.broadinstitute.hdf5.HDF5Library).
log4j:WARN Please initialize the log4j system properly.
log4j:WARN See http://logging.apache.org/log4j/1.2/faq.html#noconfig for more info.
15:41:08.166 INFO  CollectReadCounts - CollectReadCounts complete.
15:41:08.166 INFO  CollectReadCounts - Shutting down engine
[November 15, 2022 3:41:08 PM MST] org.broadinstitute.hellbender.tools.copynumber.CollectReadCounts done. Elapsed time: 2.01 minutes.
Runtime.totalMemory()=792788992
Using GATK jar /home/eknodel/gatk-4.1.7.0/gatk-package-4.1.7.0-local.jar
Running:
    java -Dsamjdk.use_async_io_read_samtools=false -Dsamjdk.use_async_io_write_samtools=true -Dsamjdk.use_async_io_write_tribble=false -Dsamjdk.compression_level=2 -jar /home/eknodel/gatk-4.1.7.0/gatk-package-4.1.7.0-local.jar CollectReadCounts -I /scratch/eknodel/SCC_samples/Parent_tumors/processed_bams/gDNA_244_25_2E1_chu_329_248_S59_L004.GRCm38_68.sorted.mkdup.bam -L targets_C.preprocessed.interval_list --interval-merging-rule OVERLAPPING_ONLY -O cnv_files/gDNA_244_25_2E1_chu_329_248_S59_L004_tumor.counts.hdf5
[Tue Nov 15 15:41:08 2022]
Finished job 0.
1 of 1 steps (100%) done
