Building DAG of jobs...
Using shell: /usr/bin/bash
Provided cores: 1 (use --cores to define parallelism)
Rules claiming more threads will be scaled down.
Select jobs to execute...

[Tue Nov 15 15:41:48 2022]
rule standardize_tumor:
    input: cnv_files/gDNA_244_25_2E1_chu_329_248_S59_L004_tumor.counts.hdf5, cnv_files/pon.hdf5
    output: cnv_files/gDNA_244_25_2E1_chu_329_248_S59_L004_tumor.standardizedCR.tsv, cnv_files/gDNA_244_25_2E1_chu_329_248_S59_L004_tumor.denoisedCR.tsv
    jobid: 0
    wildcards: subject=gDNA_244_25_2E1_chu_329_248_S59_L004
    resources: mem_mb=1000, disk_mb=1000, tmpdir=/tmp

15:41:52.069 INFO  NativeLibraryLoader - Loading libgkl_compression.so from jar:file:/home/eknodel/gatk-4.1.7.0/gatk-package-4.1.7.0-local.jar!/com/intel/gkl/native/libgkl_compression.so
Nov 15, 2022 3:41:52 PM shaded.cloud_nio.com.google.auth.oauth2.ComputeEngineCredentials runningOnComputeEngine
INFO: Failed to detect whether we are running on Google Compute Engine.
15:41:52.387 INFO  DenoiseReadCounts - ------------------------------------------------------------
15:41:52.388 INFO  DenoiseReadCounts - The Genome Analysis Toolkit (GATK) v4.1.7.0
15:41:52.388 INFO  DenoiseReadCounts - For support and documentation go to https://software.broadinstitute.org/gatk/
15:41:52.388 INFO  DenoiseReadCounts - Executing as eknodel@s76-5.agave.rc.asu.edu on Linux v3.10.0-1160.15.2.el7.x86_64 amd64
15:41:52.388 INFO  DenoiseReadCounts - Java runtime: OpenJDK 64-Bit Server VM v1.8.0_352-b08
15:41:52.388 INFO  DenoiseReadCounts - Start Date/Time: November 15, 2022 3:41:52 PM MST
15:41:52.388 INFO  DenoiseReadCounts - ------------------------------------------------------------
15:41:52.388 INFO  DenoiseReadCounts - ------------------------------------------------------------
15:41:52.389 INFO  DenoiseReadCounts - HTSJDK Version: 2.21.2
15:41:52.389 INFO  DenoiseReadCounts - Picard Version: 2.21.9
15:41:52.389 INFO  DenoiseReadCounts - HTSJDK Defaults.COMPRESSION_LEVEL : 2
15:41:52.389 INFO  DenoiseReadCounts - HTSJDK Defaults.USE_ASYNC_IO_READ_FOR_SAMTOOLS : false
15:41:52.389 INFO  DenoiseReadCounts - HTSJDK Defaults.USE_ASYNC_IO_WRITE_FOR_SAMTOOLS : true
15:41:52.389 INFO  DenoiseReadCounts - HTSJDK Defaults.USE_ASYNC_IO_WRITE_FOR_TRIBBLE : false
15:41:52.389 INFO  DenoiseReadCounts - Deflater: IntelDeflater
15:41:52.389 INFO  DenoiseReadCounts - Inflater: IntelInflater
15:41:52.389 INFO  DenoiseReadCounts - GCS max retries/reopens: 20
15:41:52.389 INFO  DenoiseReadCounts - Requester pays: disabled
15:41:52.389 INFO  DenoiseReadCounts - Initializing engine
15:41:52.389 INFO  DenoiseReadCounts - Done initializing engine
log4j:WARN No appenders could be found for logger (org.broadinstitute.hdf5.HDF5Library).
log4j:WARN Please initialize the log4j system properly.
log4j:WARN See http://logging.apache.org/log4j/1.2/faq.html#noconfig for more info.
15:41:52.465 INFO  DenoiseReadCounts - Reading read-counts file (cnv_files/gDNA_244_25_2E1_chu_329_248_S59_L004_tumor.counts.hdf5)...
HDF5-DIAG: Error detected in HDF5 (1.8.14) thread 0:
  #000: /mnt/scr1/abyrne/HDFJava-platypus-2.11/native/HDF5-prefix/src/HDF5/src/H5D.c line 358 in H5Dopen2(): not found
    major: Dataset
    minor: Object not found
  #001: /mnt/scr1/abyrne/HDFJava-platypus-2.11/native/HDF5-prefix/src/HDF5/src/H5Gloc.c line 430 in H5G_loc_find(): can't find object
    major: Symbol table
    minor: Object not found
  #002: /mnt/scr1/abyrne/HDFJava-platypus-2.11/native/HDF5-prefix/src/HDF5/src/H5Gtraverse.c line 861 in H5G_traverse(): internal path traversal failed
    major: Symbol table
    minor: Object not found
  #003: /mnt/scr1/abyrne/HDFJava-platypus-2.11/native/HDF5-prefix/src/HDF5/src/H5Gtraverse.c line 755 in H5G_traverse_real(): component not found
    major: Symbol table
    minor: Object not found
HDF5-DIAG: Error detected in HDF5 (1.8.14) thread 0:
  #000: /mnt/scr1/abyrne/HDFJava-platypus-2.11/native/HDF5-prefix/src/HDF5/src/H5D.c line 358 in H5Dopen2(): not found
    major: Dataset
    minor: Object not found
  #001: /mnt/scr1/abyrne/HDFJava-platypus-2.11/native/HDF5-prefix/src/HDF5/src/H5Gloc.c line 430 in H5G_loc_find(): can't find object
    major: Symbol table
    minor: Object not found
  #002: /mnt/scr1/abyrne/HDFJava-platypus-2.11/native/HDF5-prefix/src/HDF5/src/H5Gtraverse.c line 861 in H5G_traverse(): internal path traversal failed
    major: Symbol table
    minor: Object not found
  #003: /mnt/scr1/abyrne/HDFJava-platypus-2.11/native/HDF5-prefix/src/HDF5/src/H5Gtraverse.c line 755 in H5G_traverse_real(): component not found
    major: Symbol table
    minor: Object not found
15:41:52.917 INFO  SVDDenoisingUtils - Validating sample intervals against original intervals used to build panel of normals...
15:41:53.024 INFO  SVDDenoisingUtils - Preprocessing and standardizing sample read counts...
15:41:53.057 INFO  SVDDenoisingUtils - Preprocessing read counts...
15:41:53.058 INFO  SVDDenoisingUtils - Transforming read counts to fractional coverage...
15:41:53.095 INFO  SVDDenoisingUtils - Subsetting sample intervals to post-filter panel intervals...
15:41:53.207 INFO  SVDDenoisingUtils - Dividing by interval medians from the panel of normals...
15:41:53.225 INFO  SVDDenoisingUtils - Sample read counts preprocessed.
15:41:53.225 INFO  SVDDenoisingUtils - Standardizing read counts...
15:41:53.225 INFO  SVDDenoisingUtils - Dividing by sample medians and transforming to log2 space...
15:41:53.276 INFO  SVDDenoisingUtils - Subtracting sample median...
15:41:53.307 INFO  SVDDenoisingUtils - Sample read counts standardized.
15:41:53.307 WARN  SVDDenoisingUtils - A zero number of eigensamples was specified or no eigensamples were available to perform denoising; denoised copy ratios will be identical to the standardized copy ratios...
15:41:53.307 INFO  SVDDenoisingUtils - Sample denoised.
15:41:53.610 INFO  DenoiseReadCounts - Writing standardized and denoised copy ratios to /home/eknodel/SCC_samples/Parent_tumors/GATK_CNV/cnv_files/gDNA_244_25_2E1_chu_329_248_S59_L004_tumor.standardizedCR.tsv and /home/eknodel/SCC_samples/Parent_tumors/GATK_CNV/cnv_files/gDNA_244_25_2E1_chu_329_248_S59_L004_tumor.denoisedCR.tsv...
15:41:55.607 INFO  DenoiseReadCounts - DenoiseReadCounts complete.
15:41:55.607 INFO  DenoiseReadCounts - Shutting down engine
[November 15, 2022 3:41:55 PM MST] org.broadinstitute.hellbender.tools.copynumber.DenoiseReadCounts done. Elapsed time: 0.06 minutes.
Runtime.totalMemory()=792788992
Using GATK jar /home/eknodel/gatk-4.1.7.0/gatk-package-4.1.7.0-local.jar
Running:
    java -Dsamjdk.use_async_io_read_samtools=false -Dsamjdk.use_async_io_write_samtools=true -Dsamjdk.use_async_io_write_tribble=false -Dsamjdk.compression_level=2 -Xmx12g -jar /home/eknodel/gatk-4.1.7.0/gatk-package-4.1.7.0-local.jar DenoiseReadCounts -I cnv_files/gDNA_244_25_2E1_chu_329_248_S59_L004_tumor.counts.hdf5 --count-panel-of-normals cnv_files/pon.hdf5 --standardized-copy-ratios cnv_files/gDNA_244_25_2E1_chu_329_248_S59_L004_tumor.standardizedCR.tsv --denoised-copy-ratios cnv_files/gDNA_244_25_2E1_chu_329_248_S59_L004_tumor.denoisedCR.tsv
[Tue Nov 15 15:41:55 2022]
Finished job 0.
1 of 1 steps (100%) done
