Building DAG of jobs...
Using shell: /usr/bin/bash
Provided cores: 6
Rules claiming more threads will be scaled down.
Job counts:
	count	jobs
	1	filter
	1

[Sat Sep 24 23:55:26 2022]
rule filter:
    input: /data/CEM/shared/public_data/references/ensemble_GRCm38.68/GRCm38_68.fa, /scratch/eknodel/SCC_samples/Parent_cell_lines/gatk_mutect2/244_1_Chu_02_B7_352_225_S2_L003.somatic.vcf.gz
    output: /scratch/eknodel/SCC_samples/Parent_cell_lines/gatk_mutect2/244_1_Chu_02_B7_352_225_S2_L003.somatic.filtered.vcf.gz
    jobid: 0
    wildcards: subject=244_1_Chu_02_B7_352_225_S2_L003

23:55:28.112 INFO  NativeLibraryLoader - Loading libgkl_compression.so from jar:file:/home/eknodel/gatk-4.1.7.0/gatk-package-4.1.7.0-local.jar!/com/intel/gkl/native/libgkl_compression.so
Sep 24, 2022 11:55:28 PM shaded.cloud_nio.com.google.auth.oauth2.ComputeEngineCredentials runningOnComputeEngine
INFO: Failed to detect whether we are running on Google Compute Engine.
23:55:28.303 INFO  FilterMutectCalls - ------------------------------------------------------------
23:55:28.304 INFO  FilterMutectCalls - The Genome Analysis Toolkit (GATK) v4.1.7.0
23:55:28.304 INFO  FilterMutectCalls - For support and documentation go to https://software.broadinstitute.org/gatk/
23:55:28.304 INFO  FilterMutectCalls - Executing as eknodel@cg17-13.agave.rc.asu.edu on Linux v3.10.0-1160.21.1.el7.x86_64 amd64
23:55:28.304 INFO  FilterMutectCalls - Java runtime: OpenJDK 64-Bit Server VM v11.0.1-internal+0-adhoc..src
23:55:28.304 INFO  FilterMutectCalls - Start Date/Time: September 24, 2022 at 11:55:28 PM MST
23:55:28.304 INFO  FilterMutectCalls - ------------------------------------------------------------
23:55:28.304 INFO  FilterMutectCalls - ------------------------------------------------------------
23:55:28.305 INFO  FilterMutectCalls - HTSJDK Version: 2.21.2
23:55:28.305 INFO  FilterMutectCalls - Picard Version: 2.21.9
23:55:28.305 INFO  FilterMutectCalls - HTSJDK Defaults.COMPRESSION_LEVEL : 2
23:55:28.305 INFO  FilterMutectCalls - HTSJDK Defaults.USE_ASYNC_IO_READ_FOR_SAMTOOLS : false
23:55:28.305 INFO  FilterMutectCalls - HTSJDK Defaults.USE_ASYNC_IO_WRITE_FOR_SAMTOOLS : true
23:55:28.305 INFO  FilterMutectCalls - HTSJDK Defaults.USE_ASYNC_IO_WRITE_FOR_TRIBBLE : false
23:55:28.305 INFO  FilterMutectCalls - Deflater: IntelDeflater
23:55:28.305 INFO  FilterMutectCalls - Inflater: IntelInflater
23:55:28.305 INFO  FilterMutectCalls - GCS max retries/reopens: 20
23:55:28.305 INFO  FilterMutectCalls - Requester pays: disabled
23:55:28.305 INFO  FilterMutectCalls - Initializing engine
23:55:28.539 INFO  FeatureManager - Using codec VCFCodec to read file file:///scratch/eknodel/SCC_samples/Parent_cell_lines/gatk_mutect2/244_1_Chu_02_B7_352_225_S2_L003.somatic.vcf.gz
23:55:28.663 INFO  FilterMutectCalls - Done initializing engine
23:55:28.757 INFO  ProgressMeter - Starting traversal
23:55:28.758 INFO  ProgressMeter -        Current Locus  Elapsed Minutes    Variants Processed  Variants/Minute
23:55:28.758 INFO  FilterMutectCalls - Starting pass 0 through the variants
23:55:38.093 INFO  FilterMutectCalls - Finished pass 0 through the variants
23:56:20.307 INFO  FilterMutectCalls - Starting pass 1 through the variants
23:56:20.371 INFO  ProgressMeter -           1:26685526              0.9                 60000          69751.2
23:56:28.894 INFO  FilterMutectCalls - Finished pass 1 through the variants
23:56:36.027 INFO  FilterMutectCalls - Starting pass 2 through the variants
23:56:36.119 INFO  ProgressMeter -           1:44206362              1.1                120000         106886.8
23:56:43.961 INFO  FilterMutectCalls - Finished pass 2 through the variants
23:56:43.985 INFO  FilterMutectCalls - Starting pass 3 through the variants
23:56:46.212 INFO  ProgressMeter -         11:109573508              1.3                190000         147184.1
23:56:54.434 INFO  FilterMutectCalls - Finished pass 3 through the variants
23:56:54.473 INFO  FilterMutectCalls - No variants filtered by: AllowAllVariantsVariantFilter
23:56:54.473 INFO  FilterMutectCalls - 0 read(s) filtered by: AllowAllReadsReadFilter 

23:56:54.474 INFO  ProgressMeter -          X:127394407              1.4                238576         167001.8
23:56:54.474 INFO  ProgressMeter - Traversal complete. Processed 238576 total variants in 1.4 minutes.
23:56:54.547 INFO  FilterMutectCalls - Shutting down engine
[September 24, 2022 at 11:56:54 PM MST] org.broadinstitute.hellbender.tools.walkers.mutect.filtering.FilterMutectCalls done. Elapsed time: 1.44 minutes.
Runtime.totalMemory()=1182793728
Using GATK jar /home/eknodel/gatk-4.1.7.0/gatk-package-4.1.7.0-local.jar
Running:
    java -Dsamjdk.use_async_io_read_samtools=false -Dsamjdk.use_async_io_write_samtools=true -Dsamjdk.use_async_io_write_tribble=false -Dsamjdk.compression_level=2 -jar /home/eknodel/gatk-4.1.7.0/gatk-package-4.1.7.0-local.jar FilterMutectCalls -R /data/CEM/shared/public_data/references/ensemble_GRCm38.68/GRCm38_68.fa -V /scratch/eknodel/SCC_samples/Parent_cell_lines/gatk_mutect2/244_1_Chu_02_B7_352_225_S2_L003.somatic.vcf.gz -O /scratch/eknodel/SCC_samples/Parent_cell_lines/gatk_mutect2/244_1_Chu_02_B7_352_225_S2_L003.somatic.filtered.vcf.gz
[Sat Sep 24 23:56:54 2022]
Finished job 0.
1 of 1 steps (100%) done
