Building DAG of jobs...
Using shell: /usr/bin/bash
Provided cores: 6
Rules claiming more threads will be scaled down.
Job counts:
	count	jobs
	1	select_pass_variants
	1

[Sat Sep 24 23:57:55 2022]
rule select_pass_variants:
    input: /data/CEM/shared/public_data/references/ensemble_GRCm38.68/GRCm38_68.fa, /scratch/eknodel/SCC_samples/Parent_cell_lines/gatk_mutect2/244_1_Chu_02_B7_352_225_S2_L003.somatic.filtered.vcf.gz
    output: /scratch/eknodel/SCC_samples/Parent_cell_lines/gatk_mutect2/244_1_Chu_02_B7_352_225_S2_L003.somatic.filtered.pass.vcf.gz
    jobid: 0
    wildcards: subject=244_1_Chu_02_B7_352_225_S2_L003

23:57:57.213 INFO  NativeLibraryLoader - Loading libgkl_compression.so from jar:file:/home/eknodel/gatk-4.1.7.0/gatk-package-4.1.7.0-local.jar!/com/intel/gkl/native/libgkl_compression.so
Sep 24, 2022 11:57:57 PM shaded.cloud_nio.com.google.auth.oauth2.ComputeEngineCredentials runningOnComputeEngine
INFO: Failed to detect whether we are running on Google Compute Engine.
23:57:57.414 INFO  SelectVariants - ------------------------------------------------------------
23:57:57.414 INFO  SelectVariants - The Genome Analysis Toolkit (GATK) v4.1.7.0
23:57:57.414 INFO  SelectVariants - For support and documentation go to https://software.broadinstitute.org/gatk/
23:57:57.414 INFO  SelectVariants - Executing as eknodel@cg17-13.agave.rc.asu.edu on Linux v3.10.0-1160.21.1.el7.x86_64 amd64
23:57:57.414 INFO  SelectVariants - Java runtime: OpenJDK 64-Bit Server VM v11.0.1-internal+0-adhoc..src
23:57:57.414 INFO  SelectVariants - Start Date/Time: September 24, 2022 at 11:57:57 PM MST
23:57:57.414 INFO  SelectVariants - ------------------------------------------------------------
23:57:57.415 INFO  SelectVariants - ------------------------------------------------------------
23:57:57.415 INFO  SelectVariants - HTSJDK Version: 2.21.2
23:57:57.415 INFO  SelectVariants - Picard Version: 2.21.9
23:57:57.415 INFO  SelectVariants - HTSJDK Defaults.COMPRESSION_LEVEL : 2
23:57:57.415 INFO  SelectVariants - HTSJDK Defaults.USE_ASYNC_IO_READ_FOR_SAMTOOLS : false
23:57:57.415 INFO  SelectVariants - HTSJDK Defaults.USE_ASYNC_IO_WRITE_FOR_SAMTOOLS : true
23:57:57.415 INFO  SelectVariants - HTSJDK Defaults.USE_ASYNC_IO_WRITE_FOR_TRIBBLE : false
23:57:57.415 INFO  SelectVariants - Deflater: IntelDeflater
23:57:57.416 INFO  SelectVariants - Inflater: IntelInflater
23:57:57.416 INFO  SelectVariants - GCS max retries/reopens: 20
23:57:57.416 INFO  SelectVariants - Requester pays: disabled
23:57:57.416 INFO  SelectVariants - Initializing engine
23:57:57.592 INFO  FeatureManager - Using codec VCFCodec to read file file:///scratch/eknodel/SCC_samples/Parent_cell_lines/gatk_mutect2/244_1_Chu_02_B7_352_225_S2_L003.somatic.filtered.vcf.gz
23:57:57.697 INFO  SelectVariants - Done initializing engine
23:57:58.152 INFO  ProgressMeter - Starting traversal
23:57:58.153 INFO  ProgressMeter -        Current Locus  Elapsed Minutes    Variants Processed  Variants/Minute
23:58:00.377 INFO  ProgressMeter -          X:107682287              0.0                 59644        1609824.6
23:58:00.377 INFO  ProgressMeter - Traversal complete. Processed 59644 total variants in 0.0 minutes.
23:58:00.427 INFO  SelectVariants - Shutting down engine
[September 24, 2022 at 11:58:00 PM MST] org.broadinstitute.hellbender.tools.walkers.variantutils.SelectVariants done. Elapsed time: 0.05 minutes.
Runtime.totalMemory()=985661440
Using GATK jar /home/eknodel/gatk-4.1.7.0/gatk-package-4.1.7.0-local.jar
Running:
    java -Dsamjdk.use_async_io_read_samtools=false -Dsamjdk.use_async_io_write_samtools=true -Dsamjdk.use_async_io_write_tribble=false -Dsamjdk.compression_level=2 -jar /home/eknodel/gatk-4.1.7.0/gatk-package-4.1.7.0-local.jar SelectVariants -R /data/CEM/shared/public_data/references/ensemble_GRCm38.68/GRCm38_68.fa -V /scratch/eknodel/SCC_samples/Parent_cell_lines/gatk_mutect2/244_1_Chu_02_B7_352_225_S2_L003.somatic.filtered.vcf.gz --exclude-filtered -O /scratch/eknodel/SCC_samples/Parent_cell_lines/gatk_mutect2/244_1_Chu_02_B7_352_225_S2_L003.somatic.filtered.pass.vcf.gz
[Sat Sep 24 23:58:00 2022]
Finished job 0.
1 of 1 steps (100%) done
