Provided cluster nodes: 15
Job counts:
	count	jobs
	1	all
	2	hisat2_xx_align_reads
	2	xx_xy_index_bam
	2	xx_xy_sam_to_bam
	2	xx_xy_sort_bam
	9

rule hisat2_xx_align_reads:
    input: /scratch/eknodel/SCC_samples/cell_lines/Progeny/RNAseq/trimmed_fastqs/483_sc_01_B6-1_366_211_S58_L003_trimmed_read1.fastq.gz, /scratch/eknodel/SCC_samples/cell_lines/Progeny/RNAseq/trimmed_fastqs/483_sc_01_B6-1_366_211_S58_L003_trimmed_read2.fastq.gz
    output: /scratch/eknodel/SCC_samples/cell_lines/Progeny/RNAseq/sam/483_sc_01_B6-1_366_211_S58_L003_RNA_HISAT2_genome_aligned.sam
    jobid: 5
    wildcards: sample=483_sc_01_B6-1_366_211_S58_L003


rule hisat2_xx_align_reads:
    input: /scratch/eknodel/SCC_samples/cell_lines/Progeny/RNAseq/trimmed_fastqs/483_sc_01_B6-2_354_223_S59_L003_trimmed_read1.fastq.gz, /scratch/eknodel/SCC_samples/cell_lines/Progeny/RNAseq/trimmed_fastqs/483_sc_01_B6-2_354_223_S59_L003_trimmed_read2.fastq.gz
    output: /scratch/eknodel/SCC_samples/cell_lines/Progeny/RNAseq/sam/483_sc_01_B6-2_354_223_S59_L003_RNA_HISAT2_genome_aligned.sam
    jobid: 8
    wildcards: sample=483_sc_01_B6-2_354_223_S59_L003

Finished job 5.
1 of 9 steps (11%) done

Converting SAM to BAM, only outputting mapped reads.

Finished job 8.
2 of 9 steps (22%) done

Converting SAM to BAM, only outputting mapped reads.

Finished job 4.
3 of 9 steps (33%) done

Sorting BAM file.

Finished job 6.
4 of 9 steps (44%) done

Sorting BAM file.

Finished job 7.
5 of 9 steps (56%) done

Indexing sorted BAM file.

Finished job 2.
6 of 9 steps (67%) done
Finished job 1.
7 of 9 steps (78%) done

Indexing sorted BAM file.

Finished job 3.
8 of 9 steps (89%) done

localrule all:
    input: /scratch/eknodel/SCC_samples/cell_lines/Progeny/RNAseq/sam/483_sc_01_B6-1_366_211_S58_L003_RNA_HISAT2_genome_aligned.sam, /scratch/eknodel/SCC_samples/cell_lines/Progeny/RNAseq/sam/483_sc_01_B6-2_354_223_S59_L003_RNA_HISAT2_genome_aligned.sam, /scratch/eknodel/SCC_samples/cell_lines/Progeny/RNAseq/bam/483_sc_01_B6-1_366_211_S58_L003_RNA_HISAT2_genome_aligned.bam, /scratch/eknodel/SCC_samples/cell_lines/Progeny/RNAseq/bam/483_sc_01_B6-2_354_223_S59_L003_RNA_HISAT2_genome_aligned.bam, /scratch/eknodel/SCC_samples/cell_lines/Progeny/RNAseq/sorted_bam/483_sc_01_B6-1_366_211_S58_L003_RNA_HISAT2_genome_aligned_sortedbycoord.bam, /scratch/eknodel/SCC_samples/cell_lines/Progeny/RNAseq/sorted_bam/483_sc_01_B6-2_354_223_S59_L003_RNA_HISAT2_genome_aligned_sortedbycoord.bam, /scratch/eknodel/SCC_samples/cell_lines/Progeny/RNAseq/sorted_bam/483_sc_01_B6-1_366_211_S58_L003_RNA_HISAT2_genome_aligned_sortedbycoord.bam.bai, /scratch/eknodel/SCC_samples/cell_lines/Progeny/RNAseq/sorted_bam/483_sc_01_B6-2_354_223_S59_L003_RNA_HISAT2_genome_aligned_sortedbycoord.bam.bai
    jobid: 0

Finished job 0.
9 of 9 steps (100%) done
