Building DAG of jobs...
Using shell: /usr/bin/bash
Provided cluster nodes: 40
Job counts:
	count	jobs
	1	all
	2	trim_adapters_paired_bbduk
	2	trimmed_fastqc_analysis
	1	trimmed_multiqc_analysis
	6

[Fri Sep 16 13:41:34 2022]
rule trim_adapters_paired_bbduk:
    input: /data/CEM/shared/public_data/mouse_SCC_cell_lines/Progeny/RNAseq/483_sc_01_B6-1_366_211_S58_L003_R1_001.fastq.gz, /data/CEM/shared/public_data/mouse_SCC_cell_lines/Progeny/RNAseq/483_sc_01_B6-1_366_211_S58_L003_R2_001.fastq.gz
    output: /scratch/eknodel/SCC_samples/cell_lines/Progeny/RNAseq/trimmed_fastqs/483_sc_01_B6-1_366_211_S58_L003_trimmed_read1.fastq.gz, /scratch/eknodel/SCC_samples/cell_lines/Progeny/RNAseq/trimmed_fastqs/483_sc_01_B6-1_366_211_S58_L003_trimmed_read2.fastq.gz
    jobid: 4
    wildcards: sample=483_sc_01_B6-1_366_211_S58_L003
    threads: 2

Submitted job 4 with external jobid 'Submitted batch job 17504886'.

[Fri Sep 16 13:41:34 2022]
rule trim_adapters_paired_bbduk:
    input: /data/CEM/shared/public_data/mouse_SCC_cell_lines/Progeny/RNAseq/483_sc_01_B6-2_354_223_S59_L003_R1_001.fastq.gz, /data/CEM/shared/public_data/mouse_SCC_cell_lines/Progeny/RNAseq/483_sc_01_B6-2_354_223_S59_L003_R2_001.fastq.gz
    output: /scratch/eknodel/SCC_samples/cell_lines/Progeny/RNAseq/trimmed_fastqs/483_sc_01_B6-2_354_223_S59_L003_trimmed_read1.fastq.gz, /scratch/eknodel/SCC_samples/cell_lines/Progeny/RNAseq/trimmed_fastqs/483_sc_01_B6-2_354_223_S59_L003_trimmed_read2.fastq.gz
    jobid: 5
    wildcards: sample=483_sc_01_B6-2_354_223_S59_L003
    threads: 2

Submitted job 5 with external jobid 'Submitted batch job 17504887'.
[Fri Sep 16 13:43:34 2022]
Finished job 5.
1 of 6 steps (17%) done

[Fri Sep 16 13:43:34 2022]
rule trimmed_fastqc_analysis:
    input: /scratch/eknodel/SCC_samples/cell_lines/Progeny/RNAseq/trimmed_fastqs/483_sc_01_B6-2_354_223_S59_L003_trimmed_read1.fastq.gz, /scratch/eknodel/SCC_samples/cell_lines/Progeny/RNAseq/trimmed_fastqs/483_sc_01_B6-2_354_223_S59_L003_trimmed_read2.fastq.gz
    output: /scratch/eknodel/SCC_samples/cell_lines/Progeny/RNAseq/trimmed_fastqc_results/483_sc_01_B6-2_354_223_S59_L003_trimmed_read1_fastqc.html, /scratch/eknodel/SCC_samples/cell_lines/Progeny/RNAseq/trimmed_fastqc_results/483_sc_01_B6-2_354_223_S59_L003_trimmed_read2_fastqc.html
    jobid: 3
    wildcards: sample=483_sc_01_B6-2_354_223_S59_L003

Submitted job 3 with external jobid 'Submitted batch job 17504893'.
[Fri Sep 16 13:45:04 2022]
Finished job 4.
2 of 6 steps (33%) done

[Fri Sep 16 13:45:04 2022]
rule trimmed_fastqc_analysis:
    input: /scratch/eknodel/SCC_samples/cell_lines/Progeny/RNAseq/trimmed_fastqs/483_sc_01_B6-1_366_211_S58_L003_trimmed_read1.fastq.gz, /scratch/eknodel/SCC_samples/cell_lines/Progeny/RNAseq/trimmed_fastqs/483_sc_01_B6-1_366_211_S58_L003_trimmed_read2.fastq.gz
    output: /scratch/eknodel/SCC_samples/cell_lines/Progeny/RNAseq/trimmed_fastqc_results/483_sc_01_B6-1_366_211_S58_L003_trimmed_read1_fastqc.html, /scratch/eknodel/SCC_samples/cell_lines/Progeny/RNAseq/trimmed_fastqc_results/483_sc_01_B6-1_366_211_S58_L003_trimmed_read2_fastqc.html
    jobid: 2
    wildcards: sample=483_sc_01_B6-1_366_211_S58_L003

Submitted job 2 with external jobid 'Submitted batch job 17504920'.
[Fri Sep 16 13:48:35 2022]
Finished job 3.
3 of 6 steps (50%) done
[Fri Sep 16 13:51:15 2022]
Finished job 2.
4 of 6 steps (67%) done

[Fri Sep 16 13:51:15 2022]
rule trimmed_multiqc_analysis:
    input: /scratch/eknodel/SCC_samples/cell_lines/Progeny/RNAseq/trimmed_fastqc_results/483_sc_01_B6-1_366_211_S58_L003_trimmed_read1_fastqc.html, /scratch/eknodel/SCC_samples/cell_lines/Progeny/RNAseq/trimmed_fastqc_results/483_sc_01_B6-1_366_211_S58_L003_trimmed_read2_fastqc.html, /scratch/eknodel/SCC_samples/cell_lines/Progeny/RNAseq/trimmed_fastqc_results/483_sc_01_B6-2_354_223_S59_L003_trimmed_read1_fastqc.html, /scratch/eknodel/SCC_samples/cell_lines/Progeny/RNAseq/trimmed_fastqc_results/483_sc_01_B6-2_354_223_S59_L003_trimmed_read2_fastqc.html
    output: /scratch/eknodel/SCC_samples/cell_lines/Progeny/RNAseq/trimmed_multiqc_results/multiqc_report.html
    jobid: 1

Submitted job 1 with external jobid 'Submitted batch job 17504935'.
[Fri Sep 16 13:52:45 2022]
Finished job 1.
5 of 6 steps (83%) done

[Fri Sep 16 13:52:45 2022]
localrule all:
    input: /scratch/eknodel/SCC_samples/cell_lines/Progeny/RNAseq/trimmed_multiqc_results/multiqc_report.html
    jobid: 0

[Fri Sep 16 13:52:45 2022]
Finished job 0.
6 of 6 steps (100%) done
Complete log: /home/eknodel/SCC_samples/Progeny/RNA_mutations/01_QC_read_mapping/.snakemake/log/2022-09-16T134133.914924.snakemake.log
