Building DAG of jobs...
Using shell: /usr/bin/bash
Provided cluster nodes: 190
Job counts:
	count	jobs
	1	all
	1	plot_tumor
	2

[Thu Nov 10 10:45:43 2022]
rule plot_tumor:
    input: cnv_files/gDNA_185_25_2E1_5C_365_212_S56_L004_tumor.standardizedCR.tsv, cnv_files/gDNA_185_25_2E1_5C_365_212_S56_L004_tumor.denoisedCR.tsv
    output: cnv_plots/gDNA_185_25_2E1_5C_365_212_S56_L004.denoised.png
    jobid: 1
    wildcards: subject=gDNA_185_25_2E1_5C_365_212_S56_L004

Submitted job 1 with external jobid 'Submitted batch job 18067484'.
[Thu Nov 10 10:45:53 2022]
Error in rule plot_tumor:
    jobid: 1
    output: cnv_plots/gDNA_185_25_2E1_5C_365_212_S56_L004.denoised.png
    cluster_jobid: Submitted batch job 18067484

Shutting down, this might take some time.
Exiting because a job execution failed. Look above for error message
Complete log: /home/eknodel/SCC_samples/Parent_tumors/GATK_CNV/.snakemake/log/2022-11-10T104543.167880.snakemake.log
