Building DAG of jobs...
Using shell: /usr/bin/bash
Provided cluster nodes: 190
Job counts:
	count	jobs
	1	all
	1	collect_fragment_counts
	1	collect_fragment_counts_normal
	2	mark_duplicates_normal
	1	plot_normal
	1	plot_tumor
	1	standardize_normal
	1	standardize_tumor
	9

[Fri Nov 11 15:54:21 2022]
rule mark_duplicates_normal:
    input: /scratch/eknodel/SCC_samples/Parent_tumors/processed_bams/gDNA_normal_tissue_377_200_S55_L004.GRCm38_68.sorted.bam
    output: /scratch/eknodel/SCC_samples/Parent_tumors/processed_bams/gDNA_normal_tissue_377_200_S55_L004.GRCm38_68.sorted.mkdup.bam
    jobid: 8
    wildcards: normal=gDNA_normal_tissue_377_200_S55_L004

Submitted job 8 with external jobid 'Submitted batch job 18088221'.

[Fri Nov 11 15:54:21 2022]
rule mark_duplicates_normal:
    input: /scratch/eknodel/SCC_samples/Parent_tumors/processed_bams/gDNA_185_25_2E1_5C_365_212_S56_L004.GRCm38_68.sorted.bam
    output: /scratch/eknodel/SCC_samples/Parent_tumors/processed_bams/gDNA_185_25_2E1_5C_365_212_S56_L004.GRCm38_68.sorted.mkdup.bam
    jobid: 9
    wildcards: normal=gDNA_185_25_2E1_5C_365_212_S56_L004

Submitted job 9 with external jobid 'Submitted batch job 18088222'.
[Fri Nov 11 15:54:31 2022]
Error in rule mark_duplicates_normal:
    jobid: 8
    output: /scratch/eknodel/SCC_samples/Parent_tumors/processed_bams/gDNA_normal_tissue_377_200_S55_L004.GRCm38_68.sorted.mkdup.bam
    cluster_jobid: Submitted batch job 18088221

[Fri Nov 11 15:54:31 2022]
Error in rule mark_duplicates_normal:
    jobid: 9
    output: /scratch/eknodel/SCC_samples/Parent_tumors/processed_bams/gDNA_185_25_2E1_5C_365_212_S56_L004.GRCm38_68.sorted.mkdup.bam
    cluster_jobid: Submitted batch job 18088222

Shutting down, this might take some time.
Exiting because a job execution failed. Look above for error message
Complete log: /home/eknodel/SCC_samples/Parent_tumors/GATK_CNV/.snakemake/log/2022-11-11T155420.981394.snakemake.log
