Building DAG of jobs...
Using shell: /usr/bin/bash
Provided cluster nodes: 190
Job stats:
job                        count    min threads    max threads
-----------------------  -------  -------------  -------------
all                            1              1              1
collect_fragment_counts        2              1              1
mark_duplicates_normal         2              1              1
plot_tumor                     2              1              1
standardize_tumor              2              1              1
total                          9              1              1

Select jobs to execute...

[Tue Nov 15 15:06:38 2022]
rule mark_duplicates_normal:
    input: /scratch/eknodel/SCC_samples/Parent_tumors/processed_bams/gDNA_244_25_2E1_chu_329_248_S59_L004.GRCm38_68.sorted.bam
    output: /scratch/eknodel/SCC_samples/Parent_tumors/processed_bams/gDNA_244_25_2E1_chu_329_248_S59_L004.GRCm38_68.sorted.mkdup.bam, processed_bams/gDNA_244_25_2E1_chu_329_248_S59_L004_normal.picard_mkdup_metrics.txt
    jobid: 7
    wildcards: normal=gDNA_244_25_2E1_chu_329_248_S59_L004
    resources: tmpdir=/tmp

Submitted job 7 with external jobid 'Submitted batch job 18130757'.

[Tue Nov 15 15:06:38 2022]
rule mark_duplicates_normal:
    input: /scratch/eknodel/SCC_samples/Parent_tumors/processed_bams/gDNA_188_25_2E2_5C_157_036_S57_L004.GRCm38_68.sorted.bam
    output: /scratch/eknodel/SCC_samples/Parent_tumors/processed_bams/gDNA_188_25_2E2_5C_157_036_S57_L004.GRCm38_68.sorted.mkdup.bam, processed_bams/gDNA_188_25_2E2_5C_157_036_S57_L004_normal.picard_mkdup_metrics.txt
    jobid: 5
    wildcards: normal=gDNA_188_25_2E2_5C_157_036_S57_L004
    resources: tmpdir=/tmp

Submitted job 5 with external jobid 'Submitted batch job 18130758'.
[Tue Nov 15 15:06:48 2022]
Error in rule mark_duplicates_normal:
    jobid: 7
    output: /scratch/eknodel/SCC_samples/Parent_tumors/processed_bams/gDNA_244_25_2E1_chu_329_248_S59_L004.GRCm38_68.sorted.mkdup.bam, processed_bams/gDNA_244_25_2E1_chu_329_248_S59_L004_normal.picard_mkdup_metrics.txt
    shell:
        picard -Xmx14g MarkDuplicates I=/scratch/eknodel/SCC_samples/Parent_tumors/processed_bams/gDNA_244_25_2E1_chu_329_248_S59_L004.GRCm38_68.sorted.bam O=/scratch/eknodel/SCC_samples/Parent_tumors/processed_bams/gDNA_244_25_2E1_chu_329_248_S59_L004.GRCm38_68.sorted.mkdup.bam M=processed_bams/gDNA_244_25_2E1_chu_329_248_S59_L004_normal.picard_mkdup_metrics.txt
        (one of the commands exited with non-zero exit code; note that snakemake uses bash strict mode!)
    cluster_jobid: Submitted batch job 18130757

Error executing rule mark_duplicates_normal on cluster (jobid: 7, external: Submitted batch job 18130757, jobscript: /home/eknodel/SCC_samples/Parent_tumors/GATK_CNV/.snakemake/tmp.b5dw8twn/snakejob.mark_duplicates_normal.7.sh). For error details see the cluster log and the log files of the involved rule(s).
[Tue Nov 15 15:06:48 2022]
Error in rule mark_duplicates_normal:
    jobid: 5
    output: /scratch/eknodel/SCC_samples/Parent_tumors/processed_bams/gDNA_188_25_2E2_5C_157_036_S57_L004.GRCm38_68.sorted.mkdup.bam, processed_bams/gDNA_188_25_2E2_5C_157_036_S57_L004_normal.picard_mkdup_metrics.txt
    shell:
        picard -Xmx14g MarkDuplicates I=/scratch/eknodel/SCC_samples/Parent_tumors/processed_bams/gDNA_188_25_2E2_5C_157_036_S57_L004.GRCm38_68.sorted.bam O=/scratch/eknodel/SCC_samples/Parent_tumors/processed_bams/gDNA_188_25_2E2_5C_157_036_S57_L004.GRCm38_68.sorted.mkdup.bam M=processed_bams/gDNA_188_25_2E2_5C_157_036_S57_L004_normal.picard_mkdup_metrics.txt
        (one of the commands exited with non-zero exit code; note that snakemake uses bash strict mode!)
    cluster_jobid: Submitted batch job 18130758

Error executing rule mark_duplicates_normal on cluster (jobid: 5, external: Submitted batch job 18130758, jobscript: /home/eknodel/SCC_samples/Parent_tumors/GATK_CNV/.snakemake/tmp.b5dw8twn/snakejob.mark_duplicates_normal.5.sh). For error details see the cluster log and the log files of the involved rule(s).
Shutting down, this might take some time.
Exiting because a job execution failed. Look above for error message
Complete log: /home/eknodel/SCC_samples/Parent_tumors/GATK_CNV/.snakemake/log/2022-11-15T150636.463008.snakemake.log
