Building DAG of jobs...
Using shell: /usr/bin/bash
Provided cluster nodes: 190
Job counts:
	count	jobs
	1	all
	1	process_intervals
	2

[Thu Nov 10 09:27:13 2022]
rule process_intervals:
    input: /data/CEM/shared/public_data/references/ensemble_GRCm38.68/GRCm38_68.fa
    output: targets_C.preprocessed.interval_list
    jobid: 1

Submitted job 1 with external jobid 'Submitted batch job 18063880'.
[Thu Nov 10 09:27:33 2022]
Finished job 1.
1 of 2 steps (50%) done

[Thu Nov 10 09:27:33 2022]
localrule all:
    input: targets_C.preprocessed.interval_list
    jobid: 0

[Thu Nov 10 09:27:34 2022]
Finished job 0.
2 of 2 steps (100%) done
Complete log: /home/eknodel/SCC_samples/Parent_tumors/GATK_CNV/.snakemake/log/2022-11-10T092713.861480.snakemake.log
