Building DAG of jobs...
Using shell: /usr/bin/bash
Provided cluster nodes: 190
Job counts:
	count	jobs
	1	all
	1	standardize_normal
	1	standardize_tumor
	3

[Thu Nov 10 10:38:42 2022]
rule standardize_normal:
    input: cnv_files/gDNA_normal_tissue_377_200_S55_L004_normal.counts.hdf5
    output: cnv_files/gDNA_normal_tissue_377_200_S55_L004_normal.standardizedCR.tsv, cnv_files/gDNA_normal_tissue_377_200_S55_L004_normal.denoisedCR.tsv
    jobid: 5
    wildcards: normal=gDNA_normal_tissue_377_200_S55_L004

Submitted job 5 with external jobid 'Submitted batch job 18067467'.

[Thu Nov 10 10:38:42 2022]
rule standardize_tumor:
    input: cnv_files/gDNA_185_25_2E1_5C_365_212_S56_L004_tumor.counts.hdf5
    output: cnv_files/gDNA_185_25_2E1_5C_365_212_S56_L004_tumor.standardizedCR.tsv, cnv_files/gDNA_185_25_2E1_5C_365_212_S56_L004_tumor.denoisedCR.tsv
    jobid: 1
    wildcards: subject=gDNA_185_25_2E1_5C_365_212_S56_L004

Submitted job 1 with external jobid 'Submitted batch job 18067468'.
[Thu Nov 10 10:38:52 2022]
Finished job 5.
1 of 3 steps (33%) done
[Thu Nov 10 10:38:52 2022]
Finished job 1.
2 of 3 steps (67%) done

[Thu Nov 10 10:38:52 2022]
localrule all:
    input: targets_C.preprocessed.interval_list, cnv_files/gDNA_185_25_2E1_5C_365_212_S56_L004_tumor.counts.hdf5, cnv_files/gDNA_normal_tissue_377_200_S55_L004_normal.counts.hdf5, cnv_files/gDNA_185_25_2E1_5C_365_212_S56_L004_tumor.standardizedCR.tsv, cnv_files/gDNA_normal_tissue_377_200_S55_L004_normal.standardizedCR.tsv
    jobid: 0

[Thu Nov 10 10:38:52 2022]
Finished job 0.
3 of 3 steps (100%) done
Complete log: /home/eknodel/SCC_samples/Parent_tumors/GATK_CNV/.snakemake/log/2022-11-10T103842.253659.snakemake.log
