Building DAG of jobs...
Using shell: /usr/bin/bash
Provided cluster nodes: 190
Job stats:
job                               count    min threads    max threads
------------------------------  -------  -------------  -------------
all                                   1              1              1
collect_fragment_counts               1              1              1
collect_fragment_counts_normal        1              1              1
mark_duplicates_normal                2              1              1
plot_normal                           1              1              1
plot_tumor                            1              1              1
standardize_normal                    1              1              1
standardize_tumor                     1              1              1
total                                 9              1              1

Select jobs to execute...

[Fri Nov 11 15:51:11 2022]
rule mark_duplicates_normal:
    input: /scratch/eknodel/SCC_samples/Parent_tumors/processed_bams/gDNA_185_25_2E1_5C_365_212_S56_L004.GRCm38_68.sorted.bam
    output: /scratch/eknodel/SCC_samples/Parent_tumors/processed_bams/gDNA_185_25_2E1_5C_365_212_S56_L004.GRCm38_68.sorted.mkdup.bam
    jobid: 3
    wildcards: normal=gDNA_185_25_2E1_5C_365_212_S56_L004
    resources: tmpdir=/tmp

Submitted job 3 with external jobid 'Submitted batch job 18088124'.

[Fri Nov 11 15:51:11 2022]
rule mark_duplicates_normal:
    input: /scratch/eknodel/SCC_samples/Parent_tumors/processed_bams/gDNA_normal_tissue_377_200_S55_L004.GRCm38_68.sorted.bam
    output: /scratch/eknodel/SCC_samples/Parent_tumors/processed_bams/gDNA_normal_tissue_377_200_S55_L004.GRCm38_68.sorted.mkdup.bam
    jobid: 5
    wildcards: normal=gDNA_normal_tissue_377_200_S55_L004
    resources: tmpdir=/tmp

Submitted job 5 with external jobid 'Submitted batch job 18088130'.
[Fri Nov 11 15:51:21 2022]
Error in rule mark_duplicates_normal:
    jobid: 3
    output: /scratch/eknodel/SCC_samples/Parent_tumors/processed_bams/gDNA_185_25_2E1_5C_365_212_S56_L004.GRCm38_68.sorted.mkdup.bam
    shell:
        picard -Xmx14g MarkDuplicates I=/scratch/eknodel/SCC_samples/Parent_tumors/processed_bams/gDNA_185_25_2E1_5C_365_212_S56_L004.GRCm38_68.sorted.bam O=/scratch/eknodel/SCC_samples/Parent_tumors/processed_bams/gDNA_185_25_2E1_5C_365_212_S56_L004.GRCm38_68.sorted.mkdup.bam
        (one of the commands exited with non-zero exit code; note that snakemake uses bash strict mode!)
    cluster_jobid: Submitted batch job 18088124

Error executing rule mark_duplicates_normal on cluster (jobid: 3, external: Submitted batch job 18088124, jobscript: /home/eknodel/SCC_samples/Parent_tumors/GATK_CNV/.snakemake/tmp.8rnvdduk/snakejob.mark_duplicates_normal.3.sh). For error details see the cluster log and the log files of the involved rule(s).
[Fri Nov 11 15:51:21 2022]
Error in rule mark_duplicates_normal:
    jobid: 5
    output: /scratch/eknodel/SCC_samples/Parent_tumors/processed_bams/gDNA_normal_tissue_377_200_S55_L004.GRCm38_68.sorted.mkdup.bam
    shell:
        picard -Xmx14g MarkDuplicates I=/scratch/eknodel/SCC_samples/Parent_tumors/processed_bams/gDNA_normal_tissue_377_200_S55_L004.GRCm38_68.sorted.bam O=/scratch/eknodel/SCC_samples/Parent_tumors/processed_bams/gDNA_normal_tissue_377_200_S55_L004.GRCm38_68.sorted.mkdup.bam
        (one of the commands exited with non-zero exit code; note that snakemake uses bash strict mode!)
    cluster_jobid: Submitted batch job 18088130

Error executing rule mark_duplicates_normal on cluster (jobid: 5, external: Submitted batch job 18088130, jobscript: /home/eknodel/SCC_samples/Parent_tumors/GATK_CNV/.snakemake/tmp.8rnvdduk/snakejob.mark_duplicates_normal.5.sh). For error details see the cluster log and the log files of the involved rule(s).
Shutting down, this might take some time.
Exiting because a job execution failed. Look above for error message
Complete log: /home/eknodel/SCC_samples/Parent_tumors/GATK_CNV/.snakemake/log/2022-11-11T155109.701699.snakemake.log
