Building DAG of jobs...
Using shell: /usr/bin/bash
Provided cluster nodes: 190
Job stats:
job                       count    min threads    max threads
----------------------  -------  -------------  -------------
all                           1              1              1
collect_allelic_counts        1              1              1
total                         2              1              1

Select jobs to execute...

[Fri Nov 11 08:23:03 2022]
rule collect_allelic_counts:
    input: /scratch/eknodel/SCC_samples/Parent_tumors/processed_bams/gDNA_185_25_2E1_5C_365_212_S56_L004.GRCm38_68.sorted.bam, /data/CEM/shared/public_data/references/ensemble_GRCm38.68/GRCm38_68.fa, /scratch/eknodel/SCC_samples/Parent_tumors/gatk_mutect2/gDNA_185_25_2E1_5C_365_212_S56_L004.somatic.filtered.pass.vcf
    output: cnv_files/gDNA_185_25_2E1_5C_365_212_S56_L004_tumor.allelicCounts.tsv
    jobid: 8
    wildcards: subject=gDNA_185_25_2E1_5C_365_212_S56_L004
    resources: tmpdir=/tmp

Submitted job 8 with external jobid 'Submitted batch job 18079238'.
[Fri Nov 11 08:25:33 2022]
Finished job 8.
1 of 2 steps (50%) done
Select jobs to execute...

[Fri Nov 11 08:25:33 2022]
localrule all:
    input: targets_C.preprocessed.interval_list, cnv_files/gDNA_185_25_2E1_5C_365_212_S56_L004_tumor.counts.hdf5, cnv_files/gDNA_normal_tissue_377_200_S55_L004_normal.counts.hdf5, cnv_files/gDNA_185_25_2E1_5C_365_212_S56_L004_tumor.standardizedCR.tsv, cnv_files/gDNA_normal_tissue_377_200_S55_L004_normal.standardizedCR.tsv, cnv_plots/gDNA_185_25_2E1_5C_365_212_S56_L004_tumor.denoised.png, cnv_plots/gDNA_normal_tissue_377_200_S55_L004_normal.denoised.png, cnv_files/gDNA_185_25_2E1_5C_365_212_S56_L004_tumor.allelicCounts.tsv
    jobid: 0
    resources: tmpdir=/tmp

[Fri Nov 11 08:25:33 2022]
Finished job 0.
2 of 2 steps (100%) done
Complete log: /home/eknodel/SCC_samples/Parent_tumors/GATK_CNV/.snakemake/log/2022-11-11T082300.802881.snakemake.log
