Building DAG of jobs...
Using shell: /usr/bin/bash
Provided cluster nodes: 190
Job stats:
job                       count    min threads    max threads
----------------------  -------  -------------  -------------
all                           1              1              1
collect_allelic_counts        1              1              1
total                         2              1              1

Select jobs to execute...

[Fri Nov 11 08:21:21 2022]
rule collect_allelic_counts:
    input: /scratch/eknodel/SCC_samples/Parent_tumors/processed_bams/gDNA_185_25_2E1_5C_365_212_S56_L004.GRCm38_68.sorted.bam, /data/CEM/shared/public_data/references/ensemble_GRCm38.68/GRCm38_68.fa, /scratch/eknodel/SCC_samples/Parent_tumors/gatk_mutect2/185_SNPs_interval.out
    output: cnv_files/gDNA_185_25_2E1_5C_365_212_S56_L004_tumor.allelicCounts.tsv
    jobid: 8
    wildcards: subject=gDNA_185_25_2E1_5C_365_212_S56_L004
    resources: tmpdir=/tmp

Submitted job 8 with external jobid 'Submitted batch job 18079234'.
[Fri Nov 11 08:21:31 2022]
Error in rule collect_allelic_counts:
    jobid: 8
    output: cnv_files/gDNA_185_25_2E1_5C_365_212_S56_L004_tumor.allelicCounts.tsv
    shell:
        
            gatk --java-options "-Xmx3g" CollectAllelicCounts             -L /scratch/eknodel/SCC_samples/Parent_tumors/gatk_mutect2/185_SNPs_interval.out             -I /scratch/eknodel/SCC_samples/Parent_tumors/processed_bams/gDNA_185_25_2E1_5C_365_212_S56_L004.GRCm38_68.sorted.bam             -R /data/CEM/shared/public_data/references/ensemble_GRCm38.68/GRCm38_68.fa             -O cnv_files/gDNA_185_25_2E1_5C_365_212_S56_L004_tumor.allelicCounts.tsv
        
        (one of the commands exited with non-zero exit code; note that snakemake uses bash strict mode!)
    cluster_jobid: Submitted batch job 18079234

Error executing rule collect_allelic_counts on cluster (jobid: 8, external: Submitted batch job 18079234, jobscript: /home/eknodel/SCC_samples/Parent_tumors/GATK_CNV/.snakemake/tmp.ay1bkjry/snakejob.collect_allelic_counts.8.sh). For error details see the cluster log and the log files of the involved rule(s).
Shutting down, this might take some time.
Exiting because a job execution failed. Look above for error message
Complete log: /home/eknodel/SCC_samples/Parent_tumors/GATK_CNV/.snakemake/log/2022-11-11T082119.279650.snakemake.log
