Building DAG of jobs...
Using shell: /usr/bin/bash
Provided cluster nodes: 15
Job counts:
	count	jobs
	1	all
	2	format_output
	2	format_output_strelka
	2	gatk_asereadcounter
	2	gatk_asereadcounter_strelka
	1	index_vcf
	10

[Tue Mar  7 14:59:08 2023]
rule index_vcf:
    input: /scratch/eknodel/SCC_samples/Progeny/VEP/DNA_483-SC-01-B6_9-3-21_133_060_S138_L002_gatk_vep_filtered_snps.vcf, /scratch/eknodel/SCC_samples/Progeny/VEP/DNA_483-SC-01-B6_9-3-21_133_060_S138_L002_gatk_vep_unfiltered_snps.vcf, /scratch/eknodel/SCC_samples/Progeny/VEP/strelka_unique_rescues.vcf
    output: /scratch/eknodel/SCC_samples/Progeny/VEP/DNA_483-SC-01-B6_9-3-21_133_060_S138_L002_gatk_vep_filtered_snps.vcf.idx, /scratch/eknodel/SCC_samples/Progeny/VEP/DNA_483-SC-01-B6_9-3-21_133_060_S138_L002_gatk_vep_unfiltered_snps.vcf.idx, /scratch/eknodel/SCC_samples/Progeny/VEP/strelka_unique_rescues.vcf.idx
    jobid: 7

Submitted job 7 with external jobid 'Submitted batch job 19660296'.
[Tue Mar  7 14:59:38 2023]
Finished job 7.
1 of 10 steps (10%) done

[Tue Mar  7 14:59:38 2023]
rule gatk_asereadcounter_strelka:
    input: /scratch/eknodel/SCC_samples/Progeny/RNAseq/sorted_bam/483_sc_01_B6-1_366_211_S58_L003_RNA_HISAT2_genome_aligned_sortedbycoord_mkdup_RG.bam, /scratch/eknodel/SCC_samples/Progeny/VEP/strelka_unique_rescues.vcf, /scratch/eknodel/SCC_samples/Progeny/VEP/strelka_unique_rescues.vcf.idx
    output: /scratch/eknodel/SCC_samples/Progeny/RNAseq/variant_specific_expression/483_sc_01_B6-1_366_211_S58_L003_strelka_unique_rescues.tsv
    jobid: 9
    wildcards: RNA=483_sc_01_B6-1_366_211_S58_L003

Submitted job 9 with external jobid 'Submitted batch job 19660372'.

[Tue Mar  7 14:59:39 2023]
rule gatk_asereadcounter:
    input: /scratch/eknodel/SCC_samples/Progeny/RNAseq/sorted_bam/483_sc_01_B6-2_354_223_S59_L003_RNA_HISAT2_genome_aligned_sortedbycoord_mkdup_RG.bam, /scratch/eknodel/SCC_samples/Progeny/VEP/DNA_483-SC-01-B6_9-3-21_133_060_S138_L002_gatk_vep_filtered_snps.vcf, /scratch/eknodel/SCC_samples/Progeny/VEP/DNA_483-SC-01-B6_9-3-21_133_060_S138_L002_gatk_vep_unfiltered_snps.vcf, /scratch/eknodel/SCC_samples/Progeny/VEP/DNA_483-SC-01-B6_9-3-21_133_060_S138_L002_gatk_vep_filtered_snps.vcf.idx, /scratch/eknodel/SCC_samples/Progeny/VEP/DNA_483-SC-01-B6_9-3-21_133_060_S138_L002_gatk_vep_unfiltered_snps.vcf.idx
    output: /scratch/eknodel/SCC_samples/Progeny/RNAseq/variant_specific_expression/483_sc_01_B6-2_354_223_S59_L003_gatk_filtered_expression.tsv, /scratch/eknodel/SCC_samples/Progeny/RNAseq/variant_specific_expression/483_sc_01_B6-2_354_223_S59_L003_gatk_unfiltered_expression.tsv
    jobid: 1
    wildcards: RNA=483_sc_01_B6-2_354_223_S59_L003

Submitted job 1 with external jobid 'Submitted batch job 19660373'.

[Tue Mar  7 14:59:42 2023]
rule gatk_asereadcounter:
    input: /scratch/eknodel/SCC_samples/Progeny/RNAseq/sorted_bam/483_sc_01_B6-1_366_211_S58_L003_RNA_HISAT2_genome_aligned_sortedbycoord_mkdup_RG.bam, /scratch/eknodel/SCC_samples/Progeny/VEP/DNA_483-SC-01-B6_9-3-21_133_060_S138_L002_gatk_vep_filtered_snps.vcf, /scratch/eknodel/SCC_samples/Progeny/VEP/DNA_483-SC-01-B6_9-3-21_133_060_S138_L002_gatk_vep_unfiltered_snps.vcf, /scratch/eknodel/SCC_samples/Progeny/VEP/DNA_483-SC-01-B6_9-3-21_133_060_S138_L002_gatk_vep_filtered_snps.vcf.idx, /scratch/eknodel/SCC_samples/Progeny/VEP/DNA_483-SC-01-B6_9-3-21_133_060_S138_L002_gatk_vep_unfiltered_snps.vcf.idx
    output: /scratch/eknodel/SCC_samples/Progeny/RNAseq/variant_specific_expression/483_sc_01_B6-1_366_211_S58_L003_gatk_filtered_expression.tsv, /scratch/eknodel/SCC_samples/Progeny/RNAseq/variant_specific_expression/483_sc_01_B6-1_366_211_S58_L003_gatk_unfiltered_expression.tsv
    jobid: 2
    wildcards: RNA=483_sc_01_B6-1_366_211_S58_L003

Submitted job 2 with external jobid 'Submitted batch job 19660374'.

[Tue Mar  7 14:59:44 2023]
rule gatk_asereadcounter_strelka:
    input: /scratch/eknodel/SCC_samples/Progeny/RNAseq/sorted_bam/483_sc_01_B6-2_354_223_S59_L003_RNA_HISAT2_genome_aligned_sortedbycoord_mkdup_RG.bam, /scratch/eknodel/SCC_samples/Progeny/VEP/strelka_unique_rescues.vcf, /scratch/eknodel/SCC_samples/Progeny/VEP/strelka_unique_rescues.vcf.idx
    output: /scratch/eknodel/SCC_samples/Progeny/RNAseq/variant_specific_expression/483_sc_01_B6-2_354_223_S59_L003_strelka_unique_rescues.tsv
    jobid: 10
    wildcards: RNA=483_sc_01_B6-2_354_223_S59_L003

Submitted job 10 with external jobid 'Submitted batch job 19660375'.
[Tue Mar  7 15:14:39 2023]
Finished job 9.
2 of 10 steps (20%) done

[Tue Mar  7 15:14:39 2023]
rule format_output_strelka:
    input: /scratch/eknodel/SCC_samples/Progeny/RNAseq/variant_specific_expression/483_sc_01_B6-1_366_211_S58_L003_strelka_unique_rescues.tsv
    output: /scratch/eknodel/SCC_samples/Progeny/RNAseq/variant_specific_expression/483_sc_01_B6-1_366_211_S58_L003_strelka_unique_rescues.out
    jobid: 4
    wildcards: RNA=483_sc_01_B6-1_366_211_S58_L003

Submitted job 4 with external jobid 'Submitted batch job 19663018'.
[Tue Mar  7 15:15:09 2023]
Finished job 10.
3 of 10 steps (30%) done

[Tue Mar  7 15:15:09 2023]
rule format_output_strelka:
    input: /scratch/eknodel/SCC_samples/Progeny/RNAseq/variant_specific_expression/483_sc_01_B6-2_354_223_S59_L003_strelka_unique_rescues.tsv
    output: /scratch/eknodel/SCC_samples/Progeny/RNAseq/variant_specific_expression/483_sc_01_B6-2_354_223_S59_L003_strelka_unique_rescues.out
    jobid: 5
    wildcards: RNA=483_sc_01_B6-2_354_223_S59_L003

[Tue Mar  7 15:15:09 2023]
Finished job 4.
4 of 10 steps (40%) done
Submitted job 5 with external jobid 'Submitted batch job 19663051'.
[Tue Mar  7 15:15:19 2023]
Finished job 5.
5 of 10 steps (50%) done
[Tue Mar  7 15:20:10 2023]
Finished job 1.
6 of 10 steps (60%) done

[Tue Mar  7 15:20:10 2023]
rule format_output:
    input: /scratch/eknodel/SCC_samples/Progeny/RNAseq/variant_specific_expression/483_sc_01_B6-2_354_223_S59_L003_gatk_filtered_expression.tsv, /scratch/eknodel/SCC_samples/Progeny/RNAseq/variant_specific_expression/483_sc_01_B6-2_354_223_S59_L003_gatk_unfiltered_expression.tsv
    output: /scratch/eknodel/SCC_samples/Progeny/RNAseq/variant_specific_expression/483_sc_01_B6-2_354_223_S59_L003_gatk_filtered_expression.out, /scratch/eknodel/SCC_samples/Progeny/RNAseq/variant_specific_expression/483_sc_01_B6-2_354_223_S59_L003_gatk_unfiltered_expression.out
    jobid: 6
    wildcards: RNA=483_sc_01_B6-2_354_223_S59_L003

Submitted job 6 with external jobid 'Submitted batch job 19663931'.
[Tue Mar  7 15:20:40 2023]
Finished job 6.
7 of 10 steps (70%) done
[Tue Mar  7 15:29:10 2023]
Finished job 2.
8 of 10 steps (80%) done

[Tue Mar  7 15:29:10 2023]
rule format_output:
    input: /scratch/eknodel/SCC_samples/Progeny/RNAseq/variant_specific_expression/483_sc_01_B6-1_366_211_S58_L003_gatk_filtered_expression.tsv, /scratch/eknodel/SCC_samples/Progeny/RNAseq/variant_specific_expression/483_sc_01_B6-1_366_211_S58_L003_gatk_unfiltered_expression.tsv
    output: /scratch/eknodel/SCC_samples/Progeny/RNAseq/variant_specific_expression/483_sc_01_B6-1_366_211_S58_L003_gatk_filtered_expression.out, /scratch/eknodel/SCC_samples/Progeny/RNAseq/variant_specific_expression/483_sc_01_B6-1_366_211_S58_L003_gatk_unfiltered_expression.out
    jobid: 3
    wildcards: RNA=483_sc_01_B6-1_366_211_S58_L003

Submitted job 3 with external jobid 'Submitted batch job 19665588'.
[Tue Mar  7 15:29:20 2023]
Finished job 3.
9 of 10 steps (90%) done

[Tue Mar  7 15:29:20 2023]
localrule all:
    input: /scratch/eknodel/SCC_samples/Progeny/RNAseq/variant_specific_expression/483_sc_01_B6-1_366_211_S58_L003_gatk_filtered_expression.tsv, /scratch/eknodel/SCC_samples/Progeny/RNAseq/variant_specific_expression/483_sc_01_B6-2_354_223_S59_L003_gatk_filtered_expression.tsv, /scratch/eknodel/SCC_samples/Progeny/RNAseq/variant_specific_expression/483_sc_01_B6-1_366_211_S58_L003_strelka_unique_rescues.out, /scratch/eknodel/SCC_samples/Progeny/RNAseq/variant_specific_expression/483_sc_01_B6-2_354_223_S59_L003_strelka_unique_rescues.out, /scratch/eknodel/SCC_samples/Progeny/RNAseq/variant_specific_expression/483_sc_01_B6-1_366_211_S58_L003_gatk_filtered_expression.out, /scratch/eknodel/SCC_samples/Progeny/RNAseq/variant_specific_expression/483_sc_01_B6-2_354_223_S59_L003_gatk_filtered_expression.out
    jobid: 0

[Tue Mar  7 15:29:20 2023]
Finished job 0.
10 of 10 steps (100%) done
Complete log: /home/eknodel/SCC_samples/Progeny/04_variant_specific_expression/.snakemake/log/2023-03-07T145908.248718.snakemake.log
