Building DAG of jobs...
Using shell: /usr/bin/bash
Provided cluster nodes: 15
Job counts:
	count	jobs
	1	all
	2	format_output
	2	format_output_strelka
	2	gatk_asereadcounter
	2	gatk_asereadcounter_strelka
	1	index_vcf
	10

[Tue Jun 20 20:10:49 2023]
rule index_vcf:
    input: /scratch/eknodel/SCC_samples/Progeny/VEP/DNA_483-SC-01-B6_9-3-21_133_060_S138_L002_gatk_vep_filtered_biall.vcf, /scratch/eknodel/SCC_samples/Progeny/VEP/DNA_483-SC-01-B6_9-3-21_133_060_S138_L002_gatk_vep_unfiltered_biall.vcf, /scratch/eknodel/SCC_samples/Progeny/VEP/strelka_unique_rescues.vcf
    output: /scratch/eknodel/SCC_samples/Progeny/VEP/DNA_483-SC-01-B6_9-3-21_133_060_S138_L002_gatk_vep_filtered_biall.vcf.idx, /scratch/eknodel/SCC_samples/Progeny/VEP/DNA_483-SC-01-B6_9-3-21_133_060_S138_L002_gatk_vep_unfiltered_biall.vcf.idx, /scratch/eknodel/SCC_samples/Progeny/VEP/strelka_unique_rescues.vcf.idx
    jobid: 6

Submitted job 6 with external jobid 'Submitted batch job 21429042'.
[Tue Jun 20 20:11:19 2023]
Error in rule index_vcf:
    jobid: 6
    output: /scratch/eknodel/SCC_samples/Progeny/VEP/DNA_483-SC-01-B6_9-3-21_133_060_S138_L002_gatk_vep_filtered_biall.vcf.idx, /scratch/eknodel/SCC_samples/Progeny/VEP/DNA_483-SC-01-B6_9-3-21_133_060_S138_L002_gatk_vep_unfiltered_biall.vcf.idx, /scratch/eknodel/SCC_samples/Progeny/VEP/strelka_unique_rescues.vcf.idx
    cluster_jobid: Submitted batch job 21429042

Shutting down, this might take some time.
Exiting because a job execution failed. Look above for error message
Complete log: /home/eknodel/SCC_samples/Progeny/04_variant_specific_expression/.snakemake/log/2023-06-20T201049.149214.snakemake.log
