Building DAG of jobs...
Using shell: /usr/bin/bash
Provided cluster nodes: 15
Job counts:
	count	jobs
	1	all
	2	format_output
	2	format_output_strelka
	2	gatk_asereadcounter
	2	gatk_asereadcounter_strelka
	1	index_vcf
	10

[Tue Jun 20 20:34:09 2023]
rule index_vcf:
    input: /scratch/eknodel/SCC_samples/Progeny/VEP/DNA_483-SC-01-B6_9-3-21_133_060_S138_L002_gatk_vep_filtered_biall.vcf, /scratch/eknodel/SCC_samples/Progeny/VEP/DNA_483-SC-01-B6_9-3-21_133_060_S138_L002_gatk_vep_unfiltered_biall.vcf, /scratch/eknodel/SCC_samples/Progeny/VEP/strelka_unique_rescues.vcf
    output: /scratch/eknodel/SCC_samples/Progeny/VEP/DNA_483-SC-01-B6_9-3-21_133_060_S138_L002_gatk_vep_filtered_biall.vcf.idx, /scratch/eknodel/SCC_samples/Progeny/VEP/DNA_483-SC-01-B6_9-3-21_133_060_S138_L002_gatk_vep_unfiltered_biall.vcf.idx, /scratch/eknodel/SCC_samples/Progeny/VEP/strelka_unique_rescues.vcf.idx
    jobid: 6

Submitted job 6 with external jobid 'Submitted batch job 21429122'.
[Tue Jun 20 20:34:50 2023]
Finished job 6.
1 of 10 steps (10%) done

[Tue Jun 20 20:34:50 2023]
rule gatk_asereadcounter:
    input: /scratch/eknodel/SCC_samples/Progeny/RNAseq/sorted_bam/483_sc_01_B6-2_354_223_S59_L003_RNA_HISAT2_genome_aligned_sortedbycoord_mkdup_RG.bam, /scratch/eknodel/SCC_samples/Progeny/VEP/DNA_483-SC-01-B6_9-3-21_133_060_S138_L002_gatk_vep_filtered_biall.vcf, /scratch/eknodel/SCC_samples/Progeny/VEP/DNA_483-SC-01-B6_9-3-21_133_060_S138_L002_gatk_vep_unfiltered_biall.vcf, /scratch/eknodel/SCC_samples/Progeny/VEP/DNA_483-SC-01-B6_9-3-21_133_060_S138_L002_gatk_vep_filtered_biall.vcf.idx, /scratch/eknodel/SCC_samples/Progeny/VEP/DNA_483-SC-01-B6_9-3-21_133_060_S138_L002_gatk_vep_unfiltered_biall.vcf.idx
    output: /scratch/eknodel/SCC_samples/Progeny/RNAseq/variant_specific_expression/483_sc_01_B6-2_354_223_S59_L003_gatk_filtered_expression.tsv, /scratch/eknodel/SCC_samples/Progeny/RNAseq/variant_specific_expression/483_sc_01_B6-2_354_223_S59_L003_gatk_unfiltered_expression.tsv
    jobid: 7
    wildcards: RNA=483_sc_01_B6-2_354_223_S59_L003

Submitted job 7 with external jobid 'Submitted batch job 21429123'.

[Tue Jun 20 20:34:50 2023]
rule gatk_asereadcounter:
    input: /scratch/eknodel/SCC_samples/Progeny/RNAseq/sorted_bam/483_sc_01_B6-1_366_211_S58_L003_RNA_HISAT2_genome_aligned_sortedbycoord_mkdup_RG.bam, /scratch/eknodel/SCC_samples/Progeny/VEP/DNA_483-SC-01-B6_9-3-21_133_060_S138_L002_gatk_vep_filtered_biall.vcf, /scratch/eknodel/SCC_samples/Progeny/VEP/DNA_483-SC-01-B6_9-3-21_133_060_S138_L002_gatk_vep_unfiltered_biall.vcf, /scratch/eknodel/SCC_samples/Progeny/VEP/DNA_483-SC-01-B6_9-3-21_133_060_S138_L002_gatk_vep_filtered_biall.vcf.idx, /scratch/eknodel/SCC_samples/Progeny/VEP/DNA_483-SC-01-B6_9-3-21_133_060_S138_L002_gatk_vep_unfiltered_biall.vcf.idx
    output: /scratch/eknodel/SCC_samples/Progeny/RNAseq/variant_specific_expression/483_sc_01_B6-1_366_211_S58_L003_gatk_filtered_expression.tsv, /scratch/eknodel/SCC_samples/Progeny/RNAseq/variant_specific_expression/483_sc_01_B6-1_366_211_S58_L003_gatk_unfiltered_expression.tsv
    jobid: 2
    wildcards: RNA=483_sc_01_B6-1_366_211_S58_L003

Submitted job 2 with external jobid 'Submitted batch job 21429124'.

[Tue Jun 20 20:34:50 2023]
rule gatk_asereadcounter_strelka:
    input: /scratch/eknodel/SCC_samples/Progeny/RNAseq/sorted_bam/483_sc_01_B6-2_354_223_S59_L003_RNA_HISAT2_genome_aligned_sortedbycoord_mkdup_RG.bam, /scratch/eknodel/SCC_samples/Progeny/VEP/strelka_unique_rescues.vcf, /scratch/eknodel/SCC_samples/Progeny/VEP/strelka_unique_rescues.vcf.idx
    output: /scratch/eknodel/SCC_samples/Progeny/RNAseq/variant_specific_expression/483_sc_01_B6-2_354_223_S59_L003_strelka_unique_rescues.tsv
    jobid: 10
    wildcards: RNA=483_sc_01_B6-2_354_223_S59_L003

Submitted job 10 with external jobid 'Submitted batch job 21429125'.

[Tue Jun 20 20:34:50 2023]
rule gatk_asereadcounter_strelka:
    input: /scratch/eknodel/SCC_samples/Progeny/RNAseq/sorted_bam/483_sc_01_B6-1_366_211_S58_L003_RNA_HISAT2_genome_aligned_sortedbycoord_mkdup_RG.bam, /scratch/eknodel/SCC_samples/Progeny/VEP/strelka_unique_rescues.vcf, /scratch/eknodel/SCC_samples/Progeny/VEP/strelka_unique_rescues.vcf.idx
    output: /scratch/eknodel/SCC_samples/Progeny/RNAseq/variant_specific_expression/483_sc_01_B6-1_366_211_S58_L003_strelka_unique_rescues.tsv
    jobid: 9
    wildcards: RNA=483_sc_01_B6-1_366_211_S58_L003

Submitted job 9 with external jobid 'Submitted batch job 21429126'.
[Tue Jun 20 20:50:42 2023]
Finished job 10.
2 of 10 steps (20%) done

[Tue Jun 20 20:50:42 2023]
rule format_output_strelka:
    input: /scratch/eknodel/SCC_samples/Progeny/RNAseq/variant_specific_expression/483_sc_01_B6-2_354_223_S59_L003_strelka_unique_rescues.tsv
    output: /scratch/eknodel/SCC_samples/Progeny/RNAseq/variant_specific_expression/483_sc_01_B6-2_354_223_S59_L003_strelka_unique_rescues.out
    jobid: 5
    wildcards: RNA=483_sc_01_B6-2_354_223_S59_L003

Submitted job 5 with external jobid 'Submitted batch job 21429185'.
[Tue Jun 20 20:50:52 2023]
Finished job 5.
3 of 10 steps (30%) done
[Tue Jun 20 20:51:42 2023]
Finished job 9.
4 of 10 steps (40%) done

[Tue Jun 20 20:51:42 2023]
rule format_output_strelka:
    input: /scratch/eknodel/SCC_samples/Progeny/RNAseq/variant_specific_expression/483_sc_01_B6-1_366_211_S58_L003_strelka_unique_rescues.tsv
    output: /scratch/eknodel/SCC_samples/Progeny/RNAseq/variant_specific_expression/483_sc_01_B6-1_366_211_S58_L003_strelka_unique_rescues.out
    jobid: 3
    wildcards: RNA=483_sc_01_B6-1_366_211_S58_L003

Submitted job 3 with external jobid 'Submitted batch job 21429186'.
[Tue Jun 20 20:51:52 2023]
Finished job 3.
5 of 10 steps (50%) done
[Tue Jun 20 21:08:14 2023]
Error in rule gatk_asereadcounter:
    jobid: 7
    output: /scratch/eknodel/SCC_samples/Progeny/RNAseq/variant_specific_expression/483_sc_01_B6-2_354_223_S59_L003_gatk_filtered_expression.tsv, /scratch/eknodel/SCC_samples/Progeny/RNAseq/variant_specific_expression/483_sc_01_B6-2_354_223_S59_L003_gatk_unfiltered_expression.tsv
    cluster_jobid: Submitted batch job 21429123

[Tue Jun 20 21:09:14 2023]
Error in rule gatk_asereadcounter:
    jobid: 2
    output: /scratch/eknodel/SCC_samples/Progeny/RNAseq/variant_specific_expression/483_sc_01_B6-1_366_211_S58_L003_gatk_filtered_expression.tsv, /scratch/eknodel/SCC_samples/Progeny/RNAseq/variant_specific_expression/483_sc_01_B6-1_366_211_S58_L003_gatk_unfiltered_expression.tsv
    cluster_jobid: Submitted batch job 21429124

Shutting down, this might take some time.
Exiting because a job execution failed. Look above for error message
Complete log: /home/eknodel/SCC_samples/Progeny/04_variant_specific_expression/.snakemake/log/2023-06-20T203409.365587.snakemake.log
