Building DAG of jobs...
Using shell: /usr/bin/bash
Provided cluster nodes: 15
Job counts:
	count	jobs
	1	all
	2	format_output
	2	gatk_asereadcounter
	2	gatk_asereadcounter_strelka
	1	index_vcf
	1	remove_duplicates
	9

[Thu Mar  2 13:42:44 2023]
rule remove_duplicates:
    input: /scratch/eknodel/SCC_samples/Progeny/VEP/DNA_483-SC-01-B6_9-3-21_133_060_S138_L002_gatk_vep_filtered.vcf, /scratch/eknodel/SCC_samples/Progeny/VEP/DNA_483-SC-01-B6_9-3-21_133_060_S138_L002_gatk_vep_unfiltered.vcf, /scratch/eknodel/SCC_samples/Progeny/VEP/DNA_483-SC-01-B6_9-3-21_133_060_S138_L002_strelka_vep_filtered.vcf, /scratch/eknodel/SCC_samples/Progeny/VEP/DNA_483-SC-01-B6_9-3-21_133_060_S138_L002_strelka_vep_unfiltered.vcf, /data/CEM/shared/public_data/references/ensemble_GRCm38.68/GRCm38_68.fa
    output: /scratch/eknodel/SCC_samples/Progeny/VEP/DNA_483-SC-01-B6_9-3-21_133_060_S138_L002_gatk_vep_filtered_snps.vcf, /scratch/eknodel/SCC_samples/Progeny/VEP/DNA_483-SC-01-B6_9-3-21_133_060_S138_L002_gatk_vep_unfiltered_snps.vcf, /scratch/eknodel/SCC_samples/Progeny/VEP/DNA_483-SC-01-B6_9-3-21_133_060_S138_L002_strelka_vep_filtered_snps.vcf, /scratch/eknodel/SCC_samples/Progeny/VEP/DNA_483-SC-01-B6_9-3-21_133_060_S138_L002_strelka_vep_unfiltered_snps.vcf
    jobid: 7

Submitted job 7 with external jobid 'Submitted batch job 19502638'.
[Thu Mar  2 13:47:15 2023]
Finished job 7.
1 of 9 steps (11%) done

[Thu Mar  2 13:47:15 2023]
rule index_vcf:
    input: /scratch/eknodel/SCC_samples/Progeny/VEP/DNA_483-SC-01-B6_9-3-21_133_060_S138_L002_gatk_vep_filtered_snps.vcf, /scratch/eknodel/SCC_samples/Progeny/VEP/DNA_483-SC-01-B6_9-3-21_133_060_S138_L002_gatk_vep_unfiltered_snps.vcf, /scratch/eknodel/SCC_samples/Progeny/VEP/DNA_483-SC-01-B6_9-3-21_133_060_S138_L002_strelka_vep_filtered_snps.vcf, /scratch/eknodel/SCC_samples/Progeny/VEP/DNA_483-SC-01-B6_9-3-21_133_060_S138_L002_strelka_vep_unfiltered_snps.vcf
    output: /scratch/eknodel/SCC_samples/Progeny/VEP/DNA_483-SC-01-B6_9-3-21_133_060_S138_L002_gatk_vep_filtered_snps.vcf.idx, /scratch/eknodel/SCC_samples/Progeny/VEP/DNA_483-SC-01-B6_9-3-21_133_060_S138_L002_gatk_vep_unfiltered_snps.vcf.idx, /scratch/eknodel/SCC_samples/Progeny/VEP/DNA_483-SC-01-B6_9-3-21_133_060_S138_L002_strelka_vep_filtered_snps.vcf.idx, /scratch/eknodel/SCC_samples/Progeny/VEP/DNA_483-SC-01-B6_9-3-21_133_060_S138_L002_strelka_vep_unfiltered_snps.vcf.idx
    jobid: 8

Submitted job 8 with external jobid 'Submitted batch job 19502653'.
[Thu Mar  2 13:49:45 2023]
Finished job 8.
2 of 9 steps (22%) done

[Thu Mar  2 13:49:45 2023]
rule gatk_asereadcounter:
    input: /scratch/eknodel/SCC_samples/Progeny/RNAseq/sorted_bam/483_sc_01_B6-1_366_211_S58_L003_RNA_HISAT2_genome_aligned_sortedbycoord_mkdup_RG.bam, /scratch/eknodel/SCC_samples/Progeny/VEP/DNA_483-SC-01-B6_9-3-21_133_060_S138_L002_gatk_vep_filtered_snps.vcf, /scratch/eknodel/SCC_samples/Progeny/VEP/DNA_483-SC-01-B6_9-3-21_133_060_S138_L002_gatk_vep_unfiltered_snps.vcf, /scratch/eknodel/SCC_samples/Progeny/VEP/DNA_483-SC-01-B6_9-3-21_133_060_S138_L002_gatk_vep_filtered_snps.vcf.idx, /scratch/eknodel/SCC_samples/Progeny/VEP/DNA_483-SC-01-B6_9-3-21_133_060_S138_L002_gatk_vep_unfiltered_snps.vcf.idx
    output: /scratch/eknodel/SCC_samples/Progeny/RNAseq/variant_specific_expression/483_sc_01_B6-1_366_211_S58_L003_gatk_filtered_expression.tsv, /scratch/eknodel/SCC_samples/Progeny/RNAseq/variant_specific_expression/483_sc_01_B6-1_366_211_S58_L003_gatk_unfiltered_expression.tsv
    jobid: 6
    wildcards: RNA=483_sc_01_B6-1_366_211_S58_L003

Submitted job 6 with external jobid 'Submitted batch job 19502666'.

[Thu Mar  2 13:49:45 2023]
rule gatk_asereadcounter:
    input: /scratch/eknodel/SCC_samples/Progeny/RNAseq/sorted_bam/483_sc_01_B6-2_354_223_S59_L003_RNA_HISAT2_genome_aligned_sortedbycoord_mkdup_RG.bam, /scratch/eknodel/SCC_samples/Progeny/VEP/DNA_483-SC-01-B6_9-3-21_133_060_S138_L002_gatk_vep_filtered_snps.vcf, /scratch/eknodel/SCC_samples/Progeny/VEP/DNA_483-SC-01-B6_9-3-21_133_060_S138_L002_gatk_vep_unfiltered_snps.vcf, /scratch/eknodel/SCC_samples/Progeny/VEP/DNA_483-SC-01-B6_9-3-21_133_060_S138_L002_gatk_vep_filtered_snps.vcf.idx, /scratch/eknodel/SCC_samples/Progeny/VEP/DNA_483-SC-01-B6_9-3-21_133_060_S138_L002_gatk_vep_unfiltered_snps.vcf.idx
    output: /scratch/eknodel/SCC_samples/Progeny/RNAseq/variant_specific_expression/483_sc_01_B6-2_354_223_S59_L003_gatk_filtered_expression.tsv, /scratch/eknodel/SCC_samples/Progeny/RNAseq/variant_specific_expression/483_sc_01_B6-2_354_223_S59_L003_gatk_unfiltered_expression.tsv
    jobid: 1
    wildcards: RNA=483_sc_01_B6-2_354_223_S59_L003

Submitted job 1 with external jobid 'Submitted batch job 19502667'.

[Thu Mar  2 13:49:45 2023]
rule gatk_asereadcounter_strelka:
    input: /scratch/eknodel/SCC_samples/Progeny/RNAseq/sorted_bam/483_sc_01_B6-1_366_211_S58_L003_RNA_HISAT2_genome_aligned_sortedbycoord_mkdup_RG.bam, /scratch/eknodel/SCC_samples/Progeny/VEP/DNA_483-SC-01-B6_9-3-21_133_060_S138_L002_strelka_vep_filtered_snps.vcf, /scratch/eknodel/SCC_samples/Progeny/VEP/DNA_483-SC-01-B6_9-3-21_133_060_S138_L002_strelka_vep_unfiltered_snps.vcf, /scratch/eknodel/SCC_samples/Progeny/VEP/DNA_483-SC-01-B6_9-3-21_133_060_S138_L002_strelka_vep_filtered_snps.vcf.idx, /scratch/eknodel/SCC_samples/Progeny/VEP/DNA_483-SC-01-B6_9-3-21_133_060_S138_L002_strelka_vep_unfiltered_snps.vcf.idx
    output: /scratch/eknodel/SCC_samples/Progeny/RNAseq/variant_specific_expression/483_sc_01_B6-1_366_211_S58_L003_strelka_filtered_expression.tsv, /scratch/eknodel/SCC_samples/Progeny/RNAseq/variant_specific_expression/483_sc_01_B6-1_366_211_S58_L003_strelka_unfiltered_expression.tsv
    jobid: 4
    wildcards: RNA=483_sc_01_B6-1_366_211_S58_L003

Submitted job 4 with external jobid 'Submitted batch job 19502668'.

[Thu Mar  2 13:49:45 2023]
rule gatk_asereadcounter_strelka:
    input: /scratch/eknodel/SCC_samples/Progeny/RNAseq/sorted_bam/483_sc_01_B6-2_354_223_S59_L003_RNA_HISAT2_genome_aligned_sortedbycoord_mkdup_RG.bam, /scratch/eknodel/SCC_samples/Progeny/VEP/DNA_483-SC-01-B6_9-3-21_133_060_S138_L002_strelka_vep_filtered_snps.vcf, /scratch/eknodel/SCC_samples/Progeny/VEP/DNA_483-SC-01-B6_9-3-21_133_060_S138_L002_strelka_vep_unfiltered_snps.vcf, /scratch/eknodel/SCC_samples/Progeny/VEP/DNA_483-SC-01-B6_9-3-21_133_060_S138_L002_strelka_vep_filtered_snps.vcf.idx, /scratch/eknodel/SCC_samples/Progeny/VEP/DNA_483-SC-01-B6_9-3-21_133_060_S138_L002_strelka_vep_unfiltered_snps.vcf.idx
    output: /scratch/eknodel/SCC_samples/Progeny/RNAseq/variant_specific_expression/483_sc_01_B6-2_354_223_S59_L003_strelka_filtered_expression.tsv, /scratch/eknodel/SCC_samples/Progeny/RNAseq/variant_specific_expression/483_sc_01_B6-2_354_223_S59_L003_strelka_unfiltered_expression.tsv
    jobid: 2
    wildcards: RNA=483_sc_01_B6-2_354_223_S59_L003

Submitted job 2 with external jobid 'Submitted batch job 19502669'.
[Thu Mar  2 14:12:47 2023]
Finished job 2.
3 of 9 steps (33%) done
[Thu Mar  2 14:23:17 2023]
Finished job 4.
4 of 9 steps (44%) done
[Thu Mar  2 14:24:47 2023]
Finished job 6.
5 of 9 steps (56%) done

[Thu Mar  2 14:24:47 2023]
rule format_output:
    input: /scratch/eknodel/SCC_samples/Progeny/RNAseq/variant_specific_expression/483_sc_01_B6-1_366_211_S58_L003_gatk_filtered_expression.tsv, /scratch/eknodel/SCC_samples/Progeny/RNAseq/variant_specific_expression/483_sc_01_B6-1_366_211_S58_L003_gatk_unfiltered_expression.tsv
    output: /scratch/eknodel/SCC_samples/Progeny/RNAseq/variant_specific_expression/483_sc_01_B6-1_366_211_S58_L003_gatk_filtered_expression.out, /scratch/eknodel/SCC_samples/Progeny/RNAseq/variant_specific_expression/483_sc_01_B6-1_366_211_S58_L003_gatk_unfiltered_expression.out
    jobid: 3
    wildcards: RNA=483_sc_01_B6-1_366_211_S58_L003

[Thu Mar  2 14:24:48 2023]
Finished job 1.
6 of 9 steps (67%) done
Submitted job 3 with external jobid 'Submitted batch job 19502798'.

[Thu Mar  2 14:24:48 2023]
rule format_output:
    input: /scratch/eknodel/SCC_samples/Progeny/RNAseq/variant_specific_expression/483_sc_01_B6-2_354_223_S59_L003_gatk_filtered_expression.tsv, /scratch/eknodel/SCC_samples/Progeny/RNAseq/variant_specific_expression/483_sc_01_B6-2_354_223_S59_L003_gatk_unfiltered_expression.tsv
    output: /scratch/eknodel/SCC_samples/Progeny/RNAseq/variant_specific_expression/483_sc_01_B6-2_354_223_S59_L003_gatk_filtered_expression.out, /scratch/eknodel/SCC_samples/Progeny/RNAseq/variant_specific_expression/483_sc_01_B6-2_354_223_S59_L003_gatk_unfiltered_expression.out
    jobid: 5
    wildcards: RNA=483_sc_01_B6-2_354_223_S59_L003

Submitted job 5 with external jobid 'Submitted batch job 19502799'.
[Thu Mar  2 14:26:48 2023]
Finished job 3.
7 of 9 steps (78%) done
[Thu Mar  2 14:26:48 2023]
Finished job 5.
8 of 9 steps (89%) done

[Thu Mar  2 14:26:48 2023]
localrule all:
    input: /scratch/eknodel/SCC_samples/Progeny/RNAseq/variant_specific_expression/483_sc_01_B6-1_366_211_S58_L003_gatk_filtered_expression.tsv, /scratch/eknodel/SCC_samples/Progeny/RNAseq/variant_specific_expression/483_sc_01_B6-2_354_223_S59_L003_gatk_filtered_expression.tsv, /scratch/eknodel/SCC_samples/Progeny/RNAseq/variant_specific_expression/483_sc_01_B6-1_366_211_S58_L003_strelka_filtered_expression.tsv, /scratch/eknodel/SCC_samples/Progeny/RNAseq/variant_specific_expression/483_sc_01_B6-2_354_223_S59_L003_strelka_filtered_expression.tsv, /scratch/eknodel/SCC_samples/Progeny/RNAseq/variant_specific_expression/483_sc_01_B6-1_366_211_S58_L003_gatk_filtered_expression.out, /scratch/eknodel/SCC_samples/Progeny/RNAseq/variant_specific_expression/483_sc_01_B6-2_354_223_S59_L003_gatk_filtered_expression.out
    jobid: 0

[Thu Mar  2 14:26:48 2023]
Finished job 0.
9 of 9 steps (100%) done
Complete log: /home/eknodel/SCC_samples/Progeny/04_variant_specific_expression/.snakemake/log/2023-03-02T134244.495493.snakemake.log
