Building DAG of jobs...
Using shell: /usr/bin/bash
Provided cluster nodes: 15
Job counts:
	count	jobs
	1	all
	2	format_output
	2	gatk_asereadcounter
	1	index_vcf
	1	remove_duplicates
	7

[Fri Jun 16 21:01:44 2023]
rule remove_duplicates:
    input: /scratch/eknodel/SCC_samples/Progeny/VEP/DNA_483-SC-01-B6_9-3-21_133_060_S138_L002_mnp_split_gatk_vep_filtered.vcf, /data/CEM/shared/public_data/references/ensemble_GRCm38.68/GRCm38_68.fa
    output: /scratch/eknodel/SCC_samples/Progeny/VEP/DNA_483-SC-01-B6_9-3-21_133_060_S138_L002_mnp_split_gatk_vep_filtered_biall.vcf
    jobid: 5

Submitted job 5 with external jobid 'Submitted batch job 21325794'.
[Fri Jun 16 21:02:14 2023]
Finished job 5.
1 of 7 steps (14%) done

[Fri Jun 16 21:02:14 2023]
rule index_vcf:
    input: /scratch/eknodel/SCC_samples/Progeny/VEP/DNA_483-SC-01-B6_9-3-21_133_060_S138_L002_mnp_split_gatk_vep_filtered_biall.vcf
    output: /scratch/eknodel/SCC_samples/Progeny/VEP/DNA_483-SC-01-B6_9-3-21_133_060_S138_L002_mnp_split_gatk_vep_filtered_biall.vcf.idx
    jobid: 6

Submitted job 6 with external jobid 'Submitted batch job 21325806'.
[Fri Jun 16 21:02:24 2023]
Finished job 6.
2 of 7 steps (29%) done

[Fri Jun 16 21:02:24 2023]
rule gatk_asereadcounter:
    input: /scratch/eknodel/SCC_samples/Progeny/RNAseq/sorted_bam/483_sc_01_B6-1_366_211_S58_L003_RNA_HISAT2_genome_aligned_sortedbycoord_mkdup_RG.bam, /scratch/eknodel/SCC_samples/Progeny/VEP/DNA_483-SC-01-B6_9-3-21_133_060_S138_L002_mnp_split_gatk_vep_filtered_biall.vcf, /scratch/eknodel/SCC_samples/Progeny/VEP/DNA_483-SC-01-B6_9-3-21_133_060_S138_L002_mnp_split_gatk_vep_filtered_biall.vcf.idx
    output: /scratch/eknodel/SCC_samples/Progeny/RNAseq/variant_specific_expression/483_sc_01_B6-1_366_211_S58_L003_mnp_split_gatk_filtered_expression.tsv
    jobid: 2
    wildcards: RNA=483_sc_01_B6-1_366_211_S58_L003

Submitted job 2 with external jobid 'Submitted batch job 21325811'.

[Fri Jun 16 21:02:24 2023]
rule gatk_asereadcounter:
    input: /scratch/eknodel/SCC_samples/Progeny/RNAseq/sorted_bam/483_sc_01_B6-2_354_223_S59_L003_RNA_HISAT2_genome_aligned_sortedbycoord_mkdup_RG.bam, /scratch/eknodel/SCC_samples/Progeny/VEP/DNA_483-SC-01-B6_9-3-21_133_060_S138_L002_mnp_split_gatk_vep_filtered_biall.vcf, /scratch/eknodel/SCC_samples/Progeny/VEP/DNA_483-SC-01-B6_9-3-21_133_060_S138_L002_mnp_split_gatk_vep_filtered_biall.vcf.idx
    output: /scratch/eknodel/SCC_samples/Progeny/RNAseq/variant_specific_expression/483_sc_01_B6-2_354_223_S59_L003_mnp_split_gatk_filtered_expression.tsv
    jobid: 4
    wildcards: RNA=483_sc_01_B6-2_354_223_S59_L003

Submitted job 4 with external jobid 'Submitted batch job 21325812'.
[Fri Jun 16 21:16:25 2023]
Finished job 2.
3 of 7 steps (43%) done

[Fri Jun 16 21:16:25 2023]
rule format_output:
    input: /scratch/eknodel/SCC_samples/Progeny/RNAseq/variant_specific_expression/483_sc_01_B6-1_366_211_S58_L003_mnp_split_gatk_filtered_expression.tsv
    output: /scratch/eknodel/SCC_samples/Progeny/RNAseq/variant_specific_expression/483_sc_01_B6-1_366_211_S58_L003_mnp_split_gatk_filtered_expression.out
    jobid: 1
    wildcards: RNA=483_sc_01_B6-1_366_211_S58_L003

[Fri Jun 16 21:16:25 2023]
Finished job 4.
4 of 7 steps (57%) done
Submitted job 1 with external jobid 'Submitted batch job 21326139'.

[Fri Jun 16 21:16:25 2023]
rule format_output:
    input: /scratch/eknodel/SCC_samples/Progeny/RNAseq/variant_specific_expression/483_sc_01_B6-2_354_223_S59_L003_mnp_split_gatk_filtered_expression.tsv
    output: /scratch/eknodel/SCC_samples/Progeny/RNAseq/variant_specific_expression/483_sc_01_B6-2_354_223_S59_L003_mnp_split_gatk_filtered_expression.out
    jobid: 3
    wildcards: RNA=483_sc_01_B6-2_354_223_S59_L003

Submitted job 3 with external jobid 'Submitted batch job 21326140'.
[Fri Jun 16 21:16:35 2023]
Finished job 1.
5 of 7 steps (71%) done
[Fri Jun 16 21:16:35 2023]
Finished job 3.
6 of 7 steps (86%) done

[Fri Jun 16 21:16:35 2023]
localrule all:
    input: /scratch/eknodel/SCC_samples/Progeny/RNAseq/variant_specific_expression/483_sc_01_B6-1_366_211_S58_L003_mnp_split_gatk_filtered_expression.tsv, /scratch/eknodel/SCC_samples/Progeny/RNAseq/variant_specific_expression/483_sc_01_B6-2_354_223_S59_L003_mnp_split_gatk_filtered_expression.tsv, /scratch/eknodel/SCC_samples/Progeny/RNAseq/variant_specific_expression/483_sc_01_B6-1_366_211_S58_L003_mnp_split_gatk_filtered_expression.out, /scratch/eknodel/SCC_samples/Progeny/RNAseq/variant_specific_expression/483_sc_01_B6-2_354_223_S59_L003_mnp_split_gatk_filtered_expression.out
    jobid: 0

[Fri Jun 16 21:16:35 2023]
Finished job 0.
7 of 7 steps (100%) done
Complete log: /home/eknodel/SCC_samples/Progeny/04_variant_specific_expression/.snakemake/log/2023-06-16T210142.678547.snakemake.log
