Building DAG of jobs...
Using shell: /usr/bin/bash
Provided cluster nodes: 1
Job counts:
	count	jobs
	1	all
	1	generate_fasta
	2

[Mon Sep 26 20:37:04 2022]
rule generate_fasta:
    input: /scratch/eknodel/SCC_samples/Parent_cell_lines/VEP/244_1_Chu_02_B7_352_225_S2_L003_gatk_vep_filtered.vcf, /scratch/eknodel/SCC_samples/Parent_cell_lines/VEP/244_1_Chu_02_B7_352_225_S2_L003_gatk_vep_unfiltered.vcf, /scratch/eknodel/SCC_samples/Parent_cell_lines/VEP/244_1_Chu_02_B7_352_225_S2_L003_strelka_vep_filtered.vcf, /scratch/eknodel/SCC_samples/Parent_cell_lines/VEP/244_1_Chu_02_B7_352_225_S2_L003_strelka_vep_unfiltered.vcf
    output: /scratch/eknodel/SCC_samples/Parent_cell_lines/peptides/244_1_Chu_02_B7_352_225_S2_L003_gatk_vep_filtered.vcf, /scratch/eknodel/SCC_samples/Parent_cell_lines/peptides/244_1_Chu_02_B7_352_225_S2_L003_gatk_vep_unfiltered.vcf, /scratch/eknodel/SCC_samples/Parent_cell_lines/peptides/244_1_Chu_02_B7_352_225_S2_L003_strelka_vep_filtered.vcf, /scratch/eknodel/SCC_samples/Parent_cell_lines/peptides/244_1_Chu_02_B7_352_225_S2_L003_strelka_vep_ubfiltered.vcf
    jobid: 1
    wildcards: sample=244_1_Chu_02_B7_352_225_S2_L003

Submitted job 1 with external jobid 'Submitted batch job 17623504'.
[Mon Sep 26 20:38:35 2022]
Error in rule generate_fasta:
    jobid: 1
    output: /scratch/eknodel/SCC_samples/Parent_cell_lines/peptides/244_1_Chu_02_B7_352_225_S2_L003_gatk_vep_filtered.vcf, /scratch/eknodel/SCC_samples/Parent_cell_lines/peptides/244_1_Chu_02_B7_352_225_S2_L003_gatk_vep_unfiltered.vcf, /scratch/eknodel/SCC_samples/Parent_cell_lines/peptides/244_1_Chu_02_B7_352_225_S2_L003_strelka_vep_filtered.vcf, /scratch/eknodel/SCC_samples/Parent_cell_lines/peptides/244_1_Chu_02_B7_352_225_S2_L003_strelka_vep_ubfiltered.vcf
    cluster_jobid: Submitted batch job 17623504

Shutting down, this might take some time.
Exiting because a job execution failed. Look above for error message
Complete log: /home/eknodel/SCC_samples/Parent_cell_lines/03_variant_annotation/.snakemake/log/2022-09-26T203704.662681.snakemake.log
