Building DAG of jobs...
Using shell: /usr/bin/bash
Provided cluster nodes: 1
Job counts:
	count	jobs
	1	all
	1	generate_fasta
	1	isort_input
	1	run_vep
	4

[Mon Sep 26 13:42:20 2022]
rule isort_input:
    input: /scratch/eknodel/SCC_samples/Parent_cell_lines/gatk_mutect2/244_1_Chu_02_B7_352_225_S2_L003.somatic.filtered.pass.vcf, /scratch/eknodel/SCC_samples/Parent_cell_lines/gatk_mutect2/244_1_Chu_02_B7_352_225_S2_L003.somatic.vcf, /scratch/eknodel/SCC_samples/Parent_cell_lines/strelka/244_1_Chu_02_B7_352_225_S2_L003/results/variants/somatic.pass.vcf, /scratch/eknodel/SCC_samples/Parent_cell_lines/strelka/244_1_Chu_02_B7_352_225_S2_L003/results/variants/somatic.vcf
    output: /scratch/eknodel/SCC_samples/Parent_cell_lines/gatk_mutect2/244_1_Chu_02_B7_352_225_S2_L003.somatic_sorted.filtered.pass.vcf, /scratch/eknodel/SCC_samples/Parent_cell_lines/gatk_mutect2/244_1_Chu_02_B7_352_225_S2_L003.somatic_sorted.vcf, /scratch/eknodel/SCC_samples/Parent_cell_lines/strelka/244_1_Chu_02_B7_352_225_S2_L003/results/variants/somatic_sorted.pass.vcf, /scratch/eknodel/SCC_samples/Parent_cell_lines/strelka/244_1_Chu_02_B7_352_225_S2_L003/results/variants/somatic_sorted.vcf
    jobid: 3
    wildcards: sample=244_1_Chu_02_B7_352_225_S2_L003

Submitted job 3 with external jobid 'Submitted batch job 17619952'.
[Mon Sep 26 13:42:30 2022]
Error in rule isort_input:
    jobid: 3
    output: /scratch/eknodel/SCC_samples/Parent_cell_lines/gatk_mutect2/244_1_Chu_02_B7_352_225_S2_L003.somatic_sorted.filtered.pass.vcf, /scratch/eknodel/SCC_samples/Parent_cell_lines/gatk_mutect2/244_1_Chu_02_B7_352_225_S2_L003.somatic_sorted.vcf, /scratch/eknodel/SCC_samples/Parent_cell_lines/strelka/244_1_Chu_02_B7_352_225_S2_L003/results/variants/somatic_sorted.pass.vcf, /scratch/eknodel/SCC_samples/Parent_cell_lines/strelka/244_1_Chu_02_B7_352_225_S2_L003/results/variants/somatic_sorted.vcf
    cluster_jobid: Submitted batch job 17619952

Shutting down, this might take some time.
Exiting because a job execution failed. Look above for error message
Complete log: /home/eknodel/SCC_samples/Parent_cell_lines/03_variant_annotation/.snakemake/log/2022-09-26T134219.894300.snakemake.log
