Provided cluster nodes: 71
Job counts:
	count	jobs
	1	all
	1	format_peptides
	1	generate_fasta_21_gatk
	1	generate_fasta_gatk
	1	generate_fasta_strelka
	1	run_vep
	1	va_annotation
	7

rule run_vep:
    input: /scratch/eknodel/SCC_samples/Progeny/strelka/DNA_483-SC-01-B6_9-3-21_133_060_S138_L002/results/variants/somatic_sorted.vcf, /scratch/eknodel/SCC_samples/Progeny/gatk_mutect2/DNA_483-SC-01-B6_9-3-21_133_060_S138_L002.somatic_sorted.filtered.pass.vcf, /scratch/eknodel/SCC_samples/Progeny/gatk_mutect2/DNA_483-SC-01-B6_9-3-21_133_060_S138_L002.somatic_sorted.vcf, /scratch/eknodel/SCC_samples/Progeny/strelka/DNA_483-SC-01-B6_9-3-21_133_060_S138_L002/results/variants/somatic_sorted.pass.vcf
    output: /scratch/eknodel/SCC_samples/Progeny/VEP/DNA_483-SC-01-B6_9-3-21_133_060_S138_L002_strelka_vep_unfiltered.vcf, /scratch/eknodel/SCC_samples/Progeny/VEP/DNA_483-SC-01-B6_9-3-21_133_060_S138_L002_gatk_vep_filtered.vcf, /scratch/eknodel/SCC_samples/Progeny/VEP/DNA_483-SC-01-B6_9-3-21_133_060_S138_L002_gatk_vep_unfiltered.vcf, /scratch/eknodel/SCC_samples/Progeny/VEP/DNA_483-SC-01-B6_9-3-21_133_060_S138_L002_strelka_vep_filtered.vcf
    jobid: 1
    wildcards: sample=DNA_483-SC-01-B6_9-3-21_133_060_S138_L002

Finished job 1.
1 of 7 steps (14%) done

rule generate_fasta_21_gatk:
    input: /scratch/eknodel/SCC_samples/Progeny/VEP/DNA_483-SC-01-B6_9-3-21_133_060_S138_L002_gatk_vep_filtered.vcf
    output: /scratch/eknodel/SCC_samples/Progeny/peptides/DNA_483-SC-01-B6_9-3-21_133_060_S138_L002_gatk_vep_filtered_21.peptides
    jobid: 5
    wildcards: sample=DNA_483-SC-01-B6_9-3-21_133_060_S138_L002


rule generate_fasta_gatk:
    input: /scratch/eknodel/SCC_samples/Progeny/VEP/DNA_483-SC-01-B6_9-3-21_133_060_S138_L002_gatk_vep_filtered.vcf, /scratch/eknodel/SCC_samples/Progeny/VEP/DNA_483-SC-01-B6_9-3-21_133_060_S138_L002_gatk_vep_unfiltered.vcf
    output: /scratch/eknodel/SCC_samples/Progeny/peptides/DNA_483-SC-01-B6_9-3-21_133_060_S138_L002_gatk_vep_filtered.vcf, /scratch/eknodel/SCC_samples/Progeny/peptides/DNA_483-SC-01-B6_9-3-21_133_060_S138_L002_gatk_vep_unfiltered.vcf
    jobid: 2
    wildcards: sample=DNA_483-SC-01-B6_9-3-21_133_060_S138_L002


rule va_annotation:
    input: /scratch/eknodel/SCC_samples/Progeny/VEP/DNA_483-SC-01-B6_9-3-21_133_060_S138_L002_strelka_vep_unfiltered.vcf, /scratch/eknodel/SCC_samples/Progeny/VEP/DNA_483-SC-01-B6_9-3-21_133_060_S138_L002_strelka_vep_filtered.vcf
    output: /scratch/eknodel/SCC_samples/Progeny/VEP/DNA_483-SC-01-B6_9-3-21_133_060_S138_L002_strelka_vep_unfiltered_gt.vcf, /scratch/eknodel/SCC_samples/Progeny/VEP/DNA_483-SC-01-B6_9-3-21_133_060_S138_L002_strelka_vep_filtered_gt.vcf
    jobid: 7
    wildcards: sample=DNA_483-SC-01-B6_9-3-21_133_060_S138_L002

Error in job generate_fasta_21_gatk while creating output file /scratch/eknodel/SCC_samples/Progeny/peptides/DNA_483-SC-01-B6_9-3-21_133_060_S138_L002_gatk_vep_filtered_21.peptides.
ClusterJobException in line 137 of /home/eknodel/SCC_samples/Progeny/03_variant_annotation/VEP_PVACseq_updated.snakefile:
Error executing rule generate_fasta_21_gatk on cluster (jobid: 5, jobscript: /home/eknodel/SCC_samples/Progeny/03_variant_annotation/.snakemake/tmp.81421zuz/snakejob.generate_fasta_21_gatk.5.sh). For detailed error see the cluster log.
Will exit after finishing currently running jobs.
Error in job generate_fasta_gatk while creating output files /scratch/eknodel/SCC_samples/Progeny/peptides/DNA_483-SC-01-B6_9-3-21_133_060_S138_L002_gatk_vep_filtered.vcf, /scratch/eknodel/SCC_samples/Progeny/peptides/DNA_483-SC-01-B6_9-3-21_133_060_S138_L002_gatk_vep_unfiltered.vcf.
ClusterJobException in line 122 of /home/eknodel/SCC_samples/Progeny/03_variant_annotation/VEP_PVACseq_updated.snakefile:
Error executing rule generate_fasta_gatk on cluster (jobid: 2, jobscript: /home/eknodel/SCC_samples/Progeny/03_variant_annotation/.snakemake/tmp.81421zuz/snakejob.generate_fasta_gatk.2.sh). For detailed error see the cluster log.
Will exit after finishing currently running jobs.
Error in job va_annotation while creating output files /scratch/eknodel/SCC_samples/Progeny/VEP/DNA_483-SC-01-B6_9-3-21_133_060_S138_L002_strelka_vep_unfiltered_gt.vcf, /scratch/eknodel/SCC_samples/Progeny/VEP/DNA_483-SC-01-B6_9-3-21_133_060_S138_L002_strelka_vep_filtered_gt.vcf.
ClusterJobException in line 149 of /home/eknodel/SCC_samples/Progeny/03_variant_annotation/VEP_PVACseq_updated.snakefile:
Error executing rule va_annotation on cluster (jobid: 7, jobscript: /home/eknodel/SCC_samples/Progeny/03_variant_annotation/.snakemake/tmp.81421zuz/snakejob.va_annotation.7.sh). For detailed error see the cluster log.
Will exit after finishing currently running jobs.
Exiting because a job execution failed. Look above for error message
