Building DAG of jobs...
Using shell: /usr/bin/bash
Provided cores: 6
Rules claiming more threads will be scaled down.
Job counts:
	count	jobs
	1	generate_fasta_gatk
	1

[Wed Dec  7 16:08:52 2022]
rule generate_fasta_gatk:
    input: /scratch/eknodel/SCC_samples/Parent_cell_lines/VEP/185_1_SC_01_F11_364_213_S1_L003_gatk_vep_filtered.vcf, /scratch/eknodel/SCC_samples/Parent_cell_lines/VEP/185_1_SC_01_F11_364_213_S1_L003_gatk_vep_unfiltered.vcf
    output: /scratch/eknodel/SCC_samples/Parent_cell_lines/peptides/185_1_SC_01_F11_364_213_S1_L003_gatk_vep_filtered.vcf, /scratch/eknodel/SCC_samples/Parent_cell_lines/peptides/185_1_SC_01_F11_364_213_S1_L003_gatk_vep_unfiltered.vcf
    jobid: 0
    wildcards: sample=185_1_SC_01_F11_364_213_S1_L003

WARNING:root:Transcript WildtypeProtein sequence contains internal stop codon. These can occur in Ensembl transcripts of the biotype polymorphic_pseudogene. Skipping.
15 82638078 G A ENSMUST00000239057
WARNING:root:Transcript WildtypeProtein sequence contains internal stop codon. These can occur in Ensembl transcripts of the biotype polymorphic_pseudogene. Skipping.
2 90085973 G A ENSMUST00000118957
WARNING:root:Transcript WildtypeProtein sequence contains internal stop codon. These can occur in Ensembl transcripts of the biotype polymorphic_pseudogene. Skipping.
5 72264189 C A ENSMUST00000126664
WARNING:root:Transcript WildtypeProtein sequence contains internal stop codon. These can occur in Ensembl transcripts of the biotype polymorphic_pseudogene. Skipping.
9 119222544 C T ENSMUST00000173185
Converting VCF to TSV
frameshift_variant transcript does not contain a FrameshiftSequence. Skipping.
6 87429363 GA G ENSMUST00000032125
Completed
Generating Variant Peptide FASTA and Key File
Completed
Parsing the Variant Peptide FASTA and Key File
Completed
WARNING:root:Transcript WildtypeProtein sequence contains internal stop codon. These can occur in Ensembl transcripts of the biotype polymorphic_pseudogene. Skipping.
15 82638078 G A ENSMUST00000239057
WARNING:root:Transcript WildtypeProtein sequence contains internal stop codon. These can occur in Ensembl transcripts of the biotype polymorphic_pseudogene. Skipping.
17 35397491 A T ENSMUST00000172979
WARNING:root:Transcript WildtypeProtein sequence contains internal stop codon. These can occur in Ensembl transcripts of the biotype polymorphic_pseudogene. Skipping.
17 35397504 C CA ENSMUST00000172979
WARNING:root:Transcript WildtypeProtein sequence contains internal stop codon. These can occur in Ensembl transcripts of the biotype polymorphic_pseudogene. Skipping.
17 35397508 G C ENSMUST00000172979
WARNING:root:Transcript WildtypeProtein sequence contains internal stop codon. These can occur in Ensembl transcripts of the biotype polymorphic_pseudogene. Skipping.
17 35397509 CGA C ENSMUST00000172979
WARNING:root:Transcript WildtypeProtein sequence contains internal stop codon. These can occur in Ensembl transcripts of the biotype polymorphic_pseudogene. Skipping.
17 35397512 C CT ENSMUST00000172979
WARNING:root:Transcript WildtypeProtein sequence contains internal stop codon. These can occur in Ensembl transcripts of the biotype polymorphic_pseudogene. Skipping.
17 35397523 G C ENSMUST00000172979
WARNING:root:Transcript WildtypeProtein sequence contains internal stop codon. These can occur in Ensembl transcripts of the biotype polymorphic_pseudogene. Skipping.
17 35397530 A T ENSMUST00000172979
WARNING:root:Transcript WildtypeProtein sequence contains internal stop codon. These can occur in Ensembl transcripts of the biotype polymorphic_pseudogene. Skipping.
17 35397554 GA TT ENSMUST00000172979
WARNING:root:Transcript WildtypeProtein sequence contains internal stop codon. These can occur in Ensembl transcripts of the biotype polymorphic_pseudogene. Skipping.
17 35397579 T G ENSMUST00000172979
WARNING:root:Transcript WildtypeProtein sequence contains internal stop codon. These can occur in Ensembl transcripts of the biotype polymorphic_pseudogene. Skipping.
18 37762276 G A ENSMUST00000195764
WARNING:root:Transcript WildtypeProtein sequence contains internal stop codon. These can occur in Ensembl transcripts of the biotype polymorphic_pseudogene. Skipping.
2 90085973 G A ENSMUST00000118957
WARNING:root:Transcript WildtypeProtein sequence contains internal stop codon. These can occur in Ensembl transcripts of the biotype polymorphic_pseudogene. Skipping.
3 86988389 G A ENSMUST00000192481
WARNING:root:Transcript WildtypeProtein sequence contains internal stop codon. These can occur in Ensembl transcripts of the biotype polymorphic_pseudogene. Skipping.
3 86988389 G A ENSMUST00000194208
WARNING:root:Transcript WildtypeProtein sequence contains internal stop codon. These can occur in Ensembl transcripts of the biotype polymorphic_pseudogene. Skipping.
5 72264100 CC TT ENSMUST00000126664
WARNING:root:Transcript WildtypeProtein sequence contains internal stop codon. These can occur in Ensembl transcripts of the biotype polymorphic_pseudogene. Skipping.
5 72264189 C A ENSMUST00000126664
WARNING:root:Transcript WildtypeProtein sequence contains internal stop codon. These can occur in Ensembl transcripts of the biotype polymorphic_pseudogene. Skipping.
5 120817741 T C ENSMUST00000183291
WARNING:root:Transcript WildtypeProtein sequence contains internal stop codon. These can occur in Ensembl transcripts of the biotype polymorphic_pseudogene. Skipping.
9 119220879 C T ENSMUST00000173185
WARNING:root:Transcript WildtypeProtein sequence contains internal stop codon. These can occur in Ensembl transcripts of the biotype polymorphic_pseudogene. Skipping.
9 119222544 C T ENSMUST00000173185
WARNING:root:Transcript WildtypeProtein sequence contains internal stop codon. These can occur in Ensembl transcripts of the biotype polymorphic_pseudogene. Skipping.
9 119222852 G A ENSMUST00000173185
WARNING:root:Transcript WildtypeProtein sequence contains internal stop codon. These can occur in Ensembl transcripts of the biotype polymorphic_pseudogene. Skipping.
9 119222924 A G ENSMUST00000173185
Converting VCF to TSV
frameshift_variant transcript does not contain a FrameshiftSequence. Skipping.
15 73523439 GGT G ENSMUST00000043414
frameshift_variant transcript does not contain a FrameshiftSequence. Skipping.
15 73523439 GGT G ENSMUST00000173292
frameshift_variant transcript does not contain a FrameshiftSequence. Skipping.
2 98667081 TG T ENSMUST00000099683
frameshift_variant transcript does not contain a FrameshiftSequence. Skipping.
6 87429363 GA G ENSMUST00000032125
frameshift_variant transcript does not contain a FrameshiftSequence. Skipping.
7 44054636 GGC G ENSMUST00000079859
frameshift_variant transcript does not contain a FrameshiftSequence. Skipping.
7 44054639 A AAC ENSMUST00000079859
frameshift_variant transcript does not contain a FrameshiftSequence. Skipping.
8 109683675 C CT ENSMUST00000034164
frameshift_variant transcript does not contain a FrameshiftSequence. Skipping.
9 15294685 C CT ENSMUST00000034414
frameshift_variant transcript does not contain a FrameshiftSequence. Skipping.
9 15294685 C CT ENSMUST00000178977
frameshift_variant transcript does not contain a FrameshiftSequence. Skipping.
9 15294685 C CT ENSMUST00000180339
frameshift_variant transcript does not contain a FrameshiftSequence. Skipping.
9 15294685 C CT ENSMUST00000216955
Completed
Generating Variant Peptide FASTA and Key File
Completed
Parsing the Variant Peptide FASTA and Key File
Completed
[Wed Dec  7 16:09:46 2022]
Finished job 0.
1 of 1 steps (100%) done
