Building DAG of jobs...
Using shell: /usr/bin/bash
Provided cores: 6
Rules claiming more threads will be scaled down.
Job counts:
	count	jobs
	1	generate_fasta_strelka
	1

[Wed Dec  7 16:06:21 2022]
rule generate_fasta_strelka:
    input: /scratch/eknodel/SCC_samples/Parent_cell_lines/VEP/185_1_SC_01_F11_364_213_S1_L003_strelka_vep_filtered_gt.vcf, /scratch/eknodel/SCC_samples/Parent_cell_lines/VEP/185_1_SC_01_F11_364_213_S1_L003_strelka_vep_unfiltered_gt.vcf
    output: /scratch/eknodel/SCC_samples/Parent_cell_lines/peptides/185_1_SC_01_F11_364_213_S1_L003_strelka_vep_filtered.vcf, /scratch/eknodel/SCC_samples/Parent_cell_lines/peptides/185_1_SC_01_F11_364_213_S1_L003_strelka_vep_ubfiltered.vcf
    jobid: 0
    wildcards: sample=185_1_SC_01_F11_364_213_S1_L003

WARNING:root:Transcript WildtypeProtein sequence contains internal stop codon. These can occur in Ensembl transcripts of the biotype polymorphic_pseudogene. Skipping.
15 82638078 G A ENSMUST00000239057
WARNING:root:Transcript WildtypeProtein sequence contains internal stop codon. These can occur in Ensembl transcripts of the biotype polymorphic_pseudogene. Skipping.
2 90085973 G A ENSMUST00000118957
Converting VCF to TSV
Completed
Generating Variant Peptide FASTA and Key File
Completed
Parsing the Variant Peptide FASTA and Key File
Completed
WARNING:root:Transcript WildtypeProtein sequence contains internal stop codon. These can occur in Ensembl transcripts of the biotype polymorphic_pseudogene. Skipping.
15 82638078 G A ENSMUST00000239057
WARNING:root:Transcript WildtypeProtein sequence contains internal stop codon. These can occur in Ensembl transcripts of the biotype polymorphic_pseudogene. Skipping.
16 19241340 A T ENSMUST00000103751
WARNING:root:Transcript WildtypeProtein sequence contains internal stop codon. These can occur in Ensembl transcripts of the biotype polymorphic_pseudogene. Skipping.
17 35397344 G T ENSMUST00000172979
WARNING:root:Transcript WildtypeProtein sequence contains internal stop codon. These can occur in Ensembl transcripts of the biotype polymorphic_pseudogene. Skipping.
17 35397491 A T ENSMUST00000172979
WARNING:root:Transcript WildtypeProtein sequence contains internal stop codon. These can occur in Ensembl transcripts of the biotype polymorphic_pseudogene. Skipping.
17 36081482 G A ENSMUST00000173080
WARNING:root:Transcript WildtypeProtein sequence contains internal stop codon. These can occur in Ensembl transcripts of the biotype polymorphic_pseudogene. Skipping.
17 36081482 G A ENSMUST00000192532
WARNING:root:Transcript WildtypeProtein sequence contains internal stop codon. These can occur in Ensembl transcripts of the biotype polymorphic_pseudogene. Skipping.
17 36081482 G A ENSMUST00000194244
WARNING:root:Transcript WildtypeProtein sequence contains internal stop codon. These can occur in Ensembl transcripts of the biotype polymorphic_pseudogene. Skipping.
17 36081482 G A ENSMUST00000195833
WARNING:root:Transcript WildtypeProtein sequence contains internal stop codon. These can occur in Ensembl transcripts of the biotype polymorphic_pseudogene. Skipping.
17 36081482 G A ENSMUST00000195838
WARNING:root:Transcript WildtypeProtein sequence contains internal stop codon. These can occur in Ensembl transcripts of the biotype polymorphic_pseudogene. Skipping.
18 37762276 G A ENSMUST00000195764
WARNING:root:Transcript WildtypeProtein sequence contains internal stop codon. These can occur in Ensembl transcripts of the biotype polymorphic_pseudogene. Skipping.
18 37762376 C A ENSMUST00000195764
WARNING:root:Transcript WildtypeProtein sequence contains internal stop codon. These can occur in Ensembl transcripts of the biotype polymorphic_pseudogene. Skipping.
18 37763539 G A ENSMUST00000195764
WARNING:root:Transcript WildtypeProtein sequence contains internal stop codon. These can occur in Ensembl transcripts of the biotype polymorphic_pseudogene. Skipping.
18 37763611 T C ENSMUST00000195764
WARNING:root:Transcript WildtypeProtein sequence contains internal stop codon. These can occur in Ensembl transcripts of the biotype polymorphic_pseudogene. Skipping.
18 37839945 C G ENSMUST00000195764
WARNING:root:Transcript WildtypeProtein sequence contains internal stop codon. These can occur in Ensembl transcripts of the biotype polymorphic_pseudogene. Skipping.
2 90085973 G A ENSMUST00000118957
WARNING:root:Transcript WildtypeProtein sequence contains internal stop codon. These can occur in Ensembl transcripts of the biotype polymorphic_pseudogene. Skipping.
3 86988389 G A ENSMUST00000192481
WARNING:root:Transcript WildtypeProtein sequence contains internal stop codon. These can occur in Ensembl transcripts of the biotype polymorphic_pseudogene. Skipping.
3 86988389 G A ENSMUST00000194208
WARNING:root:Transcript WildtypeProtein sequence contains internal stop codon. These can occur in Ensembl transcripts of the biotype polymorphic_pseudogene. Skipping.
5 72246130 C T ENSMUST00000126664
WARNING:root:Transcript WildtypeProtein sequence contains internal stop codon. These can occur in Ensembl transcripts of the biotype polymorphic_pseudogene. Skipping.
5 72264189 C A ENSMUST00000126664
WARNING:root:Transcript WildtypeProtein sequence contains internal stop codon. These can occur in Ensembl transcripts of the biotype polymorphic_pseudogene. Skipping.
5 92363177 A G ENSMUST00000122808
WARNING:root:Transcript WildtypeProtein sequence contains internal stop codon. These can occur in Ensembl transcripts of the biotype polymorphic_pseudogene. Skipping.
5 105328571 C T ENSMUST00000100960
WARNING:root:Transcript WildtypeProtein sequence contains internal stop codon. These can occur in Ensembl transcripts of the biotype polymorphic_pseudogene. Skipping.
5 120817741 T C ENSMUST00000183291
WARNING:root:Transcript WildtypeProtein sequence contains internal stop codon. These can occur in Ensembl transcripts of the biotype polymorphic_pseudogene. Skipping.
6 3144173 C T ENSMUST00000202355
WARNING:root:Transcript WildtypeProtein sequence contains internal stop codon. These can occur in Ensembl transcripts of the biotype polymorphic_pseudogene. Skipping.
6 41059604 C T ENSMUST00000103265
WARNING:root:Transcript WildtypeProtein sequence contains internal stop codon. These can occur in Ensembl transcripts of the biotype polymorphic_pseudogene. Skipping.
9 119220879 C T ENSMUST00000173185
WARNING:root:Transcript WildtypeProtein sequence contains internal stop codon. These can occur in Ensembl transcripts of the biotype polymorphic_pseudogene. Skipping.
9 119222544 C T ENSMUST00000173185
WARNING:root:Transcript WildtypeProtein sequence contains internal stop codon. These can occur in Ensembl transcripts of the biotype polymorphic_pseudogene. Skipping.
9 119222852 G A ENSMUST00000173185
Converting VCF to TSV
Completed
Generating Variant Peptide FASTA and Key File
Completed
Parsing the Variant Peptide FASTA and Key File
Completed
[Wed Dec  7 16:08:03 2022]
Finished job 0.
1 of 1 steps (100%) done
