Building DAG of jobs...
Using shell: /usr/bin/bash
Provided cluster nodes: 30
Job stats:
job                    count    min threads    max threads
-------------------  -------  -------------  -------------
all                        1              1              1
salmon_quant_paired        8              1              1
total                      9              1              1

Select jobs to execute...

[Thu May 19 11:48:28 2022]
Job 32: Quantifying 244-1-chu-02-B7-6-6-21_250_327_S22_L003 transcripts with Salmon.

Submitted job 32 with external jobid 'Submitted batch job 15841018'.

[Thu May 19 11:48:29 2022]
Job 17: Quantifying 188-2-5c-05-F11-6-9-21_215_362_S17_L003 transcripts with Salmon.

Submitted job 17 with external jobid 'Submitted batch job 15841021'.

[Thu May 19 11:48:32 2022]
Job 1: Quantifying 185-1-5c-01-F11-6-26-21-1_216_361_S9_L003 transcripts with Salmon.

Submitted job 1 with external jobid 'Submitted batch job 15841024'.

[Thu May 19 11:48:34 2022]
Job 36: Quantifying 244-chu-06-F5-7-9-21-2_225_352_S32_L003 transcripts with Salmon.

Submitted job 36 with external jobid 'Submitted batch job 15841027'.

[Thu May 19 11:48:34 2022]
Job 25: Quantifying 185-15c-09-G9-6-22-21_228_349_S8_L003 transcripts with Salmon.

Submitted job 25 with external jobid 'Submitted batch job 15841030'.

[Thu May 19 11:48:34 2022]
Job 10: Quantifying 185-1-5c-01-F11-6-26-21-4_275_302_S12_L003 transcripts with Salmon.

Submitted job 10 with external jobid 'Submitted batch job 15841033'.

[Thu May 19 11:48:34 2022]
Job 33: Quantifying 244-chu-06-F5-7-9-21-1_237_340_S31_L003 transcripts with Salmon.

Submitted job 33 with external jobid 'Submitted batch job 15841035'.

[Thu May 19 11:48:34 2022]
Job 9: Quantifying 244-1-chu-06-D12-7-12-21-1_260_317_S37_L003 transcripts with Salmon.

Submitted job 9 with external jobid 'Submitted batch job 15841038'.
[Thu May 19 11:56:07 2022]
Error in rule salmon_quant_paired:
    jobid: 25
    output: /scratch/eknodel/SCC_samples/cell_lines/RNAseq/salmon/185-15c-09-G9-6-22-21_228_349_S8_L003_salmon_quant
    cluster_jobid: Submitted batch job 15841030

Error executing rule salmon_quant_paired on cluster (jobid: 25, external: Submitted batch job 15841030, jobscript: /home/eknodel/SCC_samples/expression/.snakemake/tmp.pwqtxc38/snakejob.salmon_quant_paired.25.sh). For error details see the cluster log and the log files of the involved rule(s).
Removing output files of failed job salmon_quant_paired since they might be corrupted:
/scratch/eknodel/SCC_samples/cell_lines/RNAseq/salmon/185-15c-09-G9-6-22-21_228_349_S8_L003_salmon_quant
Skipped removing non-empty directory /scratch/eknodel/SCC_samples/cell_lines/RNAseq/salmon/185-15c-09-G9-6-22-21_228_349_S8_L003_salmon_quant
[Thu May 19 11:57:48 2022]
Error in rule salmon_quant_paired:
    jobid: 10
    output: /scratch/eknodel/SCC_samples/cell_lines/RNAseq/salmon/185-1-5c-01-F11-6-26-21-4_275_302_S12_L003_salmon_quant
    cluster_jobid: Submitted batch job 15841033

Error executing rule salmon_quant_paired on cluster (jobid: 10, external: Submitted batch job 15841033, jobscript: /home/eknodel/SCC_samples/expression/.snakemake/tmp.pwqtxc38/snakejob.salmon_quant_paired.10.sh). For error details see the cluster log and the log files of the involved rule(s).
Removing output files of failed job salmon_quant_paired since they might be corrupted:
/scratch/eknodel/SCC_samples/cell_lines/RNAseq/salmon/185-1-5c-01-F11-6-26-21-4_275_302_S12_L003_salmon_quant
Skipped removing non-empty directory /scratch/eknodel/SCC_samples/cell_lines/RNAseq/salmon/185-1-5c-01-F11-6-26-21-4_275_302_S12_L003_salmon_quant
[Thu May 19 11:57:48 2022]
Error in rule salmon_quant_paired:
    jobid: 33
    output: /scratch/eknodel/SCC_samples/cell_lines/RNAseq/salmon/244-chu-06-F5-7-9-21-1_237_340_S31_L003_salmon_quant
    cluster_jobid: Submitted batch job 15841035

Error executing rule salmon_quant_paired on cluster (jobid: 33, external: Submitted batch job 15841035, jobscript: /home/eknodel/SCC_samples/expression/.snakemake/tmp.pwqtxc38/snakejob.salmon_quant_paired.33.sh). For error details see the cluster log and the log files of the involved rule(s).
Removing output files of failed job salmon_quant_paired since they might be corrupted:
/scratch/eknodel/SCC_samples/cell_lines/RNAseq/salmon/244-chu-06-F5-7-9-21-1_237_340_S31_L003_salmon_quant
Skipped removing non-empty directory /scratch/eknodel/SCC_samples/cell_lines/RNAseq/salmon/244-chu-06-F5-7-9-21-1_237_340_S31_L003_salmon_quant
[Thu May 19 11:57:48 2022]
Error in rule salmon_quant_paired:
    jobid: 9
    output: /scratch/eknodel/SCC_samples/cell_lines/RNAseq/salmon/244-1-chu-06-D12-7-12-21-1_260_317_S37_L003_salmon_quant
    cluster_jobid: Submitted batch job 15841038

Error executing rule salmon_quant_paired on cluster (jobid: 9, external: Submitted batch job 15841038, jobscript: /home/eknodel/SCC_samples/expression/.snakemake/tmp.pwqtxc38/snakejob.salmon_quant_paired.9.sh). For error details see the cluster log and the log files of the involved rule(s).
Removing output files of failed job salmon_quant_paired since they might be corrupted:
/scratch/eknodel/SCC_samples/cell_lines/RNAseq/salmon/244-1-chu-06-D12-7-12-21-1_260_317_S37_L003_salmon_quant
Skipped removing non-empty directory /scratch/eknodel/SCC_samples/cell_lines/RNAseq/salmon/244-1-chu-06-D12-7-12-21-1_260_317_S37_L003_salmon_quant
[Thu May 19 11:59:18 2022]
Error in rule salmon_quant_paired:
    jobid: 17
    output: /scratch/eknodel/SCC_samples/cell_lines/RNAseq/salmon/188-2-5c-05-F11-6-9-21_215_362_S17_L003_salmon_quant
    cluster_jobid: Submitted batch job 15841021

Error executing rule salmon_quant_paired on cluster (jobid: 17, external: Submitted batch job 15841021, jobscript: /home/eknodel/SCC_samples/expression/.snakemake/tmp.pwqtxc38/snakejob.salmon_quant_paired.17.sh). For error details see the cluster log and the log files of the involved rule(s).
Removing output files of failed job salmon_quant_paired since they might be corrupted:
/scratch/eknodel/SCC_samples/cell_lines/RNAseq/salmon/188-2-5c-05-F11-6-9-21_215_362_S17_L003_salmon_quant
Skipped removing non-empty directory /scratch/eknodel/SCC_samples/cell_lines/RNAseq/salmon/188-2-5c-05-F11-6-9-21_215_362_S17_L003_salmon_quant
[Thu May 19 11:59:28 2022]
Error in rule salmon_quant_paired:
    jobid: 36
    output: /scratch/eknodel/SCC_samples/cell_lines/RNAseq/salmon/244-chu-06-F5-7-9-21-2_225_352_S32_L003_salmon_quant
    cluster_jobid: Submitted batch job 15841027

Error executing rule salmon_quant_paired on cluster (jobid: 36, external: Submitted batch job 15841027, jobscript: /home/eknodel/SCC_samples/expression/.snakemake/tmp.pwqtxc38/snakejob.salmon_quant_paired.36.sh). For error details see the cluster log and the log files of the involved rule(s).
Removing output files of failed job salmon_quant_paired since they might be corrupted:
/scratch/eknodel/SCC_samples/cell_lines/RNAseq/salmon/244-chu-06-F5-7-9-21-2_225_352_S32_L003_salmon_quant
Skipped removing non-empty directory /scratch/eknodel/SCC_samples/cell_lines/RNAseq/salmon/244-chu-06-F5-7-9-21-2_225_352_S32_L003_salmon_quant
[Thu May 19 12:00:58 2022]
Error in rule salmon_quant_paired:
    jobid: 1
    output: /scratch/eknodel/SCC_samples/cell_lines/RNAseq/salmon/185-1-5c-01-F11-6-26-21-1_216_361_S9_L003_salmon_quant
    cluster_jobid: Submitted batch job 15841024

Error executing rule salmon_quant_paired on cluster (jobid: 1, external: Submitted batch job 15841024, jobscript: /home/eknodel/SCC_samples/expression/.snakemake/tmp.pwqtxc38/snakejob.salmon_quant_paired.1.sh). For error details see the cluster log and the log files of the involved rule(s).
Removing output files of failed job salmon_quant_paired since they might be corrupted:
/scratch/eknodel/SCC_samples/cell_lines/RNAseq/salmon/185-1-5c-01-F11-6-26-21-1_216_361_S9_L003_salmon_quant
Skipped removing non-empty directory /scratch/eknodel/SCC_samples/cell_lines/RNAseq/salmon/185-1-5c-01-F11-6-26-21-1_216_361_S9_L003_salmon_quant
[Thu May 19 12:03:28 2022]
Error in rule salmon_quant_paired:
    jobid: 32
    output: /scratch/eknodel/SCC_samples/cell_lines/RNAseq/salmon/244-1-chu-02-B7-6-6-21_250_327_S22_L003_salmon_quant
    cluster_jobid: Submitted batch job 15841018

Error executing rule salmon_quant_paired on cluster (jobid: 32, external: Submitted batch job 15841018, jobscript: /home/eknodel/SCC_samples/expression/.snakemake/tmp.pwqtxc38/snakejob.salmon_quant_paired.32.sh). For error details see the cluster log and the log files of the involved rule(s).
Removing output files of failed job salmon_quant_paired since they might be corrupted:
/scratch/eknodel/SCC_samples/cell_lines/RNAseq/salmon/244-1-chu-02-B7-6-6-21_250_327_S22_L003_salmon_quant
Skipped removing non-empty directory /scratch/eknodel/SCC_samples/cell_lines/RNAseq/salmon/244-1-chu-02-B7-6-6-21_250_327_S22_L003_salmon_quant
Shutting down, this might take some time.
Exiting because a job execution failed. Look above for error message
Complete log: .snakemake/log/2022-05-19T114825.664871.snakemake.log
