Building DAG of jobs...
Using shell: /usr/bin/bash
Provided cores: 8
Rules claiming more threads will be scaled down.
Job counts:
	count	jobs
	1	remove_duplicates
	1

[Mon Jun 19 12:41:04 2023]
rule remove_duplicates:
    input: /scratch/eknodel/SCC_samples/Parent_cell_lines/VEP/244_1_Chu_02_B7_352_225_S2_L003_mnp_split_gatk_vep_filtered.vcf, /scratch/eknodel/SCC_samples/Parent_cell_lines/VEP/244_1_Chu_02_B7_352_225_S2_L003_mnp_split_gatk_vep.vcf, /data/CEM/shared/public_data/references/ensemble_GRCm38.68/GRCm38_68.fa
    output: /scratch/eknodel/SCC_samples/Parent_cell_lines/VEP/244_1_Chu_02_B7_352_225_S2_L003_mnp_split_gatk_vep_filtered_SNP.vcf, /scratch/eknodel/SCC_samples/Parent_cell_lines/VEP/244_1_Chu_02_B7_352_225_S2_L003_mnp_split_gatk_vep_unfiltered_SNP.vcf
    jobid: 0

12:41:07.997 INFO  NativeLibraryLoader - Loading libgkl_compression.so from jar:file:/home/eknodel/gatk-4.1.7.0/gatk-package-4.1.7.0-local.jar!/com/intel/gkl/native/libgkl_compression.so
Jun 19, 2023 12:41:08 PM shaded.cloud_nio.com.google.auth.oauth2.ComputeEngineCredentials runningOnComputeEngine
INFO: Failed to detect whether we are running on Google Compute Engine.
12:41:08.203 INFO  SelectVariants - ------------------------------------------------------------
12:41:08.203 INFO  SelectVariants - The Genome Analysis Toolkit (GATK) v4.1.7.0
12:41:08.203 INFO  SelectVariants - For support and documentation go to https://software.broadinstitute.org/gatk/
12:41:08.204 INFO  SelectVariants - Executing as eknodel@cg21-3.agave.rc.asu.edu on Linux v3.10.0-1160.21.1.el7.x86_64 amd64
12:41:08.204 INFO  SelectVariants - Java runtime: OpenJDK 64-Bit Server VM v11.0.1-internal+0-adhoc..src
12:41:08.204 INFO  SelectVariants - Start Date/Time: June 19, 2023 at 12:41:07 PM MST
12:41:08.204 INFO  SelectVariants - ------------------------------------------------------------
12:41:08.204 INFO  SelectVariants - ------------------------------------------------------------
12:41:08.205 INFO  SelectVariants - HTSJDK Version: 2.21.2
12:41:08.205 INFO  SelectVariants - Picard Version: 2.21.9
12:41:08.205 INFO  SelectVariants - HTSJDK Defaults.COMPRESSION_LEVEL : 2
12:41:08.205 INFO  SelectVariants - HTSJDK Defaults.USE_ASYNC_IO_READ_FOR_SAMTOOLS : false
12:41:08.205 INFO  SelectVariants - HTSJDK Defaults.USE_ASYNC_IO_WRITE_FOR_SAMTOOLS : true
12:41:08.205 INFO  SelectVariants - HTSJDK Defaults.USE_ASYNC_IO_WRITE_FOR_TRIBBLE : false
12:41:08.205 INFO  SelectVariants - Deflater: IntelDeflater
12:41:08.205 INFO  SelectVariants - Inflater: IntelInflater
12:41:08.205 INFO  SelectVariants - GCS max retries/reopens: 20
12:41:08.205 INFO  SelectVariants - Requester pays: disabled
12:41:08.205 INFO  SelectVariants - Initializing engine
12:41:08.831 INFO  FeatureManager - Using codec VCFCodec to read file file:///scratch/eknodel/SCC_samples/Parent_cell_lines/VEP/244_1_Chu_02_B7_352_225_S2_L003_mnp_split_gatk_vep_filtered.vcf
12:41:08.889 INFO  SelectVariants - Done initializing engine
12:41:09.249 INFO  ProgressMeter - Starting traversal
12:41:09.250 INFO  ProgressMeter -        Current Locus  Elapsed Minutes    Variants Processed  Variants/Minute
12:41:12.576 INFO  ProgressMeter -           X:57043607              0.1                 33529         605216.6
12:41:12.576 INFO  ProgressMeter - Traversal complete. Processed 33529 total variants in 0.1 minutes.
12:41:12.743 INFO  SelectVariants - Shutting down engine
[June 19, 2023 at 12:41:12 PM MST] org.broadinstitute.hellbender.tools.walkers.variantutils.SelectVariants done. Elapsed time: 0.08 minutes.
Runtime.totalMemory()=645922816
Using GATK jar /home/eknodel/gatk-4.1.7.0/gatk-package-4.1.7.0-local.jar
Running:
    java -Dsamjdk.use_async_io_read_samtools=false -Dsamjdk.use_async_io_write_samtools=true -Dsamjdk.use_async_io_write_tribble=false -Dsamjdk.compression_level=2 -jar /home/eknodel/gatk-4.1.7.0/gatk-package-4.1.7.0-local.jar SelectVariants -V /scratch/eknodel/SCC_samples/Parent_cell_lines/VEP/244_1_Chu_02_B7_352_225_S2_L003_mnp_split_gatk_vep_filtered.vcf --select-type-to-include SNP -O /scratch/eknodel/SCC_samples/Parent_cell_lines/VEP/244_1_Chu_02_B7_352_225_S2_L003_mnp_split_gatk_vep_filtered_SNP.vcf
12:41:15.177 INFO  NativeLibraryLoader - Loading libgkl_compression.so from jar:file:/home/eknodel/gatk-4.1.7.0/gatk-package-4.1.7.0-local.jar!/com/intel/gkl/native/libgkl_compression.so
Jun 19, 2023 12:41:15 PM shaded.cloud_nio.com.google.auth.oauth2.ComputeEngineCredentials runningOnComputeEngine
INFO: Failed to detect whether we are running on Google Compute Engine.
12:41:15.374 INFO  SelectVariants - ------------------------------------------------------------
12:41:15.375 INFO  SelectVariants - The Genome Analysis Toolkit (GATK) v4.1.7.0
12:41:15.375 INFO  SelectVariants - For support and documentation go to https://software.broadinstitute.org/gatk/
12:41:15.375 INFO  SelectVariants - Executing as eknodel@cg21-3.agave.rc.asu.edu on Linux v3.10.0-1160.21.1.el7.x86_64 amd64
12:41:15.375 INFO  SelectVariants - Java runtime: OpenJDK 64-Bit Server VM v11.0.1-internal+0-adhoc..src
12:41:15.376 INFO  SelectVariants - Start Date/Time: June 19, 2023 at 12:41:15 PM MST
12:41:15.376 INFO  SelectVariants - ------------------------------------------------------------
12:41:15.376 INFO  SelectVariants - ------------------------------------------------------------
12:41:15.376 INFO  SelectVariants - HTSJDK Version: 2.21.2
12:41:15.376 INFO  SelectVariants - Picard Version: 2.21.9
12:41:15.377 INFO  SelectVariants - HTSJDK Defaults.COMPRESSION_LEVEL : 2
12:41:15.377 INFO  SelectVariants - HTSJDK Defaults.USE_ASYNC_IO_READ_FOR_SAMTOOLS : false
12:41:15.377 INFO  SelectVariants - HTSJDK Defaults.USE_ASYNC_IO_WRITE_FOR_SAMTOOLS : true
12:41:15.377 INFO  SelectVariants - HTSJDK Defaults.USE_ASYNC_IO_WRITE_FOR_TRIBBLE : false
12:41:15.377 INFO  SelectVariants - Deflater: IntelDeflater
12:41:15.377 INFO  SelectVariants - Inflater: IntelInflater
12:41:15.377 INFO  SelectVariants - GCS max retries/reopens: 20
12:41:15.377 INFO  SelectVariants - Requester pays: disabled
12:41:15.377 INFO  SelectVariants - Initializing engine
12:41:15.514 INFO  FeatureManager - Using codec VCFCodec to read file file:///scratch/eknodel/SCC_samples/Parent_cell_lines/VEP/244_1_Chu_02_B7_352_225_S2_L003_mnp_split_gatk_vep.vcf
12:41:15.566 INFO  SelectVariants - Done initializing engine
12:41:15.609 INFO  ProgressMeter - Starting traversal
12:41:15.609 INFO  ProgressMeter -        Current Locus  Elapsed Minutes    Variants Processed  Variants/Minute
12:41:19.708 INFO  ProgressMeter -           X:72833431              0.1                 52865         774200.6
12:41:19.709 INFO  ProgressMeter - Traversal complete. Processed 52865 total variants in 0.1 minutes.
12:41:20.011 INFO  SelectVariants - Shutting down engine
[June 19, 2023 at 12:41:20 PM MST] org.broadinstitute.hellbender.tools.walkers.variantutils.SelectVariants done. Elapsed time: 0.08 minutes.
Runtime.totalMemory()=954204160
Using GATK jar /home/eknodel/gatk-4.1.7.0/gatk-package-4.1.7.0-local.jar
Running:
    java -Dsamjdk.use_async_io_read_samtools=false -Dsamjdk.use_async_io_write_samtools=true -Dsamjdk.use_async_io_write_tribble=false -Dsamjdk.compression_level=2 -jar /home/eknodel/gatk-4.1.7.0/gatk-package-4.1.7.0-local.jar SelectVariants -V /scratch/eknodel/SCC_samples/Parent_cell_lines/VEP/244_1_Chu_02_B7_352_225_S2_L003_mnp_split_gatk_vep.vcf --select-type-to-include SNP -O /scratch/eknodel/SCC_samples/Parent_cell_lines/VEP/244_1_Chu_02_B7_352_225_S2_L003_mnp_split_gatk_vep_unfiltered_SNP.vcf
[Mon Jun 19 12:41:20 2023]
Finished job 0.
1 of 1 steps (100%) done
