Building DAG of jobs...
Using shell: /usr/bin/bash
Provided cores: 8
Rules claiming more threads will be scaled down.
Job counts:
	count	jobs
	1	index_vcf
	1

[Mon Jun 19 12:41:23 2023]
rule index_vcf:
    input: /scratch/eknodel/SCC_samples/Parent_cell_lines/VEP/244_1_Chu_02_B7_352_225_S2_L003_mnp_split_gatk_vep_filtered_SNP.vcf, /scratch/eknodel/SCC_samples/Parent_cell_lines/VEP/244_1_Chu_02_B7_352_225_S2_L003_mnp_split_gatk_vep_unfiltered_SNP.vcf
    output: /scratch/eknodel/SCC_samples/Parent_cell_lines/VEP/244_1_Chu_02_B7_352_225_S2_L003_mnp_split_gatk_vep_filtered_SNP.vcf.idx, /scratch/eknodel/SCC_samples/Parent_cell_lines/VEP/244_1_Chu_02_B7_352_225_S2_L003_mnp_split_gatk_vep_unfiltered_SNP.vcf.idx
    jobid: 0

12:41:25.883 INFO  NativeLibraryLoader - Loading libgkl_compression.so from jar:file:/home/eknodel/gatk-4.1.7.0/gatk-package-4.1.7.0-local.jar!/com/intel/gkl/native/libgkl_compression.so
Jun 19, 2023 12:41:26 PM shaded.cloud_nio.com.google.auth.oauth2.ComputeEngineCredentials runningOnComputeEngine
INFO: Failed to detect whether we are running on Google Compute Engine.
12:41:26.076 INFO  IndexFeatureFile - ------------------------------------------------------------
12:41:26.076 INFO  IndexFeatureFile - The Genome Analysis Toolkit (GATK) v4.1.7.0
12:41:26.076 INFO  IndexFeatureFile - For support and documentation go to https://software.broadinstitute.org/gatk/
12:41:26.076 INFO  IndexFeatureFile - Executing as eknodel@cg21-3.agave.rc.asu.edu on Linux v3.10.0-1160.21.1.el7.x86_64 amd64
12:41:26.077 INFO  IndexFeatureFile - Java runtime: OpenJDK 64-Bit Server VM v11.0.1-internal+0-adhoc..src
12:41:26.077 INFO  IndexFeatureFile - Start Date/Time: June 19, 2023 at 12:41:25 PM MST
12:41:26.077 INFO  IndexFeatureFile - ------------------------------------------------------------
12:41:26.077 INFO  IndexFeatureFile - ------------------------------------------------------------
12:41:26.078 INFO  IndexFeatureFile - HTSJDK Version: 2.21.2
12:41:26.078 INFO  IndexFeatureFile - Picard Version: 2.21.9
12:41:26.078 INFO  IndexFeatureFile - HTSJDK Defaults.COMPRESSION_LEVEL : 2
12:41:26.078 INFO  IndexFeatureFile - HTSJDK Defaults.USE_ASYNC_IO_READ_FOR_SAMTOOLS : false
12:41:26.078 INFO  IndexFeatureFile - HTSJDK Defaults.USE_ASYNC_IO_WRITE_FOR_SAMTOOLS : true
12:41:26.078 INFO  IndexFeatureFile - HTSJDK Defaults.USE_ASYNC_IO_WRITE_FOR_TRIBBLE : false
12:41:26.078 INFO  IndexFeatureFile - Deflater: IntelDeflater
12:41:26.078 INFO  IndexFeatureFile - Inflater: IntelInflater
12:41:26.078 INFO  IndexFeatureFile - GCS max retries/reopens: 20
12:41:26.078 INFO  IndexFeatureFile - Requester pays: disabled
12:41:26.078 INFO  IndexFeatureFile - Initializing engine
12:41:26.078 INFO  IndexFeatureFile - Done initializing engine
12:41:26.194 INFO  FeatureManager - Using codec VCFCodec to read file file:///scratch/eknodel/SCC_samples/Parent_cell_lines/VEP/244_1_Chu_02_B7_352_225_S2_L003_mnp_split_gatk_vep_filtered_SNP.vcf
12:41:26.212 INFO  ProgressMeter - Starting traversal
12:41:26.212 INFO  ProgressMeter -        Current Locus  Elapsed Minutes     Records Processed   Records/Minute
12:41:27.721 INFO  ProgressMeter -           X:57043607              0.0                 33529        1334045.1
12:41:27.723 INFO  ProgressMeter - Traversal complete. Processed 33529 total records in 0.0 minutes.
12:41:27.855 INFO  IndexFeatureFile - Successfully wrote index to /scratch/eknodel/SCC_samples/Parent_cell_lines/VEP/244_1_Chu_02_B7_352_225_S2_L003_mnp_split_gatk_vep_filtered_SNP.vcf.idx
12:41:27.855 INFO  IndexFeatureFile - Shutting down engine
[June 19, 2023 at 12:41:27 PM MST] org.broadinstitute.hellbender.tools.IndexFeatureFile done. Elapsed time: 0.03 minutes.
Runtime.totalMemory()=737148928
Tool returned:
/scratch/eknodel/SCC_samples/Parent_cell_lines/VEP/244_1_Chu_02_B7_352_225_S2_L003_mnp_split_gatk_vep_filtered_SNP.vcf.idx
Using GATK jar /home/eknodel/gatk-4.1.7.0/gatk-package-4.1.7.0-local.jar
Running:
    java -Dsamjdk.use_async_io_read_samtools=false -Dsamjdk.use_async_io_write_samtools=true -Dsamjdk.use_async_io_write_tribble=false -Dsamjdk.compression_level=2 -jar /home/eknodel/gatk-4.1.7.0/gatk-package-4.1.7.0-local.jar IndexFeatureFile -I /scratch/eknodel/SCC_samples/Parent_cell_lines/VEP/244_1_Chu_02_B7_352_225_S2_L003_mnp_split_gatk_vep_filtered_SNP.vcf
12:41:30.217 INFO  NativeLibraryLoader - Loading libgkl_compression.so from jar:file:/home/eknodel/gatk-4.1.7.0/gatk-package-4.1.7.0-local.jar!/com/intel/gkl/native/libgkl_compression.so
Jun 19, 2023 12:41:30 PM shaded.cloud_nio.com.google.auth.oauth2.ComputeEngineCredentials runningOnComputeEngine
INFO: Failed to detect whether we are running on Google Compute Engine.
12:41:30.419 INFO  IndexFeatureFile - ------------------------------------------------------------
12:41:30.420 INFO  IndexFeatureFile - The Genome Analysis Toolkit (GATK) v4.1.7.0
12:41:30.420 INFO  IndexFeatureFile - For support and documentation go to https://software.broadinstitute.org/gatk/
12:41:30.420 INFO  IndexFeatureFile - Executing as eknodel@cg21-3.agave.rc.asu.edu on Linux v3.10.0-1160.21.1.el7.x86_64 amd64
12:41:30.420 INFO  IndexFeatureFile - Java runtime: OpenJDK 64-Bit Server VM v11.0.1-internal+0-adhoc..src
12:41:30.420 INFO  IndexFeatureFile - Start Date/Time: June 19, 2023 at 12:41:30 PM MST
12:41:30.420 INFO  IndexFeatureFile - ------------------------------------------------------------
12:41:30.420 INFO  IndexFeatureFile - ------------------------------------------------------------
12:41:30.421 INFO  IndexFeatureFile - HTSJDK Version: 2.21.2
12:41:30.421 INFO  IndexFeatureFile - Picard Version: 2.21.9
12:41:30.421 INFO  IndexFeatureFile - HTSJDK Defaults.COMPRESSION_LEVEL : 2
12:41:30.421 INFO  IndexFeatureFile - HTSJDK Defaults.USE_ASYNC_IO_READ_FOR_SAMTOOLS : false
12:41:30.421 INFO  IndexFeatureFile - HTSJDK Defaults.USE_ASYNC_IO_WRITE_FOR_SAMTOOLS : true
12:41:30.421 INFO  IndexFeatureFile - HTSJDK Defaults.USE_ASYNC_IO_WRITE_FOR_TRIBBLE : false
12:41:30.421 INFO  IndexFeatureFile - Deflater: IntelDeflater
12:41:30.422 INFO  IndexFeatureFile - Inflater: IntelInflater
12:41:30.422 INFO  IndexFeatureFile - GCS max retries/reopens: 20
12:41:30.422 INFO  IndexFeatureFile - Requester pays: disabled
12:41:30.422 INFO  IndexFeatureFile - Initializing engine
12:41:30.422 INFO  IndexFeatureFile - Done initializing engine
12:41:30.540 INFO  FeatureManager - Using codec VCFCodec to read file file:///scratch/eknodel/SCC_samples/Parent_cell_lines/VEP/244_1_Chu_02_B7_352_225_S2_L003_mnp_split_gatk_vep_unfiltered_SNP.vcf
12:41:30.555 INFO  ProgressMeter - Starting traversal
12:41:30.555 INFO  ProgressMeter -        Current Locus  Elapsed Minutes     Records Processed   Records/Minute
12:41:32.563 INFO  ProgressMeter -           X:72833431              0.0                 52865        1580418.5
12:41:32.565 INFO  ProgressMeter - Traversal complete. Processed 52865 total records in 0.0 minutes.
12:41:32.706 INFO  IndexFeatureFile - Successfully wrote index to /scratch/eknodel/SCC_samples/Parent_cell_lines/VEP/244_1_Chu_02_B7_352_225_S2_L003_mnp_split_gatk_vep_unfiltered_SNP.vcf.idx
12:41:32.706 INFO  IndexFeatureFile - Shutting down engine
[June 19, 2023 at 12:41:32 PM MST] org.broadinstitute.hellbender.tools.IndexFeatureFile done. Elapsed time: 0.04 minutes.
Runtime.totalMemory()=715128832
Tool returned:
/scratch/eknodel/SCC_samples/Parent_cell_lines/VEP/244_1_Chu_02_B7_352_225_S2_L003_mnp_split_gatk_vep_unfiltered_SNP.vcf.idx
Using GATK jar /home/eknodel/gatk-4.1.7.0/gatk-package-4.1.7.0-local.jar
Running:
    java -Dsamjdk.use_async_io_read_samtools=false -Dsamjdk.use_async_io_write_samtools=true -Dsamjdk.use_async_io_write_tribble=false -Dsamjdk.compression_level=2 -jar /home/eknodel/gatk-4.1.7.0/gatk-package-4.1.7.0-local.jar IndexFeatureFile -I /scratch/eknodel/SCC_samples/Parent_cell_lines/VEP/244_1_Chu_02_B7_352_225_S2_L003_mnp_split_gatk_vep_unfiltered_SNP.vcf
[Mon Jun 19 12:41:32 2023]
Finished job 0.
1 of 1 steps (100%) done
