Building DAG of jobs...
Using shell: /usr/bin/bash
Provided cluster nodes: 30
Job stats:
job                    count    min threads    max threads
-------------------  -------  -------------  -------------
all                        1              1              1
salmon_quant_paired       38              1              1
total                     39              1              1

Select jobs to execute...

[Thu May 19 14:06:03 2022]
Job 28: Quantifying 185-15c-09-G9-6-3-21_288_289_S3_L003 transcripts with Salmon.

Submitted job 28 with external jobid 'Submitted batch job 15841867'.

[Thu May 19 14:06:03 2022]
Job 13: Quantifying 185-1-5c-01-F11-6-26-21-5_263_314_S13_L003 transcripts with Salmon.

Submitted job 13 with external jobid 'Submitted batch job 15841868'.

[Thu May 19 14:06:03 2022]
Job 21: Quantifying 244-chu-06-F5-6-26-21_285_292_S27_L003 transcripts with Salmon.

Submitted job 21 with external jobid 'Submitted batch job 15841869'.

[Thu May 19 14:06:03 2022]
Job 6: Quantifying 244-1-chu-06-D12-6-26-21_201_376_S34_L003 transcripts with Salmon.

Submitted job 6 with external jobid 'Submitted batch job 15841870'.

[Thu May 19 14:06:03 2022]
Job 29: Quantifying 244-1-chu-02-B7-6-3-21_262_315_S21_L003 transcripts with Salmon.

Submitted job 29 with external jobid 'Submitted batch job 15841871'.

[Thu May 19 14:06:03 2022]
Job 14: Quantifying 188-2-5c-05-F11-6-6-21_227_350_S16_L003 transcripts with Salmon.

Submitted job 14 with external jobid 'Submitted batch job 15841872'.

[Thu May 19 14:06:03 2022]
Job 37: Quantifying 483_sc_01_B6-1_366_211_S58_L003 transcripts with Salmon.

Submitted job 37 with external jobid 'Submitted batch job 15841873'.

[Thu May 19 14:06:04 2022]
Job 22: Quantifying 185-15c-09-G9-6-15-21_240_337_S7_L003 transcripts with Salmon.

Submitted job 22 with external jobid 'Submitted batch job 15841874'.

[Thu May 19 14:06:04 2022]
Job 7: Quantifying 185-1-5c-01-F11-6-26-21-3_287_290_S11_L003 transcripts with Salmon.

Submitted job 7 with external jobid 'Submitted batch job 15841875'.

[Thu May 19 14:06:04 2022]
Job 30: Quantifying 244-chu-06-F5-7-2-21-3_249_328_S30_L003 transcripts with Salmon.

Submitted job 30 with external jobid 'Submitted batch job 15841876'.

[Thu May 19 14:06:04 2022]
Job 15: Quantifying 244-1-chu-06-D12-7-9-21-1_284_293_S35_L003 transcripts with Salmon.

Submitted job 15 with external jobid 'Submitted batch job 15841877'.

[Thu May 19 14:06:04 2022]
Job 38: Quantifying 483_sc_01_B6-2_354_223_S59_L003 transcripts with Salmon.

Submitted job 38 with external jobid 'Submitted batch job 15841878'.

[Thu May 19 14:06:04 2022]
Job 23: Quantifying 244-1-chu-02-B7-6-15-21_214_363_S25_L003 transcripts with Salmon.

Submitted job 23 with external jobid 'Submitted batch job 15841879'.

[Thu May 19 14:06:05 2022]
Job 8: Quantifying 188-2-5c-05-F11-6-22-21_274_303_S20_L003 transcripts with Salmon.

Submitted job 8 with external jobid 'Submitted batch job 15841880'.

[Thu May 19 14:06:05 2022]
Job 31: Quantifying 185-15c-09-G9-6-6-21_276_301_S4_L003 transcripts with Salmon.

Submitted job 31 with external jobid 'Submitted batch job 15841881'.

[Thu May 19 14:06:05 2022]
Job 16: Quantifying 185-1-5c-01-F11-6-26-21-6_251_326_S14_L003 transcripts with Salmon.

Submitted job 16 with external jobid 'Submitted batch job 15841882'.

[Thu May 19 14:06:05 2022]
Job 2: Quantifying 188-2-5c-05-F11-6-11-21_203_374_S18_L003 transcripts with Salmon.

Submitted job 2 with external jobid 'Submitted batch job 15841883'.

[Thu May 19 14:06:05 2022]
Job 24: Quantifying 244-chu-06-F5-7-2-21-1_273_304_S28_L003 transcripts with Salmon.

Submitted job 24 with external jobid 'Submitted batch job 15841884'.

[Thu May 19 14:06:05 2022]
Job 18: Quantifying 244-1-chu-06-D12-7-9-21-2_272_305_S36_L003 transcripts with Salmon.

Submitted job 18 with external jobid 'Submitted batch job 15841885'.

[Thu May 19 14:06:05 2022]
Job 3: Quantifying 244-1-chu-06-D12-6-22-21_213_364_S33_L003 transcripts with Salmon.

Submitted job 3 with external jobid 'Submitted batch job 15841886'.

[Thu May 19 14:06:05 2022]
Job 26: Quantifying 244-1-chu-02-B7-6-22-21_202_375_S26_L003 transcripts with Salmon.

Submitted job 26 with external jobid 'Submitted batch job 15841887'.

[Thu May 19 14:06:05 2022]
Job 11: Quantifying 188-2-5c-05-F11-6-3-21_239_338_S15_L003 transcripts with Salmon.

Submitted job 11 with external jobid 'Submitted batch job 15841888'.

[Thu May 19 14:06:05 2022]
Job 34: Quantifying 185-15c-09-G9-6-9-21_264_313_S5_L003 transcripts with Salmon.

Submitted job 34 with external jobid 'Submitted batch job 15841889'.

[Thu May 19 14:06:05 2022]
Job 19: Quantifying 185-15c-09-G9-6-11-21_252_325_S6_L003 transcripts with Salmon.

Submitted job 19 with external jobid 'Submitted batch job 15841890'.

[Thu May 19 14:06:05 2022]
Job 4: Quantifying 185-1-5c-01-F11-6-26-21-2_204_373_S10_L003 transcripts with Salmon.

Submitted job 4 with external jobid 'Submitted batch job 15841891'.

[Thu May 19 14:06:05 2022]
Job 27: Quantifying 244-chu-06-F5-7-2-21-2_261_316_S29_L003 transcripts with Salmon.

Submitted job 27 with external jobid 'Submitted batch job 15841892'.

[Thu May 19 14:06:05 2022]
Job 12: Quantifying 244-1-chu-06-D12-7-12-21-2_248_329_S38_L003 transcripts with Salmon.

Submitted job 12 with external jobid 'Submitted batch job 15841893'.

[Thu May 19 14:06:06 2022]
Job 35: Quantifying 244-1-chu-02-B7-6-9-21_238_339_S23_L003 transcripts with Salmon.

Submitted job 35 with external jobid 'Submitted batch job 15841894'.

[Thu May 19 14:06:06 2022]
Job 20: Quantifying 244-1-chu-02-B7-6-11-21_226_351_S24_L003 transcripts with Salmon.

Submitted job 20 with external jobid 'Submitted batch job 15841895'.

[Thu May 19 14:06:06 2022]
Job 5: Quantifying 188-2-5c-05-F11-6-15-21_286_291_S19_L003 transcripts with Salmon.

Submitted job 5 with external jobid 'Submitted batch job 15841896'.
[Thu May 19 14:13:09 2022]
Finished job 38.
1 of 39 steps (3%) done
Select jobs to execute...

[Thu May 19 14:13:09 2022]
Job 9: Quantifying 244-1-chu-06-D12-7-12-21-1_260_317_S37_L003 transcripts with Salmon.

Submitted job 9 with external jobid 'Submitted batch job 15841926'.
[Thu May 19 14:13:10 2022]
Finished job 16.
2 of 39 steps (5%) done
Select jobs to execute...

[Thu May 19 14:13:10 2022]
Job 33: Quantifying 244-chu-06-F5-7-9-21-1_237_340_S31_L003 transcripts with Salmon.

Submitted job 33 with external jobid 'Submitted batch job 15841927'.
[Thu May 19 14:13:12 2022]
Finished job 19.
3 of 39 steps (8%) done
Select jobs to execute...

[Thu May 19 14:13:12 2022]
Job 10: Quantifying 185-1-5c-01-F11-6-26-21-4_275_302_S12_L003 transcripts with Salmon.

Submitted job 10 with external jobid 'Submitted batch job 15841928'.
[Thu May 19 14:13:47 2022]
Finished job 7.
4 of 39 steps (10%) done
Select jobs to execute...

[Thu May 19 14:13:47 2022]
Job 25: Quantifying 185-15c-09-G9-6-22-21_228_349_S8_L003 transcripts with Salmon.

Submitted job 25 with external jobid 'Submitted batch job 15841965'.
[Thu May 19 14:13:49 2022]
Finished job 11.
5 of 39 steps (13%) done
Select jobs to execute...

[Thu May 19 14:13:49 2022]
Job 17: Quantifying 188-2-5c-05-F11-6-9-21_215_362_S17_L003 transcripts with Salmon.

Submitted job 17 with external jobid 'Submitted batch job 15841967'.
[Thu May 19 14:13:51 2022]
Finished job 35.
6 of 39 steps (15%) done
[Thu May 19 14:13:51 2022]
Finished job 5.
7 of 39 steps (18%) done
Select jobs to execute...

[Thu May 19 14:13:51 2022]
Job 1: Quantifying 185-1-5c-01-F11-6-26-21-1_216_361_S9_L003 transcripts with Salmon.

Submitted job 1 with external jobid 'Submitted batch job 15841968'.

[Thu May 19 14:13:51 2022]
Job 36: Quantifying 244-chu-06-F5-7-9-21-2_225_352_S32_L003 transcripts with Salmon.

Submitted job 36 with external jobid 'Submitted batch job 15841969'.
Select jobs to execute...
[Thu May 19 14:14:00 2022]
Finished job 28.
8 of 39 steps (21%) done

[Thu May 19 14:14:00 2022]
Job 32: Quantifying 244-1-chu-02-B7-6-6-21_250_327_S22_L003 transcripts with Salmon.

Submitted job 32 with external jobid 'Submitted batch job 15841970'.
[Thu May 19 14:14:03 2022]
Finished job 29.
9 of 39 steps (23%) done
[Thu May 19 14:14:03 2022]
Finished job 31.
10 of 39 steps (26%) done
[Thu May 19 14:14:03 2022]
Finished job 34.
11 of 39 steps (28%) done
[Thu May 19 14:14:51 2022]
Finished job 12.
12 of 39 steps (31%) done
[Thu May 19 14:14:52 2022]
Finished job 20.
13 of 39 steps (33%) done
[Thu May 19 14:15:02 2022]
Finished job 22.
14 of 39 steps (36%) done
[Thu May 19 14:15:03 2022]
Finished job 8.
15 of 39 steps (38%) done
[Thu May 19 14:15:03 2022]
Finished job 2.
16 of 39 steps (41%) done
[Thu May 19 14:16:50 2022]
Finished job 30.
17 of 39 steps (44%) done
[Thu May 19 14:16:50 2022]
Finished job 23.
18 of 39 steps (46%) done
[Thu May 19 14:16:51 2022]
Finished job 4.
19 of 39 steps (49%) done
[Thu May 19 14:17:02 2022]
Finished job 37.
20 of 39 steps (51%) done
[Thu May 19 14:18:53 2022]
Finished job 3.
21 of 39 steps (54%) done
[Thu May 19 14:18:54 2022]
Finished job 27.
22 of 39 steps (56%) done
[Thu May 19 14:19:04 2022]
Finished job 14.
23 of 39 steps (59%) done
[Thu May 19 14:19:48 2022]
Finished job 13.
24 of 39 steps (62%) done
[Thu May 19 14:19:59 2022]
Finished job 21.
25 of 39 steps (64%) done
[Thu May 19 14:19:59 2022]
Finished job 6.
26 of 39 steps (67%) done
[Thu May 19 14:19:59 2022]
Finished job 18.
27 of 39 steps (69%) done
[Thu May 19 14:19:59 2022]
Finished job 26.
28 of 39 steps (72%) done
[Thu May 19 14:20:10 2022]
Finished job 24.
29 of 39 steps (74%) done
[Thu May 19 14:20:51 2022]
Finished job 9.
30 of 39 steps (77%) done
[Thu May 19 14:21:01 2022]
Finished job 33.
31 of 39 steps (79%) done
[Thu May 19 14:21:41 2022]
Finished job 17.
32 of 39 steps (82%) done
[Thu May 19 14:22:21 2022]
Finished job 1.
33 of 39 steps (85%) done
[Thu May 19 14:22:21 2022]
Finished job 36.
34 of 39 steps (87%) done
[Thu May 19 14:22:31 2022]
Finished job 25.
35 of 39 steps (90%) done
[Thu May 19 14:22:31 2022]
Finished job 10.
36 of 39 steps (92%) done
[Thu May 19 14:26:12 2022]
Finished job 15.
37 of 39 steps (95%) done
[Thu May 19 14:26:52 2022]
Finished job 32.
38 of 39 steps (97%) done
Select jobs to execute...

[Thu May 19 14:26:52 2022]
localrule all:
    input: /scratch/eknodel/SCC_samples/cell_lines/RNAseq/salmon/185-1-5c-01-F11-6-26-21-1_216_361_S9_L003_salmon_quant, /scratch/eknodel/SCC_samples/cell_lines/RNAseq/salmon/188-2-5c-05-F11-6-11-21_203_374_S18_L003_salmon_quant, /scratch/eknodel/SCC_samples/cell_lines/RNAseq/salmon/244-1-chu-06-D12-6-22-21_213_364_S33_L003_salmon_quant, /scratch/eknodel/SCC_samples/cell_lines/RNAseq/salmon/185-1-5c-01-F11-6-26-21-2_204_373_S10_L003_salmon_quant, /scratch/eknodel/SCC_samples/cell_lines/RNAseq/salmon/188-2-5c-05-F11-6-15-21_286_291_S19_L003_salmon_quant, /scratch/eknodel/SCC_samples/cell_lines/RNAseq/salmon/244-1-chu-06-D12-6-26-21_201_376_S34_L003_salmon_quant, /scratch/eknodel/SCC_samples/cell_lines/RNAseq/salmon/185-1-5c-01-F11-6-26-21-3_287_290_S11_L003_salmon_quant, /scratch/eknodel/SCC_samples/cell_lines/RNAseq/salmon/188-2-5c-05-F11-6-22-21_274_303_S20_L003_salmon_quant, /scratch/eknodel/SCC_samples/cell_lines/RNAseq/salmon/244-1-chu-06-D12-7-12-21-1_260_317_S37_L003_salmon_quant, /scratch/eknodel/SCC_samples/cell_lines/RNAseq/salmon/185-1-5c-01-F11-6-26-21-4_275_302_S12_L003_salmon_quant, /scratch/eknodel/SCC_samples/cell_lines/RNAseq/salmon/188-2-5c-05-F11-6-3-21_239_338_S15_L003_salmon_quant, /scratch/eknodel/SCC_samples/cell_lines/RNAseq/salmon/244-1-chu-06-D12-7-12-21-2_248_329_S38_L003_salmon_quant, /scratch/eknodel/SCC_samples/cell_lines/RNAseq/salmon/185-1-5c-01-F11-6-26-21-5_263_314_S13_L003_salmon_quant, /scratch/eknodel/SCC_samples/cell_lines/RNAseq/salmon/188-2-5c-05-F11-6-6-21_227_350_S16_L003_salmon_quant, /scratch/eknodel/SCC_samples/cell_lines/RNAseq/salmon/244-1-chu-06-D12-7-9-21-1_284_293_S35_L003_salmon_quant, /scratch/eknodel/SCC_samples/cell_lines/RNAseq/salmon/185-1-5c-01-F11-6-26-21-6_251_326_S14_L003_salmon_quant, /scratch/eknodel/SCC_samples/cell_lines/RNAseq/salmon/188-2-5c-05-F11-6-9-21_215_362_S17_L003_salmon_quant, /scratch/eknodel/SCC_samples/cell_lines/RNAseq/salmon/244-1-chu-06-D12-7-9-21-2_272_305_S36_L003_salmon_quant, /scratch/eknodel/SCC_samples/cell_lines/RNAseq/salmon/185-15c-09-G9-6-11-21_252_325_S6_L003_salmon_quant, /scratch/eknodel/SCC_samples/cell_lines/RNAseq/salmon/244-1-chu-02-B7-6-11-21_226_351_S24_L003_salmon_quant, /scratch/eknodel/SCC_samples/cell_lines/RNAseq/salmon/244-chu-06-F5-6-26-21_285_292_S27_L003_salmon_quant, /scratch/eknodel/SCC_samples/cell_lines/RNAseq/salmon/185-15c-09-G9-6-15-21_240_337_S7_L003_salmon_quant, /scratch/eknodel/SCC_samples/cell_lines/RNAseq/salmon/244-1-chu-02-B7-6-15-21_214_363_S25_L003_salmon_quant, /scratch/eknodel/SCC_samples/cell_lines/RNAseq/salmon/244-chu-06-F5-7-2-21-1_273_304_S28_L003_salmon_quant, /scratch/eknodel/SCC_samples/cell_lines/RNAseq/salmon/185-15c-09-G9-6-22-21_228_349_S8_L003_salmon_quant, /scratch/eknodel/SCC_samples/cell_lines/RNAseq/salmon/244-1-chu-02-B7-6-22-21_202_375_S26_L003_salmon_quant, /scratch/eknodel/SCC_samples/cell_lines/RNAseq/salmon/244-chu-06-F5-7-2-21-2_261_316_S29_L003_salmon_quant, /scratch/eknodel/SCC_samples/cell_lines/RNAseq/salmon/185-15c-09-G9-6-3-21_288_289_S3_L003_salmon_quant, /scratch/eknodel/SCC_samples/cell_lines/RNAseq/salmon/244-1-chu-02-B7-6-3-21_262_315_S21_L003_salmon_quant, /scratch/eknodel/SCC_samples/cell_lines/RNAseq/salmon/244-chu-06-F5-7-2-21-3_249_328_S30_L003_salmon_quant, /scratch/eknodel/SCC_samples/cell_lines/RNAseq/salmon/185-15c-09-G9-6-6-21_276_301_S4_L003_salmon_quant, /scratch/eknodel/SCC_samples/cell_lines/RNAseq/salmon/244-1-chu-02-B7-6-6-21_250_327_S22_L003_salmon_quant, /scratch/eknodel/SCC_samples/cell_lines/RNAseq/salmon/244-chu-06-F5-7-9-21-1_237_340_S31_L003_salmon_quant, /scratch/eknodel/SCC_samples/cell_lines/RNAseq/salmon/185-15c-09-G9-6-9-21_264_313_S5_L003_salmon_quant, /scratch/eknodel/SCC_samples/cell_lines/RNAseq/salmon/244-1-chu-02-B7-6-9-21_238_339_S23_L003_salmon_quant, /scratch/eknodel/SCC_samples/cell_lines/RNAseq/salmon/244-chu-06-F5-7-9-21-2_225_352_S32_L003_salmon_quant, /scratch/eknodel/SCC_samples/cell_lines/RNAseq/salmon/483_sc_01_B6-1_366_211_S58_L003_salmon_quant, /scratch/eknodel/SCC_samples/cell_lines/RNAseq/salmon/483_sc_01_B6-2_354_223_S59_L003_salmon_quant
    jobid: 0
    resources: mem_mb=1000, disk_mb=1000, tmpdir=/tmp

[Thu May 19 14:26:52 2022]
Finished job 0.
39 of 39 steps (100%) done
Complete log: .snakemake/log/2022-05-19T140556.654389.snakemake.log
