Building DAG of jobs...
Using shell: /usr/bin/bash
Provided cluster nodes: 15
Job counts:
	count	jobs
	1	all
	6	format_output
	6	gatk_asereadcounter
	1	index_vcf
	1	remove_duplicates
	15

[Tue Sep 27 21:33:26 2022]
rule remove_duplicates:
    input: /scratch/eknodel/SCC_samples/Parent_cell_lines/VEP/244_1_Chu_02_B7_352_225_S2_L003_gatk_vep_filtered.vcf, /scratch/eknodel/SCC_samples/Parent_cell_lines/VEP/244_1_Chu_02_B7_352_225_S2_L003_gatk_vep_unfiltered.vcf, /scratch/eknodel/SCC_samples/Parent_cell_lines/VEP/244_1_Chu_02_B7_352_225_S2_L003_strelka_vep_filtered.vcf, /scratch/eknodel/SCC_samples/Parent_cell_lines/VEP/244_1_Chu_02_B7_352_225_S2_L003_strelka_vep_unfiltered.vcf, /data/CEM/shared/public_data/references/ensemble_GRCm38.68/GRCm38_68.fa
    output: /scratch/eknodel/SCC_samples/Parent_cell_lines/VEP/244_1_Chu_02_B7_352_225_S2_L003_gatk_vep_filtered_SNP.vcf, /scratch/eknodel/SCC_samples/Parent_cell_lines/VEP/244_1_Chu_02_B7_352_225_S2_L003_gatk_vep_unfiltered_SNP.vcf, /scratch/eknodel/SCC_samples/Parent_cell_lines/VEP/244_1_Chu_02_B7_352_225_S2_L003_strelka_vep_filtered_SNP.vcf, /scratch/eknodel/SCC_samples/Parent_cell_lines/VEP/244_1_Chu_02_B7_352_225_S2_L003_strelka_vep_unfiltered_SNP.vcf
    jobid: 14

Submitted job 14 with external jobid 'Submitted batch job 17636564'.
[Tue Sep 27 21:34:27 2022]
Finished job 14.
1 of 15 steps (7%) done

[Tue Sep 27 21:34:27 2022]
rule index_vcf:
    input: /scratch/eknodel/SCC_samples/Parent_cell_lines/VEP/244_1_Chu_02_B7_352_225_S2_L003_gatk_vep_filtered_SNP.vcf, /scratch/eknodel/SCC_samples/Parent_cell_lines/VEP/244_1_Chu_02_B7_352_225_S2_L003_gatk_vep_unfiltered_SNP.vcf, /scratch/eknodel/SCC_samples/Parent_cell_lines/VEP/244_1_Chu_02_B7_352_225_S2_L003_strelka_vep_filtered_SNP.vcf, /scratch/eknodel/SCC_samples/Parent_cell_lines/VEP/244_1_Chu_02_B7_352_225_S2_L003_strelka_vep_unfiltered_SNP.vcf
    output: /scratch/eknodel/SCC_samples/Parent_cell_lines/VEP/244_1_Chu_02_B7_352_225_S2_L003_gatk_vep_filtered_SNP.vcf.idx, /scratch/eknodel/SCC_samples/Parent_cell_lines/VEP/244_1_Chu_02_B7_352_225_S2_L003_gatk_vep_unfiltered_SNP.vcf.idx, /scratch/eknodel/SCC_samples/Parent_cell_lines/VEP/244_1_Chu_02_B7_352_225_S2_L003_strelka_vep_filtered_SNP.vcf.idx, /scratch/eknodel/SCC_samples/Parent_cell_lines/VEP/244_1_Chu_02_B7_352_225_S2_L003_strelka_vep_unfiltered_SNP.vcf.idx
    jobid: 13

Submitted job 13 with external jobid 'Submitted batch job 17636565'.
[Tue Sep 27 21:34:57 2022]
Finished job 13.
2 of 15 steps (13%) done

[Tue Sep 27 21:34:57 2022]
rule gatk_asereadcounter:
    input: /scratch/eknodel/SCC_samples/Parent_cell_lines/RNAseq/sorted_bam/244-1-chu-02-B7-6-6-21_250_327_S22_L003_RNA_HISAT2_genome_aligned_sortedbycoord_mkdup_RG.bam, /scratch/eknodel/SCC_samples/Parent_cell_lines/VEP/244_1_Chu_02_B7_352_225_S2_L003_gatk_vep_filtered_SNP.vcf, /scratch/eknodel/SCC_samples/Parent_cell_lines/VEP/244_1_Chu_02_B7_352_225_S2_L003_gatk_vep_unfiltered_SNP.vcf, /scratch/eknodel/SCC_samples/Parent_cell_lines/VEP/244_1_Chu_02_B7_352_225_S2_L003_strelka_vep_filtered_SNP.vcf, /scratch/eknodel/SCC_samples/Parent_cell_lines/VEP/244_1_Chu_02_B7_352_225_S2_L003_strelka_vep_unfiltered_SNP.vcf, /scratch/eknodel/SCC_samples/Parent_cell_lines/VEP/244_1_Chu_02_B7_352_225_S2_L003_gatk_vep_filtered_SNP.vcf.idx, /scratch/eknodel/SCC_samples/Parent_cell_lines/VEP/244_1_Chu_02_B7_352_225_S2_L003_gatk_vep_unfiltered_SNP.vcf.idx, /scratch/eknodel/SCC_samples/Parent_cell_lines/VEP/244_1_Chu_02_B7_352_225_S2_L003_strelka_vep_filtered_SNP.vcf.idx, /scratch/eknodel/SCC_samples/Parent_cell_lines/VEP/244_1_Chu_02_B7_352_225_S2_L003_strelka_vep_unfiltered_SNP.vcf.idx
    output: /scratch/eknodel/SCC_samples/Parent_cell_lines/RNAseq/variant_specific_expression/244-1-chu-02-B7-6-6-21_250_327_S22_L003_gatk_filtered_expression.tsv, /scratch/eknodel/SCC_samples/Parent_cell_lines/RNAseq/variant_specific_expression/244-1-chu-02-B7-6-6-21_250_327_S22_L003_gatk_unfiltered_expression.tsv, /scratch/eknodel/SCC_samples/Parent_cell_lines/RNAseq/variant_specific_expression/244-1-chu-02-B7-6-6-21_250_327_S22_L003_strelka_filtered_expression.tsv, /scratch/eknodel/SCC_samples/Parent_cell_lines/RNAseq/variant_specific_expression/244-1-chu-02-B7-6-6-21_250_327_S22_L003_strelka_unfiltered_expression.tsv
    jobid: 7
    wildcards: RNA=244-1-chu-02-B7-6-6-21_250_327_S22_L003

Submitted job 7 with external jobid 'Submitted batch job 17636567'.

[Tue Sep 27 21:34:58 2022]
rule gatk_asereadcounter:
    input: /scratch/eknodel/SCC_samples/Parent_cell_lines/RNAseq/sorted_bam/244-1-chu-02-B7-6-11-21_226_351_S24_L003_RNA_HISAT2_genome_aligned_sortedbycoord_mkdup_RG.bam, /scratch/eknodel/SCC_samples/Parent_cell_lines/VEP/244_1_Chu_02_B7_352_225_S2_L003_gatk_vep_filtered_SNP.vcf, /scratch/eknodel/SCC_samples/Parent_cell_lines/VEP/244_1_Chu_02_B7_352_225_S2_L003_gatk_vep_unfiltered_SNP.vcf, /scratch/eknodel/SCC_samples/Parent_cell_lines/VEP/244_1_Chu_02_B7_352_225_S2_L003_strelka_vep_filtered_SNP.vcf, /scratch/eknodel/SCC_samples/Parent_cell_lines/VEP/244_1_Chu_02_B7_352_225_S2_L003_strelka_vep_unfiltered_SNP.vcf, /scratch/eknodel/SCC_samples/Parent_cell_lines/VEP/244_1_Chu_02_B7_352_225_S2_L003_gatk_vep_filtered_SNP.vcf.idx, /scratch/eknodel/SCC_samples/Parent_cell_lines/VEP/244_1_Chu_02_B7_352_225_S2_L003_gatk_vep_unfiltered_SNP.vcf.idx, /scratch/eknodel/SCC_samples/Parent_cell_lines/VEP/244_1_Chu_02_B7_352_225_S2_L003_strelka_vep_filtered_SNP.vcf.idx, /scratch/eknodel/SCC_samples/Parent_cell_lines/VEP/244_1_Chu_02_B7_352_225_S2_L003_strelka_vep_unfiltered_SNP.vcf.idx
    output: /scratch/eknodel/SCC_samples/Parent_cell_lines/RNAseq/variant_specific_expression/244-1-chu-02-B7-6-11-21_226_351_S24_L003_gatk_filtered_expression.tsv, /scratch/eknodel/SCC_samples/Parent_cell_lines/RNAseq/variant_specific_expression/244-1-chu-02-B7-6-11-21_226_351_S24_L003_gatk_unfiltered_expression.tsv, /scratch/eknodel/SCC_samples/Parent_cell_lines/RNAseq/variant_specific_expression/244-1-chu-02-B7-6-11-21_226_351_S24_L003_strelka_filtered_expression.tsv, /scratch/eknodel/SCC_samples/Parent_cell_lines/RNAseq/variant_specific_expression/244-1-chu-02-B7-6-11-21_226_351_S24_L003_strelka_unfiltered_expression.tsv
    jobid: 12
    wildcards: RNA=244-1-chu-02-B7-6-11-21_226_351_S24_L003

Submitted job 12 with external jobid 'Submitted batch job 17636568'.

[Tue Sep 27 21:34:58 2022]
rule gatk_asereadcounter:
    input: /scratch/eknodel/SCC_samples/Parent_cell_lines/RNAseq/sorted_bam/244-1-chu-02-B7-6-15-21_214_363_S25_L003_RNA_HISAT2_genome_aligned_sortedbycoord_mkdup_RG.bam, /scratch/eknodel/SCC_samples/Parent_cell_lines/VEP/244_1_Chu_02_B7_352_225_S2_L003_gatk_vep_filtered_SNP.vcf, /scratch/eknodel/SCC_samples/Parent_cell_lines/VEP/244_1_Chu_02_B7_352_225_S2_L003_gatk_vep_unfiltered_SNP.vcf, /scratch/eknodel/SCC_samples/Parent_cell_lines/VEP/244_1_Chu_02_B7_352_225_S2_L003_strelka_vep_filtered_SNP.vcf, /scratch/eknodel/SCC_samples/Parent_cell_lines/VEP/244_1_Chu_02_B7_352_225_S2_L003_strelka_vep_unfiltered_SNP.vcf, /scratch/eknodel/SCC_samples/Parent_cell_lines/VEP/244_1_Chu_02_B7_352_225_S2_L003_gatk_vep_filtered_SNP.vcf.idx, /scratch/eknodel/SCC_samples/Parent_cell_lines/VEP/244_1_Chu_02_B7_352_225_S2_L003_gatk_vep_unfiltered_SNP.vcf.idx, /scratch/eknodel/SCC_samples/Parent_cell_lines/VEP/244_1_Chu_02_B7_352_225_S2_L003_strelka_vep_filtered_SNP.vcf.idx, /scratch/eknodel/SCC_samples/Parent_cell_lines/VEP/244_1_Chu_02_B7_352_225_S2_L003_strelka_vep_unfiltered_SNP.vcf.idx
    output: /scratch/eknodel/SCC_samples/Parent_cell_lines/RNAseq/variant_specific_expression/244-1-chu-02-B7-6-15-21_214_363_S25_L003_gatk_filtered_expression.tsv, /scratch/eknodel/SCC_samples/Parent_cell_lines/RNAseq/variant_specific_expression/244-1-chu-02-B7-6-15-21_214_363_S25_L003_gatk_unfiltered_expression.tsv, /scratch/eknodel/SCC_samples/Parent_cell_lines/RNAseq/variant_specific_expression/244-1-chu-02-B7-6-15-21_214_363_S25_L003_strelka_filtered_expression.tsv, /scratch/eknodel/SCC_samples/Parent_cell_lines/RNAseq/variant_specific_expression/244-1-chu-02-B7-6-15-21_214_363_S25_L003_strelka_unfiltered_expression.tsv
    jobid: 5
    wildcards: RNA=244-1-chu-02-B7-6-15-21_214_363_S25_L003

Submitted job 5 with external jobid 'Submitted batch job 17636569'.

[Tue Sep 27 21:34:58 2022]
rule gatk_asereadcounter:
    input: /scratch/eknodel/SCC_samples/Parent_cell_lines/RNAseq/sorted_bam/244-1-chu-02-B7-6-9-21_238_339_S23_L003_RNA_HISAT2_genome_aligned_sortedbycoord_mkdup_RG.bam, /scratch/eknodel/SCC_samples/Parent_cell_lines/VEP/244_1_Chu_02_B7_352_225_S2_L003_gatk_vep_filtered_SNP.vcf, /scratch/eknodel/SCC_samples/Parent_cell_lines/VEP/244_1_Chu_02_B7_352_225_S2_L003_gatk_vep_unfiltered_SNP.vcf, /scratch/eknodel/SCC_samples/Parent_cell_lines/VEP/244_1_Chu_02_B7_352_225_S2_L003_strelka_vep_filtered_SNP.vcf, /scratch/eknodel/SCC_samples/Parent_cell_lines/VEP/244_1_Chu_02_B7_352_225_S2_L003_strelka_vep_unfiltered_SNP.vcf, /scratch/eknodel/SCC_samples/Parent_cell_lines/VEP/244_1_Chu_02_B7_352_225_S2_L003_gatk_vep_filtered_SNP.vcf.idx, /scratch/eknodel/SCC_samples/Parent_cell_lines/VEP/244_1_Chu_02_B7_352_225_S2_L003_gatk_vep_unfiltered_SNP.vcf.idx, /scratch/eknodel/SCC_samples/Parent_cell_lines/VEP/244_1_Chu_02_B7_352_225_S2_L003_strelka_vep_filtered_SNP.vcf.idx, /scratch/eknodel/SCC_samples/Parent_cell_lines/VEP/244_1_Chu_02_B7_352_225_S2_L003_strelka_vep_unfiltered_SNP.vcf.idx
    output: /scratch/eknodel/SCC_samples/Parent_cell_lines/RNAseq/variant_specific_expression/244-1-chu-02-B7-6-9-21_238_339_S23_L003_gatk_filtered_expression.tsv, /scratch/eknodel/SCC_samples/Parent_cell_lines/RNAseq/variant_specific_expression/244-1-chu-02-B7-6-9-21_238_339_S23_L003_gatk_unfiltered_expression.tsv, /scratch/eknodel/SCC_samples/Parent_cell_lines/RNAseq/variant_specific_expression/244-1-chu-02-B7-6-9-21_238_339_S23_L003_strelka_filtered_expression.tsv, /scratch/eknodel/SCC_samples/Parent_cell_lines/RNAseq/variant_specific_expression/244-1-chu-02-B7-6-9-21_238_339_S23_L003_strelka_unfiltered_expression.tsv
    jobid: 11
    wildcards: RNA=244-1-chu-02-B7-6-9-21_238_339_S23_L003

Submitted job 11 with external jobid 'Submitted batch job 17636570'.

[Tue Sep 27 21:34:58 2022]
rule gatk_asereadcounter:
    input: /scratch/eknodel/SCC_samples/Parent_cell_lines/RNAseq/sorted_bam/244-1-chu-02-B7-6-3-21_262_315_S21_L003_RNA_HISAT2_genome_aligned_sortedbycoord_mkdup_RG.bam, /scratch/eknodel/SCC_samples/Parent_cell_lines/VEP/244_1_Chu_02_B7_352_225_S2_L003_gatk_vep_filtered_SNP.vcf, /scratch/eknodel/SCC_samples/Parent_cell_lines/VEP/244_1_Chu_02_B7_352_225_S2_L003_gatk_vep_unfiltered_SNP.vcf, /scratch/eknodel/SCC_samples/Parent_cell_lines/VEP/244_1_Chu_02_B7_352_225_S2_L003_strelka_vep_filtered_SNP.vcf, /scratch/eknodel/SCC_samples/Parent_cell_lines/VEP/244_1_Chu_02_B7_352_225_S2_L003_strelka_vep_unfiltered_SNP.vcf, /scratch/eknodel/SCC_samples/Parent_cell_lines/VEP/244_1_Chu_02_B7_352_225_S2_L003_gatk_vep_filtered_SNP.vcf.idx, /scratch/eknodel/SCC_samples/Parent_cell_lines/VEP/244_1_Chu_02_B7_352_225_S2_L003_gatk_vep_unfiltered_SNP.vcf.idx, /scratch/eknodel/SCC_samples/Parent_cell_lines/VEP/244_1_Chu_02_B7_352_225_S2_L003_strelka_vep_filtered_SNP.vcf.idx, /scratch/eknodel/SCC_samples/Parent_cell_lines/VEP/244_1_Chu_02_B7_352_225_S2_L003_strelka_vep_unfiltered_SNP.vcf.idx
    output: /scratch/eknodel/SCC_samples/Parent_cell_lines/RNAseq/variant_specific_expression/244-1-chu-02-B7-6-3-21_262_315_S21_L003_gatk_filtered_expression.tsv, /scratch/eknodel/SCC_samples/Parent_cell_lines/RNAseq/variant_specific_expression/244-1-chu-02-B7-6-3-21_262_315_S21_L003_gatk_unfiltered_expression.tsv, /scratch/eknodel/SCC_samples/Parent_cell_lines/RNAseq/variant_specific_expression/244-1-chu-02-B7-6-3-21_262_315_S21_L003_strelka_filtered_expression.tsv, /scratch/eknodel/SCC_samples/Parent_cell_lines/RNAseq/variant_specific_expression/244-1-chu-02-B7-6-3-21_262_315_S21_L003_strelka_unfiltered_expression.tsv
    jobid: 8
    wildcards: RNA=244-1-chu-02-B7-6-3-21_262_315_S21_L003

Submitted job 8 with external jobid 'Submitted batch job 17636571'.

[Tue Sep 27 21:34:59 2022]
rule gatk_asereadcounter:
    input: /scratch/eknodel/SCC_samples/Parent_cell_lines/RNAseq/sorted_bam/244-1-chu-02-B7-6-22-21_202_375_S26_L003_RNA_HISAT2_genome_aligned_sortedbycoord_mkdup_RG.bam, /scratch/eknodel/SCC_samples/Parent_cell_lines/VEP/244_1_Chu_02_B7_352_225_S2_L003_gatk_vep_filtered_SNP.vcf, /scratch/eknodel/SCC_samples/Parent_cell_lines/VEP/244_1_Chu_02_B7_352_225_S2_L003_gatk_vep_unfiltered_SNP.vcf, /scratch/eknodel/SCC_samples/Parent_cell_lines/VEP/244_1_Chu_02_B7_352_225_S2_L003_strelka_vep_filtered_SNP.vcf, /scratch/eknodel/SCC_samples/Parent_cell_lines/VEP/244_1_Chu_02_B7_352_225_S2_L003_strelka_vep_unfiltered_SNP.vcf, /scratch/eknodel/SCC_samples/Parent_cell_lines/VEP/244_1_Chu_02_B7_352_225_S2_L003_gatk_vep_filtered_SNP.vcf.idx, /scratch/eknodel/SCC_samples/Parent_cell_lines/VEP/244_1_Chu_02_B7_352_225_S2_L003_gatk_vep_unfiltered_SNP.vcf.idx, /scratch/eknodel/SCC_samples/Parent_cell_lines/VEP/244_1_Chu_02_B7_352_225_S2_L003_strelka_vep_filtered_SNP.vcf.idx, /scratch/eknodel/SCC_samples/Parent_cell_lines/VEP/244_1_Chu_02_B7_352_225_S2_L003_strelka_vep_unfiltered_SNP.vcf.idx
    output: /scratch/eknodel/SCC_samples/Parent_cell_lines/RNAseq/variant_specific_expression/244-1-chu-02-B7-6-22-21_202_375_S26_L003_gatk_filtered_expression.tsv, /scratch/eknodel/SCC_samples/Parent_cell_lines/RNAseq/variant_specific_expression/244-1-chu-02-B7-6-22-21_202_375_S26_L003_gatk_unfiltered_expression.tsv, /scratch/eknodel/SCC_samples/Parent_cell_lines/RNAseq/variant_specific_expression/244-1-chu-02-B7-6-22-21_202_375_S26_L003_strelka_filtered_expression.tsv, /scratch/eknodel/SCC_samples/Parent_cell_lines/RNAseq/variant_specific_expression/244-1-chu-02-B7-6-22-21_202_375_S26_L003_strelka_unfiltered_expression.tsv
    jobid: 6
    wildcards: RNA=244-1-chu-02-B7-6-22-21_202_375_S26_L003

Submitted job 6 with external jobid 'Submitted batch job 17636572'.
[Tue Sep 27 22:34:09 2022]
Finished job 7.
3 of 15 steps (20%) done

[Tue Sep 27 22:34:09 2022]
rule format_output:
    input: /scratch/eknodel/SCC_samples/Parent_cell_lines/RNAseq/variant_specific_expression/244-1-chu-02-B7-6-6-21_250_327_S22_L003_gatk_filtered_expression.tsv, /scratch/eknodel/SCC_samples/Parent_cell_lines/RNAseq/variant_specific_expression/244-1-chu-02-B7-6-6-21_250_327_S22_L003_gatk_unfiltered_expression.tsv, /scratch/eknodel/SCC_samples/Parent_cell_lines/RNAseq/variant_specific_expression/244-1-chu-02-B7-6-6-21_250_327_S22_L003_strelka_filtered_expression.tsv, /scratch/eknodel/SCC_samples/Parent_cell_lines/RNAseq/variant_specific_expression/244-1-chu-02-B7-6-6-21_250_327_S22_L003_strelka_unfiltered_expression.tsv
    output: /scratch/eknodel/SCC_samples/Parent_cell_lines/RNAseq/variant_specific_expression/244-1-chu-02-B7-6-6-21_250_327_S22_L003_gatk_filtered_expression.out, /scratch/eknodel/SCC_samples/Parent_cell_lines/RNAseq/variant_specific_expression/244-1-chu-02-B7-6-6-21_250_327_S22_L003_gatk_unfiltered_expression.out, /scratch/eknodel/SCC_samples/Parent_cell_lines/RNAseq/variant_specific_expression/244-1-chu-02-B7-6-6-21_250_327_S22_L003_strelka_filtered_expression.out, /scratch/eknodel/SCC_samples/Parent_cell_lines/RNAseq/variant_specific_expression/244-1-chu-02-B7-6-6-21_250_327_S22_L003_strelka_unfiltered_expression.out
    jobid: 9
    wildcards: RNA=244-1-chu-02-B7-6-6-21_250_327_S22_L003

Submitted job 9 with external jobid 'Submitted batch job 17637679'.
[Tue Sep 27 22:36:40 2022]
Finished job 9.
4 of 15 steps (27%) done
[Tue Sep 27 22:41:11 2022]
Finished job 6.
5 of 15 steps (33%) done

[Tue Sep 27 22:41:11 2022]
rule format_output:
    input: /scratch/eknodel/SCC_samples/Parent_cell_lines/RNAseq/variant_specific_expression/244-1-chu-02-B7-6-22-21_202_375_S26_L003_gatk_filtered_expression.tsv, /scratch/eknodel/SCC_samples/Parent_cell_lines/RNAseq/variant_specific_expression/244-1-chu-02-B7-6-22-21_202_375_S26_L003_gatk_unfiltered_expression.tsv, /scratch/eknodel/SCC_samples/Parent_cell_lines/RNAseq/variant_specific_expression/244-1-chu-02-B7-6-22-21_202_375_S26_L003_strelka_filtered_expression.tsv, /scratch/eknodel/SCC_samples/Parent_cell_lines/RNAseq/variant_specific_expression/244-1-chu-02-B7-6-22-21_202_375_S26_L003_strelka_unfiltered_expression.tsv
    output: /scratch/eknodel/SCC_samples/Parent_cell_lines/RNAseq/variant_specific_expression/244-1-chu-02-B7-6-22-21_202_375_S26_L003_gatk_filtered_expression.out, /scratch/eknodel/SCC_samples/Parent_cell_lines/RNAseq/variant_specific_expression/244-1-chu-02-B7-6-22-21_202_375_S26_L003_gatk_unfiltered_expression.out, /scratch/eknodel/SCC_samples/Parent_cell_lines/RNAseq/variant_specific_expression/244-1-chu-02-B7-6-22-21_202_375_S26_L003_strelka_filtered_expression.out, /scratch/eknodel/SCC_samples/Parent_cell_lines/RNAseq/variant_specific_expression/244-1-chu-02-B7-6-22-21_202_375_S26_L003_strelka_unfiltered_expression.out
    jobid: 2
    wildcards: RNA=244-1-chu-02-B7-6-22-21_202_375_S26_L003

Submitted job 2 with external jobid 'Submitted batch job 17637858'.
[Tue Sep 27 22:42:42 2022]
Finished job 2.
6 of 15 steps (40%) done
[Tue Sep 27 22:44:13 2022]
Finished job 8.
7 of 15 steps (47%) done

[Tue Sep 27 22:44:13 2022]
rule format_output:
    input: /scratch/eknodel/SCC_samples/Parent_cell_lines/RNAseq/variant_specific_expression/244-1-chu-02-B7-6-3-21_262_315_S21_L003_gatk_filtered_expression.tsv, /scratch/eknodel/SCC_samples/Parent_cell_lines/RNAseq/variant_specific_expression/244-1-chu-02-B7-6-3-21_262_315_S21_L003_gatk_unfiltered_expression.tsv, /scratch/eknodel/SCC_samples/Parent_cell_lines/RNAseq/variant_specific_expression/244-1-chu-02-B7-6-3-21_262_315_S21_L003_strelka_filtered_expression.tsv, /scratch/eknodel/SCC_samples/Parent_cell_lines/RNAseq/variant_specific_expression/244-1-chu-02-B7-6-3-21_262_315_S21_L003_strelka_unfiltered_expression.tsv
    output: /scratch/eknodel/SCC_samples/Parent_cell_lines/RNAseq/variant_specific_expression/244-1-chu-02-B7-6-3-21_262_315_S21_L003_gatk_filtered_expression.out, /scratch/eknodel/SCC_samples/Parent_cell_lines/RNAseq/variant_specific_expression/244-1-chu-02-B7-6-3-21_262_315_S21_L003_gatk_unfiltered_expression.out, /scratch/eknodel/SCC_samples/Parent_cell_lines/RNAseq/variant_specific_expression/244-1-chu-02-B7-6-3-21_262_315_S21_L003_strelka_filtered_expression.out, /scratch/eknodel/SCC_samples/Parent_cell_lines/RNAseq/variant_specific_expression/244-1-chu-02-B7-6-3-21_262_315_S21_L003_strelka_unfiltered_expression.out
    jobid: 10
    wildcards: RNA=244-1-chu-02-B7-6-3-21_262_315_S21_L003

Submitted job 10 with external jobid 'Submitted batch job 17637962'.
[Tue Sep 27 22:44:43 2022]
Finished job 10.
8 of 15 steps (53%) done
[Tue Sep 27 22:51:14 2022]
Finished job 12.
9 of 15 steps (60%) done

[Tue Sep 27 22:51:14 2022]
rule format_output:
    input: /scratch/eknodel/SCC_samples/Parent_cell_lines/RNAseq/variant_specific_expression/244-1-chu-02-B7-6-11-21_226_351_S24_L003_gatk_filtered_expression.tsv, /scratch/eknodel/SCC_samples/Parent_cell_lines/RNAseq/variant_specific_expression/244-1-chu-02-B7-6-11-21_226_351_S24_L003_gatk_unfiltered_expression.tsv, /scratch/eknodel/SCC_samples/Parent_cell_lines/RNAseq/variant_specific_expression/244-1-chu-02-B7-6-11-21_226_351_S24_L003_strelka_filtered_expression.tsv, /scratch/eknodel/SCC_samples/Parent_cell_lines/RNAseq/variant_specific_expression/244-1-chu-02-B7-6-11-21_226_351_S24_L003_strelka_unfiltered_expression.tsv
    output: /scratch/eknodel/SCC_samples/Parent_cell_lines/RNAseq/variant_specific_expression/244-1-chu-02-B7-6-11-21_226_351_S24_L003_gatk_filtered_expression.out, /scratch/eknodel/SCC_samples/Parent_cell_lines/RNAseq/variant_specific_expression/244-1-chu-02-B7-6-11-21_226_351_S24_L003_gatk_unfiltered_expression.out, /scratch/eknodel/SCC_samples/Parent_cell_lines/RNAseq/variant_specific_expression/244-1-chu-02-B7-6-11-21_226_351_S24_L003_strelka_filtered_expression.out, /scratch/eknodel/SCC_samples/Parent_cell_lines/RNAseq/variant_specific_expression/244-1-chu-02-B7-6-11-21_226_351_S24_L003_strelka_unfiltered_expression.out
    jobid: 4
    wildcards: RNA=244-1-chu-02-B7-6-11-21_226_351_S24_L003

Submitted job 4 with external jobid 'Submitted batch job 17637971'.
[Tue Sep 27 22:51:24 2022]
Finished job 4.
10 of 15 steps (67%) done
[Tue Sep 27 22:51:34 2022]
Finished job 11.
11 of 15 steps (73%) done

[Tue Sep 27 22:51:34 2022]
rule format_output:
    input: /scratch/eknodel/SCC_samples/Parent_cell_lines/RNAseq/variant_specific_expression/244-1-chu-02-B7-6-9-21_238_339_S23_L003_gatk_filtered_expression.tsv, /scratch/eknodel/SCC_samples/Parent_cell_lines/RNAseq/variant_specific_expression/244-1-chu-02-B7-6-9-21_238_339_S23_L003_gatk_unfiltered_expression.tsv, /scratch/eknodel/SCC_samples/Parent_cell_lines/RNAseq/variant_specific_expression/244-1-chu-02-B7-6-9-21_238_339_S23_L003_strelka_filtered_expression.tsv, /scratch/eknodel/SCC_samples/Parent_cell_lines/RNAseq/variant_specific_expression/244-1-chu-02-B7-6-9-21_238_339_S23_L003_strelka_unfiltered_expression.tsv
    output: /scratch/eknodel/SCC_samples/Parent_cell_lines/RNAseq/variant_specific_expression/244-1-chu-02-B7-6-9-21_238_339_S23_L003_gatk_filtered_expression.out, /scratch/eknodel/SCC_samples/Parent_cell_lines/RNAseq/variant_specific_expression/244-1-chu-02-B7-6-9-21_238_339_S23_L003_gatk_unfiltered_expression.out, /scratch/eknodel/SCC_samples/Parent_cell_lines/RNAseq/variant_specific_expression/244-1-chu-02-B7-6-9-21_238_339_S23_L003_strelka_filtered_expression.out, /scratch/eknodel/SCC_samples/Parent_cell_lines/RNAseq/variant_specific_expression/244-1-chu-02-B7-6-9-21_238_339_S23_L003_strelka_unfiltered_expression.out
    jobid: 3
    wildcards: RNA=244-1-chu-02-B7-6-9-21_238_339_S23_L003

Submitted job 3 with external jobid 'Submitted batch job 17637972'.
[Tue Sep 27 22:51:45 2022]
Finished job 3.
12 of 15 steps (80%) done
[Tue Sep 27 23:03:36 2022]
Finished job 5.
13 of 15 steps (87%) done

[Tue Sep 27 23:03:36 2022]
rule format_output:
    input: /scratch/eknodel/SCC_samples/Parent_cell_lines/RNAseq/variant_specific_expression/244-1-chu-02-B7-6-15-21_214_363_S25_L003_gatk_filtered_expression.tsv, /scratch/eknodel/SCC_samples/Parent_cell_lines/RNAseq/variant_specific_expression/244-1-chu-02-B7-6-15-21_214_363_S25_L003_gatk_unfiltered_expression.tsv, /scratch/eknodel/SCC_samples/Parent_cell_lines/RNAseq/variant_specific_expression/244-1-chu-02-B7-6-15-21_214_363_S25_L003_strelka_filtered_expression.tsv, /scratch/eknodel/SCC_samples/Parent_cell_lines/RNAseq/variant_specific_expression/244-1-chu-02-B7-6-15-21_214_363_S25_L003_strelka_unfiltered_expression.tsv
    output: /scratch/eknodel/SCC_samples/Parent_cell_lines/RNAseq/variant_specific_expression/244-1-chu-02-B7-6-15-21_214_363_S25_L003_gatk_filtered_expression.out, /scratch/eknodel/SCC_samples/Parent_cell_lines/RNAseq/variant_specific_expression/244-1-chu-02-B7-6-15-21_214_363_S25_L003_gatk_unfiltered_expression.out, /scratch/eknodel/SCC_samples/Parent_cell_lines/RNAseq/variant_specific_expression/244-1-chu-02-B7-6-15-21_214_363_S25_L003_strelka_filtered_expression.out, /scratch/eknodel/SCC_samples/Parent_cell_lines/RNAseq/variant_specific_expression/244-1-chu-02-B7-6-15-21_214_363_S25_L003_strelka_unfiltered_expression.out
    jobid: 1
    wildcards: RNA=244-1-chu-02-B7-6-15-21_214_363_S25_L003

Submitted job 1 with external jobid 'Submitted batch job 17637983'.
[Tue Sep 27 23:03:47 2022]
Finished job 1.
14 of 15 steps (93%) done

[Tue Sep 27 23:03:47 2022]
localrule all:
    input: /scratch/eknodel/SCC_samples/Parent_cell_lines/RNAseq/variant_specific_expression/244-1-chu-02-B7-6-11-21_226_351_S24_L003_gatk_filtered_expression.tsv, /scratch/eknodel/SCC_samples/Parent_cell_lines/RNAseq/variant_specific_expression/244-1-chu-02-B7-6-15-21_214_363_S25_L003_gatk_filtered_expression.tsv, /scratch/eknodel/SCC_samples/Parent_cell_lines/RNAseq/variant_specific_expression/244-1-chu-02-B7-6-22-21_202_375_S26_L003_gatk_filtered_expression.tsv, /scratch/eknodel/SCC_samples/Parent_cell_lines/RNAseq/variant_specific_expression/244-1-chu-02-B7-6-3-21_262_315_S21_L003_gatk_filtered_expression.tsv, /scratch/eknodel/SCC_samples/Parent_cell_lines/RNAseq/variant_specific_expression/244-1-chu-02-B7-6-6-21_250_327_S22_L003_gatk_filtered_expression.tsv, /scratch/eknodel/SCC_samples/Parent_cell_lines/RNAseq/variant_specific_expression/244-1-chu-02-B7-6-9-21_238_339_S23_L003_gatk_filtered_expression.tsv, /scratch/eknodel/SCC_samples/Parent_cell_lines/RNAseq/variant_specific_expression/244-1-chu-02-B7-6-11-21_226_351_S24_L003_gatk_filtered_expression.out, /scratch/eknodel/SCC_samples/Parent_cell_lines/RNAseq/variant_specific_expression/244-1-chu-02-B7-6-15-21_214_363_S25_L003_gatk_filtered_expression.out, /scratch/eknodel/SCC_samples/Parent_cell_lines/RNAseq/variant_specific_expression/244-1-chu-02-B7-6-22-21_202_375_S26_L003_gatk_filtered_expression.out, /scratch/eknodel/SCC_samples/Parent_cell_lines/RNAseq/variant_specific_expression/244-1-chu-02-B7-6-3-21_262_315_S21_L003_gatk_filtered_expression.out, /scratch/eknodel/SCC_samples/Parent_cell_lines/RNAseq/variant_specific_expression/244-1-chu-02-B7-6-6-21_250_327_S22_L003_gatk_filtered_expression.out, /scratch/eknodel/SCC_samples/Parent_cell_lines/RNAseq/variant_specific_expression/244-1-chu-02-B7-6-9-21_238_339_S23_L003_gatk_filtered_expression.out
    jobid: 0

[Tue Sep 27 23:03:47 2022]
Finished job 0.
15 of 15 steps (100%) done
Complete log: /home/eknodel/SCC_samples/Parent_cell_lines/04_variant_specific_expression/.snakemake/log/2022-09-27T213326.068030.snakemake.log
