Building DAG of jobs...
Using shell: /usr/bin/bash
Provided cluster nodes: 15
Job counts:
	count	jobs
	1	all
	6	gatk_asereadcounter
	1	index_vcf
	1	remove_duplicates
	9

[Thu Sep 22 21:08:32 2022]
rule remove_duplicates:
    input: /scratch/eknodel/SCC_samples/cell_lines/gatk_mutect2/244_1_Chu_02_B7_352_225_S2_L003.somatic.filtered.pass.vcf
    output: /scratch/eknodel/SCC_samples/cell_lines/gatk_mutect2/244_1_Chu_02_B7_352_225_S2_L003.somatic.filtered.pass_rmdup.vcf
    jobid: 8

Submitted job 8 with external jobid 'Submitted batch job 17562846'.
[Thu Sep 22 21:08:42 2022]
Finished job 8.
1 of 9 steps (11%) done

[Thu Sep 22 21:08:42 2022]
rule index_vcf:
    input: /scratch/eknodel/SCC_samples/cell_lines/gatk_mutect2/244_1_Chu_02_B7_352_225_S2_L003.somatic.filtered.pass_rmdup.vcf
    output: /scratch/eknodel/SCC_samples/cell_lines/gatk_mutect2/244_1_Chu_02_B7_352_225_S2_L003.somatic.filtered.pass_rmdup.vcf.idx
    jobid: 7

Submitted job 7 with external jobid 'Submitted batch job 17562847'.
[Thu Sep 22 21:08:52 2022]
Finished job 7.
2 of 9 steps (22%) done

[Thu Sep 22 21:08:52 2022]
rule gatk_asereadcounter:
    input: /scratch/eknodel/SCC_samples/cell_lines/RNAseq/sorted_bam/244-1-chu-02-B7-6-11-21_226_351_S24_L003_RNA_HISAT2_genome_aligned_sortedbycoord_mkdup_RG.bam, /scratch/eknodel/SCC_samples/cell_lines/gatk_mutect2/244_1_Chu_02_B7_352_225_S2_L003.somatic.filtered.pass_rmdup.vcf, /scratch/eknodel/SCC_samples/cell_lines/gatk_mutect2/244_1_Chu_02_B7_352_225_S2_L003.somatic.filtered.pass_rmdup.vcf.idx
    output: /scratch/eknodel/SCC_samples/cell_lines/RNAseq/variant_specific_expression/244-1-chu-02-B7-6-11-21_226_351_S24_L003_variant_expression.tsv
    jobid: 2
    wildcards: sample=244-1-chu-02-B7-6-11-21_226_351_S24_L003

Submitted job 2 with external jobid 'Submitted batch job 17562848'.

[Thu Sep 22 21:08:52 2022]
rule gatk_asereadcounter:
    input: /scratch/eknodel/SCC_samples/cell_lines/RNAseq/sorted_bam/244-1-chu-02-B7-6-9-21_238_339_S23_L003_RNA_HISAT2_genome_aligned_sortedbycoord_mkdup_RG.bam, /scratch/eknodel/SCC_samples/cell_lines/gatk_mutect2/244_1_Chu_02_B7_352_225_S2_L003.somatic.filtered.pass_rmdup.vcf, /scratch/eknodel/SCC_samples/cell_lines/gatk_mutect2/244_1_Chu_02_B7_352_225_S2_L003.somatic.filtered.pass_rmdup.vcf.idx
    output: /scratch/eknodel/SCC_samples/cell_lines/RNAseq/variant_specific_expression/244-1-chu-02-B7-6-9-21_238_339_S23_L003_variant_expression.tsv
    jobid: 3
    wildcards: sample=244-1-chu-02-B7-6-9-21_238_339_S23_L003

Submitted job 3 with external jobid 'Submitted batch job 17562849'.

[Thu Sep 22 21:08:52 2022]
rule gatk_asereadcounter:
    input: /scratch/eknodel/SCC_samples/cell_lines/RNAseq/sorted_bam/244-1-chu-02-B7-6-15-21_214_363_S25_L003_RNA_HISAT2_genome_aligned_sortedbycoord_mkdup_RG.bam, /scratch/eknodel/SCC_samples/cell_lines/gatk_mutect2/244_1_Chu_02_B7_352_225_S2_L003.somatic.filtered.pass_rmdup.vcf, /scratch/eknodel/SCC_samples/cell_lines/gatk_mutect2/244_1_Chu_02_B7_352_225_S2_L003.somatic.filtered.pass_rmdup.vcf.idx
    output: /scratch/eknodel/SCC_samples/cell_lines/RNAseq/variant_specific_expression/244-1-chu-02-B7-6-15-21_214_363_S25_L003_variant_expression.tsv
    jobid: 1
    wildcards: sample=244-1-chu-02-B7-6-15-21_214_363_S25_L003

Submitted job 1 with external jobid 'Submitted batch job 17562850'.

[Thu Sep 22 21:08:52 2022]
rule gatk_asereadcounter:
    input: /scratch/eknodel/SCC_samples/cell_lines/RNAseq/sorted_bam/244-1-chu-02-B7-6-22-21_202_375_S26_L003_RNA_HISAT2_genome_aligned_sortedbycoord_mkdup_RG.bam, /scratch/eknodel/SCC_samples/cell_lines/gatk_mutect2/244_1_Chu_02_B7_352_225_S2_L003.somatic.filtered.pass_rmdup.vcf, /scratch/eknodel/SCC_samples/cell_lines/gatk_mutect2/244_1_Chu_02_B7_352_225_S2_L003.somatic.filtered.pass_rmdup.vcf.idx
    output: /scratch/eknodel/SCC_samples/cell_lines/RNAseq/variant_specific_expression/244-1-chu-02-B7-6-22-21_202_375_S26_L003_variant_expression.tsv
    jobid: 6
    wildcards: sample=244-1-chu-02-B7-6-22-21_202_375_S26_L003

Submitted job 6 with external jobid 'Submitted batch job 17562851'.

[Thu Sep 22 21:08:52 2022]
rule gatk_asereadcounter:
    input: /scratch/eknodel/SCC_samples/cell_lines/RNAseq/sorted_bam/244-1-chu-02-B7-6-6-21_250_327_S22_L003_RNA_HISAT2_genome_aligned_sortedbycoord_mkdup_RG.bam, /scratch/eknodel/SCC_samples/cell_lines/gatk_mutect2/244_1_Chu_02_B7_352_225_S2_L003.somatic.filtered.pass_rmdup.vcf, /scratch/eknodel/SCC_samples/cell_lines/gatk_mutect2/244_1_Chu_02_B7_352_225_S2_L003.somatic.filtered.pass_rmdup.vcf.idx
    output: /scratch/eknodel/SCC_samples/cell_lines/RNAseq/variant_specific_expression/244-1-chu-02-B7-6-6-21_250_327_S22_L003_variant_expression.tsv
    jobid: 4
    wildcards: sample=244-1-chu-02-B7-6-6-21_250_327_S22_L003

Submitted job 4 with external jobid 'Submitted batch job 17562852'.

[Thu Sep 22 21:08:53 2022]
rule gatk_asereadcounter:
    input: /scratch/eknodel/SCC_samples/cell_lines/RNAseq/sorted_bam/244-1-chu-02-B7-6-3-21_262_315_S21_L003_RNA_HISAT2_genome_aligned_sortedbycoord_mkdup_RG.bam, /scratch/eknodel/SCC_samples/cell_lines/gatk_mutect2/244_1_Chu_02_B7_352_225_S2_L003.somatic.filtered.pass_rmdup.vcf, /scratch/eknodel/SCC_samples/cell_lines/gatk_mutect2/244_1_Chu_02_B7_352_225_S2_L003.somatic.filtered.pass_rmdup.vcf.idx
    output: /scratch/eknodel/SCC_samples/cell_lines/RNAseq/variant_specific_expression/244-1-chu-02-B7-6-3-21_262_315_S21_L003_variant_expression.tsv
    jobid: 5
    wildcards: sample=244-1-chu-02-B7-6-3-21_262_315_S21_L003

Submitted job 5 with external jobid 'Submitted batch job 17562853'.
[Thu Sep 22 21:09:52 2022]
Error in rule gatk_asereadcounter:
    jobid: 2
    output: /scratch/eknodel/SCC_samples/cell_lines/RNAseq/variant_specific_expression/244-1-chu-02-B7-6-11-21_226_351_S24_L003_variant_expression.tsv
    cluster_jobid: Submitted batch job 17562848

[Thu Sep 22 21:09:52 2022]
Error in rule gatk_asereadcounter:
    jobid: 3
    output: /scratch/eknodel/SCC_samples/cell_lines/RNAseq/variant_specific_expression/244-1-chu-02-B7-6-9-21_238_339_S23_L003_variant_expression.tsv
    cluster_jobid: Submitted batch job 17562849

[Thu Sep 22 21:09:52 2022]
Error in rule gatk_asereadcounter:
    jobid: 1
    output: /scratch/eknodel/SCC_samples/cell_lines/RNAseq/variant_specific_expression/244-1-chu-02-B7-6-15-21_214_363_S25_L003_variant_expression.tsv
    cluster_jobid: Submitted batch job 17562850

[Thu Sep 22 21:09:52 2022]
Error in rule gatk_asereadcounter:
    jobid: 6
    output: /scratch/eknodel/SCC_samples/cell_lines/RNAseq/variant_specific_expression/244-1-chu-02-B7-6-22-21_202_375_S26_L003_variant_expression.tsv
    cluster_jobid: Submitted batch job 17562851

[Thu Sep 22 21:09:52 2022]
Error in rule gatk_asereadcounter:
    jobid: 4
    output: /scratch/eknodel/SCC_samples/cell_lines/RNAseq/variant_specific_expression/244-1-chu-02-B7-6-6-21_250_327_S22_L003_variant_expression.tsv
    cluster_jobid: Submitted batch job 17562852

[Thu Sep 22 21:09:52 2022]
Error in rule gatk_asereadcounter:
    jobid: 5
    output: /scratch/eknodel/SCC_samples/cell_lines/RNAseq/variant_specific_expression/244-1-chu-02-B7-6-3-21_262_315_S21_L003_variant_expression.tsv
    cluster_jobid: Submitted batch job 17562853

Shutting down, this might take some time.
Exiting because a job execution failed. Look above for error message
Complete log: /home/eknodel/SCC_samples/Parent_cell_lines/04_variant_specific_expression/.snakemake/log/2022-09-22T210832.439124.snakemake.log
