Building DAG of jobs...
Using shell: /usr/bin/bash
Provided cluster nodes: 15
Job counts:
	count	jobs
	1	all
	6	gatk_asereadcounter
	1	index_vcf
	8

[Thu Sep 22 20:42:09 2022]
rule index_vcf:
    input: /scratch/eknodel/SCC_samples/cell_lines/gatk_mutect2/244_1_Chu_02_B7_352_225_S2_L003.somatic.filtered.pass.vcf
    output: /scratch/eknodel/SCC_samples/cell_lines/gatk_mutect2/244_1_Chu_02_B7_352_225_S2_L003.somatic.filtered.pass.vcf.index
    jobid: 7

Submitted job 7 with external jobid 'Submitted batch job 17562507'.
[Thu Sep 22 20:42:50 2022]
Error in rule index_vcf:
    jobid: 7
    output: /scratch/eknodel/SCC_samples/cell_lines/gatk_mutect2/244_1_Chu_02_B7_352_225_S2_L003.somatic.filtered.pass.vcf.index
    cluster_jobid: Submitted batch job 17562507

Shutting down, this might take some time.
Exiting because a job execution failed. Look above for error message
Complete log: /home/eknodel/SCC_samples/Parent_cell_lines/04_variant_specific_expression/.snakemake/log/2022-09-22T204209.909915.snakemake.log
