Building DAG of jobs...
Using shell: /usr/bin/bash
Provided cluster nodes: 15
Job counts:
	count	jobs
	1	all
	6	index_sorted_bam
	6	mark_duplicates
	6	sort_bam
	19

[Thu Sep 22 14:47:18 2022]
rule mark_duplicates:
    input: /scratch/eknodel/SCC_samples/cell_lines/RNAseq/bam/244-1-chu-02-B7-6-15-21_214_363_S25_L003_RNA_HISAT2_genome_aligned.bam
    output: /scratch/eknodel/SCC_samples/cell_lines/RNAseq/bam/244-1-chu-02-B7-6-15-21_214_363_S25_L003_RNA_HISAT2_genome_aligned_mkdup.bam, 244-1-chu-02-B7-6-15-21_214_363_S25_L003.picard_mkdup_metrics.txt
    jobid: 29
    wildcards: sample=244-1-chu-02-B7-6-15-21_214_363_S25_L003
    threads: 4

Submitted job 29 with external jobid 'Submitted batch job 17560330'.

[Thu Sep 22 14:47:19 2022]
rule mark_duplicates:
    input: /scratch/eknodel/SCC_samples/cell_lines/RNAseq/bam/244-1-chu-02-B7-6-11-21_226_351_S24_L003_RNA_HISAT2_genome_aligned.bam
    output: /scratch/eknodel/SCC_samples/cell_lines/RNAseq/bam/244-1-chu-02-B7-6-11-21_226_351_S24_L003_RNA_HISAT2_genome_aligned_mkdup.bam, 244-1-chu-02-B7-6-11-21_226_351_S24_L003.picard_mkdup_metrics.txt
    jobid: 26
    wildcards: sample=244-1-chu-02-B7-6-11-21_226_351_S24_L003
    threads: 4

Submitted job 26 with external jobid 'Submitted batch job 17560331'.

[Thu Sep 22 14:47:19 2022]
rule mark_duplicates:
    input: /scratch/eknodel/SCC_samples/cell_lines/RNAseq/bam/244-1-chu-02-B7-6-22-21_202_375_S26_L003_RNA_HISAT2_genome_aligned.bam
    output: /scratch/eknodel/SCC_samples/cell_lines/RNAseq/bam/244-1-chu-02-B7-6-22-21_202_375_S26_L003_RNA_HISAT2_genome_aligned_mkdup.bam, 244-1-chu-02-B7-6-22-21_202_375_S26_L003.picard_mkdup_metrics.txt
    jobid: 30
    wildcards: sample=244-1-chu-02-B7-6-22-21_202_375_S26_L003
    threads: 4

Submitted job 30 with external jobid 'Submitted batch job 17560332'.

[Thu Sep 22 14:47:19 2022]
rule mark_duplicates:
    input: /scratch/eknodel/SCC_samples/cell_lines/RNAseq/bam/244-1-chu-02-B7-6-9-21_238_339_S23_L003_RNA_HISAT2_genome_aligned.bam
    output: /scratch/eknodel/SCC_samples/cell_lines/RNAseq/bam/244-1-chu-02-B7-6-9-21_238_339_S23_L003_RNA_HISAT2_genome_aligned_mkdup.bam, 244-1-chu-02-B7-6-9-21_238_339_S23_L003.picard_mkdup_metrics.txt
    jobid: 25
    wildcards: sample=244-1-chu-02-B7-6-9-21_238_339_S23_L003
    threads: 4

Submitted job 25 with external jobid 'Submitted batch job 17560333'.

[Thu Sep 22 14:47:19 2022]
rule mark_duplicates:
    input: /scratch/eknodel/SCC_samples/cell_lines/RNAseq/bam/244-1-chu-02-B7-6-3-21_262_315_S21_L003_RNA_HISAT2_genome_aligned.bam
    output: /scratch/eknodel/SCC_samples/cell_lines/RNAseq/bam/244-1-chu-02-B7-6-3-21_262_315_S21_L003_RNA_HISAT2_genome_aligned_mkdup.bam, 244-1-chu-02-B7-6-3-21_262_315_S21_L003.picard_mkdup_metrics.txt
    jobid: 28
    wildcards: sample=244-1-chu-02-B7-6-3-21_262_315_S21_L003
    threads: 4

Submitted job 28 with external jobid 'Submitted batch job 17560334'.

[Thu Sep 22 14:47:19 2022]
rule mark_duplicates:
    input: /scratch/eknodel/SCC_samples/cell_lines/RNAseq/bam/244-1-chu-02-B7-6-6-21_250_327_S22_L003_RNA_HISAT2_genome_aligned.bam
    output: /scratch/eknodel/SCC_samples/cell_lines/RNAseq/bam/244-1-chu-02-B7-6-6-21_250_327_S22_L003_RNA_HISAT2_genome_aligned_mkdup.bam, 244-1-chu-02-B7-6-6-21_250_327_S22_L003.picard_mkdup_metrics.txt
    jobid: 27
    wildcards: sample=244-1-chu-02-B7-6-6-21_250_327_S22_L003
    threads: 4

Submitted job 27 with external jobid 'Submitted batch job 17560335'.
[Thu Sep 22 14:51:18 2022]
Error in rule mark_duplicates:
    jobid: 28
    output: /scratch/eknodel/SCC_samples/cell_lines/RNAseq/bam/244-1-chu-02-B7-6-3-21_262_315_S21_L003_RNA_HISAT2_genome_aligned_mkdup.bam, 244-1-chu-02-B7-6-3-21_262_315_S21_L003.picard_mkdup_metrics.txt
    cluster_jobid: Submitted batch job 17560334

[Thu Sep 22 14:51:18 2022]
Error in rule mark_duplicates:
    jobid: 27
    output: /scratch/eknodel/SCC_samples/cell_lines/RNAseq/bam/244-1-chu-02-B7-6-6-21_250_327_S22_L003_RNA_HISAT2_genome_aligned_mkdup.bam, 244-1-chu-02-B7-6-6-21_250_327_S22_L003.picard_mkdup_metrics.txt
    cluster_jobid: Submitted batch job 17560335

[Thu Sep 22 14:51:48 2022]
Error in rule mark_duplicates:
    jobid: 30
    output: /scratch/eknodel/SCC_samples/cell_lines/RNAseq/bam/244-1-chu-02-B7-6-22-21_202_375_S26_L003_RNA_HISAT2_genome_aligned_mkdup.bam, 244-1-chu-02-B7-6-22-21_202_375_S26_L003.picard_mkdup_metrics.txt
    cluster_jobid: Submitted batch job 17560332

[Thu Sep 22 14:51:59 2022]
Error in rule mark_duplicates:
    jobid: 25
    output: /scratch/eknodel/SCC_samples/cell_lines/RNAseq/bam/244-1-chu-02-B7-6-9-21_238_339_S23_L003_RNA_HISAT2_genome_aligned_mkdup.bam, 244-1-chu-02-B7-6-9-21_238_339_S23_L003.picard_mkdup_metrics.txt
    cluster_jobid: Submitted batch job 17560333

[Thu Sep 22 14:53:29 2022]
Error in rule mark_duplicates:
    jobid: 29
    output: /scratch/eknodel/SCC_samples/cell_lines/RNAseq/bam/244-1-chu-02-B7-6-15-21_214_363_S25_L003_RNA_HISAT2_genome_aligned_mkdup.bam, 244-1-chu-02-B7-6-15-21_214_363_S25_L003.picard_mkdup_metrics.txt
    cluster_jobid: Submitted batch job 17560330

[Thu Sep 22 14:53:29 2022]
Error in rule mark_duplicates:
    jobid: 26
    output: /scratch/eknodel/SCC_samples/cell_lines/RNAseq/bam/244-1-chu-02-B7-6-11-21_226_351_S24_L003_RNA_HISAT2_genome_aligned_mkdup.bam, 244-1-chu-02-B7-6-11-21_226_351_S24_L003.picard_mkdup_metrics.txt
    cluster_jobid: Submitted batch job 17560331

Shutting down, this might take some time.
Exiting because a job execution failed. Look above for error message
Complete log: /home/eknodel/SCC_samples/Parent_cell_lines/04_variant_specific_expression/.snakemake/log/2022-09-22T144718.405358.snakemake.log
