Building DAG of jobs...
Using shell: /usr/bin/bash
Provided cluster nodes: 15
Job counts:
	count	jobs
	1	all
	6	format_output
	6	gatk_asereadcounter
	1	index_vcf
	1	remove_duplicates
	15

[Mon Feb  6 21:41:46 2023]
rule remove_duplicates:
    input: /scratch/eknodel/SCC_samples/Parent_cell_lines/VEP/185_1_SC_09_G9_304_273_S6_L003_gatk_vep_filtered.vcf, /scratch/eknodel/SCC_samples/Parent_cell_lines/VEP/185_1_SC_09_G9_304_273_S6_L003_gatk_vep_unfiltered.vcf, /scratch/eknodel/SCC_samples/Parent_cell_lines/VEP/185_1_SC_09_G9_304_273_S6_L003_strelka_vep_filtered.vcf, /scratch/eknodel/SCC_samples/Parent_cell_lines/VEP/185_1_SC_09_G9_304_273_S6_L003_strelka_vep_unfiltered.vcf, /data/CEM/shared/public_data/references/ensemble_GRCm38.68/GRCm38_68.fa
    output: /scratch/eknodel/SCC_samples/Parent_cell_lines/VEP/185_1_SC_09_G9_304_273_S6_L003_gatk_vep_filtered_SNP.vcf, /scratch/eknodel/SCC_samples/Parent_cell_lines/VEP/185_1_SC_09_G9_304_273_S6_L003_gatk_vep_unfiltered_SNP.vcf, /scratch/eknodel/SCC_samples/Parent_cell_lines/VEP/185_1_SC_09_G9_304_273_S6_L003_strelka_vep_filtered_SNP.vcf, /scratch/eknodel/SCC_samples/Parent_cell_lines/VEP/185_1_SC_09_G9_304_273_S6_L003_strelka_vep_unfiltered_SNP.vcf
    jobid: 14

Submitted job 14 with external jobid 'Submitted batch job 19170630'.
[Mon Feb  6 21:42:16 2023]
Finished job 14.
1 of 15 steps (7%) done

[Mon Feb  6 21:42:16 2023]
rule index_vcf:
    input: /scratch/eknodel/SCC_samples/Parent_cell_lines/VEP/185_1_SC_09_G9_304_273_S6_L003_gatk_vep_filtered_SNP.vcf, /scratch/eknodel/SCC_samples/Parent_cell_lines/VEP/185_1_SC_09_G9_304_273_S6_L003_gatk_vep_unfiltered_SNP.vcf, /scratch/eknodel/SCC_samples/Parent_cell_lines/VEP/185_1_SC_09_G9_304_273_S6_L003_strelka_vep_filtered_SNP.vcf, /scratch/eknodel/SCC_samples/Parent_cell_lines/VEP/185_1_SC_09_G9_304_273_S6_L003_strelka_vep_unfiltered_SNP.vcf
    output: /scratch/eknodel/SCC_samples/Parent_cell_lines/VEP/185_1_SC_09_G9_304_273_S6_L003_gatk_vep_filtered_SNP.vcf.idx, /scratch/eknodel/SCC_samples/Parent_cell_lines/VEP/185_1_SC_09_G9_304_273_S6_L003_gatk_vep_unfiltered_SNP.vcf.idx, /scratch/eknodel/SCC_samples/Parent_cell_lines/VEP/185_1_SC_09_G9_304_273_S6_L003_strelka_vep_filtered_SNP.vcf.idx, /scratch/eknodel/SCC_samples/Parent_cell_lines/VEP/185_1_SC_09_G9_304_273_S6_L003_strelka_vep_unfiltered_SNP.vcf.idx
    jobid: 13

Submitted job 13 with external jobid 'Submitted batch job 19170631'.
[Mon Feb  6 21:42:46 2023]
Finished job 13.
2 of 15 steps (13%) done

[Mon Feb  6 21:42:47 2023]
rule gatk_asereadcounter:
    input: /scratch/eknodel/SCC_samples/Parent_cell_lines/RNAseq/sorted_bam/185-15c-09-G9-6-3-21_288_289_S3_L003_RNA_HISAT2_genome_aligned_sortedbycoord_mkdup_RG.bam, /scratch/eknodel/SCC_samples/Parent_cell_lines/VEP/185_1_SC_09_G9_304_273_S6_L003_gatk_vep_filtered_SNP.vcf, /scratch/eknodel/SCC_samples/Parent_cell_lines/VEP/185_1_SC_09_G9_304_273_S6_L003_gatk_vep_unfiltered_SNP.vcf, /scratch/eknodel/SCC_samples/Parent_cell_lines/VEP/185_1_SC_09_G9_304_273_S6_L003_strelka_vep_filtered_SNP.vcf, /scratch/eknodel/SCC_samples/Parent_cell_lines/VEP/185_1_SC_09_G9_304_273_S6_L003_strelka_vep_unfiltered_SNP.vcf, /scratch/eknodel/SCC_samples/Parent_cell_lines/VEP/185_1_SC_09_G9_304_273_S6_L003_gatk_vep_filtered_SNP.vcf.idx, /scratch/eknodel/SCC_samples/Parent_cell_lines/VEP/185_1_SC_09_G9_304_273_S6_L003_gatk_vep_unfiltered_SNP.vcf.idx, /scratch/eknodel/SCC_samples/Parent_cell_lines/VEP/185_1_SC_09_G9_304_273_S6_L003_strelka_vep_filtered_SNP.vcf.idx, /scratch/eknodel/SCC_samples/Parent_cell_lines/VEP/185_1_SC_09_G9_304_273_S6_L003_strelka_vep_unfiltered_SNP.vcf.idx
    output: /scratch/eknodel/SCC_samples/Parent_cell_lines/RNAseq/variant_specific_expression/185-15c-09-G9-6-3-21_288_289_S3_L003_gatk_filtered_expression.tsv, /scratch/eknodel/SCC_samples/Parent_cell_lines/RNAseq/variant_specific_expression/185-15c-09-G9-6-3-21_288_289_S3_L003_gatk_unfiltered_expression.tsv, /scratch/eknodel/SCC_samples/Parent_cell_lines/RNAseq/variant_specific_expression/185-15c-09-G9-6-3-21_288_289_S3_L003_strelka_filtered_expression.tsv, /scratch/eknodel/SCC_samples/Parent_cell_lines/RNAseq/variant_specific_expression/185-15c-09-G9-6-3-21_288_289_S3_L003_strelka_unfiltered_expression.tsv
    jobid: 12
    wildcards: RNA=185-15c-09-G9-6-3-21_288_289_S3_L003

Submitted job 12 with external jobid 'Submitted batch job 19170633'.

[Mon Feb  6 21:42:47 2023]
rule gatk_asereadcounter:
    input: /scratch/eknodel/SCC_samples/Parent_cell_lines/RNAseq/sorted_bam/185-15c-09-G9-6-9-21_264_313_S5_L003_RNA_HISAT2_genome_aligned_sortedbycoord_mkdup_RG.bam, /scratch/eknodel/SCC_samples/Parent_cell_lines/VEP/185_1_SC_09_G9_304_273_S6_L003_gatk_vep_filtered_SNP.vcf, /scratch/eknodel/SCC_samples/Parent_cell_lines/VEP/185_1_SC_09_G9_304_273_S6_L003_gatk_vep_unfiltered_SNP.vcf, /scratch/eknodel/SCC_samples/Parent_cell_lines/VEP/185_1_SC_09_G9_304_273_S6_L003_strelka_vep_filtered_SNP.vcf, /scratch/eknodel/SCC_samples/Parent_cell_lines/VEP/185_1_SC_09_G9_304_273_S6_L003_strelka_vep_unfiltered_SNP.vcf, /scratch/eknodel/SCC_samples/Parent_cell_lines/VEP/185_1_SC_09_G9_304_273_S6_L003_gatk_vep_filtered_SNP.vcf.idx, /scratch/eknodel/SCC_samples/Parent_cell_lines/VEP/185_1_SC_09_G9_304_273_S6_L003_gatk_vep_unfiltered_SNP.vcf.idx, /scratch/eknodel/SCC_samples/Parent_cell_lines/VEP/185_1_SC_09_G9_304_273_S6_L003_strelka_vep_filtered_SNP.vcf.idx, /scratch/eknodel/SCC_samples/Parent_cell_lines/VEP/185_1_SC_09_G9_304_273_S6_L003_strelka_vep_unfiltered_SNP.vcf.idx
    output: /scratch/eknodel/SCC_samples/Parent_cell_lines/RNAseq/variant_specific_expression/185-15c-09-G9-6-9-21_264_313_S5_L003_gatk_filtered_expression.tsv, /scratch/eknodel/SCC_samples/Parent_cell_lines/RNAseq/variant_specific_expression/185-15c-09-G9-6-9-21_264_313_S5_L003_gatk_unfiltered_expression.tsv, /scratch/eknodel/SCC_samples/Parent_cell_lines/RNAseq/variant_specific_expression/185-15c-09-G9-6-9-21_264_313_S5_L003_strelka_filtered_expression.tsv, /scratch/eknodel/SCC_samples/Parent_cell_lines/RNAseq/variant_specific_expression/185-15c-09-G9-6-9-21_264_313_S5_L003_strelka_unfiltered_expression.tsv
    jobid: 4
    wildcards: RNA=185-15c-09-G9-6-9-21_264_313_S5_L003

Submitted job 4 with external jobid 'Submitted batch job 19170634'.

[Mon Feb  6 21:42:47 2023]
rule gatk_asereadcounter:
    input: /scratch/eknodel/SCC_samples/Parent_cell_lines/RNAseq/sorted_bam/185-15c-09-G9-6-11-21_252_325_S6_L003_RNA_HISAT2_genome_aligned_sortedbycoord_mkdup_RG.bam, /scratch/eknodel/SCC_samples/Parent_cell_lines/VEP/185_1_SC_09_G9_304_273_S6_L003_gatk_vep_filtered_SNP.vcf, /scratch/eknodel/SCC_samples/Parent_cell_lines/VEP/185_1_SC_09_G9_304_273_S6_L003_gatk_vep_unfiltered_SNP.vcf, /scratch/eknodel/SCC_samples/Parent_cell_lines/VEP/185_1_SC_09_G9_304_273_S6_L003_strelka_vep_filtered_SNP.vcf, /scratch/eknodel/SCC_samples/Parent_cell_lines/VEP/185_1_SC_09_G9_304_273_S6_L003_strelka_vep_unfiltered_SNP.vcf, /scratch/eknodel/SCC_samples/Parent_cell_lines/VEP/185_1_SC_09_G9_304_273_S6_L003_gatk_vep_filtered_SNP.vcf.idx, /scratch/eknodel/SCC_samples/Parent_cell_lines/VEP/185_1_SC_09_G9_304_273_S6_L003_gatk_vep_unfiltered_SNP.vcf.idx, /scratch/eknodel/SCC_samples/Parent_cell_lines/VEP/185_1_SC_09_G9_304_273_S6_L003_strelka_vep_filtered_SNP.vcf.idx, /scratch/eknodel/SCC_samples/Parent_cell_lines/VEP/185_1_SC_09_G9_304_273_S6_L003_strelka_vep_unfiltered_SNP.vcf.idx
    output: /scratch/eknodel/SCC_samples/Parent_cell_lines/RNAseq/variant_specific_expression/185-15c-09-G9-6-11-21_252_325_S6_L003_gatk_filtered_expression.tsv, /scratch/eknodel/SCC_samples/Parent_cell_lines/RNAseq/variant_specific_expression/185-15c-09-G9-6-11-21_252_325_S6_L003_gatk_unfiltered_expression.tsv, /scratch/eknodel/SCC_samples/Parent_cell_lines/RNAseq/variant_specific_expression/185-15c-09-G9-6-11-21_252_325_S6_L003_strelka_filtered_expression.tsv, /scratch/eknodel/SCC_samples/Parent_cell_lines/RNAseq/variant_specific_expression/185-15c-09-G9-6-11-21_252_325_S6_L003_strelka_unfiltered_expression.tsv
    jobid: 11
    wildcards: RNA=185-15c-09-G9-6-11-21_252_325_S6_L003

Submitted job 11 with external jobid 'Submitted batch job 19170635'.

[Mon Feb  6 21:42:47 2023]
rule gatk_asereadcounter:
    input: /scratch/eknodel/SCC_samples/Parent_cell_lines/RNAseq/sorted_bam/185-15c-09-G9-6-6-21_276_301_S4_L003_RNA_HISAT2_genome_aligned_sortedbycoord_mkdup_RG.bam, /scratch/eknodel/SCC_samples/Parent_cell_lines/VEP/185_1_SC_09_G9_304_273_S6_L003_gatk_vep_filtered_SNP.vcf, /scratch/eknodel/SCC_samples/Parent_cell_lines/VEP/185_1_SC_09_G9_304_273_S6_L003_gatk_vep_unfiltered_SNP.vcf, /scratch/eknodel/SCC_samples/Parent_cell_lines/VEP/185_1_SC_09_G9_304_273_S6_L003_strelka_vep_filtered_SNP.vcf, /scratch/eknodel/SCC_samples/Parent_cell_lines/VEP/185_1_SC_09_G9_304_273_S6_L003_strelka_vep_unfiltered_SNP.vcf, /scratch/eknodel/SCC_samples/Parent_cell_lines/VEP/185_1_SC_09_G9_304_273_S6_L003_gatk_vep_filtered_SNP.vcf.idx, /scratch/eknodel/SCC_samples/Parent_cell_lines/VEP/185_1_SC_09_G9_304_273_S6_L003_gatk_vep_unfiltered_SNP.vcf.idx, /scratch/eknodel/SCC_samples/Parent_cell_lines/VEP/185_1_SC_09_G9_304_273_S6_L003_strelka_vep_filtered_SNP.vcf.idx, /scratch/eknodel/SCC_samples/Parent_cell_lines/VEP/185_1_SC_09_G9_304_273_S6_L003_strelka_vep_unfiltered_SNP.vcf.idx
    output: /scratch/eknodel/SCC_samples/Parent_cell_lines/RNAseq/variant_specific_expression/185-15c-09-G9-6-6-21_276_301_S4_L003_gatk_filtered_expression.tsv, /scratch/eknodel/SCC_samples/Parent_cell_lines/RNAseq/variant_specific_expression/185-15c-09-G9-6-6-21_276_301_S4_L003_gatk_unfiltered_expression.tsv, /scratch/eknodel/SCC_samples/Parent_cell_lines/RNAseq/variant_specific_expression/185-15c-09-G9-6-6-21_276_301_S4_L003_strelka_filtered_expression.tsv, /scratch/eknodel/SCC_samples/Parent_cell_lines/RNAseq/variant_specific_expression/185-15c-09-G9-6-6-21_276_301_S4_L003_strelka_unfiltered_expression.tsv
    jobid: 6
    wildcards: RNA=185-15c-09-G9-6-6-21_276_301_S4_L003

Submitted job 6 with external jobid 'Submitted batch job 19170636'.

[Mon Feb  6 21:42:47 2023]
rule gatk_asereadcounter:
    input: /scratch/eknodel/SCC_samples/Parent_cell_lines/RNAseq/sorted_bam/185-15c-09-G9-6-22-21_228_349_S8_L003_RNA_HISAT2_genome_aligned_sortedbycoord_mkdup_RG.bam, /scratch/eknodel/SCC_samples/Parent_cell_lines/VEP/185_1_SC_09_G9_304_273_S6_L003_gatk_vep_filtered_SNP.vcf, /scratch/eknodel/SCC_samples/Parent_cell_lines/VEP/185_1_SC_09_G9_304_273_S6_L003_gatk_vep_unfiltered_SNP.vcf, /scratch/eknodel/SCC_samples/Parent_cell_lines/VEP/185_1_SC_09_G9_304_273_S6_L003_strelka_vep_filtered_SNP.vcf, /scratch/eknodel/SCC_samples/Parent_cell_lines/VEP/185_1_SC_09_G9_304_273_S6_L003_strelka_vep_unfiltered_SNP.vcf, /scratch/eknodel/SCC_samples/Parent_cell_lines/VEP/185_1_SC_09_G9_304_273_S6_L003_gatk_vep_filtered_SNP.vcf.idx, /scratch/eknodel/SCC_samples/Parent_cell_lines/VEP/185_1_SC_09_G9_304_273_S6_L003_gatk_vep_unfiltered_SNP.vcf.idx, /scratch/eknodel/SCC_samples/Parent_cell_lines/VEP/185_1_SC_09_G9_304_273_S6_L003_strelka_vep_filtered_SNP.vcf.idx, /scratch/eknodel/SCC_samples/Parent_cell_lines/VEP/185_1_SC_09_G9_304_273_S6_L003_strelka_vep_unfiltered_SNP.vcf.idx
    output: /scratch/eknodel/SCC_samples/Parent_cell_lines/RNAseq/variant_specific_expression/185-15c-09-G9-6-22-21_228_349_S8_L003_gatk_filtered_expression.tsv, /scratch/eknodel/SCC_samples/Parent_cell_lines/RNAseq/variant_specific_expression/185-15c-09-G9-6-22-21_228_349_S8_L003_gatk_unfiltered_expression.tsv, /scratch/eknodel/SCC_samples/Parent_cell_lines/RNAseq/variant_specific_expression/185-15c-09-G9-6-22-21_228_349_S8_L003_strelka_filtered_expression.tsv, /scratch/eknodel/SCC_samples/Parent_cell_lines/RNAseq/variant_specific_expression/185-15c-09-G9-6-22-21_228_349_S8_L003_strelka_unfiltered_expression.tsv
    jobid: 9
    wildcards: RNA=185-15c-09-G9-6-22-21_228_349_S8_L003

Submitted job 9 with external jobid 'Submitted batch job 19170637'.

[Mon Feb  6 21:42:47 2023]
rule gatk_asereadcounter:
    input: /scratch/eknodel/SCC_samples/Parent_cell_lines/RNAseq/sorted_bam/185-15c-09-G9-6-15-21_240_337_S7_L003_RNA_HISAT2_genome_aligned_sortedbycoord_mkdup_RG.bam, /scratch/eknodel/SCC_samples/Parent_cell_lines/VEP/185_1_SC_09_G9_304_273_S6_L003_gatk_vep_filtered_SNP.vcf, /scratch/eknodel/SCC_samples/Parent_cell_lines/VEP/185_1_SC_09_G9_304_273_S6_L003_gatk_vep_unfiltered_SNP.vcf, /scratch/eknodel/SCC_samples/Parent_cell_lines/VEP/185_1_SC_09_G9_304_273_S6_L003_strelka_vep_filtered_SNP.vcf, /scratch/eknodel/SCC_samples/Parent_cell_lines/VEP/185_1_SC_09_G9_304_273_S6_L003_strelka_vep_unfiltered_SNP.vcf, /scratch/eknodel/SCC_samples/Parent_cell_lines/VEP/185_1_SC_09_G9_304_273_S6_L003_gatk_vep_filtered_SNP.vcf.idx, /scratch/eknodel/SCC_samples/Parent_cell_lines/VEP/185_1_SC_09_G9_304_273_S6_L003_gatk_vep_unfiltered_SNP.vcf.idx, /scratch/eknodel/SCC_samples/Parent_cell_lines/VEP/185_1_SC_09_G9_304_273_S6_L003_strelka_vep_filtered_SNP.vcf.idx, /scratch/eknodel/SCC_samples/Parent_cell_lines/VEP/185_1_SC_09_G9_304_273_S6_L003_strelka_vep_unfiltered_SNP.vcf.idx
    output: /scratch/eknodel/SCC_samples/Parent_cell_lines/RNAseq/variant_specific_expression/185-15c-09-G9-6-15-21_240_337_S7_L003_gatk_filtered_expression.tsv, /scratch/eknodel/SCC_samples/Parent_cell_lines/RNAseq/variant_specific_expression/185-15c-09-G9-6-15-21_240_337_S7_L003_gatk_unfiltered_expression.tsv, /scratch/eknodel/SCC_samples/Parent_cell_lines/RNAseq/variant_specific_expression/185-15c-09-G9-6-15-21_240_337_S7_L003_strelka_filtered_expression.tsv, /scratch/eknodel/SCC_samples/Parent_cell_lines/RNAseq/variant_specific_expression/185-15c-09-G9-6-15-21_240_337_S7_L003_strelka_unfiltered_expression.tsv
    jobid: 7
    wildcards: RNA=185-15c-09-G9-6-15-21_240_337_S7_L003

Submitted job 7 with external jobid 'Submitted batch job 19170638'.
[Mon Feb  6 22:57:52 2023]
Finished job 12.
3 of 15 steps (20%) done

[Mon Feb  6 22:57:52 2023]
rule format_output:
    input: /scratch/eknodel/SCC_samples/Parent_cell_lines/RNAseq/variant_specific_expression/185-15c-09-G9-6-3-21_288_289_S3_L003_gatk_filtered_expression.tsv, /scratch/eknodel/SCC_samples/Parent_cell_lines/RNAseq/variant_specific_expression/185-15c-09-G9-6-3-21_288_289_S3_L003_gatk_unfiltered_expression.tsv, /scratch/eknodel/SCC_samples/Parent_cell_lines/RNAseq/variant_specific_expression/185-15c-09-G9-6-3-21_288_289_S3_L003_strelka_filtered_expression.tsv, /scratch/eknodel/SCC_samples/Parent_cell_lines/RNAseq/variant_specific_expression/185-15c-09-G9-6-3-21_288_289_S3_L003_strelka_unfiltered_expression.tsv
    output: /scratch/eknodel/SCC_samples/Parent_cell_lines/RNAseq/variant_specific_expression/185-15c-09-G9-6-3-21_288_289_S3_L003_gatk_filtered_expression.out, /scratch/eknodel/SCC_samples/Parent_cell_lines/RNAseq/variant_specific_expression/185-15c-09-G9-6-3-21_288_289_S3_L003_gatk_unfiltered_expression.out, /scratch/eknodel/SCC_samples/Parent_cell_lines/RNAseq/variant_specific_expression/185-15c-09-G9-6-3-21_288_289_S3_L003_strelka_filtered_expression.out, /scratch/eknodel/SCC_samples/Parent_cell_lines/RNAseq/variant_specific_expression/185-15c-09-G9-6-3-21_288_289_S3_L003_strelka_unfiltered_expression.out
    jobid: 1
    wildcards: RNA=185-15c-09-G9-6-3-21_288_289_S3_L003

Submitted job 1 with external jobid 'Submitted batch job 19170734'.
[Mon Feb  6 23:00:53 2023]
Finished job 6.
4 of 15 steps (27%) done

[Mon Feb  6 23:00:53 2023]
rule format_output:
    input: /scratch/eknodel/SCC_samples/Parent_cell_lines/RNAseq/variant_specific_expression/185-15c-09-G9-6-6-21_276_301_S4_L003_gatk_filtered_expression.tsv, /scratch/eknodel/SCC_samples/Parent_cell_lines/RNAseq/variant_specific_expression/185-15c-09-G9-6-6-21_276_301_S4_L003_gatk_unfiltered_expression.tsv, /scratch/eknodel/SCC_samples/Parent_cell_lines/RNAseq/variant_specific_expression/185-15c-09-G9-6-6-21_276_301_S4_L003_strelka_filtered_expression.tsv, /scratch/eknodel/SCC_samples/Parent_cell_lines/RNAseq/variant_specific_expression/185-15c-09-G9-6-6-21_276_301_S4_L003_strelka_unfiltered_expression.tsv
    output: /scratch/eknodel/SCC_samples/Parent_cell_lines/RNAseq/variant_specific_expression/185-15c-09-G9-6-6-21_276_301_S4_L003_gatk_filtered_expression.out, /scratch/eknodel/SCC_samples/Parent_cell_lines/RNAseq/variant_specific_expression/185-15c-09-G9-6-6-21_276_301_S4_L003_gatk_unfiltered_expression.out, /scratch/eknodel/SCC_samples/Parent_cell_lines/RNAseq/variant_specific_expression/185-15c-09-G9-6-6-21_276_301_S4_L003_strelka_filtered_expression.out, /scratch/eknodel/SCC_samples/Parent_cell_lines/RNAseq/variant_specific_expression/185-15c-09-G9-6-6-21_276_301_S4_L003_strelka_unfiltered_expression.out
    jobid: 3
    wildcards: RNA=185-15c-09-G9-6-6-21_276_301_S4_L003

Submitted job 3 with external jobid 'Submitted batch job 19170741'.
[Mon Feb  6 23:01:23 2023]
Finished job 1.
5 of 15 steps (33%) done
[Mon Feb  6 23:05:03 2023]
Finished job 4.
6 of 15 steps (40%) done

[Mon Feb  6 23:05:03 2023]
rule format_output:
    input: /scratch/eknodel/SCC_samples/Parent_cell_lines/RNAseq/variant_specific_expression/185-15c-09-G9-6-9-21_264_313_S5_L003_gatk_filtered_expression.tsv, /scratch/eknodel/SCC_samples/Parent_cell_lines/RNAseq/variant_specific_expression/185-15c-09-G9-6-9-21_264_313_S5_L003_gatk_unfiltered_expression.tsv, /scratch/eknodel/SCC_samples/Parent_cell_lines/RNAseq/variant_specific_expression/185-15c-09-G9-6-9-21_264_313_S5_L003_strelka_filtered_expression.tsv, /scratch/eknodel/SCC_samples/Parent_cell_lines/RNAseq/variant_specific_expression/185-15c-09-G9-6-9-21_264_313_S5_L003_strelka_unfiltered_expression.tsv
    output: /scratch/eknodel/SCC_samples/Parent_cell_lines/RNAseq/variant_specific_expression/185-15c-09-G9-6-9-21_264_313_S5_L003_gatk_filtered_expression.out, /scratch/eknodel/SCC_samples/Parent_cell_lines/RNAseq/variant_specific_expression/185-15c-09-G9-6-9-21_264_313_S5_L003_gatk_unfiltered_expression.out, /scratch/eknodel/SCC_samples/Parent_cell_lines/RNAseq/variant_specific_expression/185-15c-09-G9-6-9-21_264_313_S5_L003_strelka_filtered_expression.out, /scratch/eknodel/SCC_samples/Parent_cell_lines/RNAseq/variant_specific_expression/185-15c-09-G9-6-9-21_264_313_S5_L003_strelka_unfiltered_expression.out
    jobid: 2
    wildcards: RNA=185-15c-09-G9-6-9-21_264_313_S5_L003

[Mon Feb  6 23:05:03 2023]
Finished job 3.
7 of 15 steps (47%) done
Submitted job 2 with external jobid 'Submitted batch job 19170747'.
[Mon Feb  6 23:07:34 2023]
Finished job 11.
8 of 15 steps (53%) done

[Mon Feb  6 23:07:34 2023]
rule format_output:
    input: /scratch/eknodel/SCC_samples/Parent_cell_lines/RNAseq/variant_specific_expression/185-15c-09-G9-6-11-21_252_325_S6_L003_gatk_filtered_expression.tsv, /scratch/eknodel/SCC_samples/Parent_cell_lines/RNAseq/variant_specific_expression/185-15c-09-G9-6-11-21_252_325_S6_L003_gatk_unfiltered_expression.tsv, /scratch/eknodel/SCC_samples/Parent_cell_lines/RNAseq/variant_specific_expression/185-15c-09-G9-6-11-21_252_325_S6_L003_strelka_filtered_expression.tsv, /scratch/eknodel/SCC_samples/Parent_cell_lines/RNAseq/variant_specific_expression/185-15c-09-G9-6-11-21_252_325_S6_L003_strelka_unfiltered_expression.tsv
    output: /scratch/eknodel/SCC_samples/Parent_cell_lines/RNAseq/variant_specific_expression/185-15c-09-G9-6-11-21_252_325_S6_L003_gatk_filtered_expression.out, /scratch/eknodel/SCC_samples/Parent_cell_lines/RNAseq/variant_specific_expression/185-15c-09-G9-6-11-21_252_325_S6_L003_gatk_unfiltered_expression.out, /scratch/eknodel/SCC_samples/Parent_cell_lines/RNAseq/variant_specific_expression/185-15c-09-G9-6-11-21_252_325_S6_L003_strelka_filtered_expression.out, /scratch/eknodel/SCC_samples/Parent_cell_lines/RNAseq/variant_specific_expression/185-15c-09-G9-6-11-21_252_325_S6_L003_strelka_unfiltered_expression.out
    jobid: 10
    wildcards: RNA=185-15c-09-G9-6-11-21_252_325_S6_L003

[Mon Feb  6 23:07:34 2023]
Finished job 2.
9 of 15 steps (60%) done
Submitted job 10 with external jobid 'Submitted batch job 19170755'.
[Mon Feb  6 23:08:04 2023]
Finished job 9.
10 of 15 steps (67%) done

[Mon Feb  6 23:08:04 2023]
rule format_output:
    input: /scratch/eknodel/SCC_samples/Parent_cell_lines/RNAseq/variant_specific_expression/185-15c-09-G9-6-22-21_228_349_S8_L003_gatk_filtered_expression.tsv, /scratch/eknodel/SCC_samples/Parent_cell_lines/RNAseq/variant_specific_expression/185-15c-09-G9-6-22-21_228_349_S8_L003_gatk_unfiltered_expression.tsv, /scratch/eknodel/SCC_samples/Parent_cell_lines/RNAseq/variant_specific_expression/185-15c-09-G9-6-22-21_228_349_S8_L003_strelka_filtered_expression.tsv, /scratch/eknodel/SCC_samples/Parent_cell_lines/RNAseq/variant_specific_expression/185-15c-09-G9-6-22-21_228_349_S8_L003_strelka_unfiltered_expression.tsv
    output: /scratch/eknodel/SCC_samples/Parent_cell_lines/RNAseq/variant_specific_expression/185-15c-09-G9-6-22-21_228_349_S8_L003_gatk_filtered_expression.out, /scratch/eknodel/SCC_samples/Parent_cell_lines/RNAseq/variant_specific_expression/185-15c-09-G9-6-22-21_228_349_S8_L003_gatk_unfiltered_expression.out, /scratch/eknodel/SCC_samples/Parent_cell_lines/RNAseq/variant_specific_expression/185-15c-09-G9-6-22-21_228_349_S8_L003_strelka_filtered_expression.out, /scratch/eknodel/SCC_samples/Parent_cell_lines/RNAseq/variant_specific_expression/185-15c-09-G9-6-22-21_228_349_S8_L003_strelka_unfiltered_expression.out
    jobid: 5
    wildcards: RNA=185-15c-09-G9-6-22-21_228_349_S8_L003

Submitted job 5 with external jobid 'Submitted batch job 19170757'.
[Mon Feb  6 23:11:34 2023]
Finished job 10.
11 of 15 steps (73%) done
[Mon Feb  6 23:11:34 2023]
Finished job 5.
12 of 15 steps (80%) done
[Mon Feb  6 23:18:05 2023]
Finished job 7.
13 of 15 steps (87%) done

[Mon Feb  6 23:18:05 2023]
rule format_output:
    input: /scratch/eknodel/SCC_samples/Parent_cell_lines/RNAseq/variant_specific_expression/185-15c-09-G9-6-15-21_240_337_S7_L003_gatk_filtered_expression.tsv, /scratch/eknodel/SCC_samples/Parent_cell_lines/RNAseq/variant_specific_expression/185-15c-09-G9-6-15-21_240_337_S7_L003_gatk_unfiltered_expression.tsv, /scratch/eknodel/SCC_samples/Parent_cell_lines/RNAseq/variant_specific_expression/185-15c-09-G9-6-15-21_240_337_S7_L003_strelka_filtered_expression.tsv, /scratch/eknodel/SCC_samples/Parent_cell_lines/RNAseq/variant_specific_expression/185-15c-09-G9-6-15-21_240_337_S7_L003_strelka_unfiltered_expression.tsv
    output: /scratch/eknodel/SCC_samples/Parent_cell_lines/RNAseq/variant_specific_expression/185-15c-09-G9-6-15-21_240_337_S7_L003_gatk_filtered_expression.out, /scratch/eknodel/SCC_samples/Parent_cell_lines/RNAseq/variant_specific_expression/185-15c-09-G9-6-15-21_240_337_S7_L003_gatk_unfiltered_expression.out, /scratch/eknodel/SCC_samples/Parent_cell_lines/RNAseq/variant_specific_expression/185-15c-09-G9-6-15-21_240_337_S7_L003_strelka_filtered_expression.out, /scratch/eknodel/SCC_samples/Parent_cell_lines/RNAseq/variant_specific_expression/185-15c-09-G9-6-15-21_240_337_S7_L003_strelka_unfiltered_expression.out
    jobid: 8
    wildcards: RNA=185-15c-09-G9-6-15-21_240_337_S7_L003

Submitted job 8 with external jobid 'Submitted batch job 19170771'.
[Mon Feb  6 23:18:15 2023]
Finished job 8.
14 of 15 steps (93%) done

[Mon Feb  6 23:18:15 2023]
localrule all:
    input: /scratch/eknodel/SCC_samples/Parent_cell_lines/RNAseq/variant_specific_expression/185-15c-09-G9-6-11-21_252_325_S6_L003_gatk_filtered_expression.tsv, /scratch/eknodel/SCC_samples/Parent_cell_lines/RNAseq/variant_specific_expression/185-15c-09-G9-6-15-21_240_337_S7_L003_gatk_filtered_expression.tsv, /scratch/eknodel/SCC_samples/Parent_cell_lines/RNAseq/variant_specific_expression/185-15c-09-G9-6-22-21_228_349_S8_L003_gatk_filtered_expression.tsv, /scratch/eknodel/SCC_samples/Parent_cell_lines/RNAseq/variant_specific_expression/185-15c-09-G9-6-3-21_288_289_S3_L003_gatk_filtered_expression.tsv, /scratch/eknodel/SCC_samples/Parent_cell_lines/RNAseq/variant_specific_expression/185-15c-09-G9-6-6-21_276_301_S4_L003_gatk_filtered_expression.tsv, /scratch/eknodel/SCC_samples/Parent_cell_lines/RNAseq/variant_specific_expression/185-15c-09-G9-6-9-21_264_313_S5_L003_gatk_filtered_expression.tsv, /scratch/eknodel/SCC_samples/Parent_cell_lines/RNAseq/variant_specific_expression/185-15c-09-G9-6-11-21_252_325_S6_L003_gatk_filtered_expression.out, /scratch/eknodel/SCC_samples/Parent_cell_lines/RNAseq/variant_specific_expression/185-15c-09-G9-6-15-21_240_337_S7_L003_gatk_filtered_expression.out, /scratch/eknodel/SCC_samples/Parent_cell_lines/RNAseq/variant_specific_expression/185-15c-09-G9-6-22-21_228_349_S8_L003_gatk_filtered_expression.out, /scratch/eknodel/SCC_samples/Parent_cell_lines/RNAseq/variant_specific_expression/185-15c-09-G9-6-3-21_288_289_S3_L003_gatk_filtered_expression.out, /scratch/eknodel/SCC_samples/Parent_cell_lines/RNAseq/variant_specific_expression/185-15c-09-G9-6-6-21_276_301_S4_L003_gatk_filtered_expression.out, /scratch/eknodel/SCC_samples/Parent_cell_lines/RNAseq/variant_specific_expression/185-15c-09-G9-6-9-21_264_313_S5_L003_gatk_filtered_expression.out
    jobid: 0

[Mon Feb  6 23:18:15 2023]
Finished job 0.
15 of 15 steps (100%) done
Complete log: /home/eknodel/SCC_samples/Parent_cell_lines/04_variant_specific_expression/.snakemake/log/2023-02-06T214146.523413.snakemake.log
