Building DAG of jobs...
Using shell: /usr/bin/bash
Provided cluster nodes: 15
Job counts:
	count	jobs
	1	all
	6	format_output
	6	gatk_asereadcounter
	1	index_vcf
	1	remove_duplicates
	15

[Mon Feb  6 21:22:48 2023]
rule remove_duplicates:
    input: /scratch/eknodel/SCC_samples/Parent_cell_lines/VEP/188_2_SC_05_F11_340_237_S3_L003_gatk_vep_filtered.vcf, /scratch/eknodel/SCC_samples/Parent_cell_lines/VEP/188_2_SC_05_F11_340_237_S3_L003_gatk_vep_unfiltered.vcf, /scratch/eknodel/SCC_samples/Parent_cell_lines/VEP/188_2_SC_05_F11_340_237_S3_L003_strelka_vep_filtered.vcf, /scratch/eknodel/SCC_samples/Parent_cell_lines/VEP/188_2_SC_05_F11_340_237_S3_L003_strelka_vep_unfiltered.vcf, /data/CEM/shared/public_data/references/ensemble_GRCm38.68/GRCm38_68.fa
    output: /scratch/eknodel/SCC_samples/Parent_cell_lines/VEP/188_2_SC_05_F11_340_237_S3_L003_gatk_vep_filtered_SNP.vcf, /scratch/eknodel/SCC_samples/Parent_cell_lines/VEP/188_2_SC_05_F11_340_237_S3_L003_gatk_vep_unfiltered_SNP.vcf, /scratch/eknodel/SCC_samples/Parent_cell_lines/VEP/188_2_SC_05_F11_340_237_S3_L003_strelka_vep_filtered_SNP.vcf, /scratch/eknodel/SCC_samples/Parent_cell_lines/VEP/188_2_SC_05_F11_340_237_S3_L003_strelka_vep_unfiltered_SNP.vcf
    jobid: 13

Submitted job 13 with external jobid 'Submitted batch job 19170588'.
[Mon Feb  6 21:24:18 2023]
Finished job 13.
1 of 15 steps (7%) done

[Mon Feb  6 21:24:18 2023]
rule index_vcf:
    input: /scratch/eknodel/SCC_samples/Parent_cell_lines/VEP/188_2_SC_05_F11_340_237_S3_L003_gatk_vep_filtered_SNP.vcf, /scratch/eknodel/SCC_samples/Parent_cell_lines/VEP/188_2_SC_05_F11_340_237_S3_L003_gatk_vep_unfiltered_SNP.vcf, /scratch/eknodel/SCC_samples/Parent_cell_lines/VEP/188_2_SC_05_F11_340_237_S3_L003_strelka_vep_filtered_SNP.vcf, /scratch/eknodel/SCC_samples/Parent_cell_lines/VEP/188_2_SC_05_F11_340_237_S3_L003_strelka_vep_unfiltered_SNP.vcf
    output: /scratch/eknodel/SCC_samples/Parent_cell_lines/VEP/188_2_SC_05_F11_340_237_S3_L003_gatk_vep_filtered_SNP.vcf.idx, /scratch/eknodel/SCC_samples/Parent_cell_lines/VEP/188_2_SC_05_F11_340_237_S3_L003_gatk_vep_unfiltered_SNP.vcf.idx, /scratch/eknodel/SCC_samples/Parent_cell_lines/VEP/188_2_SC_05_F11_340_237_S3_L003_strelka_vep_filtered_SNP.vcf.idx, /scratch/eknodel/SCC_samples/Parent_cell_lines/VEP/188_2_SC_05_F11_340_237_S3_L003_strelka_vep_unfiltered_SNP.vcf.idx
    jobid: 14

Submitted job 14 with external jobid 'Submitted batch job 19170589'.
[Mon Feb  6 21:24:48 2023]
Finished job 14.
2 of 15 steps (13%) done

[Mon Feb  6 21:24:48 2023]
rule gatk_asereadcounter:
    input: /scratch/eknodel/SCC_samples/Parent_cell_lines/RNAseq/sorted_bam/188-2-5c-05-F11-6-6-21_227_350_S16_L003_RNA_HISAT2_genome_aligned_sortedbycoord_mkdup_RG.bam, /scratch/eknodel/SCC_samples/Parent_cell_lines/VEP/188_2_SC_05_F11_340_237_S3_L003_gatk_vep_filtered_SNP.vcf, /scratch/eknodel/SCC_samples/Parent_cell_lines/VEP/188_2_SC_05_F11_340_237_S3_L003_gatk_vep_unfiltered_SNP.vcf, /scratch/eknodel/SCC_samples/Parent_cell_lines/VEP/188_2_SC_05_F11_340_237_S3_L003_strelka_vep_filtered_SNP.vcf, /scratch/eknodel/SCC_samples/Parent_cell_lines/VEP/188_2_SC_05_F11_340_237_S3_L003_strelka_vep_unfiltered_SNP.vcf, /scratch/eknodel/SCC_samples/Parent_cell_lines/VEP/188_2_SC_05_F11_340_237_S3_L003_gatk_vep_filtered_SNP.vcf.idx, /scratch/eknodel/SCC_samples/Parent_cell_lines/VEP/188_2_SC_05_F11_340_237_S3_L003_gatk_vep_unfiltered_SNP.vcf.idx, /scratch/eknodel/SCC_samples/Parent_cell_lines/VEP/188_2_SC_05_F11_340_237_S3_L003_strelka_vep_filtered_SNP.vcf.idx, /scratch/eknodel/SCC_samples/Parent_cell_lines/VEP/188_2_SC_05_F11_340_237_S3_L003_strelka_vep_unfiltered_SNP.vcf.idx
    output: /scratch/eknodel/SCC_samples/Parent_cell_lines/RNAseq/variant_specific_expression/188-2-5c-05-F11-6-6-21_227_350_S16_L003_gatk_filtered_expression.tsv, /scratch/eknodel/SCC_samples/Parent_cell_lines/RNAseq/variant_specific_expression/188-2-5c-05-F11-6-6-21_227_350_S16_L003_gatk_unfiltered_expression.tsv, /scratch/eknodel/SCC_samples/Parent_cell_lines/RNAseq/variant_specific_expression/188-2-5c-05-F11-6-6-21_227_350_S16_L003_strelka_filtered_expression.tsv, /scratch/eknodel/SCC_samples/Parent_cell_lines/RNAseq/variant_specific_expression/188-2-5c-05-F11-6-6-21_227_350_S16_L003_strelka_unfiltered_expression.tsv
    jobid: 7
    wildcards: RNA=188-2-5c-05-F11-6-6-21_227_350_S16_L003

Submitted job 7 with external jobid 'Submitted batch job 19170590'.

[Mon Feb  6 21:24:48 2023]
rule gatk_asereadcounter:
    input: /scratch/eknodel/SCC_samples/Parent_cell_lines/RNAseq/sorted_bam/188-2-5c-05-F11-6-9-21_215_362_S17_L003_RNA_HISAT2_genome_aligned_sortedbycoord_mkdup_RG.bam, /scratch/eknodel/SCC_samples/Parent_cell_lines/VEP/188_2_SC_05_F11_340_237_S3_L003_gatk_vep_filtered_SNP.vcf, /scratch/eknodel/SCC_samples/Parent_cell_lines/VEP/188_2_SC_05_F11_340_237_S3_L003_gatk_vep_unfiltered_SNP.vcf, /scratch/eknodel/SCC_samples/Parent_cell_lines/VEP/188_2_SC_05_F11_340_237_S3_L003_strelka_vep_filtered_SNP.vcf, /scratch/eknodel/SCC_samples/Parent_cell_lines/VEP/188_2_SC_05_F11_340_237_S3_L003_strelka_vep_unfiltered_SNP.vcf, /scratch/eknodel/SCC_samples/Parent_cell_lines/VEP/188_2_SC_05_F11_340_237_S3_L003_gatk_vep_filtered_SNP.vcf.idx, /scratch/eknodel/SCC_samples/Parent_cell_lines/VEP/188_2_SC_05_F11_340_237_S3_L003_gatk_vep_unfiltered_SNP.vcf.idx, /scratch/eknodel/SCC_samples/Parent_cell_lines/VEP/188_2_SC_05_F11_340_237_S3_L003_strelka_vep_filtered_SNP.vcf.idx, /scratch/eknodel/SCC_samples/Parent_cell_lines/VEP/188_2_SC_05_F11_340_237_S3_L003_strelka_vep_unfiltered_SNP.vcf.idx
    output: /scratch/eknodel/SCC_samples/Parent_cell_lines/RNAseq/variant_specific_expression/188-2-5c-05-F11-6-9-21_215_362_S17_L003_gatk_filtered_expression.tsv, /scratch/eknodel/SCC_samples/Parent_cell_lines/RNAseq/variant_specific_expression/188-2-5c-05-F11-6-9-21_215_362_S17_L003_gatk_unfiltered_expression.tsv, /scratch/eknodel/SCC_samples/Parent_cell_lines/RNAseq/variant_specific_expression/188-2-5c-05-F11-6-9-21_215_362_S17_L003_strelka_filtered_expression.tsv, /scratch/eknodel/SCC_samples/Parent_cell_lines/RNAseq/variant_specific_expression/188-2-5c-05-F11-6-9-21_215_362_S17_L003_strelka_unfiltered_expression.tsv
    jobid: 1
    wildcards: RNA=188-2-5c-05-F11-6-9-21_215_362_S17_L003

Submitted job 1 with external jobid 'Submitted batch job 19170591'.

[Mon Feb  6 21:24:48 2023]
rule gatk_asereadcounter:
    input: /scratch/eknodel/SCC_samples/Parent_cell_lines/RNAseq/sorted_bam/188-2-5c-05-F11-6-11-21_203_374_S18_L003_RNA_HISAT2_genome_aligned_sortedbycoord_mkdup_RG.bam, /scratch/eknodel/SCC_samples/Parent_cell_lines/VEP/188_2_SC_05_F11_340_237_S3_L003_gatk_vep_filtered_SNP.vcf, /scratch/eknodel/SCC_samples/Parent_cell_lines/VEP/188_2_SC_05_F11_340_237_S3_L003_gatk_vep_unfiltered_SNP.vcf, /scratch/eknodel/SCC_samples/Parent_cell_lines/VEP/188_2_SC_05_F11_340_237_S3_L003_strelka_vep_filtered_SNP.vcf, /scratch/eknodel/SCC_samples/Parent_cell_lines/VEP/188_2_SC_05_F11_340_237_S3_L003_strelka_vep_unfiltered_SNP.vcf, /scratch/eknodel/SCC_samples/Parent_cell_lines/VEP/188_2_SC_05_F11_340_237_S3_L003_gatk_vep_filtered_SNP.vcf.idx, /scratch/eknodel/SCC_samples/Parent_cell_lines/VEP/188_2_SC_05_F11_340_237_S3_L003_gatk_vep_unfiltered_SNP.vcf.idx, /scratch/eknodel/SCC_samples/Parent_cell_lines/VEP/188_2_SC_05_F11_340_237_S3_L003_strelka_vep_filtered_SNP.vcf.idx, /scratch/eknodel/SCC_samples/Parent_cell_lines/VEP/188_2_SC_05_F11_340_237_S3_L003_strelka_vep_unfiltered_SNP.vcf.idx
    output: /scratch/eknodel/SCC_samples/Parent_cell_lines/RNAseq/variant_specific_expression/188-2-5c-05-F11-6-11-21_203_374_S18_L003_gatk_filtered_expression.tsv, /scratch/eknodel/SCC_samples/Parent_cell_lines/RNAseq/variant_specific_expression/188-2-5c-05-F11-6-11-21_203_374_S18_L003_gatk_unfiltered_expression.tsv, /scratch/eknodel/SCC_samples/Parent_cell_lines/RNAseq/variant_specific_expression/188-2-5c-05-F11-6-11-21_203_374_S18_L003_strelka_filtered_expression.tsv, /scratch/eknodel/SCC_samples/Parent_cell_lines/RNAseq/variant_specific_expression/188-2-5c-05-F11-6-11-21_203_374_S18_L003_strelka_unfiltered_expression.tsv
    jobid: 8
    wildcards: RNA=188-2-5c-05-F11-6-11-21_203_374_S18_L003

Submitted job 8 with external jobid 'Submitted batch job 19170592'.

[Mon Feb  6 21:24:48 2023]
rule gatk_asereadcounter:
    input: /scratch/eknodel/SCC_samples/Parent_cell_lines/RNAseq/sorted_bam/188-2-5c-05-F11-6-22-21_274_303_S20_L003_RNA_HISAT2_genome_aligned_sortedbycoord_mkdup_RG.bam, /scratch/eknodel/SCC_samples/Parent_cell_lines/VEP/188_2_SC_05_F11_340_237_S3_L003_gatk_vep_filtered_SNP.vcf, /scratch/eknodel/SCC_samples/Parent_cell_lines/VEP/188_2_SC_05_F11_340_237_S3_L003_gatk_vep_unfiltered_SNP.vcf, /scratch/eknodel/SCC_samples/Parent_cell_lines/VEP/188_2_SC_05_F11_340_237_S3_L003_strelka_vep_filtered_SNP.vcf, /scratch/eknodel/SCC_samples/Parent_cell_lines/VEP/188_2_SC_05_F11_340_237_S3_L003_strelka_vep_unfiltered_SNP.vcf, /scratch/eknodel/SCC_samples/Parent_cell_lines/VEP/188_2_SC_05_F11_340_237_S3_L003_gatk_vep_filtered_SNP.vcf.idx, /scratch/eknodel/SCC_samples/Parent_cell_lines/VEP/188_2_SC_05_F11_340_237_S3_L003_gatk_vep_unfiltered_SNP.vcf.idx, /scratch/eknodel/SCC_samples/Parent_cell_lines/VEP/188_2_SC_05_F11_340_237_S3_L003_strelka_vep_filtered_SNP.vcf.idx, /scratch/eknodel/SCC_samples/Parent_cell_lines/VEP/188_2_SC_05_F11_340_237_S3_L003_strelka_vep_unfiltered_SNP.vcf.idx
    output: /scratch/eknodel/SCC_samples/Parent_cell_lines/RNAseq/variant_specific_expression/188-2-5c-05-F11-6-22-21_274_303_S20_L003_gatk_filtered_expression.tsv, /scratch/eknodel/SCC_samples/Parent_cell_lines/RNAseq/variant_specific_expression/188-2-5c-05-F11-6-22-21_274_303_S20_L003_gatk_unfiltered_expression.tsv, /scratch/eknodel/SCC_samples/Parent_cell_lines/RNAseq/variant_specific_expression/188-2-5c-05-F11-6-22-21_274_303_S20_L003_strelka_filtered_expression.tsv, /scratch/eknodel/SCC_samples/Parent_cell_lines/RNAseq/variant_specific_expression/188-2-5c-05-F11-6-22-21_274_303_S20_L003_strelka_unfiltered_expression.tsv
    jobid: 4
    wildcards: RNA=188-2-5c-05-F11-6-22-21_274_303_S20_L003

Submitted job 4 with external jobid 'Submitted batch job 19170593'.

[Mon Feb  6 21:24:48 2023]
rule gatk_asereadcounter:
    input: /scratch/eknodel/SCC_samples/Parent_cell_lines/RNAseq/sorted_bam/188-2-5c-05-F11-6-3-21_239_338_S15_L003_RNA_HISAT2_genome_aligned_sortedbycoord_mkdup_RG.bam, /scratch/eknodel/SCC_samples/Parent_cell_lines/VEP/188_2_SC_05_F11_340_237_S3_L003_gatk_vep_filtered_SNP.vcf, /scratch/eknodel/SCC_samples/Parent_cell_lines/VEP/188_2_SC_05_F11_340_237_S3_L003_gatk_vep_unfiltered_SNP.vcf, /scratch/eknodel/SCC_samples/Parent_cell_lines/VEP/188_2_SC_05_F11_340_237_S3_L003_strelka_vep_filtered_SNP.vcf, /scratch/eknodel/SCC_samples/Parent_cell_lines/VEP/188_2_SC_05_F11_340_237_S3_L003_strelka_vep_unfiltered_SNP.vcf, /scratch/eknodel/SCC_samples/Parent_cell_lines/VEP/188_2_SC_05_F11_340_237_S3_L003_gatk_vep_filtered_SNP.vcf.idx, /scratch/eknodel/SCC_samples/Parent_cell_lines/VEP/188_2_SC_05_F11_340_237_S3_L003_gatk_vep_unfiltered_SNP.vcf.idx, /scratch/eknodel/SCC_samples/Parent_cell_lines/VEP/188_2_SC_05_F11_340_237_S3_L003_strelka_vep_filtered_SNP.vcf.idx, /scratch/eknodel/SCC_samples/Parent_cell_lines/VEP/188_2_SC_05_F11_340_237_S3_L003_strelka_vep_unfiltered_SNP.vcf.idx
    output: /scratch/eknodel/SCC_samples/Parent_cell_lines/RNAseq/variant_specific_expression/188-2-5c-05-F11-6-3-21_239_338_S15_L003_gatk_filtered_expression.tsv, /scratch/eknodel/SCC_samples/Parent_cell_lines/RNAseq/variant_specific_expression/188-2-5c-05-F11-6-3-21_239_338_S15_L003_gatk_unfiltered_expression.tsv, /scratch/eknodel/SCC_samples/Parent_cell_lines/RNAseq/variant_specific_expression/188-2-5c-05-F11-6-3-21_239_338_S15_L003_strelka_filtered_expression.tsv, /scratch/eknodel/SCC_samples/Parent_cell_lines/RNAseq/variant_specific_expression/188-2-5c-05-F11-6-3-21_239_338_S15_L003_strelka_unfiltered_expression.tsv
    jobid: 3
    wildcards: RNA=188-2-5c-05-F11-6-3-21_239_338_S15_L003

Submitted job 3 with external jobid 'Submitted batch job 19170594'.

[Mon Feb  6 21:24:48 2023]
rule gatk_asereadcounter:
    input: /scratch/eknodel/SCC_samples/Parent_cell_lines/RNAseq/sorted_bam/188-2-5c-05-F11-6-15-21_286_291_S19_L003_RNA_HISAT2_genome_aligned_sortedbycoord_mkdup_RG.bam, /scratch/eknodel/SCC_samples/Parent_cell_lines/VEP/188_2_SC_05_F11_340_237_S3_L003_gatk_vep_filtered_SNP.vcf, /scratch/eknodel/SCC_samples/Parent_cell_lines/VEP/188_2_SC_05_F11_340_237_S3_L003_gatk_vep_unfiltered_SNP.vcf, /scratch/eknodel/SCC_samples/Parent_cell_lines/VEP/188_2_SC_05_F11_340_237_S3_L003_strelka_vep_filtered_SNP.vcf, /scratch/eknodel/SCC_samples/Parent_cell_lines/VEP/188_2_SC_05_F11_340_237_S3_L003_strelka_vep_unfiltered_SNP.vcf, /scratch/eknodel/SCC_samples/Parent_cell_lines/VEP/188_2_SC_05_F11_340_237_S3_L003_gatk_vep_filtered_SNP.vcf.idx, /scratch/eknodel/SCC_samples/Parent_cell_lines/VEP/188_2_SC_05_F11_340_237_S3_L003_gatk_vep_unfiltered_SNP.vcf.idx, /scratch/eknodel/SCC_samples/Parent_cell_lines/VEP/188_2_SC_05_F11_340_237_S3_L003_strelka_vep_filtered_SNP.vcf.idx, /scratch/eknodel/SCC_samples/Parent_cell_lines/VEP/188_2_SC_05_F11_340_237_S3_L003_strelka_vep_unfiltered_SNP.vcf.idx
    output: /scratch/eknodel/SCC_samples/Parent_cell_lines/RNAseq/variant_specific_expression/188-2-5c-05-F11-6-15-21_286_291_S19_L003_gatk_filtered_expression.tsv, /scratch/eknodel/SCC_samples/Parent_cell_lines/RNAseq/variant_specific_expression/188-2-5c-05-F11-6-15-21_286_291_S19_L003_gatk_unfiltered_expression.tsv, /scratch/eknodel/SCC_samples/Parent_cell_lines/RNAseq/variant_specific_expression/188-2-5c-05-F11-6-15-21_286_291_S19_L003_strelka_filtered_expression.tsv, /scratch/eknodel/SCC_samples/Parent_cell_lines/RNAseq/variant_specific_expression/188-2-5c-05-F11-6-15-21_286_291_S19_L003_strelka_unfiltered_expression.tsv
    jobid: 10
    wildcards: RNA=188-2-5c-05-F11-6-15-21_286_291_S19_L003

Submitted job 10 with external jobid 'Submitted batch job 19170595'.
[Mon Feb  6 22:30:53 2023]
Finished job 8.
3 of 15 steps (20%) done

[Mon Feb  6 22:30:53 2023]
rule format_output:
    input: /scratch/eknodel/SCC_samples/Parent_cell_lines/RNAseq/variant_specific_expression/188-2-5c-05-F11-6-11-21_203_374_S18_L003_gatk_filtered_expression.tsv, /scratch/eknodel/SCC_samples/Parent_cell_lines/RNAseq/variant_specific_expression/188-2-5c-05-F11-6-11-21_203_374_S18_L003_gatk_unfiltered_expression.tsv, /scratch/eknodel/SCC_samples/Parent_cell_lines/RNAseq/variant_specific_expression/188-2-5c-05-F11-6-11-21_203_374_S18_L003_strelka_filtered_expression.tsv, /scratch/eknodel/SCC_samples/Parent_cell_lines/RNAseq/variant_specific_expression/188-2-5c-05-F11-6-11-21_203_374_S18_L003_strelka_unfiltered_expression.tsv
    output: /scratch/eknodel/SCC_samples/Parent_cell_lines/RNAseq/variant_specific_expression/188-2-5c-05-F11-6-11-21_203_374_S18_L003_gatk_filtered_expression.out, /scratch/eknodel/SCC_samples/Parent_cell_lines/RNAseq/variant_specific_expression/188-2-5c-05-F11-6-11-21_203_374_S18_L003_gatk_unfiltered_expression.out, /scratch/eknodel/SCC_samples/Parent_cell_lines/RNAseq/variant_specific_expression/188-2-5c-05-F11-6-11-21_203_374_S18_L003_strelka_filtered_expression.out, /scratch/eknodel/SCC_samples/Parent_cell_lines/RNAseq/variant_specific_expression/188-2-5c-05-F11-6-11-21_203_374_S18_L003_strelka_unfiltered_expression.out
    jobid: 9
    wildcards: RNA=188-2-5c-05-F11-6-11-21_203_374_S18_L003

Submitted job 9 with external jobid 'Submitted batch job 19170692'.
[Mon Feb  6 22:35:33 2023]
Finished job 9.
4 of 15 steps (27%) done
[Mon Feb  6 22:38:04 2023]
Finished job 4.
5 of 15 steps (33%) done

[Mon Feb  6 22:38:04 2023]
rule format_output:
    input: /scratch/eknodel/SCC_samples/Parent_cell_lines/RNAseq/variant_specific_expression/188-2-5c-05-F11-6-22-21_274_303_S20_L003_gatk_filtered_expression.tsv, /scratch/eknodel/SCC_samples/Parent_cell_lines/RNAseq/variant_specific_expression/188-2-5c-05-F11-6-22-21_274_303_S20_L003_gatk_unfiltered_expression.tsv, /scratch/eknodel/SCC_samples/Parent_cell_lines/RNAseq/variant_specific_expression/188-2-5c-05-F11-6-22-21_274_303_S20_L003_strelka_filtered_expression.tsv, /scratch/eknodel/SCC_samples/Parent_cell_lines/RNAseq/variant_specific_expression/188-2-5c-05-F11-6-22-21_274_303_S20_L003_strelka_unfiltered_expression.tsv
    output: /scratch/eknodel/SCC_samples/Parent_cell_lines/RNAseq/variant_specific_expression/188-2-5c-05-F11-6-22-21_274_303_S20_L003_gatk_filtered_expression.out, /scratch/eknodel/SCC_samples/Parent_cell_lines/RNAseq/variant_specific_expression/188-2-5c-05-F11-6-22-21_274_303_S20_L003_gatk_unfiltered_expression.out, /scratch/eknodel/SCC_samples/Parent_cell_lines/RNAseq/variant_specific_expression/188-2-5c-05-F11-6-22-21_274_303_S20_L003_strelka_filtered_expression.out, /scratch/eknodel/SCC_samples/Parent_cell_lines/RNAseq/variant_specific_expression/188-2-5c-05-F11-6-22-21_274_303_S20_L003_strelka_unfiltered_expression.out
    jobid: 12
    wildcards: RNA=188-2-5c-05-F11-6-22-21_274_303_S20_L003

Submitted job 12 with external jobid 'Submitted batch job 19170701'.
[Mon Feb  6 22:40:34 2023]
Finished job 10.
6 of 15 steps (40%) done

[Mon Feb  6 22:40:34 2023]
rule format_output:
    input: /scratch/eknodel/SCC_samples/Parent_cell_lines/RNAseq/variant_specific_expression/188-2-5c-05-F11-6-15-21_286_291_S19_L003_gatk_filtered_expression.tsv, /scratch/eknodel/SCC_samples/Parent_cell_lines/RNAseq/variant_specific_expression/188-2-5c-05-F11-6-15-21_286_291_S19_L003_gatk_unfiltered_expression.tsv, /scratch/eknodel/SCC_samples/Parent_cell_lines/RNAseq/variant_specific_expression/188-2-5c-05-F11-6-15-21_286_291_S19_L003_strelka_filtered_expression.tsv, /scratch/eknodel/SCC_samples/Parent_cell_lines/RNAseq/variant_specific_expression/188-2-5c-05-F11-6-15-21_286_291_S19_L003_strelka_unfiltered_expression.tsv
    output: /scratch/eknodel/SCC_samples/Parent_cell_lines/RNAseq/variant_specific_expression/188-2-5c-05-F11-6-15-21_286_291_S19_L003_gatk_filtered_expression.out, /scratch/eknodel/SCC_samples/Parent_cell_lines/RNAseq/variant_specific_expression/188-2-5c-05-F11-6-15-21_286_291_S19_L003_gatk_unfiltered_expression.out, /scratch/eknodel/SCC_samples/Parent_cell_lines/RNAseq/variant_specific_expression/188-2-5c-05-F11-6-15-21_286_291_S19_L003_strelka_filtered_expression.out, /scratch/eknodel/SCC_samples/Parent_cell_lines/RNAseq/variant_specific_expression/188-2-5c-05-F11-6-15-21_286_291_S19_L003_strelka_unfiltered_expression.out
    jobid: 11
    wildcards: RNA=188-2-5c-05-F11-6-15-21_286_291_S19_L003

Submitted job 11 with external jobid 'Submitted batch job 19170706'.
[Mon Feb  6 22:42:04 2023]
Finished job 12.
7 of 15 steps (47%) done
[Mon Feb  6 22:42:04 2023]
Finished job 11.
8 of 15 steps (53%) done
[Mon Feb  6 22:43:34 2023]
Finished job 1.
9 of 15 steps (60%) done

[Mon Feb  6 22:43:34 2023]
rule format_output:
    input: /scratch/eknodel/SCC_samples/Parent_cell_lines/RNAseq/variant_specific_expression/188-2-5c-05-F11-6-9-21_215_362_S17_L003_gatk_filtered_expression.tsv, /scratch/eknodel/SCC_samples/Parent_cell_lines/RNAseq/variant_specific_expression/188-2-5c-05-F11-6-9-21_215_362_S17_L003_gatk_unfiltered_expression.tsv, /scratch/eknodel/SCC_samples/Parent_cell_lines/RNAseq/variant_specific_expression/188-2-5c-05-F11-6-9-21_215_362_S17_L003_strelka_filtered_expression.tsv, /scratch/eknodel/SCC_samples/Parent_cell_lines/RNAseq/variant_specific_expression/188-2-5c-05-F11-6-9-21_215_362_S17_L003_strelka_unfiltered_expression.tsv
    output: /scratch/eknodel/SCC_samples/Parent_cell_lines/RNAseq/variant_specific_expression/188-2-5c-05-F11-6-9-21_215_362_S17_L003_gatk_filtered_expression.out, /scratch/eknodel/SCC_samples/Parent_cell_lines/RNAseq/variant_specific_expression/188-2-5c-05-F11-6-9-21_215_362_S17_L003_gatk_unfiltered_expression.out, /scratch/eknodel/SCC_samples/Parent_cell_lines/RNAseq/variant_specific_expression/188-2-5c-05-F11-6-9-21_215_362_S17_L003_strelka_filtered_expression.out, /scratch/eknodel/SCC_samples/Parent_cell_lines/RNAseq/variant_specific_expression/188-2-5c-05-F11-6-9-21_215_362_S17_L003_strelka_unfiltered_expression.out
    jobid: 2
    wildcards: RNA=188-2-5c-05-F11-6-9-21_215_362_S17_L003

Submitted job 2 with external jobid 'Submitted batch job 19170711'.
[Mon Feb  6 22:45:05 2023]
Finished job 2.
10 of 15 steps (67%) done
[Mon Feb  6 22:46:35 2023]
Finished job 3.
11 of 15 steps (73%) done

[Mon Feb  6 22:46:35 2023]
rule format_output:
    input: /scratch/eknodel/SCC_samples/Parent_cell_lines/RNAseq/variant_specific_expression/188-2-5c-05-F11-6-3-21_239_338_S15_L003_gatk_filtered_expression.tsv, /scratch/eknodel/SCC_samples/Parent_cell_lines/RNAseq/variant_specific_expression/188-2-5c-05-F11-6-3-21_239_338_S15_L003_gatk_unfiltered_expression.tsv, /scratch/eknodel/SCC_samples/Parent_cell_lines/RNAseq/variant_specific_expression/188-2-5c-05-F11-6-3-21_239_338_S15_L003_strelka_filtered_expression.tsv, /scratch/eknodel/SCC_samples/Parent_cell_lines/RNAseq/variant_specific_expression/188-2-5c-05-F11-6-3-21_239_338_S15_L003_strelka_unfiltered_expression.tsv
    output: /scratch/eknodel/SCC_samples/Parent_cell_lines/RNAseq/variant_specific_expression/188-2-5c-05-F11-6-3-21_239_338_S15_L003_gatk_filtered_expression.out, /scratch/eknodel/SCC_samples/Parent_cell_lines/RNAseq/variant_specific_expression/188-2-5c-05-F11-6-3-21_239_338_S15_L003_gatk_unfiltered_expression.out, /scratch/eknodel/SCC_samples/Parent_cell_lines/RNAseq/variant_specific_expression/188-2-5c-05-F11-6-3-21_239_338_S15_L003_strelka_filtered_expression.out, /scratch/eknodel/SCC_samples/Parent_cell_lines/RNAseq/variant_specific_expression/188-2-5c-05-F11-6-3-21_239_338_S15_L003_strelka_unfiltered_expression.out
    jobid: 5
    wildcards: RNA=188-2-5c-05-F11-6-3-21_239_338_S15_L003

Submitted job 5 with external jobid 'Submitted batch job 19170715'.
[Mon Feb  6 22:48:05 2023]
Finished job 5.
12 of 15 steps (80%) done
[Mon Feb  6 22:54:36 2023]
Finished job 7.
13 of 15 steps (87%) done

[Mon Feb  6 22:54:36 2023]
rule format_output:
    input: /scratch/eknodel/SCC_samples/Parent_cell_lines/RNAseq/variant_specific_expression/188-2-5c-05-F11-6-6-21_227_350_S16_L003_gatk_filtered_expression.tsv, /scratch/eknodel/SCC_samples/Parent_cell_lines/RNAseq/variant_specific_expression/188-2-5c-05-F11-6-6-21_227_350_S16_L003_gatk_unfiltered_expression.tsv, /scratch/eknodel/SCC_samples/Parent_cell_lines/RNAseq/variant_specific_expression/188-2-5c-05-F11-6-6-21_227_350_S16_L003_strelka_filtered_expression.tsv, /scratch/eknodel/SCC_samples/Parent_cell_lines/RNAseq/variant_specific_expression/188-2-5c-05-F11-6-6-21_227_350_S16_L003_strelka_unfiltered_expression.tsv
    output: /scratch/eknodel/SCC_samples/Parent_cell_lines/RNAseq/variant_specific_expression/188-2-5c-05-F11-6-6-21_227_350_S16_L003_gatk_filtered_expression.out, /scratch/eknodel/SCC_samples/Parent_cell_lines/RNAseq/variant_specific_expression/188-2-5c-05-F11-6-6-21_227_350_S16_L003_gatk_unfiltered_expression.out, /scratch/eknodel/SCC_samples/Parent_cell_lines/RNAseq/variant_specific_expression/188-2-5c-05-F11-6-6-21_227_350_S16_L003_strelka_filtered_expression.out, /scratch/eknodel/SCC_samples/Parent_cell_lines/RNAseq/variant_specific_expression/188-2-5c-05-F11-6-6-21_227_350_S16_L003_strelka_unfiltered_expression.out
    jobid: 6
    wildcards: RNA=188-2-5c-05-F11-6-6-21_227_350_S16_L003

Submitted job 6 with external jobid 'Submitted batch job 19170725'.
[Mon Feb  6 22:58:06 2023]
Finished job 6.
14 of 15 steps (93%) done

[Mon Feb  6 22:58:06 2023]
localrule all:
    input: /scratch/eknodel/SCC_samples/Parent_cell_lines/RNAseq/variant_specific_expression/188-2-5c-05-F11-6-11-21_203_374_S18_L003_gatk_filtered_expression.tsv, /scratch/eknodel/SCC_samples/Parent_cell_lines/RNAseq/variant_specific_expression/188-2-5c-05-F11-6-15-21_286_291_S19_L003_gatk_filtered_expression.tsv, /scratch/eknodel/SCC_samples/Parent_cell_lines/RNAseq/variant_specific_expression/188-2-5c-05-F11-6-22-21_274_303_S20_L003_gatk_filtered_expression.tsv, /scratch/eknodel/SCC_samples/Parent_cell_lines/RNAseq/variant_specific_expression/188-2-5c-05-F11-6-3-21_239_338_S15_L003_gatk_filtered_expression.tsv, /scratch/eknodel/SCC_samples/Parent_cell_lines/RNAseq/variant_specific_expression/188-2-5c-05-F11-6-6-21_227_350_S16_L003_gatk_filtered_expression.tsv, /scratch/eknodel/SCC_samples/Parent_cell_lines/RNAseq/variant_specific_expression/188-2-5c-05-F11-6-9-21_215_362_S17_L003_gatk_filtered_expression.tsv, /scratch/eknodel/SCC_samples/Parent_cell_lines/RNAseq/variant_specific_expression/188-2-5c-05-F11-6-11-21_203_374_S18_L003_gatk_filtered_expression.out, /scratch/eknodel/SCC_samples/Parent_cell_lines/RNAseq/variant_specific_expression/188-2-5c-05-F11-6-15-21_286_291_S19_L003_gatk_filtered_expression.out, /scratch/eknodel/SCC_samples/Parent_cell_lines/RNAseq/variant_specific_expression/188-2-5c-05-F11-6-22-21_274_303_S20_L003_gatk_filtered_expression.out, /scratch/eknodel/SCC_samples/Parent_cell_lines/RNAseq/variant_specific_expression/188-2-5c-05-F11-6-3-21_239_338_S15_L003_gatk_filtered_expression.out, /scratch/eknodel/SCC_samples/Parent_cell_lines/RNAseq/variant_specific_expression/188-2-5c-05-F11-6-6-21_227_350_S16_L003_gatk_filtered_expression.out, /scratch/eknodel/SCC_samples/Parent_cell_lines/RNAseq/variant_specific_expression/188-2-5c-05-F11-6-9-21_215_362_S17_L003_gatk_filtered_expression.out
    jobid: 0

[Mon Feb  6 22:58:06 2023]
Finished job 0.
15 of 15 steps (100%) done
Complete log: /home/eknodel/SCC_samples/Parent_cell_lines/04_variant_specific_expression/.snakemake/log/2023-02-06T212247.794415.snakemake.log
