Building DAG of jobs...
Using shell: /usr/bin/bash
Provided cluster nodes: 15
Job counts:
	count	jobs
	1	all
	6	format_output
	6	gatk_asereadcounter
	1	index_vcf
	1	remove_duplicates
	15

[Mon Jun 19 11:35:26 2023]
rule remove_duplicates:
    input: /scratch/eknodel/SCC_samples/Parent_cell_lines/VEP/188_2_SC_05_F11_340_237_S3_L003_mnp_split_gatk_vep_filtered.vcf, /data/CEM/shared/public_data/references/ensemble_GRCm38.68/GRCm38_68.fa
    output: /scratch/eknodel/SCC_samples/Parent_cell_lines/VEP/188_2_SC_05_F11_340_237_S3_L003_mnp_split_gatk_vep_filtered_SNP.vcf
    jobid: 14

Submitted job 14 with external jobid 'Submitted batch job 21400215'.
[Mon Jun 19 11:35:36 2023]
Finished job 14.
1 of 15 steps (7%) done

[Mon Jun 19 11:35:36 2023]
rule index_vcf:
    input: /scratch/eknodel/SCC_samples/Parent_cell_lines/VEP/188_2_SC_05_F11_340_237_S3_L003_mnp_split_gatk_vep_filtered_SNP.vcf
    output: /scratch/eknodel/SCC_samples/Parent_cell_lines/VEP/188_2_SC_05_F11_340_237_S3_L003_mnp_split_gatk_vep_filtered_SNP.vcf.idx
    jobid: 13

Submitted job 13 with external jobid 'Submitted batch job 21400217'.
[Mon Jun 19 11:35:46 2023]
Finished job 13.
2 of 15 steps (13%) done

[Mon Jun 19 11:35:46 2023]
rule gatk_asereadcounter:
    input: /scratch/eknodel/SCC_samples/Parent_cell_lines/RNAseq/sorted_bam/188-2-5c-05-F11-6-15-21_286_291_S19_L003_RNA_HISAT2_genome_aligned_sortedbycoord_mkdup_RG.bam, /scratch/eknodel/SCC_samples/Parent_cell_lines/VEP/188_2_SC_05_F11_340_237_S3_L003_mnp_split_gatk_vep_filtered_SNP.vcf, /scratch/eknodel/SCC_samples/Parent_cell_lines/VEP/188_2_SC_05_F11_340_237_S3_L003_mnp_split_gatk_vep_filtered_SNP.vcf.idx
    output: /scratch/eknodel/SCC_samples/Parent_cell_lines/RNAseq/variant_specific_expression/188-2-5c-05-F11-6-15-21_286_291_S19_L003_mnp_split_gatk_filtered_expression.tsv
    jobid: 3
    wildcards: RNA=188-2-5c-05-F11-6-15-21_286_291_S19_L003

Submitted job 3 with external jobid 'Submitted batch job 21400220'.

[Mon Jun 19 11:35:47 2023]
rule gatk_asereadcounter:
    input: /scratch/eknodel/SCC_samples/Parent_cell_lines/RNAseq/sorted_bam/188-2-5c-05-F11-6-3-21_239_338_S15_L003_RNA_HISAT2_genome_aligned_sortedbycoord_mkdup_RG.bam, /scratch/eknodel/SCC_samples/Parent_cell_lines/VEP/188_2_SC_05_F11_340_237_S3_L003_mnp_split_gatk_vep_filtered_SNP.vcf, /scratch/eknodel/SCC_samples/Parent_cell_lines/VEP/188_2_SC_05_F11_340_237_S3_L003_mnp_split_gatk_vep_filtered_SNP.vcf.idx
    output: /scratch/eknodel/SCC_samples/Parent_cell_lines/RNAseq/variant_specific_expression/188-2-5c-05-F11-6-3-21_239_338_S15_L003_mnp_split_gatk_filtered_expression.tsv
    jobid: 9
    wildcards: RNA=188-2-5c-05-F11-6-3-21_239_338_S15_L003

Submitted job 9 with external jobid 'Submitted batch job 21400221'.

[Mon Jun 19 11:35:47 2023]
rule gatk_asereadcounter:
    input: /scratch/eknodel/SCC_samples/Parent_cell_lines/RNAseq/sorted_bam/188-2-5c-05-F11-6-6-21_227_350_S16_L003_RNA_HISAT2_genome_aligned_sortedbycoord_mkdup_RG.bam, /scratch/eknodel/SCC_samples/Parent_cell_lines/VEP/188_2_SC_05_F11_340_237_S3_L003_mnp_split_gatk_vep_filtered_SNP.vcf, /scratch/eknodel/SCC_samples/Parent_cell_lines/VEP/188_2_SC_05_F11_340_237_S3_L003_mnp_split_gatk_vep_filtered_SNP.vcf.idx
    output: /scratch/eknodel/SCC_samples/Parent_cell_lines/RNAseq/variant_specific_expression/188-2-5c-05-F11-6-6-21_227_350_S16_L003_mnp_split_gatk_filtered_expression.tsv
    jobid: 12
    wildcards: RNA=188-2-5c-05-F11-6-6-21_227_350_S16_L003

Submitted job 12 with external jobid 'Submitted batch job 21400222'.

[Mon Jun 19 11:35:47 2023]
rule gatk_asereadcounter:
    input: /scratch/eknodel/SCC_samples/Parent_cell_lines/RNAseq/sorted_bam/188-2-5c-05-F11-6-11-21_203_374_S18_L003_RNA_HISAT2_genome_aligned_sortedbycoord_mkdup_RG.bam, /scratch/eknodel/SCC_samples/Parent_cell_lines/VEP/188_2_SC_05_F11_340_237_S3_L003_mnp_split_gatk_vep_filtered_SNP.vcf, /scratch/eknodel/SCC_samples/Parent_cell_lines/VEP/188_2_SC_05_F11_340_237_S3_L003_mnp_split_gatk_vep_filtered_SNP.vcf.idx
    output: /scratch/eknodel/SCC_samples/Parent_cell_lines/RNAseq/variant_specific_expression/188-2-5c-05-F11-6-11-21_203_374_S18_L003_mnp_split_gatk_filtered_expression.tsv
    jobid: 6
    wildcards: RNA=188-2-5c-05-F11-6-11-21_203_374_S18_L003

Submitted job 6 with external jobid 'Submitted batch job 21400223'.

[Mon Jun 19 11:35:47 2023]
rule gatk_asereadcounter:
    input: /scratch/eknodel/SCC_samples/Parent_cell_lines/RNAseq/sorted_bam/188-2-5c-05-F11-6-22-21_274_303_S20_L003_RNA_HISAT2_genome_aligned_sortedbycoord_mkdup_RG.bam, /scratch/eknodel/SCC_samples/Parent_cell_lines/VEP/188_2_SC_05_F11_340_237_S3_L003_mnp_split_gatk_vep_filtered_SNP.vcf, /scratch/eknodel/SCC_samples/Parent_cell_lines/VEP/188_2_SC_05_F11_340_237_S3_L003_mnp_split_gatk_vep_filtered_SNP.vcf.idx
    output: /scratch/eknodel/SCC_samples/Parent_cell_lines/RNAseq/variant_specific_expression/188-2-5c-05-F11-6-22-21_274_303_S20_L003_mnp_split_gatk_filtered_expression.tsv
    jobid: 8
    wildcards: RNA=188-2-5c-05-F11-6-22-21_274_303_S20_L003

Submitted job 8 with external jobid 'Submitted batch job 21400224'.

[Mon Jun 19 11:35:47 2023]
rule gatk_asereadcounter:
    input: /scratch/eknodel/SCC_samples/Parent_cell_lines/RNAseq/sorted_bam/188-2-5c-05-F11-6-9-21_215_362_S17_L003_RNA_HISAT2_genome_aligned_sortedbycoord_mkdup_RG.bam, /scratch/eknodel/SCC_samples/Parent_cell_lines/VEP/188_2_SC_05_F11_340_237_S3_L003_mnp_split_gatk_vep_filtered_SNP.vcf, /scratch/eknodel/SCC_samples/Parent_cell_lines/VEP/188_2_SC_05_F11_340_237_S3_L003_mnp_split_gatk_vep_filtered_SNP.vcf.idx
    output: /scratch/eknodel/SCC_samples/Parent_cell_lines/RNAseq/variant_specific_expression/188-2-5c-05-F11-6-9-21_215_362_S17_L003_mnp_split_gatk_filtered_expression.tsv
    jobid: 2
    wildcards: RNA=188-2-5c-05-F11-6-9-21_215_362_S17_L003

Submitted job 2 with external jobid 'Submitted batch job 21400225'.
[Mon Jun 19 11:50:28 2023]
Finished job 6.
3 of 15 steps (20%) done

[Mon Jun 19 11:50:28 2023]
rule format_output:
    input: /scratch/eknodel/SCC_samples/Parent_cell_lines/RNAseq/variant_specific_expression/188-2-5c-05-F11-6-11-21_203_374_S18_L003_mnp_split_gatk_filtered_expression.tsv
    output: /scratch/eknodel/SCC_samples/Parent_cell_lines/RNAseq/variant_specific_expression/188-2-5c-05-F11-6-11-21_203_374_S18_L003_mnp_split_gatk_filtered_expression.out
    jobid: 5
    wildcards: RNA=188-2-5c-05-F11-6-11-21_203_374_S18_L003

Submitted job 5 with external jobid 'Submitted batch job 21400431'.
[Mon Jun 19 11:50:38 2023]
Finished job 5.
4 of 15 steps (27%) done
[Mon Jun 19 11:52:18 2023]
Finished job 3.
5 of 15 steps (33%) done

[Mon Jun 19 11:52:18 2023]
rule format_output:
    input: /scratch/eknodel/SCC_samples/Parent_cell_lines/RNAseq/variant_specific_expression/188-2-5c-05-F11-6-15-21_286_291_S19_L003_mnp_split_gatk_filtered_expression.tsv
    output: /scratch/eknodel/SCC_samples/Parent_cell_lines/RNAseq/variant_specific_expression/188-2-5c-05-F11-6-15-21_286_291_S19_L003_mnp_split_gatk_filtered_expression.out
    jobid: 11
    wildcards: RNA=188-2-5c-05-F11-6-15-21_286_291_S19_L003

[Mon Jun 19 11:52:18 2023]
Finished job 8.
6 of 15 steps (40%) done
Submitted job 11 with external jobid 'Submitted batch job 21400459'.

[Mon Jun 19 11:52:18 2023]
rule format_output:
    input: /scratch/eknodel/SCC_samples/Parent_cell_lines/RNAseq/variant_specific_expression/188-2-5c-05-F11-6-22-21_274_303_S20_L003_mnp_split_gatk_filtered_expression.tsv
    output: /scratch/eknodel/SCC_samples/Parent_cell_lines/RNAseq/variant_specific_expression/188-2-5c-05-F11-6-22-21_274_303_S20_L003_mnp_split_gatk_filtered_expression.out
    jobid: 7
    wildcards: RNA=188-2-5c-05-F11-6-22-21_274_303_S20_L003

Submitted job 7 with external jobid 'Submitted batch job 21400460'.
[Mon Jun 19 11:52:28 2023]
Finished job 11.
7 of 15 steps (47%) done
[Mon Jun 19 11:52:28 2023]
Finished job 7.
8 of 15 steps (53%) done
[Mon Jun 19 11:52:58 2023]
Finished job 12.
9 of 15 steps (60%) done

[Mon Jun 19 11:52:58 2023]
rule format_output:
    input: /scratch/eknodel/SCC_samples/Parent_cell_lines/RNAseq/variant_specific_expression/188-2-5c-05-F11-6-6-21_227_350_S16_L003_mnp_split_gatk_filtered_expression.tsv
    output: /scratch/eknodel/SCC_samples/Parent_cell_lines/RNAseq/variant_specific_expression/188-2-5c-05-F11-6-6-21_227_350_S16_L003_mnp_split_gatk_filtered_expression.out
    jobid: 10
    wildcards: RNA=188-2-5c-05-F11-6-6-21_227_350_S16_L003

Submitted job 10 with external jobid 'Submitted batch job 21400471'.
[Mon Jun 19 11:53:08 2023]
Finished job 10.
10 of 15 steps (67%) done
[Mon Jun 19 11:55:58 2023]
Finished job 9.
11 of 15 steps (73%) done

[Mon Jun 19 11:55:58 2023]
rule format_output:
    input: /scratch/eknodel/SCC_samples/Parent_cell_lines/RNAseq/variant_specific_expression/188-2-5c-05-F11-6-3-21_239_338_S15_L003_mnp_split_gatk_filtered_expression.tsv
    output: /scratch/eknodel/SCC_samples/Parent_cell_lines/RNAseq/variant_specific_expression/188-2-5c-05-F11-6-3-21_239_338_S15_L003_mnp_split_gatk_filtered_expression.out
    jobid: 1
    wildcards: RNA=188-2-5c-05-F11-6-3-21_239_338_S15_L003

[Mon Jun 19 11:55:58 2023]
Finished job 2.
12 of 15 steps (80%) done
Submitted job 1 with external jobid 'Submitted batch job 21400516'.

[Mon Jun 19 11:55:58 2023]
rule format_output:
    input: /scratch/eknodel/SCC_samples/Parent_cell_lines/RNAseq/variant_specific_expression/188-2-5c-05-F11-6-9-21_215_362_S17_L003_mnp_split_gatk_filtered_expression.tsv
    output: /scratch/eknodel/SCC_samples/Parent_cell_lines/RNAseq/variant_specific_expression/188-2-5c-05-F11-6-9-21_215_362_S17_L003_mnp_split_gatk_filtered_expression.out
    jobid: 4
    wildcards: RNA=188-2-5c-05-F11-6-9-21_215_362_S17_L003

Submitted job 4 with external jobid 'Submitted batch job 21400518'.
[Mon Jun 19 11:56:09 2023]
Finished job 1.
13 of 15 steps (87%) done
[Mon Jun 19 11:56:09 2023]
Finished job 4.
14 of 15 steps (93%) done

[Mon Jun 19 11:56:09 2023]
localrule all:
    input: /scratch/eknodel/SCC_samples/Parent_cell_lines/RNAseq/variant_specific_expression/188-2-5c-05-F11-6-11-21_203_374_S18_L003_mnp_split_gatk_filtered_expression.tsv, /scratch/eknodel/SCC_samples/Parent_cell_lines/RNAseq/variant_specific_expression/188-2-5c-05-F11-6-15-21_286_291_S19_L003_mnp_split_gatk_filtered_expression.tsv, /scratch/eknodel/SCC_samples/Parent_cell_lines/RNAseq/variant_specific_expression/188-2-5c-05-F11-6-22-21_274_303_S20_L003_mnp_split_gatk_filtered_expression.tsv, /scratch/eknodel/SCC_samples/Parent_cell_lines/RNAseq/variant_specific_expression/188-2-5c-05-F11-6-3-21_239_338_S15_L003_mnp_split_gatk_filtered_expression.tsv, /scratch/eknodel/SCC_samples/Parent_cell_lines/RNAseq/variant_specific_expression/188-2-5c-05-F11-6-6-21_227_350_S16_L003_mnp_split_gatk_filtered_expression.tsv, /scratch/eknodel/SCC_samples/Parent_cell_lines/RNAseq/variant_specific_expression/188-2-5c-05-F11-6-9-21_215_362_S17_L003_mnp_split_gatk_filtered_expression.tsv, /scratch/eknodel/SCC_samples/Parent_cell_lines/RNAseq/variant_specific_expression/188-2-5c-05-F11-6-11-21_203_374_S18_L003_mnp_split_gatk_filtered_expression.out, /scratch/eknodel/SCC_samples/Parent_cell_lines/RNAseq/variant_specific_expression/188-2-5c-05-F11-6-15-21_286_291_S19_L003_mnp_split_gatk_filtered_expression.out, /scratch/eknodel/SCC_samples/Parent_cell_lines/RNAseq/variant_specific_expression/188-2-5c-05-F11-6-22-21_274_303_S20_L003_mnp_split_gatk_filtered_expression.out, /scratch/eknodel/SCC_samples/Parent_cell_lines/RNAseq/variant_specific_expression/188-2-5c-05-F11-6-3-21_239_338_S15_L003_mnp_split_gatk_filtered_expression.out, /scratch/eknodel/SCC_samples/Parent_cell_lines/RNAseq/variant_specific_expression/188-2-5c-05-F11-6-6-21_227_350_S16_L003_mnp_split_gatk_filtered_expression.out, /scratch/eknodel/SCC_samples/Parent_cell_lines/RNAseq/variant_specific_expression/188-2-5c-05-F11-6-9-21_215_362_S17_L003_mnp_split_gatk_filtered_expression.out
    jobid: 0

[Mon Jun 19 11:56:09 2023]
Finished job 0.
15 of 15 steps (100%) done
Complete log: /home/eknodel/SCC_samples/Parent_cell_lines/04_variant_specific_expression/.snakemake/log/2023-06-19T113525.912247.snakemake.log
