Building DAG of jobs...
Using shell: /usr/bin/bash
Provided cluster nodes: 15
Job counts:
	count	jobs
	1	all
	6	format_output
	6	gatk_asereadcounter
	1	index_vcf
	1	remove_duplicates
	15

[Mon Jun 19 11:03:57 2023]
rule remove_duplicates:
    input: /scratch/eknodel/SCC_samples/Parent_cell_lines/VEP/185_1_SC_09_G9_304_273_S6_L003_mnp_split_gatk_vep_filtered.vcf, /data/CEM/shared/public_data/references/ensemble_GRCm38.68/GRCm38_68.fa
    output: /scratch/eknodel/SCC_samples/Parent_cell_lines/VEP/185_1_SC_09_G9_304_273_S6_L003_mnp_split_gatk_vep_filtered_SNP.vcf
    jobid: 14

Submitted job 14 with external jobid 'Submitted batch job 21399820'.
[Mon Jun 19 11:04:27 2023]
Finished job 14.
1 of 15 steps (7%) done

[Mon Jun 19 11:04:27 2023]
rule index_vcf:
    input: /scratch/eknodel/SCC_samples/Parent_cell_lines/VEP/185_1_SC_09_G9_304_273_S6_L003_mnp_split_gatk_vep_filtered_SNP.vcf
    output: /scratch/eknodel/SCC_samples/Parent_cell_lines/VEP/185_1_SC_09_G9_304_273_S6_L003_mnp_split_gatk_vep_filtered_SNP.vcf.idx
    jobid: 13

Submitted job 13 with external jobid 'Submitted batch job 21399825'.
[Mon Jun 19 11:04:37 2023]
Finished job 13.
2 of 15 steps (13%) done

[Mon Jun 19 11:04:37 2023]
rule gatk_asereadcounter:
    input: /scratch/eknodel/SCC_samples/Parent_cell_lines/RNAseq/sorted_bam/185-15c-09-G9-6-6-21_276_301_S4_L003_RNA_HISAT2_genome_aligned_sortedbycoord_mkdup_RG.bam, /scratch/eknodel/SCC_samples/Parent_cell_lines/VEP/185_1_SC_09_G9_304_273_S6_L003_mnp_split_gatk_vep_filtered_SNP.vcf, /scratch/eknodel/SCC_samples/Parent_cell_lines/VEP/185_1_SC_09_G9_304_273_S6_L003_mnp_split_gatk_vep_filtered_SNP.vcf.idx
    output: /scratch/eknodel/SCC_samples/Parent_cell_lines/RNAseq/variant_specific_expression/185-15c-09-G9-6-6-21_276_301_S4_L003_mnp_split_gatk_filtered_expression.tsv
    jobid: 7
    wildcards: RNA=185-15c-09-G9-6-6-21_276_301_S4_L003

Submitted job 7 with external jobid 'Submitted batch job 21399828'.

[Mon Jun 19 11:04:37 2023]
rule gatk_asereadcounter:
    input: /scratch/eknodel/SCC_samples/Parent_cell_lines/RNAseq/sorted_bam/185-15c-09-G9-6-22-21_228_349_S8_L003_RNA_HISAT2_genome_aligned_sortedbycoord_mkdup_RG.bam, /scratch/eknodel/SCC_samples/Parent_cell_lines/VEP/185_1_SC_09_G9_304_273_S6_L003_mnp_split_gatk_vep_filtered_SNP.vcf, /scratch/eknodel/SCC_samples/Parent_cell_lines/VEP/185_1_SC_09_G9_304_273_S6_L003_mnp_split_gatk_vep_filtered_SNP.vcf.idx
    output: /scratch/eknodel/SCC_samples/Parent_cell_lines/RNAseq/variant_specific_expression/185-15c-09-G9-6-22-21_228_349_S8_L003_mnp_split_gatk_filtered_expression.tsv
    jobid: 2
    wildcards: RNA=185-15c-09-G9-6-22-21_228_349_S8_L003

Submitted job 2 with external jobid 'Submitted batch job 21399830'.

[Mon Jun 19 11:04:38 2023]
rule gatk_asereadcounter:
    input: /scratch/eknodel/SCC_samples/Parent_cell_lines/RNAseq/sorted_bam/185-15c-09-G9-6-11-21_252_325_S6_L003_RNA_HISAT2_genome_aligned_sortedbycoord_mkdup_RG.bam, /scratch/eknodel/SCC_samples/Parent_cell_lines/VEP/185_1_SC_09_G9_304_273_S6_L003_mnp_split_gatk_vep_filtered_SNP.vcf, /scratch/eknodel/SCC_samples/Parent_cell_lines/VEP/185_1_SC_09_G9_304_273_S6_L003_mnp_split_gatk_vep_filtered_SNP.vcf.idx
    output: /scratch/eknodel/SCC_samples/Parent_cell_lines/RNAseq/variant_specific_expression/185-15c-09-G9-6-11-21_252_325_S6_L003_mnp_split_gatk_filtered_expression.tsv
    jobid: 8
    wildcards: RNA=185-15c-09-G9-6-11-21_252_325_S6_L003

Submitted job 8 with external jobid 'Submitted batch job 21399831'.

[Mon Jun 19 11:04:39 2023]
rule gatk_asereadcounter:
    input: /scratch/eknodel/SCC_samples/Parent_cell_lines/RNAseq/sorted_bam/185-15c-09-G9-6-15-21_240_337_S7_L003_RNA_HISAT2_genome_aligned_sortedbycoord_mkdup_RG.bam, /scratch/eknodel/SCC_samples/Parent_cell_lines/VEP/185_1_SC_09_G9_304_273_S6_L003_mnp_split_gatk_vep_filtered_SNP.vcf, /scratch/eknodel/SCC_samples/Parent_cell_lines/VEP/185_1_SC_09_G9_304_273_S6_L003_mnp_split_gatk_vep_filtered_SNP.vcf.idx
    output: /scratch/eknodel/SCC_samples/Parent_cell_lines/RNAseq/variant_specific_expression/185-15c-09-G9-6-15-21_240_337_S7_L003_mnp_split_gatk_filtered_expression.tsv
    jobid: 1
    wildcards: RNA=185-15c-09-G9-6-15-21_240_337_S7_L003

Submitted job 1 with external jobid 'Submitted batch job 21399832'.

[Mon Jun 19 11:04:39 2023]
rule gatk_asereadcounter:
    input: /scratch/eknodel/SCC_samples/Parent_cell_lines/RNAseq/sorted_bam/185-15c-09-G9-6-3-21_288_289_S3_L003_RNA_HISAT2_genome_aligned_sortedbycoord_mkdup_RG.bam, /scratch/eknodel/SCC_samples/Parent_cell_lines/VEP/185_1_SC_09_G9_304_273_S6_L003_mnp_split_gatk_vep_filtered_SNP.vcf, /scratch/eknodel/SCC_samples/Parent_cell_lines/VEP/185_1_SC_09_G9_304_273_S6_L003_mnp_split_gatk_vep_filtered_SNP.vcf.idx
    output: /scratch/eknodel/SCC_samples/Parent_cell_lines/RNAseq/variant_specific_expression/185-15c-09-G9-6-3-21_288_289_S3_L003_mnp_split_gatk_filtered_expression.tsv
    jobid: 12
    wildcards: RNA=185-15c-09-G9-6-3-21_288_289_S3_L003

Submitted job 12 with external jobid 'Submitted batch job 21399833'.

[Mon Jun 19 11:04:39 2023]
rule gatk_asereadcounter:
    input: /scratch/eknodel/SCC_samples/Parent_cell_lines/RNAseq/sorted_bam/185-15c-09-G9-6-9-21_264_313_S5_L003_RNA_HISAT2_genome_aligned_sortedbycoord_mkdup_RG.bam, /scratch/eknodel/SCC_samples/Parent_cell_lines/VEP/185_1_SC_09_G9_304_273_S6_L003_mnp_split_gatk_vep_filtered_SNP.vcf, /scratch/eknodel/SCC_samples/Parent_cell_lines/VEP/185_1_SC_09_G9_304_273_S6_L003_mnp_split_gatk_vep_filtered_SNP.vcf.idx
    output: /scratch/eknodel/SCC_samples/Parent_cell_lines/RNAseq/variant_specific_expression/185-15c-09-G9-6-9-21_264_313_S5_L003_mnp_split_gatk_filtered_expression.tsv
    jobid: 5
    wildcards: RNA=185-15c-09-G9-6-9-21_264_313_S5_L003

Submitted job 5 with external jobid 'Submitted batch job 21399834'.
[Mon Jun 19 11:21:38 2023]
Finished job 8.
3 of 15 steps (20%) done

[Mon Jun 19 11:21:38 2023]
rule format_output:
    input: /scratch/eknodel/SCC_samples/Parent_cell_lines/RNAseq/variant_specific_expression/185-15c-09-G9-6-11-21_252_325_S6_L003_mnp_split_gatk_filtered_expression.tsv
    output: /scratch/eknodel/SCC_samples/Parent_cell_lines/RNAseq/variant_specific_expression/185-15c-09-G9-6-11-21_252_325_S6_L003_mnp_split_gatk_filtered_expression.out
    jobid: 9
    wildcards: RNA=185-15c-09-G9-6-11-21_252_325_S6_L003

[Mon Jun 19 11:21:38 2023]
Finished job 12.
4 of 15 steps (27%) done
Submitted job 9 with external jobid 'Submitted batch job 21400030'.

[Mon Jun 19 11:21:39 2023]
rule format_output:
    input: /scratch/eknodel/SCC_samples/Parent_cell_lines/RNAseq/variant_specific_expression/185-15c-09-G9-6-3-21_288_289_S3_L003_mnp_split_gatk_filtered_expression.tsv
    output: /scratch/eknodel/SCC_samples/Parent_cell_lines/RNAseq/variant_specific_expression/185-15c-09-G9-6-3-21_288_289_S3_L003_mnp_split_gatk_filtered_expression.out
    jobid: 3
    wildcards: RNA=185-15c-09-G9-6-3-21_288_289_S3_L003

Submitted job 3 with external jobid 'Submitted batch job 21400031'.
[Mon Jun 19 11:21:48 2023]
Finished job 9.
5 of 15 steps (33%) done
[Mon Jun 19 11:21:48 2023]
Finished job 3.
6 of 15 steps (40%) done
[Mon Jun 19 11:22:39 2023]
Finished job 7.
7 of 15 steps (47%) done

[Mon Jun 19 11:22:39 2023]
rule format_output:
    input: /scratch/eknodel/SCC_samples/Parent_cell_lines/RNAseq/variant_specific_expression/185-15c-09-G9-6-6-21_276_301_S4_L003_mnp_split_gatk_filtered_expression.tsv
    output: /scratch/eknodel/SCC_samples/Parent_cell_lines/RNAseq/variant_specific_expression/185-15c-09-G9-6-6-21_276_301_S4_L003_mnp_split_gatk_filtered_expression.out
    jobid: 10
    wildcards: RNA=185-15c-09-G9-6-6-21_276_301_S4_L003

Submitted job 10 with external jobid 'Submitted batch job 21400044'.
[Mon Jun 19 11:22:49 2023]
Finished job 10.
8 of 15 steps (53%) done
[Mon Jun 19 11:23:39 2023]
Finished job 5.
9 of 15 steps (60%) done

[Mon Jun 19 11:23:39 2023]
rule format_output:
    input: /scratch/eknodel/SCC_samples/Parent_cell_lines/RNAseq/variant_specific_expression/185-15c-09-G9-6-9-21_264_313_S5_L003_mnp_split_gatk_filtered_expression.tsv
    output: /scratch/eknodel/SCC_samples/Parent_cell_lines/RNAseq/variant_specific_expression/185-15c-09-G9-6-9-21_264_313_S5_L003_mnp_split_gatk_filtered_expression.out
    jobid: 4
    wildcards: RNA=185-15c-09-G9-6-9-21_264_313_S5_L003

Submitted job 4 with external jobid 'Submitted batch job 21400061'.
[Mon Jun 19 11:23:49 2023]
Finished job 4.
10 of 15 steps (67%) done
[Mon Jun 19 11:24:39 2023]
Finished job 2.
11 of 15 steps (73%) done

[Mon Jun 19 11:24:39 2023]
rule format_output:
    input: /scratch/eknodel/SCC_samples/Parent_cell_lines/RNAseq/variant_specific_expression/185-15c-09-G9-6-22-21_228_349_S8_L003_mnp_split_gatk_filtered_expression.tsv
    output: /scratch/eknodel/SCC_samples/Parent_cell_lines/RNAseq/variant_specific_expression/185-15c-09-G9-6-22-21_228_349_S8_L003_mnp_split_gatk_filtered_expression.out
    jobid: 11
    wildcards: RNA=185-15c-09-G9-6-22-21_228_349_S8_L003

Submitted job 11 with external jobid 'Submitted batch job 21400076'.
[Mon Jun 19 11:24:50 2023]
Finished job 11.
12 of 15 steps (80%) done
[Mon Jun 19 11:25:40 2023]
Finished job 1.
13 of 15 steps (87%) done

[Mon Jun 19 11:25:40 2023]
rule format_output:
    input: /scratch/eknodel/SCC_samples/Parent_cell_lines/RNAseq/variant_specific_expression/185-15c-09-G9-6-15-21_240_337_S7_L003_mnp_split_gatk_filtered_expression.tsv
    output: /scratch/eknodel/SCC_samples/Parent_cell_lines/RNAseq/variant_specific_expression/185-15c-09-G9-6-15-21_240_337_S7_L003_mnp_split_gatk_filtered_expression.out
    jobid: 6
    wildcards: RNA=185-15c-09-G9-6-15-21_240_337_S7_L003

Submitted job 6 with external jobid 'Submitted batch job 21400090'.
[Mon Jun 19 11:25:50 2023]
Finished job 6.
14 of 15 steps (93%) done

[Mon Jun 19 11:25:50 2023]
localrule all:
    input: /scratch/eknodel/SCC_samples/Parent_cell_lines/RNAseq/variant_specific_expression/185-15c-09-G9-6-11-21_252_325_S6_L003_mnp_split_gatk_filtered_expression.tsv, /scratch/eknodel/SCC_samples/Parent_cell_lines/RNAseq/variant_specific_expression/185-15c-09-G9-6-15-21_240_337_S7_L003_mnp_split_gatk_filtered_expression.tsv, /scratch/eknodel/SCC_samples/Parent_cell_lines/RNAseq/variant_specific_expression/185-15c-09-G9-6-22-21_228_349_S8_L003_mnp_split_gatk_filtered_expression.tsv, /scratch/eknodel/SCC_samples/Parent_cell_lines/RNAseq/variant_specific_expression/185-15c-09-G9-6-3-21_288_289_S3_L003_mnp_split_gatk_filtered_expression.tsv, /scratch/eknodel/SCC_samples/Parent_cell_lines/RNAseq/variant_specific_expression/185-15c-09-G9-6-6-21_276_301_S4_L003_mnp_split_gatk_filtered_expression.tsv, /scratch/eknodel/SCC_samples/Parent_cell_lines/RNAseq/variant_specific_expression/185-15c-09-G9-6-9-21_264_313_S5_L003_mnp_split_gatk_filtered_expression.tsv, /scratch/eknodel/SCC_samples/Parent_cell_lines/RNAseq/variant_specific_expression/185-15c-09-G9-6-11-21_252_325_S6_L003_mnp_split_gatk_filtered_expression.out, /scratch/eknodel/SCC_samples/Parent_cell_lines/RNAseq/variant_specific_expression/185-15c-09-G9-6-15-21_240_337_S7_L003_mnp_split_gatk_filtered_expression.out, /scratch/eknodel/SCC_samples/Parent_cell_lines/RNAseq/variant_specific_expression/185-15c-09-G9-6-22-21_228_349_S8_L003_mnp_split_gatk_filtered_expression.out, /scratch/eknodel/SCC_samples/Parent_cell_lines/RNAseq/variant_specific_expression/185-15c-09-G9-6-3-21_288_289_S3_L003_mnp_split_gatk_filtered_expression.out, /scratch/eknodel/SCC_samples/Parent_cell_lines/RNAseq/variant_specific_expression/185-15c-09-G9-6-6-21_276_301_S4_L003_mnp_split_gatk_filtered_expression.out, /scratch/eknodel/SCC_samples/Parent_cell_lines/RNAseq/variant_specific_expression/185-15c-09-G9-6-9-21_264_313_S5_L003_mnp_split_gatk_filtered_expression.out
    jobid: 0

[Mon Jun 19 11:25:50 2023]
Finished job 0.
15 of 15 steps (100%) done
Complete log: /home/eknodel/SCC_samples/Parent_cell_lines/04_variant_specific_expression/.snakemake/log/2023-06-19T110356.657298.snakemake.log
