Building DAG of jobs...
Using shell: /usr/bin/bash
Provided cluster nodes: 30
Job stats:
job                    count    min threads    max threads
-------------------  -------  -------------  -------------
all                        1              1              1
salmon_quant_paired        1              1              1
total                      2              1              1

Select jobs to execute...

[Mon Feb  6 15:20:44 2023]
Job 1: Quantifying 483_sc_01_B6-1_366_211_S58_L003 transcripts with Salmon.

Submitted job 1 with external jobid 'Submitted batch job 19167070'.
[Mon Feb  6 15:24:24 2023]
Finished job 1.
1 of 2 steps (50%) done
Select jobs to execute...

[Mon Feb  6 15:24:24 2023]
localrule all:
    input: /scratch/eknodel/SCC_samples/Progeny/RNAseq/salmon_ensembl/483_sc_01_B6-1_366_211_S58_L003_ensembl_salmon_quant, /scratch/eknodel/SCC_samples/Progeny/RNAseq/salmon_ensembl/483_sc_01_B6-1_366_211_S58_L003_ensembl_salmon_quant
    jobid: 0
    resources: mem_mb=1000, disk_mb=1000, tmpdir=/tmp

[Mon Feb  6 15:24:24 2023]
Finished job 0.
2 of 2 steps (100%) done
Complete log: .snakemake/log/2023-02-06T152043.023781.snakemake.log
