Building DAG of jobs...
Using shell: /usr/bin/bash
Provided cluster nodes: 190
Job counts:
	count	jobs
	1	all
	3	run
	3	select_pass_variants
	7

[Tue Apr 26 16:08:56 2022]
rule run:
    input: /scratch/eknodel/SCC_samples/processed_bams/gDNA_normal_tissue_377_200_S55_L004.GRCm38_68.sorted.bam, /scratch/eknodel/SCC_samples/processed_bams/gDNA_244_25_2E1_chu_329_248_S59_L004.GRCm38_68.sorted.bam, /data/CEM/shared/public_data/references/ensemble_GRCm38.68/GRCm38_68.fa
    output: /scratch/eknodel/SCC_samples/strelka/gDNA_244_25_2E1_chu_329_248_S59_L004/results/variants/somatic.snvs.vcf.gz, /scratch/eknodel/SCC_samples/strelka/gDNA_244_25_2E1_chu_329_248_S59_L004/results/variants/somatic.indels.vcf.gz
    jobid: 2
    wildcards: subject=gDNA_244_25_2E1_chu_329_248_S59_L004

Submitted job 2 with external jobid 'Submitted batch job 15204710'.

[Tue Apr 26 16:08:56 2022]
rule run:
    input: /scratch/eknodel/SCC_samples/processed_bams/gDNA_normal_tissue_377_200_S55_L004.GRCm38_68.sorted.bam, /scratch/eknodel/SCC_samples/processed_bams/gDNA_185_25_2E1_5C_365_212_S56_L004.GRCm38_68.sorted.bam, /data/CEM/shared/public_data/references/ensemble_GRCm38.68/GRCm38_68.fa
    output: /scratch/eknodel/SCC_samples/strelka/gDNA_185_25_2E1_5C_365_212_S56_L004/results/variants/somatic.snvs.vcf.gz, /scratch/eknodel/SCC_samples/strelka/gDNA_185_25_2E1_5C_365_212_S56_L004/results/variants/somatic.indels.vcf.gz
    jobid: 5
    wildcards: subject=gDNA_185_25_2E1_5C_365_212_S56_L004

Submitted job 5 with external jobid 'Submitted batch job 15204711'.

[Tue Apr 26 16:08:56 2022]
rule run:
    input: /scratch/eknodel/SCC_samples/processed_bams/gDNA_normal_tissue_377_200_S55_L004.GRCm38_68.sorted.bam, /scratch/eknodel/SCC_samples/processed_bams/gDNA_188_25_2E2_5C_157_036_S57_L004.GRCm38_68.sorted.bam, /data/CEM/shared/public_data/references/ensemble_GRCm38.68/GRCm38_68.fa
    output: /scratch/eknodel/SCC_samples/strelka/gDNA_188_25_2E2_5C_157_036_S57_L004/results/variants/somatic.snvs.vcf.gz, /scratch/eknodel/SCC_samples/strelka/gDNA_188_25_2E2_5C_157_036_S57_L004/results/variants/somatic.indels.vcf.gz
    jobid: 1
    wildcards: subject=gDNA_188_25_2E2_5C_157_036_S57_L004

Submitted job 1 with external jobid 'Submitted batch job 15204712'.
[Tue Apr 26 16:49:59 2022]
Finished job 5.
1 of 7 steps (14%) done

[Tue Apr 26 16:49:59 2022]
rule select_pass_variants:
    input: /data/CEM/shared/public_data/references/ensemble_GRCm38.68/GRCm38_68.fa, /scratch/eknodel/SCC_samples/strelka/gDNA_185_25_2E1_5C_365_212_S56_L004/results/variants/somatic.snvs.vcf.gz, /scratch/eknodel/SCC_samples/strelka/gDNA_185_25_2E1_5C_365_212_S56_L004/results/variants/somatic.indels.vcf.gz
    output: /scratch/eknodel/SCC_samples/strelka/gDNA_185_25_2E1_5C_365_212_S56_L004/results/variants/somatic.snvs.pass.vcf.gz, /scratch/eknodel/SCC_samples/strelka/gDNA_185_25_2E1_5C_365_212_S56_L004/results/variants/somatic.indels.pass.vcf.gz
    jobid: 6
    wildcards: subject=gDNA_185_25_2E1_5C_365_212_S56_L004

[Tue Apr 26 16:50:00 2022]
Finished job 1.
2 of 7 steps (29%) done
Submitted job 6 with external jobid 'Submitted batch job 15205053'.

[Tue Apr 26 16:50:01 2022]
rule select_pass_variants:
    input: /data/CEM/shared/public_data/references/ensemble_GRCm38.68/GRCm38_68.fa, /scratch/eknodel/SCC_samples/strelka/gDNA_188_25_2E2_5C_157_036_S57_L004/results/variants/somatic.snvs.vcf.gz, /scratch/eknodel/SCC_samples/strelka/gDNA_188_25_2E2_5C_157_036_S57_L004/results/variants/somatic.indels.vcf.gz
    output: /scratch/eknodel/SCC_samples/strelka/gDNA_188_25_2E2_5C_157_036_S57_L004/results/variants/somatic.snvs.pass.vcf.gz, /scratch/eknodel/SCC_samples/strelka/gDNA_188_25_2E2_5C_157_036_S57_L004/results/variants/somatic.indels.pass.vcf.gz
    jobid: 7
    wildcards: subject=gDNA_188_25_2E2_5C_157_036_S57_L004

Submitted job 7 with external jobid 'Submitted batch job 15205054'.
[Tue Apr 26 16:50:30 2022]
Finished job 6.
3 of 7 steps (43%) done
[Tue Apr 26 16:50:30 2022]
Finished job 7.
4 of 7 steps (57%) done
[Tue Apr 26 16:52:00 2022]
Finished job 2.
5 of 7 steps (71%) done

[Tue Apr 26 16:52:00 2022]
rule select_pass_variants:
    input: /data/CEM/shared/public_data/references/ensemble_GRCm38.68/GRCm38_68.fa, /scratch/eknodel/SCC_samples/strelka/gDNA_244_25_2E1_chu_329_248_S59_L004/results/variants/somatic.snvs.vcf.gz, /scratch/eknodel/SCC_samples/strelka/gDNA_244_25_2E1_chu_329_248_S59_L004/results/variants/somatic.indels.vcf.gz
    output: /scratch/eknodel/SCC_samples/strelka/gDNA_244_25_2E1_chu_329_248_S59_L004/results/variants/somatic.snvs.pass.vcf.gz, /scratch/eknodel/SCC_samples/strelka/gDNA_244_25_2E1_chu_329_248_S59_L004/results/variants/somatic.indels.pass.vcf.gz
    jobid: 4
    wildcards: subject=gDNA_244_25_2E1_chu_329_248_S59_L004

Submitted job 4 with external jobid 'Submitted batch job 15205056'.
[Tue Apr 26 16:52:34 2022]
Finished job 4.
6 of 7 steps (86%) done

[Tue Apr 26 16:52:34 2022]
localrule all:
    input: /scratch/eknodel/SCC_samples/strelka/gDNA_185_25_2E1_5C_365_212_S56_L004/runWorkflow.py, /scratch/eknodel/SCC_samples/strelka/gDNA_188_25_2E2_5C_157_036_S57_L004/runWorkflow.py, /scratch/eknodel/SCC_samples/strelka/gDNA_244_25_2E1_chu_329_248_S59_L004/runWorkflow.py, /scratch/eknodel/SCC_samples/strelka/gDNA_185_25_2E1_5C_365_212_S56_L004/results/variants/somatic.snvs.vcf.gz, /scratch/eknodel/SCC_samples/strelka/gDNA_188_25_2E2_5C_157_036_S57_L004/results/variants/somatic.snvs.vcf.gz, /scratch/eknodel/SCC_samples/strelka/gDNA_244_25_2E1_chu_329_248_S59_L004/results/variants/somatic.snvs.vcf.gz, /scratch/eknodel/SCC_samples/strelka/gDNA_185_25_2E1_5C_365_212_S56_L004/results/variants/somatic.indels.vcf.gz, /scratch/eknodel/SCC_samples/strelka/gDNA_188_25_2E2_5C_157_036_S57_L004/results/variants/somatic.indels.vcf.gz, /scratch/eknodel/SCC_samples/strelka/gDNA_244_25_2E1_chu_329_248_S59_L004/results/variants/somatic.indels.vcf.gz, /scratch/eknodel/SCC_samples/strelka/gDNA_185_25_2E1_5C_365_212_S56_L004/results/variants/somatic.snvs.pass.vcf.gz, /scratch/eknodel/SCC_samples/strelka/gDNA_188_25_2E2_5C_157_036_S57_L004/results/variants/somatic.snvs.pass.vcf.gz, /scratch/eknodel/SCC_samples/strelka/gDNA_244_25_2E1_chu_329_248_S59_L004/results/variants/somatic.snvs.pass.vcf.gz, /scratch/eknodel/SCC_samples/strelka/gDNA_185_25_2E1_5C_365_212_S56_L004/results/variants/somatic.indels.pass.vcf.gz, /scratch/eknodel/SCC_samples/strelka/gDNA_188_25_2E2_5C_157_036_S57_L004/results/variants/somatic.indels.pass.vcf.gz, /scratch/eknodel/SCC_samples/strelka/gDNA_244_25_2E1_chu_329_248_S59_L004/results/variants/somatic.indels.pass.vcf.gz
    jobid: 0

[Tue Apr 26 16:52:34 2022]
Finished job 0.
7 of 7 steps (100%) done
Complete log: /home/eknodel/SCC_samples/Parent_tumors/.snakemake/log/2022-04-26T160855.873635.snakemake.log
