Building DAG of jobs...
Using shell: /usr/bin/bash
Provided cluster nodes: 190
Job counts:
	count	jobs
	1	all
	3	config
	3	run
	3	select_pass_variants
	10

[Tue Apr 26 16:00:34 2022]
rule run:
    input: /scratch/eknodel/SCC_samples/processed_bams/gDNA_normal_tissue_377_200_S55_L004.GRCm38_68.sorted.bam, /scratch/eknodel/SCC_samples/processed_bams/gDNA_188_25_2E2_5C_157_036_S57_L004.GRCm38_68.sorted.bam, /data/CEM/shared/public_data/references/ensemble_GRCm38.68/GRCm38_68.fa
    output: /scratch/eknodel/SCC_samples/strelka/gDNA_188_25_2E2_5C_157_036_S57_L004/results/variants/somatic.snvs.vcf.gz, /scratch/eknodel/SCC_samples/strelka/gDNA_188_25_2E2_5C_157_036_S57_L004/results/variants/somatic.indels.vcf.gz
    jobid: 2
    wildcards: subject=gDNA_188_25_2E2_5C_157_036_S57_L004

Submitted job 2 with external jobid 'Submitted batch job 15204646'.

[Tue Apr 26 16:00:34 2022]
rule run:
    input: /scratch/eknodel/SCC_samples/processed_bams/gDNA_normal_tissue_377_200_S55_L004.GRCm38_68.sorted.bam, /scratch/eknodel/SCC_samples/processed_bams/gDNA_244_25_2E1_chu_329_248_S59_L004.GRCm38_68.sorted.bam, /data/CEM/shared/public_data/references/ensemble_GRCm38.68/GRCm38_68.fa
    output: /scratch/eknodel/SCC_samples/strelka/gDNA_244_25_2E1_chu_329_248_S59_L004/results/variants/somatic.snvs.vcf.gz, /scratch/eknodel/SCC_samples/strelka/gDNA_244_25_2E1_chu_329_248_S59_L004/results/variants/somatic.indels.vcf.gz
    jobid: 8
    wildcards: subject=gDNA_244_25_2E1_chu_329_248_S59_L004

Submitted job 8 with external jobid 'Submitted batch job 15204647'.

[Tue Apr 26 16:00:34 2022]
rule config:
    input: /scratch/eknodel/SCC_samples/processed_bams/gDNA_normal_tissue_377_200_S55_L004.GRCm38_68.sorted.bam, /scratch/eknodel/SCC_samples/processed_bams/gDNA_188_25_2E2_5C_157_036_S57_L004.GRCm38_68.sorted.bam, /data/CEM/shared/public_data/references/ensemble_GRCm38.68/GRCm38_68.fa
    output: /scratch/eknodel/SCC_samples/strelka/gDNA_188_25_2E2_5C_157_036_S57_L004/runWorkflow.py
    jobid: 7
    wildcards: subject=gDNA_188_25_2E2_5C_157_036_S57_L004

Submitted job 7 with external jobid 'Submitted batch job 15204648'.

[Tue Apr 26 16:00:34 2022]
rule config:
    input: /scratch/eknodel/SCC_samples/processed_bams/gDNA_normal_tissue_377_200_S55_L004.GRCm38_68.sorted.bam, /scratch/eknodel/SCC_samples/processed_bams/gDNA_244_25_2E1_chu_329_248_S59_L004.GRCm38_68.sorted.bam, /data/CEM/shared/public_data/references/ensemble_GRCm38.68/GRCm38_68.fa
    output: /scratch/eknodel/SCC_samples/strelka/gDNA_244_25_2E1_chu_329_248_S59_L004/runWorkflow.py
    jobid: 6
    wildcards: subject=gDNA_244_25_2E1_chu_329_248_S59_L004

Submitted job 6 with external jobid 'Submitted batch job 15204649'.

[Tue Apr 26 16:00:34 2022]
rule run:
    input: /scratch/eknodel/SCC_samples/processed_bams/gDNA_normal_tissue_377_200_S55_L004.GRCm38_68.sorted.bam, /scratch/eknodel/SCC_samples/processed_bams/gDNA_185_25_2E1_5C_365_212_S56_L004.GRCm38_68.sorted.bam, /data/CEM/shared/public_data/references/ensemble_GRCm38.68/GRCm38_68.fa
    output: /scratch/eknodel/SCC_samples/strelka/gDNA_185_25_2E1_5C_365_212_S56_L004/results/variants/somatic.snvs.vcf.gz, /scratch/eknodel/SCC_samples/strelka/gDNA_185_25_2E1_5C_365_212_S56_L004/results/variants/somatic.indels.vcf.gz
    jobid: 5
    wildcards: subject=gDNA_185_25_2E1_5C_365_212_S56_L004

Submitted job 5 with external jobid 'Submitted batch job 15204650'.

[Tue Apr 26 16:00:34 2022]
rule config:
    input: /scratch/eknodel/SCC_samples/processed_bams/gDNA_normal_tissue_377_200_S55_L004.GRCm38_68.sorted.bam, /scratch/eknodel/SCC_samples/processed_bams/gDNA_185_25_2E1_5C_365_212_S56_L004.GRCm38_68.sorted.bam, /data/CEM/shared/public_data/references/ensemble_GRCm38.68/GRCm38_68.fa
    output: /scratch/eknodel/SCC_samples/strelka/gDNA_185_25_2E1_5C_365_212_S56_L004/runWorkflow.py
    jobid: 9
    wildcards: subject=gDNA_185_25_2E1_5C_365_212_S56_L004

Submitted job 9 with external jobid 'Submitted batch job 15204651'.
[Tue Apr 26 16:00:44 2022]
Error in rule run:
    jobid: 2
    output: /scratch/eknodel/SCC_samples/strelka/gDNA_188_25_2E2_5C_157_036_S57_L004/results/variants/somatic.snvs.vcf.gz, /scratch/eknodel/SCC_samples/strelka/gDNA_188_25_2E2_5C_157_036_S57_L004/results/variants/somatic.indels.vcf.gz
    cluster_jobid: Submitted batch job 15204646

[Tue Apr 26 16:00:44 2022]
Error in rule run:
    jobid: 8
    output: /scratch/eknodel/SCC_samples/strelka/gDNA_244_25_2E1_chu_329_248_S59_L004/results/variants/somatic.snvs.vcf.gz, /scratch/eknodel/SCC_samples/strelka/gDNA_244_25_2E1_chu_329_248_S59_L004/results/variants/somatic.indels.vcf.gz
    cluster_jobid: Submitted batch job 15204647

[Tue Apr 26 16:00:44 2022]
Finished job 7.
1 of 10 steps (10%) done
[Tue Apr 26 16:00:44 2022]
Finished job 6.
2 of 10 steps (20%) done
[Tue Apr 26 16:00:44 2022]
Error in rule run:
    jobid: 5
    output: /scratch/eknodel/SCC_samples/strelka/gDNA_185_25_2E1_5C_365_212_S56_L004/results/variants/somatic.snvs.vcf.gz, /scratch/eknodel/SCC_samples/strelka/gDNA_185_25_2E1_5C_365_212_S56_L004/results/variants/somatic.indels.vcf.gz
    cluster_jobid: Submitted batch job 15204650

[Tue Apr 26 16:00:44 2022]
Finished job 9.
3 of 10 steps (30%) done
Shutting down, this might take some time.
Exiting because a job execution failed. Look above for error message
Complete log: /home/eknodel/SCC_samples/Parent_tumors/.snakemake/log/2022-04-26T160033.563506.snakemake.log
