Building DAG of jobs...
Using shell: /usr/bin/bash
Provided cluster nodes: 71
Job counts:
	count	jobs
	1	all
	3	combine_strelka
	3	generate_input
	3	run_vep
	3	sort
	13

[Thu Jun 15 13:53:00 2023]
rule combine_strelka:
    input: /scratch/eknodel/SCC_samples/Parent_tumors/strelka/gDNA_244_25_2E1_chu_329_248_S59_L004/results/variants/somatic.snvs.pass.vcf.gz, /scratch/eknodel/SCC_samples/Parent_tumors/strelka/gDNA_244_25_2E1_chu_329_248_S59_L004/results/variants/somatic.indels.pass.vcf.gz
    output: /scratch/eknodel/SCC_samples/Parent_tumors/strelka/gDNA_244_25_2E1_chu_329_248_S59_L004/results/variants/somatic.pass.vcf
    jobid: 12
    wildcards: subject=gDNA_244_25_2E1_chu_329_248_S59_L004

Submitted job 12 with external jobid 'Submitted batch job 21305925'.

[Thu Jun 15 13:53:00 2023]
rule combine_strelka:
    input: /scratch/eknodel/SCC_samples/Parent_tumors/strelka/gDNA_188_25_2E2_5C_157_036_S57_L004/results/variants/somatic.snvs.pass.vcf.gz, /scratch/eknodel/SCC_samples/Parent_tumors/strelka/gDNA_188_25_2E2_5C_157_036_S57_L004/results/variants/somatic.indels.pass.vcf.gz
    output: /scratch/eknodel/SCC_samples/Parent_tumors/strelka/gDNA_188_25_2E2_5C_157_036_S57_L004/results/variants/somatic.pass.vcf
    jobid: 10
    wildcards: subject=gDNA_188_25_2E2_5C_157_036_S57_L004

Submitted job 10 with external jobid 'Submitted batch job 21305926'.

[Thu Jun 15 13:53:00 2023]
rule combine_strelka:
    input: /scratch/eknodel/SCC_samples/Parent_tumors/strelka/gDNA_185_25_2E1_5C_365_212_S56_L004/results/variants/somatic.snvs.pass.vcf.gz, /scratch/eknodel/SCC_samples/Parent_tumors/strelka/gDNA_185_25_2E1_5C_365_212_S56_L004/results/variants/somatic.indels.pass.vcf.gz
    output: /scratch/eknodel/SCC_samples/Parent_tumors/strelka/gDNA_185_25_2E1_5C_365_212_S56_L004/results/variants/somatic.pass.vcf
    jobid: 9
    wildcards: subject=gDNA_185_25_2E1_5C_365_212_S56_L004

Submitted job 9 with external jobid 'Submitted batch job 21305927'.
[Thu Jun 15 13:53:10 2023]
Finished job 12.
1 of 13 steps (8%) done

[Thu Jun 15 13:53:10 2023]
rule generate_input:
    input: /scratch/eknodel/SCC_samples/Parent_tumors/gatk_mutect2/gDNA_244_25_2E1_chu_329_248_S59_L004.somatic.filtered.pass.vcf, /scratch/eknodel/SCC_samples/Parent_tumors/strelka/gDNA_244_25_2E1_chu_329_248_S59_L004/results/variants/somatic.pass.vcf
    output: /scratch/eknodel/SCC_samples/Parent_tumors/variants/gDNA_244_25_2E1_chu_329_248_S59_L004_merged.vcf
    jobid: 6
    wildcards: subject=gDNA_244_25_2E1_chu_329_248_S59_L004

[Thu Jun 15 13:53:10 2023]
Finished job 10.
2 of 13 steps (15%) done
[Thu Jun 15 13:53:10 2023]
Finished job 9.
3 of 13 steps (23%) done
Submitted job 6 with external jobid 'Submitted batch job 21305928'.

[Thu Jun 15 13:53:10 2023]
rule generate_input:
    input: /scratch/eknodel/SCC_samples/Parent_tumors/gatk_mutect2/gDNA_188_25_2E2_5C_157_036_S57_L004.somatic.filtered.pass.vcf, /scratch/eknodel/SCC_samples/Parent_tumors/strelka/gDNA_188_25_2E2_5C_157_036_S57_L004/results/variants/somatic.pass.vcf
    output: /scratch/eknodel/SCC_samples/Parent_tumors/variants/gDNA_188_25_2E2_5C_157_036_S57_L004_merged.vcf
    jobid: 4
    wildcards: subject=gDNA_188_25_2E2_5C_157_036_S57_L004

Submitted job 4 with external jobid 'Submitted batch job 21305929'.

[Thu Jun 15 13:53:10 2023]
rule generate_input:
    input: /scratch/eknodel/SCC_samples/Parent_tumors/gatk_mutect2/gDNA_185_25_2E1_5C_365_212_S56_L004.somatic.filtered.pass.vcf, /scratch/eknodel/SCC_samples/Parent_tumors/strelka/gDNA_185_25_2E1_5C_365_212_S56_L004/results/variants/somatic.pass.vcf
    output: /scratch/eknodel/SCC_samples/Parent_tumors/variants/gDNA_185_25_2E1_5C_365_212_S56_L004_merged.vcf
    jobid: 3
    wildcards: subject=gDNA_185_25_2E1_5C_365_212_S56_L004

Submitted job 3 with external jobid 'Submitted batch job 21305930'.
[Thu Jun 15 13:53:20 2023]
Finished job 6.
4 of 13 steps (31%) done

[Thu Jun 15 13:53:20 2023]
rule sort:
    input: /scratch/eknodel/SCC_samples/Parent_tumors/variants/gDNA_244_25_2E1_chu_329_248_S59_L004_merged.vcf
    output: /scratch/eknodel/SCC_samples/Parent_tumors/variants/gDNA_244_25_2E1_chu_329_248_S59_L004_merged_sorted.vcf
    jobid: 11
    wildcards: subject=gDNA_244_25_2E1_chu_329_248_S59_L004

[Thu Jun 15 13:53:20 2023]
Finished job 4.
5 of 13 steps (38%) done
[Thu Jun 15 13:53:20 2023]
Finished job 3.
6 of 13 steps (46%) done
Submitted job 11 with external jobid 'Submitted batch job 21305931'.

[Thu Jun 15 13:53:21 2023]
rule sort:
    input: /scratch/eknodel/SCC_samples/Parent_tumors/variants/gDNA_185_25_2E1_5C_365_212_S56_L004_merged.vcf
    output: /scratch/eknodel/SCC_samples/Parent_tumors/variants/gDNA_185_25_2E1_5C_365_212_S56_L004_merged_sorted.vcf
    jobid: 8
    wildcards: subject=gDNA_185_25_2E1_5C_365_212_S56_L004

Submitted job 8 with external jobid 'Submitted batch job 21305932'.

[Thu Jun 15 13:53:21 2023]
rule sort:
    input: /scratch/eknodel/SCC_samples/Parent_tumors/variants/gDNA_188_25_2E2_5C_157_036_S57_L004_merged.vcf
    output: /scratch/eknodel/SCC_samples/Parent_tumors/variants/gDNA_188_25_2E2_5C_157_036_S57_L004_merged_sorted.vcf
    jobid: 7
    wildcards: subject=gDNA_188_25_2E2_5C_157_036_S57_L004

Submitted job 7 with external jobid 'Submitted batch job 21305933'.
[Thu Jun 15 13:53:30 2023]
Finished job 11.
7 of 13 steps (54%) done

[Thu Jun 15 13:53:30 2023]
rule run_vep:
    input: /scratch/eknodel/SCC_samples/Parent_tumors/variants/gDNA_244_25_2E1_chu_329_248_S59_L004_merged_sorted.vcf
    output: /scratch/eknodel/SCC_samples/Parent_tumors/variants/gDNA_244_25_2E1_chu_329_248_S59_L004_merged_vep.vcf
    jobid: 5
    wildcards: subject=gDNA_244_25_2E1_chu_329_248_S59_L004

[Thu Jun 15 13:53:30 2023]
Finished job 8.
8 of 13 steps (62%) done
[Thu Jun 15 13:53:30 2023]
Finished job 7.
9 of 13 steps (69%) done
RuleException in line 57 of /home/eknodel/SCC_samples/Parent_tumors/VEP_PVACseq.snakefile:
'InputFiles' object has no attribute 'gatk_filtered'
