Building DAG of jobs...
Using shell: /usr/bin/bash
Provided cluster nodes: 71
Job counts:
	count	jobs
	1	all
	3	combine_strelka
	3	generate_input
	3	run_vep
	3	sort
	13

[Thu Jun 15 13:40:30 2023]
rule combine_strelka:
    input: /scratch/eknodel/SCC_samples/Parent_tumors/strelka/gDNA_244_25_2E1_chu_329_248_S59_L004/results/variants/somatic.snvs.pass.vcf.gz, /scratch/eknodel/SCC_samples/Parent_tumors/strelka/gDNA_244_25_2E1_chu_329_248_S59_L004/results/variants/somatic.indels.pass.vcf.gz
    output: /scratch/eknodel/SCC_samples/Parent_tumors/strelka/gDNA_244_25_2E1_chu_329_248_S59_L004/results/variants/somatic.pass.vcf
    jobid: 7
    wildcards: subject=gDNA_244_25_2E1_chu_329_248_S59_L004

Submitted job 7 with external jobid 'Submitted batch job 21305907'.

[Thu Jun 15 13:40:31 2023]
rule combine_strelka:
    input: /scratch/eknodel/SCC_samples/Parent_tumors/strelka/gDNA_185_25_2E1_5C_365_212_S56_L004/results/variants/somatic.snvs.pass.vcf.gz, /scratch/eknodel/SCC_samples/Parent_tumors/strelka/gDNA_185_25_2E1_5C_365_212_S56_L004/results/variants/somatic.indels.pass.vcf.gz
    output: /scratch/eknodel/SCC_samples/Parent_tumors/strelka/gDNA_185_25_2E1_5C_365_212_S56_L004/results/variants/somatic.pass.vcf
    jobid: 10
    wildcards: subject=gDNA_185_25_2E1_5C_365_212_S56_L004

Submitted job 10 with external jobid 'Submitted batch job 21305908'.

[Thu Jun 15 13:40:31 2023]
rule combine_strelka:
    input: /scratch/eknodel/SCC_samples/Parent_tumors/strelka/gDNA_188_25_2E2_5C_157_036_S57_L004/results/variants/somatic.snvs.pass.vcf.gz, /scratch/eknodel/SCC_samples/Parent_tumors/strelka/gDNA_188_25_2E2_5C_157_036_S57_L004/results/variants/somatic.indels.pass.vcf.gz
    output: /scratch/eknodel/SCC_samples/Parent_tumors/strelka/gDNA_188_25_2E2_5C_157_036_S57_L004/results/variants/somatic.pass.vcf
    jobid: 9
    wildcards: subject=gDNA_188_25_2E2_5C_157_036_S57_L004

Submitted job 9 with external jobid 'Submitted batch job 21305909'.
[Thu Jun 15 13:40:41 2023]
Error in rule combine_strelka:
    jobid: 7
    output: /scratch/eknodel/SCC_samples/Parent_tumors/strelka/gDNA_244_25_2E1_chu_329_248_S59_L004/results/variants/somatic.pass.vcf
    cluster_jobid: Submitted batch job 21305907

[Thu Jun 15 13:40:41 2023]
Error in rule combine_strelka:
    jobid: 10
    output: /scratch/eknodel/SCC_samples/Parent_tumors/strelka/gDNA_185_25_2E1_5C_365_212_S56_L004/results/variants/somatic.pass.vcf
    cluster_jobid: Submitted batch job 21305908

[Thu Jun 15 13:40:41 2023]
Error in rule combine_strelka:
    jobid: 9
    output: /scratch/eknodel/SCC_samples/Parent_tumors/strelka/gDNA_188_25_2E2_5C_157_036_S57_L004/results/variants/somatic.pass.vcf
    cluster_jobid: Submitted batch job 21305909

Shutting down, this might take some time.
Exiting because a job execution failed. Look above for error message
Complete log: /home/eknodel/SCC_samples/Parent_tumors/.snakemake/log/2023-06-15T134030.712817.snakemake.log
