Building DAG of jobs...
Using shell: /usr/bin/bash
Provided cluster nodes: 1
Job counts:
	count	jobs
	1	all
	1	generate_fasta
	1	run_vep
	3

[Mon Sep 26 14:04:19 2022]
rule run_vep:
    input: /scratch/eknodel/SCC_samples/Parent_cell_lines/gatk_mutect2/244_1_Chu_02_B7_352_225_S2_L003.somatic_sorted.filtered.pass.vcf, /scratch/eknodel/SCC_samples/Parent_cell_lines/gatk_mutect2/244_1_Chu_02_B7_352_225_S2_L003.somatic_sorted.vcf, /scratch/eknodel/SCC_samples/Parent_cell_lines/strelka/244_1_Chu_02_B7_352_225_S2_L003/results/variants/somatic_sorted.pass.vcf, /scratch/eknodel/SCC_samples/Parent_cell_lines/strelka/244_1_Chu_02_B7_352_225_S2_L003/results/variants/somatic_sorted.vcf
    output: /scratch/eknodel/SCC_samples/Parent_cell_lines/VEP/244_1_Chu_02_B7_352_225_S2_L003_gatk_vep_filtered.vcf, /scratch/eknodel/SCC_samples/Parent_cell_lines/VEP/244_1_Chu_02_B7_352_225_S2_L003_gatk_vep_unfiltered.vcf, /scratch/eknodel/SCC_samples/Parent_cell_lines/VEP/244_1_Chu_02_B7_352_225_S2_L003_strelka_vep_filtered.vcf, /scratch/eknodel/SCC_samples/Parent_cell_lines/VEP/244_1_Chu_02_B7_352_225_S2_L003_strelka_vep_unfiltered.vcf
    jobid: 2
    wildcards: sample=244_1_Chu_02_B7_352_225_S2_L003

Submitted job 2 with external jobid 'Submitted batch job 17620232'.
[Mon Sep 26 14:04:29 2022]
Error in rule run_vep:
    jobid: 2
    output: /scratch/eknodel/SCC_samples/Parent_cell_lines/VEP/244_1_Chu_02_B7_352_225_S2_L003_gatk_vep_filtered.vcf, /scratch/eknodel/SCC_samples/Parent_cell_lines/VEP/244_1_Chu_02_B7_352_225_S2_L003_gatk_vep_unfiltered.vcf, /scratch/eknodel/SCC_samples/Parent_cell_lines/VEP/244_1_Chu_02_B7_352_225_S2_L003_strelka_vep_filtered.vcf, /scratch/eknodel/SCC_samples/Parent_cell_lines/VEP/244_1_Chu_02_B7_352_225_S2_L003_strelka_vep_unfiltered.vcf
    cluster_jobid: Submitted batch job 17620232

Shutting down, this might take some time.
Exiting because a job execution failed. Look above for error message
Complete log: /home/eknodel/SCC_samples/Parent_cell_lines/03_variant_annotation/.snakemake/log/2022-09-26T140419.678974.snakemake.log
