Building DAG of jobs...
Using shell: /usr/bin/bash
Provided cluster nodes: 1
Job counts:
	count	jobs
	1	all
	1	format_peptides
	1	generate_fasta_gatk
	3

[Sat Oct  1 11:34:42 2022]
rule generate_fasta_gatk:
    input: /scratch/eknodel/SCC_samples/Parent_cell_lines/VEP/244_1_Chu_02_B7_352_225_S2_L003_gatk_vep_filtered.vcf, /scratch/eknodel/SCC_samples/Parent_cell_lines/VEP/244_1_Chu_02_B7_352_225_S2_L003_gatk_vep_unfiltered.vcf
    output: /scratch/eknodel/SCC_samples/Parent_cell_lines/peptides/244_1_Chu_02_B7_352_225_S2_L003_gatk_vep_filtered.vcf, /scratch/eknodel/SCC_samples/Parent_cell_lines/peptides/244_1_Chu_02_B7_352_225_S2_L003_gatk_vep_unfiltered.vcf
    jobid: 2
    wildcards: sample=244_1_Chu_02_B7_352_225_S2_L003

Submitted job 2 with external jobid 'Submitted batch job 17686565'.
[Sat Oct  1 11:36:12 2022]
Finished job 2.
1 of 3 steps (33%) done

[Sat Oct  1 11:36:12 2022]
rule format_peptides:
    input: /scratch/eknodel/SCC_samples/Parent_cell_lines/peptides/244_1_Chu_02_B7_352_225_S2_L003_gatk_vep_filtered.vcf, /scratch/eknodel/SCC_samples/Parent_cell_lines/peptides/244_1_Chu_02_B7_352_225_S2_L003_gatk_vep_unfiltered.vcf, /scratch/eknodel/SCC_samples/Parent_cell_lines/peptides/244_1_Chu_02_B7_352_225_S2_L003_strelka_vep_filtered.vcf, /scratch/eknodel/SCC_samples/Parent_cell_lines/peptides/244_1_Chu_02_B7_352_225_S2_L003_strelka_vep_ubfiltered.vcf
    output: /scratch/eknodel/SCC_samples/Parent_cell_lines/peptides/244_1_Chu_02_B7_352_225_S2_L003_gatk_vep_filtered.peptides, /scratch/eknodel/SCC_samples/Parent_cell_lines/peptides/244_1_Chu_02_B7_352_225_S2_L003_gatk_vep_unfiltered.peptides, /scratch/eknodel/SCC_samples/Parent_cell_lines/peptides/244_1_Chu_02_B7_352_225_S2_L003_strelka_vep_filtered.peptides, /scratch/eknodel/SCC_samples/Parent_cell_lines/peptides/244_1_Chu_02_B7_352_225_S2_L003_strelka_vep_unfiltered.peptides
    jobid: 1
    wildcards: sample=244_1_Chu_02_B7_352_225_S2_L003

Submitted job 1 with external jobid 'Submitted batch job 17686581'.
[Sat Oct  1 11:36:22 2022]
Finished job 1.
2 of 3 steps (67%) done

[Sat Oct  1 11:36:22 2022]
localrule all:
    input: /scratch/eknodel/SCC_samples/Parent_cell_lines/peptides/244_1_Chu_02_B7_352_225_S2_L003_gatk_vep_filtered.vcf, /scratch/eknodel/SCC_samples/Parent_cell_lines/peptides/244_1_Chu_02_B7_352_225_S2_L003_strelka_vep_filtered.vcf, /scratch/eknodel/SCC_samples/Parent_cell_lines/peptides/244_1_Chu_02_B7_352_225_S2_L003_gatk_vep_filtered.peptides
    jobid: 0

[Sat Oct  1 11:36:22 2022]
Finished job 0.
3 of 3 steps (100%) done
Complete log: /home/eknodel/SCC_samples/Parent_cell_lines/03_variant_annotation/.snakemake/log/2022-10-01T113441.530688.snakemake.log
