Building DAG of jobs...
Using shell: /usr/bin/bash
Provided cluster nodes: 1
Job counts:
	count	jobs
	1	all
	1	generate_fasta_strelka
	1	va_annotation
	3

[Mon Sep 26 21:00:55 2022]
rule va_annotation:
    input: /scratch/eknodel/SCC_samples/Parent_cell_lines/VEP/244_1_Chu_02_B7_352_225_S2_L003_strelka_vep_filtered.vcf, /scratch/eknodel/SCC_samples/Parent_cell_lines/VEP/244_1_Chu_02_B7_352_225_S2_L003_strelka_vep_unfiltered.vcf
    output: /scratch/eknodel/SCC_samples/Parent_cell_lines/VEP/244_1_Chu_02_B7_352_225_S2_L003_strelka_vep_filtered_gt.vcf, /scratch/eknodel/SCC_samples/Parent_cell_lines/VEP/244_1_Chu_02_B7_352_225_S2_L003_strelka_vep_unfiltered_gt.vcf
    jobid: 4
    wildcards: sample=244_1_Chu_02_B7_352_225_S2_L003

Submitted job 4 with external jobid 'Submitted batch job 17623700'.
[Mon Sep 26 21:01:25 2022]
Error in rule va_annotation:
    jobid: 4
    output: /scratch/eknodel/SCC_samples/Parent_cell_lines/VEP/244_1_Chu_02_B7_352_225_S2_L003_strelka_vep_filtered_gt.vcf, /scratch/eknodel/SCC_samples/Parent_cell_lines/VEP/244_1_Chu_02_B7_352_225_S2_L003_strelka_vep_unfiltered_gt.vcf
    cluster_jobid: Submitted batch job 17623700

Shutting down, this might take some time.
Exiting because a job execution failed. Look above for error message
Complete log: /home/eknodel/SCC_samples/Parent_cell_lines/03_variant_annotation/.snakemake/log/2022-09-26T210054.894499.snakemake.log
