Building DAG of jobs...
Using shell: /usr/bin/bash
Provided cluster nodes: 10
Job counts:
	count	jobs
	1	all
	1	format_peptides
	1	generate_fasta_gatk
	3

[Wed Feb 22 17:07:38 2023]
rule generate_fasta_gatk:
    input: /scratch/eknodel/SCC_samples/Parent_cell_lines/VEP/244_1_Chu_02_B7_352_225_S2_L003_gatk_vep_filtered.vcf, /scratch/eknodel/SCC_samples/Parent_cell_lines/VEP/244_1_Chu_02_B7_352_225_S2_L003_gatk_vep_unfiltered.vcf
    output: /scratch/eknodel/SCC_samples/Parent_cell_lines/peptides/244_1_Chu_02_B7_352_225_S2_L003_gatk_vep_filtered.vcf, /scratch/eknodel/SCC_samples/Parent_cell_lines/peptides/244_1_Chu_02_B7_352_225_S2_L003_gatk_vep_filtered_29.vcf, /scratch/eknodel/SCC_samples/Parent_cell_lines/peptides/244_1_Chu_02_B7_352_225_S2_L003_gatk_vep_unfiltered.vcf
    jobid: 2
    wildcards: sample=244_1_Chu_02_B7_352_225_S2_L003

Submitted job 2 with external jobid 'Submitted batch job 19419874'.
[Wed Feb 22 17:08:58 2023]
Finished job 2.
1 of 3 steps (33%) done

[Wed Feb 22 17:08:58 2023]
rule format_peptides:
    input: /scratch/eknodel/SCC_samples/Parent_cell_lines/peptides/244_1_Chu_02_B7_352_225_S2_L003_gatk_vep_filtered.vcf, /scratch/eknodel/SCC_samples/Parent_cell_lines/peptides/244_1_Chu_02_B7_352_225_S2_L003_gatk_vep_filtered_29.vcf, /scratch/eknodel/SCC_samples/Parent_cell_lines/peptides/244_1_Chu_02_B7_352_225_S2_L003_gatk_vep_unfiltered.vcf, /scratch/eknodel/SCC_samples/Parent_cell_lines/peptides/244_1_Chu_02_B7_352_225_S2_L003_strelka_vep_filtered.vcf, /scratch/eknodel/SCC_samples/Parent_cell_lines/peptides/244_1_Chu_02_B7_352_225_S2_L003_strelka_vep_ubfiltered.vcf
    output: /scratch/eknodel/SCC_samples/Parent_cell_lines/peptides/244_1_Chu_02_B7_352_225_S2_L003_gatk_vep_filtered.peptides, /scratch/eknodel/SCC_samples/Parent_cell_lines/peptides/244_1_Chu_02_B7_352_225_S2_L003_gatk_vep_filtered_29.peptides, /scratch/eknodel/SCC_samples/Parent_cell_lines/peptides/244_1_Chu_02_B7_352_225_S2_L003_gatk_vep_unfiltered.peptides, /scratch/eknodel/SCC_samples/Parent_cell_lines/peptides/244_1_Chu_02_B7_352_225_S2_L003_strelka_vep_filtered.peptides, /scratch/eknodel/SCC_samples/Parent_cell_lines/peptides/244_1_Chu_02_B7_352_225_S2_L003_strelka_vep_unfiltered.peptides
    jobid: 3
    wildcards: sample=244_1_Chu_02_B7_352_225_S2_L003

Submitted job 3 with external jobid 'Submitted batch job 19419876'.
[Wed Feb 22 17:09:08 2023]
Finished job 3.
2 of 3 steps (67%) done

[Wed Feb 22 17:09:08 2023]
localrule all:
    input: /scratch/eknodel/SCC_samples/Parent_cell_lines/peptides/244_1_Chu_02_B7_352_225_S2_L003_gatk_vep_filtered.vcf, /scratch/eknodel/SCC_samples/Parent_cell_lines/peptides/244_1_Chu_02_B7_352_225_S2_L003_strelka_vep_filtered.vcf, /scratch/eknodel/SCC_samples/Parent_cell_lines/peptides/244_1_Chu_02_B7_352_225_S2_L003_gatk_vep_filtered.peptides, /scratch/eknodel/SCC_samples/Parent_cell_lines/peptides/244_1_Chu_02_B7_352_225_S2_L003_gatk_vep_filtered_29.peptides
    jobid: 0

[Wed Feb 22 17:09:08 2023]
Finished job 0.
3 of 3 steps (100%) done
Complete log: /home/eknodel/SCC_samples/Parent_cell_lines/03_variant_annotation/.snakemake/log/2023-02-22T170738.048273.snakemake.log
