Building DAG of jobs...
Using shell: /usr/bin/bash
Provided cluster nodes: 10
Job counts:
	count	jobs
	1	all
	4	format_peptides
	2	generate_fasta_gatk
	4	generate_fasta_strelka
	2	run_vep
	2	va_annotation
	15

[Mon Feb  6 20:51:39 2023]
rule run_vep:
    input: /scratch/eknodel/SCC_samples/Parent_cell_lines/gatk_mutect2/185_1_SC_09_G9_304_273_S6_L003.somatic_sorted.filtered.pass.vcf, /scratch/eknodel/SCC_samples/Parent_cell_lines/gatk_mutect2/185_1_SC_09_G9_304_273_S6_L003.somatic_sorted.vcf, /scratch/eknodel/SCC_samples/Parent_cell_lines/strelka/185_1_SC_09_G9_304_273_S6_L003/results/variants/somatic_sorted.pass.vcf, /scratch/eknodel/SCC_samples/Parent_cell_lines/strelka/185_1_SC_09_G9_304_273_S6_L003/results/variants/somatic_sorted.vcf
    output: /scratch/eknodel/SCC_samples/Parent_cell_lines/VEP/185_1_SC_09_G9_304_273_S6_L003_gatk_vep_filtered.vcf, /scratch/eknodel/SCC_samples/Parent_cell_lines/VEP/185_1_SC_09_G9_304_273_S6_L003_gatk_vep_unfiltered.vcf, /scratch/eknodel/SCC_samples/Parent_cell_lines/VEP/185_1_SC_09_G9_304_273_S6_L003_strelka_vep_filtered.vcf, /scratch/eknodel/SCC_samples/Parent_cell_lines/VEP/185_1_SC_09_G9_304_273_S6_L003_strelka_vep_unfiltered.vcf
    jobid: 21
    wildcards: sample=185_1_SC_09_G9_304_273_S6_L003

Submitted job 21 with external jobid 'Submitted batch job 19170541'.

[Mon Feb  6 20:51:39 2023]
rule generate_fasta_strelka:
    input: /scratch/eknodel/SCC_samples/Parent_cell_lines/VEP/244_1_Chu_06_D12_316_261_S5_L003_strelka_vep_filtered_gt.vcf, /scratch/eknodel/SCC_samples/Parent_cell_lines/VEP/244_1_Chu_06_D12_316_261_S5_L003_strelka_vep_unfiltered_gt.vcf
    output: /scratch/eknodel/SCC_samples/Parent_cell_lines/peptides/244_1_Chu_06_D12_316_261_S5_L003_strelka_vep_filtered.vcf, /scratch/eknodel/SCC_samples/Parent_cell_lines/peptides/244_1_Chu_06_D12_316_261_S5_L003_strelka_vep_ubfiltered.vcf
    jobid: 14
    wildcards: sample=244_1_Chu_06_D12_316_261_S5_L003

Submitted job 14 with external jobid 'Submitted batch job 19170542'.

[Mon Feb  6 20:51:39 2023]
rule run_vep:
    input: /scratch/eknodel/SCC_samples/Parent_cell_lines/gatk_mutect2/188_2_SC_05_F11_340_237_S3_L003.somatic_sorted.filtered.pass.vcf, /scratch/eknodel/SCC_samples/Parent_cell_lines/gatk_mutect2/188_2_SC_05_F11_340_237_S3_L003.somatic_sorted.vcf, /scratch/eknodel/SCC_samples/Parent_cell_lines/strelka/188_2_SC_05_F11_340_237_S3_L003/results/variants/somatic_sorted.pass.vcf, /scratch/eknodel/SCC_samples/Parent_cell_lines/strelka/188_2_SC_05_F11_340_237_S3_L003/results/variants/somatic_sorted.vcf
    output: /scratch/eknodel/SCC_samples/Parent_cell_lines/VEP/188_2_SC_05_F11_340_237_S3_L003_gatk_vep_filtered.vcf, /scratch/eknodel/SCC_samples/Parent_cell_lines/VEP/188_2_SC_05_F11_340_237_S3_L003_gatk_vep_unfiltered.vcf, /scratch/eknodel/SCC_samples/Parent_cell_lines/VEP/188_2_SC_05_F11_340_237_S3_L003_strelka_vep_filtered.vcf, /scratch/eknodel/SCC_samples/Parent_cell_lines/VEP/188_2_SC_05_F11_340_237_S3_L003_strelka_vep_unfiltered.vcf
    jobid: 28
    wildcards: sample=188_2_SC_05_F11_340_237_S3_L003

Submitted job 28 with external jobid 'Submitted batch job 19170543'.

[Mon Feb  6 20:51:39 2023]
rule generate_fasta_strelka:
    input: /scratch/eknodel/SCC_samples/Parent_cell_lines/VEP/244_1_Chu_06_F5_328_249_S4_L003_strelka_vep_filtered_gt.vcf, /scratch/eknodel/SCC_samples/Parent_cell_lines/VEP/244_1_Chu_06_F5_328_249_S4_L003_strelka_vep_unfiltered_gt.vcf
    output: /scratch/eknodel/SCC_samples/Parent_cell_lines/peptides/244_1_Chu_06_F5_328_249_S4_L003_strelka_vep_filtered.vcf, /scratch/eknodel/SCC_samples/Parent_cell_lines/peptides/244_1_Chu_06_F5_328_249_S4_L003_strelka_vep_ubfiltered.vcf
    jobid: 10
    wildcards: sample=244_1_Chu_06_F5_328_249_S4_L003

Submitted job 10 with external jobid 'Submitted batch job 19170544'.
[Mon Feb  6 20:51:49 2023]
Error in rule run_vep:
    jobid: 21
    output: /scratch/eknodel/SCC_samples/Parent_cell_lines/VEP/185_1_SC_09_G9_304_273_S6_L003_gatk_vep_filtered.vcf, /scratch/eknodel/SCC_samples/Parent_cell_lines/VEP/185_1_SC_09_G9_304_273_S6_L003_gatk_vep_unfiltered.vcf, /scratch/eknodel/SCC_samples/Parent_cell_lines/VEP/185_1_SC_09_G9_304_273_S6_L003_strelka_vep_filtered.vcf, /scratch/eknodel/SCC_samples/Parent_cell_lines/VEP/185_1_SC_09_G9_304_273_S6_L003_strelka_vep_unfiltered.vcf
    cluster_jobid: Submitted batch job 19170541

[Mon Feb  6 20:51:49 2023]
Error in rule run_vep:
    jobid: 28
    output: /scratch/eknodel/SCC_samples/Parent_cell_lines/VEP/188_2_SC_05_F11_340_237_S3_L003_gatk_vep_filtered.vcf, /scratch/eknodel/SCC_samples/Parent_cell_lines/VEP/188_2_SC_05_F11_340_237_S3_L003_gatk_vep_unfiltered.vcf, /scratch/eknodel/SCC_samples/Parent_cell_lines/VEP/188_2_SC_05_F11_340_237_S3_L003_strelka_vep_filtered.vcf, /scratch/eknodel/SCC_samples/Parent_cell_lines/VEP/188_2_SC_05_F11_340_237_S3_L003_strelka_vep_unfiltered.vcf
    cluster_jobid: Submitted batch job 19170543

[Mon Feb  6 20:53:09 2023]
Finished job 14.
1 of 15 steps (7%) done
[Mon Feb  6 20:53:09 2023]
Finished job 10.
2 of 15 steps (13%) done
Shutting down, this might take some time.
Exiting because a job execution failed. Look above for error message
Complete log: /home/eknodel/SCC_samples/Parent_cell_lines/03_variant_annotation/.snakemake/log/2023-02-06T205139.248746.snakemake.log
